[0.017s] Invoking command in '/home/mohana/Desktop/robot_ws/build/parking_bringup': CMAKE_PREFIX_PATH=/home/mohana/Desktop/robot_ws/install/parking_world:/home/mohana/Desktop/robot_ws/install/parking_car:/home/mohana/Desktop/robot_ws/install/parking_bringup:/opt/ros/jazzy/opt/gz_launch_vendor:/opt/ros/jazzy/opt/gz_sim_vendor:/opt/ros/jazzy/opt/gz_sensors_vendor:/opt/ros/jazzy/opt/gz_physics_vendor:/opt/ros/jazzy/opt/sdformat_vendor:/opt/ros/jazzy/opt/gz_gui_vendor:/opt/ros/jazzy/opt/gz_transport_vendor:/opt/ros/jazzy/opt/gz_rendering_vendor:/opt/ros/jazzy/opt/gz_plugin_vendor:/opt/ros/jazzy/opt/gz_fuel_tools_vendor:/opt/ros/jazzy/opt/gz_msgs_vendor:/opt/ros/jazzy/opt/gz_common_vendor:/opt/ros/jazzy/opt/gz_math_vendor:/opt/ros/jazzy/opt/gz_utils_vendor:/opt/ros/jazzy/opt/gz_tools_vendor:/opt/ros/jazzy/opt/gz_ogre_next_vendor:/opt/ros/jazzy/opt/gz_dartsim_vendor:/opt/ros/jazzy/opt/gz_cmake_vendor:/opt/ros/jazzy DEBUGINFOD_URLS=https://debuginfod.ubuntu.com /usr/bin/cmake /home/mohana/Desktop/robot_ws/src/parking_bringup -DCMAKE_INSTALL_PREFIX=/home/mohana/Desktop/robot_ws/install/parking_bringup
[0.107s] -- The C compiler identification is GNU 13.3.0
[0.187s] -- The CXX compiler identification is GNU 13.3.0
[0.229s] -- Detecting C compiler ABI info
[0.389s] -- Detecting C compiler ABI info - done
[0.423s] -- Check for working C compiler: /usr/bin/cc - skipped
[0.424s] -- Detecting C compile features
[0.425s] -- Detecting C compile features - done
[0.446s] -- Detecting CXX compiler ABI info
[0.615s] -- Detecting CXX compiler ABI info - done
[0.649s] -- Check for working CXX compiler: /usr/bin/c++ - skipped
[0.650s] -- Detecting CXX compile features
[0.652s] -- Detecting CXX compile features - done
[0.661s] -- Found ament_cmake: 2.5.3 (/opt/ros/jazzy/share/ament_cmake/cmake)
[0.881s] -- Found Python3: /usr/bin/python3 (found version "3.12.3") found components: Interpreter 
[1.085s] -- Found xacro: 2.0.11 (/opt/ros/jazzy/share/xacro/cmake)
[1.086s] -- Found parking_car: 0.0.0 (/home/mohana/Desktop/robot_ws/install/parking_car/share/parking_car/cmake)
[1.086s] -- Found parking_world: 0.0.0 (/home/mohana/Desktop/robot_ws/install/parking_world/share/parking_world/cmake)
[1.201s] -- Configuring done (1.2s)
[1.205s] -- Generating done (0.0s)
[1.207s] -- Build files have been written to: /home/mohana/Desktop/robot_ws/build/parking_bringup
[1.215s] Invoked command in '/home/mohana/Desktop/robot_ws/build/parking_bringup' returned '0': CMAKE_PREFIX_PATH=/home/mohana/Desktop/robot_ws/install/parking_world:/home/mohana/Desktop/robot_ws/install/parking_car:/home/mohana/Desktop/robot_ws/install/parking_bringup:/opt/ros/jazzy/opt/gz_launch_vendor:/opt/ros/jazzy/opt/gz_sim_vendor:/opt/ros/jazzy/opt/gz_sensors_vendor:/opt/ros/jazzy/opt/gz_physics_vendor:/opt/ros/jazzy/opt/sdformat_vendor:/opt/ros/jazzy/opt/gz_gui_vendor:/opt/ros/jazzy/opt/gz_transport_vendor:/opt/ros/jazzy/opt/gz_rendering_vendor:/opt/ros/jazzy/opt/gz_plugin_vendor:/opt/ros/jazzy/opt/gz_fuel_tools_vendor:/opt/ros/jazzy/opt/gz_msgs_vendor:/opt/ros/jazzy/opt/gz_common_vendor:/opt/ros/jazzy/opt/gz_math_vendor:/opt/ros/jazzy/opt/gz_utils_vendor:/opt/ros/jazzy/opt/gz_tools_vendor:/opt/ros/jazzy/opt/gz_ogre_next_vendor:/opt/ros/jazzy/opt/gz_dartsim_vendor:/opt/ros/jazzy/opt/gz_cmake_vendor:/opt/ros/jazzy DEBUGINFOD_URLS=https://debuginfod.ubuntu.com /usr/bin/cmake /home/mohana/Desktop/robot_ws/src/parking_bringup -DCMAKE_INSTALL_PREFIX=/home/mohana/Desktop/robot_ws/install/parking_bringup
[1.216s] Invoking command in '/home/mohana/Desktop/robot_ws/build/parking_bringup': CMAKE_PREFIX_PATH=/home/mohana/Desktop/robot_ws/install/parking_world:/home/mohana/Desktop/robot_ws/install/parking_car:/home/mohana/Desktop/robot_ws/install/parking_bringup:/opt/ros/jazzy/opt/gz_launch_vendor:/opt/ros/jazzy/opt/gz_sim_vendor:/opt/ros/jazzy/opt/gz_sensors_vendor:/opt/ros/jazzy/opt/gz_physics_vendor:/opt/ros/jazzy/opt/sdformat_vendor:/opt/ros/jazzy/opt/gz_gui_vendor:/opt/ros/jazzy/opt/gz_transport_vendor:/opt/ros/jazzy/opt/gz_rendering_vendor:/opt/ros/jazzy/opt/gz_plugin_vendor:/opt/ros/jazzy/opt/gz_fuel_tools_vendor:/opt/ros/jazzy/opt/gz_msgs_vendor:/opt/ros/jazzy/opt/gz_common_vendor:/opt/ros/jazzy/opt/gz_math_vendor:/opt/ros/jazzy/opt/gz_utils_vendor:/opt/ros/jazzy/opt/gz_tools_vendor:/opt/ros/jazzy/opt/gz_ogre_next_vendor:/opt/ros/jazzy/opt/gz_dartsim_vendor:/opt/ros/jazzy/opt/gz_cmake_vendor:/opt/ros/jazzy DEBUGINFOD_URLS=https://debuginfod.ubuntu.com /usr/bin/cmake --build /home/mohana/Desktop/robot_ws/build/parking_bringup -- -j8 -l8
[1.279s] Invoked command in '/home/mohana/Desktop/robot_ws/build/parking_bringup' returned '0': CMAKE_PREFIX_PATH=/home/mohana/Desktop/robot_ws/install/parking_world:/home/mohana/Desktop/robot_ws/install/parking_car:/home/mohana/Desktop/robot_ws/install/parking_bringup:/opt/ros/jazzy/opt/gz_launch_vendor:/opt/ros/jazzy/opt/gz_sim_vendor:/opt/ros/jazzy/opt/gz_sensors_vendor:/opt/ros/jazzy/opt/gz_physics_vendor:/opt/ros/jazzy/opt/sdformat_vendor:/opt/ros/jazzy/opt/gz_gui_vendor:/opt/ros/jazzy/opt/gz_transport_vendor:/opt/ros/jazzy/opt/gz_rendering_vendor:/opt/ros/jazzy/opt/gz_plugin_vendor:/opt/ros/jazzy/opt/gz_fuel_tools_vendor:/opt/ros/jazzy/opt/gz_msgs_vendor:/opt/ros/jazzy/opt/gz_common_vendor:/opt/ros/jazzy/opt/gz_math_vendor:/opt/ros/jazzy/opt/gz_utils_vendor:/opt/ros/jazzy/opt/gz_tools_vendor:/opt/ros/jazzy/opt/gz_ogre_next_vendor:/opt/ros/jazzy/opt/gz_dartsim_vendor:/opt/ros/jazzy/opt/gz_cmake_vendor:/opt/ros/jazzy DEBUGINFOD_URLS=https://debuginfod.ubuntu.com /usr/bin/cmake --build /home/mohana/Desktop/robot_ws/build/parking_bringup -- -j8 -l8
[1.281s] Invoking command in '/home/mohana/Desktop/robot_ws/build/parking_bringup': CMAKE_PREFIX_PATH=/home/mohana/Desktop/robot_ws/install/parking_world:/home/mohana/Desktop/robot_ws/install/parking_car:/home/mohana/Desktop/robot_ws/install/parking_bringup:/opt/ros/jazzy/opt/gz_launch_vendor:/opt/ros/jazzy/opt/gz_sim_vendor:/opt/ros/jazzy/opt/gz_sensors_vendor:/opt/ros/jazzy/opt/gz_physics_vendor:/opt/ros/jazzy/opt/sdformat_vendor:/opt/ros/jazzy/opt/gz_gui_vendor:/opt/ros/jazzy/opt/gz_transport_vendor:/opt/ros/jazzy/opt/gz_rendering_vendor:/opt/ros/jazzy/opt/gz_plugin_vendor:/opt/ros/jazzy/opt/gz_fuel_tools_vendor:/opt/ros/jazzy/opt/gz_msgs_vendor:/opt/ros/jazzy/opt/gz_common_vendor:/opt/ros/jazzy/opt/gz_math_vendor:/opt/ros/jazzy/opt/gz_utils_vendor:/opt/ros/jazzy/opt/gz_tools_vendor:/opt/ros/jazzy/opt/gz_ogre_next_vendor:/opt/ros/jazzy/opt/gz_dartsim_vendor:/opt/ros/jazzy/opt/gz_cmake_vendor:/opt/ros/jazzy DEBUGINFOD_URLS=https://debuginfod.ubuntu.com /usr/bin/cmake --install /home/mohana/Desktop/robot_ws/build/parking_bringup
[1.293s] -- Install configuration: ""
[1.293s] -- Installing: /home/mohana/Desktop/robot_ws/install/parking_bringup/share/parking_bringup/launch
[1.293s] -- Installing: /home/mohana/Desktop/robot_ws/install/parking_bringup/share/parking_bringup/launch/tb4_simulation_launch.py
[1.294s] -- Installing: /home/mohana/Desktop/robot_ws/install/parking_bringup/share/parking_bringup/launch/display.launch.py
[1.294s] -- Installing: /home/mohana/Desktop/robot_ws/install/parking_bringup/share/parking_bringup/launch/spawn_car_garage.launch.py
[1.294s] -- Installing: /home/mohana/Desktop/robot_ws/install/parking_bringup/share/parking_bringup/maps
[1.295s] -- Installing: /home/mohana/Desktop/robot_ws/install/parking_bringup/share/parking_bringup/maps/warehouse.pgm
[1.298s] -- Installing: /home/mohana/Desktop/robot_ws/install/parking_bringup/share/parking_bringup/maps/tb3_sandbox.pgm
[1.299s] -- Installing: /home/mohana/Desktop/robot_ws/install/parking_bringup/share/parking_bringup/maps/warehouse.yaml
[1.300s] -- Installing: /home/mohana/Desktop/robot_ws/install/parking_bringup/share/parking_bringup/maps/depot.yaml
[1.300s] -- Installing: /home/mohana/Desktop/robot_ws/install/parking_bringup/share/parking_bringup/maps/depot.pgm
[1.302s] -- Installing: /home/mohana/Desktop/robot_ws/install/parking_bringup/share/parking_bringup/maps/tb3_sandbox.yaml
[1.302s] -- Installing: /home/mohana/Desktop/robot_ws/install/parking_bringup/share/parking_bringup/params
[1.302s] -- Installing: /home/mohana/Desktop/robot_ws/install/parking_bringup/share/parking_bringup/params/nav2_params.yaml
[1.303s] -- Installing: /home/mohana/Desktop/robot_ws/install/parking_bringup/share/parking_bringup/configs
[1.303s] -- Installing: /home/mohana/Desktop/robot_ws/install/parking_bringup/share/parking_bringup/rviz
[1.304s] -- Installing: /home/mohana/Desktop/robot_ws/install/parking_bringup/share/parking_bringup/rviz/config_old.rviz
[1.304s] -- Installing: /home/mohana/Desktop/robot_ws/install/parking_bringup/share/parking_bringup/rviz/nav2_default_view.rviz
[1.304s] -- Installing: /home/mohana/Desktop/robot_ws/install/parking_bringup/share/parking_bringup/rviz/config.rviz
[1.305s] -- Installing: /home/mohana/Desktop/robot_ws/install/parking_bringup/share/ament_index/resource_index/package_run_dependencies/parking_bringup
[1.305s] -- Installing: /home/mohana/Desktop/robot_ws/install/parking_bringup/share/ament_index/resource_index/parent_prefix_path/parking_bringup
[1.305s] -- Installing: /home/mohana/Desktop/robot_ws/install/parking_bringup/share/parking_bringup/environment/ament_prefix_path.sh
[1.305s] -- Installing: /home/mohana/Desktop/robot_ws/install/parking_bringup/share/parking_bringup/environment/ament_prefix_path.dsv
[1.306s] -- Installing: /home/mohana/Desktop/robot_ws/install/parking_bringup/share/parking_bringup/environment/path.sh
[1.306s] -- Installing: /home/mohana/Desktop/robot_ws/install/parking_bringup/share/parking_bringup/environment/path.dsv
[1.306s] -- Installing: /home/mohana/Desktop/robot_ws/install/parking_bringup/share/parking_bringup/local_setup.bash
[1.307s] -- Installing: /home/mohana/Desktop/robot_ws/install/parking_bringup/share/parking_bringup/local_setup.sh
[1.307s] -- Installing: /home/mohana/Desktop/robot_ws/install/parking_bringup/share/parking_bringup/local_setup.zsh
[1.307s] -- Installing: /home/mohana/Desktop/robot_ws/install/parking_bringup/share/parking_bringup/local_setup.dsv
[1.307s] -- Installing: /home/mohana/Desktop/robot_ws/install/parking_bringup/share/parking_bringup/package.dsv
[1.308s] -- Installing: /home/mohana/Desktop/robot_ws/install/parking_bringup/share/ament_index/resource_index/packages/parking_bringup
[1.308s] -- Installing: /home/mohana/Desktop/robot_ws/install/parking_bringup/share/parking_bringup/cmake/parking_bringupConfig.cmake
[1.308s] -- Installing: /home/mohana/Desktop/robot_ws/install/parking_bringup/share/parking_bringup/cmake/parking_bringupConfig-version.cmake
[1.308s] -- Installing: /home/mohana/Desktop/robot_ws/install/parking_bringup/share/parking_bringup/package.xml
[1.311s] Invoked command in '/home/mohana/Desktop/robot_ws/build/parking_bringup' returned '0': CMAKE_PREFIX_PATH=/home/mohana/Desktop/robot_ws/install/parking_world:/home/mohana/Desktop/robot_ws/install/parking_car:/home/mohana/Desktop/robot_ws/install/parking_bringup:/opt/ros/jazzy/opt/gz_launch_vendor:/opt/ros/jazzy/opt/gz_sim_vendor:/opt/ros/jazzy/opt/gz_sensors_vendor:/opt/ros/jazzy/opt/gz_physics_vendor:/opt/ros/jazzy/opt/sdformat_vendor:/opt/ros/jazzy/opt/gz_gui_vendor:/opt/ros/jazzy/opt/gz_transport_vendor:/opt/ros/jazzy/opt/gz_rendering_vendor:/opt/ros/jazzy/opt/gz_plugin_vendor:/opt/ros/jazzy/opt/gz_fuel_tools_vendor:/opt/ros/jazzy/opt/gz_msgs_vendor:/opt/ros/jazzy/opt/gz_common_vendor:/opt/ros/jazzy/opt/gz_math_vendor:/opt/ros/jazzy/opt/gz_utils_vendor:/opt/ros/jazzy/opt/gz_tools_vendor:/opt/ros/jazzy/opt/gz_ogre_next_vendor:/opt/ros/jazzy/opt/gz_dartsim_vendor:/opt/ros/jazzy/opt/gz_cmake_vendor:/opt/ros/jazzy DEBUGINFOD_URLS=https://debuginfod.ubuntu.com /usr/bin/cmake --install /home/mohana/Desktop/robot_ws/build/parking_bringup
