[0.016s] Invoking command in '/home/mohana/Desktop/robot_ws/build/parking_bringup': AMENT_PREFIX_PATH=/home/mohana/Desktop/robot_ws/install/parking_world:/home/mohana/Desktop/robot_ws/install/parking_car:${AMENT_PREFIX_PATH} CMAKE_PREFIX_PATH=/home/mohana/Desktop/robot_ws/install/parking_world:/home/mohana/Desktop/robot_ws/install/parking_car:/opt/ros/jazzy/opt/gz_math_vendor:/opt/ros/jazzy/opt/gz_utils_vendor:/opt/ros/jazzy/opt/gz_cmake_vendor:/opt/ros/jazzy DEBUGINFOD_URLS=https://debuginfod.ubuntu.com /usr/bin/cmake /home/mohana/Desktop/robot_ws/src/parking_bringup -DCMAKE_INSTALL_PREFIX=/home/mohana/Desktop/robot_ws/install/parking_bringup
[0.132s] -- The C compiler identification is GNU 13.3.0
[0.259s] -- The CXX compiler identification is GNU 13.3.0
[0.309s] -- Detecting C compiler ABI info
[0.518s] -- Detecting C compiler ABI info - done
[0.556s] -- Check for working C compiler: /usr/bin/cc - skipped
[0.556s] -- Detecting C compile features
[0.557s] -- Detecting C compile features - done
[0.583s] -- Detecting CXX compiler ABI info
[0.809s] -- Detecting CXX compiler ABI info - done
[0.842s] -- Check for working CXX compiler: /usr/bin/c++ - skipped
[0.843s] -- Detecting CXX compile features
[0.844s] -- Detecting CXX compile features - done
[0.850s] -- Found ament_cmake: 2.5.5 (/opt/ros/jazzy/share/ament_cmake/cmake)
[1.162s] -- Found Python3: /usr/bin/python3 (found version "3.12.3") found components: Interpreter 
[1.414s] -- Found xacro: 2.1.1 (/opt/ros/jazzy/share/xacro/cmake)
[1.415s] -- Found parking_car: 0.0.0 (/home/mohana/Desktop/robot_ws/install/parking_car/share/parking_car/cmake)
[1.415s] -- Found parking_world: 0.0.0 (/home/mohana/Desktop/robot_ws/install/parking_world/share/parking_world/cmake)
[1.635s] -- Configuring done (1.6s)
[1.641s] -- Generating done (0.0s)
[1.645s] -- Build files have been written to: /home/mohana/Desktop/robot_ws/build/parking_bringup
[1.656s] Invoked command in '/home/mohana/Desktop/robot_ws/build/parking_bringup' returned '0': AMENT_PREFIX_PATH=/home/mohana/Desktop/robot_ws/install/parking_world:/home/mohana/Desktop/robot_ws/install/parking_car:${AMENT_PREFIX_PATH} CMAKE_PREFIX_PATH=/home/mohana/Desktop/robot_ws/install/parking_world:/home/mohana/Desktop/robot_ws/install/parking_car:/opt/ros/jazzy/opt/gz_math_vendor:/opt/ros/jazzy/opt/gz_utils_vendor:/opt/ros/jazzy/opt/gz_cmake_vendor:/opt/ros/jazzy DEBUGINFOD_URLS=https://debuginfod.ubuntu.com /usr/bin/cmake /home/mohana/Desktop/robot_ws/src/parking_bringup -DCMAKE_INSTALL_PREFIX=/home/mohana/Desktop/robot_ws/install/parking_bringup
[1.658s] Invoking command in '/home/mohana/Desktop/robot_ws/build/parking_bringup': AMENT_PREFIX_PATH=/home/mohana/Desktop/robot_ws/install/parking_world:/home/mohana/Desktop/robot_ws/install/parking_car:${AMENT_PREFIX_PATH} CMAKE_PREFIX_PATH=/home/mohana/Desktop/robot_ws/install/parking_world:/home/mohana/Desktop/robot_ws/install/parking_car:/opt/ros/jazzy/opt/gz_math_vendor:/opt/ros/jazzy/opt/gz_utils_vendor:/opt/ros/jazzy/opt/gz_cmake_vendor:/opt/ros/jazzy DEBUGINFOD_URLS=https://debuginfod.ubuntu.com /usr/bin/cmake --build /home/mohana/Desktop/robot_ws/build/parking_bringup -- -j8 -l8
[1.748s] Invoked command in '/home/mohana/Desktop/robot_ws/build/parking_bringup' returned '0': AMENT_PREFIX_PATH=/home/mohana/Desktop/robot_ws/install/parking_world:/home/mohana/Desktop/robot_ws/install/parking_car:${AMENT_PREFIX_PATH} CMAKE_PREFIX_PATH=/home/mohana/Desktop/robot_ws/install/parking_world:/home/mohana/Desktop/robot_ws/install/parking_car:/opt/ros/jazzy/opt/gz_math_vendor:/opt/ros/jazzy/opt/gz_utils_vendor:/opt/ros/jazzy/opt/gz_cmake_vendor:/opt/ros/jazzy DEBUGINFOD_URLS=https://debuginfod.ubuntu.com /usr/bin/cmake --build /home/mohana/Desktop/robot_ws/build/parking_bringup -- -j8 -l8
[1.751s] Invoking command in '/home/mohana/Desktop/robot_ws/build/parking_bringup': AMENT_PREFIX_PATH=/home/mohana/Desktop/robot_ws/install/parking_world:/home/mohana/Desktop/robot_ws/install/parking_car:${AMENT_PREFIX_PATH} CMAKE_PREFIX_PATH=/home/mohana/Desktop/robot_ws/install/parking_world:/home/mohana/Desktop/robot_ws/install/parking_car:/opt/ros/jazzy/opt/gz_math_vendor:/opt/ros/jazzy/opt/gz_utils_vendor:/opt/ros/jazzy/opt/gz_cmake_vendor:/opt/ros/jazzy DEBUGINFOD_URLS=https://debuginfod.ubuntu.com /usr/bin/cmake --install /home/mohana/Desktop/robot_ws/build/parking_bringup
[1.768s] -- Install configuration: ""
[1.768s] -- Installing: /home/mohana/Desktop/robot_ws/install/parking_bringup/share/parking_bringup/launch
[1.770s] -- Installing: /home/mohana/Desktop/robot_ws/install/parking_bringup/share/parking_bringup/launch/tb4_simulation_launch.py
[1.771s] -- Installing: /home/mohana/Desktop/robot_ws/install/parking_bringup/share/parking_bringup/launch/spawn_car_garage.launch.py
[1.771s] -- Installing: /home/mohana/Desktop/robot_ws/install/parking_bringup/share/parking_bringup/launch/display.launch.py
[1.772s] -- Installing: /home/mohana/Desktop/robot_ws/install/parking_bringup/share/parking_bringup/maps
[1.772s] -- Installing: /home/mohana/Desktop/robot_ws/install/parking_bringup/share/parking_bringup/maps/warehouse.pgm
[1.779s] -- Installing: /home/mohana/Desktop/robot_ws/install/parking_bringup/share/parking_bringup/maps/tb3_sandbox.pgm
[1.780s] -- Installing: /home/mohana/Desktop/robot_ws/install/parking_bringup/share/parking_bringup/maps/depot.pgm
[1.782s] -- Installing: /home/mohana/Desktop/robot_ws/install/parking_bringup/share/parking_bringup/maps/depot.yaml
[1.783s] -- Installing: /home/mohana/Desktop/robot_ws/install/parking_bringup/share/parking_bringup/maps/warehouse.yaml
[1.783s] -- Installing: /home/mohana/Desktop/robot_ws/install/parking_bringup/share/parking_bringup/maps/tb3_sandbox.yaml
[1.783s] -- Installing: /home/mohana/Desktop/robot_ws/install/parking_bringup/share/parking_bringup/params
[1.783s] -- Installing: /home/mohana/Desktop/robot_ws/install/parking_bringup/share/parking_bringup/params/nav2_params.yaml
[1.784s] -- Installing: /home/mohana/Desktop/robot_ws/install/parking_bringup/share/parking_bringup/configs
[1.784s] -- Installing: /home/mohana/Desktop/robot_ws/install/parking_bringup/share/parking_bringup/rviz
[1.784s] -- Installing: /home/mohana/Desktop/robot_ws/install/parking_bringup/share/parking_bringup/rviz/nav2_default_view.rviz
[1.785s] -- Installing: /home/mohana/Desktop/robot_ws/install/parking_bringup/share/parking_bringup/rviz/config_old.rviz
[1.786s] -- Installing: /home/mohana/Desktop/robot_ws/install/parking_bringup/share/parking_bringup/rviz/config.rviz
[1.787s] -- Installing: /home/mohana/Desktop/robot_ws/install/parking_bringup/share/ament_index/resource_index/package_run_dependencies/parking_bringup
[1.787s] -- Installing: /home/mohana/Desktop/robot_ws/install/parking_bringup/share/ament_index/resource_index/parent_prefix_path/parking_bringup
[1.788s] -- Installing: /home/mohana/Desktop/robot_ws/install/parking_bringup/share/parking_bringup/environment/ament_prefix_path.sh
[1.788s] -- Installing: /home/mohana/Desktop/robot_ws/install/parking_bringup/share/parking_bringup/environment/ament_prefix_path.dsv
[1.788s] -- Installing: /home/mohana/Desktop/robot_ws/install/parking_bringup/share/parking_bringup/environment/path.sh
[1.789s] -- Installing: /home/mohana/Desktop/robot_ws/install/parking_bringup/share/parking_bringup/environment/path.dsv
[1.789s] -- Installing: /home/mohana/Desktop/robot_ws/install/parking_bringup/share/parking_bringup/local_setup.bash
[1.789s] -- Installing: /home/mohana/Desktop/robot_ws/install/parking_bringup/share/parking_bringup/local_setup.sh
[1.790s] -- Installing: /home/mohana/Desktop/robot_ws/install/parking_bringup/share/parking_bringup/local_setup.zsh
[1.790s] -- Installing: /home/mohana/Desktop/robot_ws/install/parking_bringup/share/parking_bringup/local_setup.dsv
[1.790s] -- Installing: /home/mohana/Desktop/robot_ws/install/parking_bringup/share/parking_bringup/package.dsv
[1.794s] -- Installing: /home/mohana/Desktop/robot_ws/install/parking_bringup/share/ament_index/resource_index/packages/parking_bringup
[1.794s] -- Installing: /home/mohana/Desktop/robot_ws/install/parking_bringup/share/parking_bringup/cmake/parking_bringupConfig.cmake
[1.795s] -- Installing: /home/mohana/Desktop/robot_ws/install/parking_bringup/share/parking_bringup/cmake/parking_bringupConfig-version.cmake
[1.795s] -- Installing: /home/mohana/Desktop/robot_ws/install/parking_bringup/share/parking_bringup/package.xml
[1.799s] Invoked command in '/home/mohana/Desktop/robot_ws/build/parking_bringup' returned '0': AMENT_PREFIX_PATH=/home/mohana/Desktop/robot_ws/install/parking_world:/home/mohana/Desktop/robot_ws/install/parking_car:${AMENT_PREFIX_PATH} CMAKE_PREFIX_PATH=/home/mohana/Desktop/robot_ws/install/parking_world:/home/mohana/Desktop/robot_ws/install/parking_car:/opt/ros/jazzy/opt/gz_math_vendor:/opt/ros/jazzy/opt/gz_utils_vendor:/opt/ros/jazzy/opt/gz_cmake_vendor:/opt/ros/jazzy DEBUGINFOD_URLS=https://debuginfod.ubuntu.com /usr/bin/cmake --install /home/mohana/Desktop/robot_ws/build/parking_bringup
