[0.039s] Invoking command in '/home/mohana/Desktop/robot_ws/build/parking_car': CMAKE_PREFIX_PATH=${CMAKE_PREFIX_PATH}:/opt/ros/jazzy DEBUGINFOD_URLS=https://debuginfod.ubuntu.com /usr/bin/cmake /home/mohana/Desktop/robot_ws/src/parking_car -DCMAKE_INSTALL_PREFIX=/home/mohana/Desktop/robot_ws/install/parking_car
[0.179s] -- The C compiler identification is GNU 13.3.0
[0.317s] -- The CXX compiler identification is GNU 13.3.0
[0.358s] -- Detecting C compiler ABI info
[0.563s] -- Detecting C compiler ABI info - done
[0.584s] -- Check for working C compiler: /usr/bin/cc - skipped
[0.584s] -- Detecting C compile features
[0.585s] -- Detecting C compile features - done
[0.603s] -- Detecting CXX compiler ABI info
[0.835s] -- Detecting CXX compiler ABI info - done
[0.857s] -- Check for working CXX compiler: /usr/bin/c++ - skipped
[0.858s] -- Detecting CXX compile features
[0.859s] -- Detecting CXX compile features - done
[0.865s] -- Found ament_cmake: 2.5.5 (/opt/ros/jazzy/share/ament_cmake/cmake)
[1.228s] -- Found Python3: /usr/bin/python3 (found version "3.12.3") found components: Interpreter 
[1.524s] [31mCMake Error at CMakeLists.txt:20 (find_package):
[1.524s]   By not providing "Findxacro.cmake" in CMAKE_MODULE_PATH this project has
[1.525s]   asked CMake to find a package configuration file provided by "xacro", but
[1.525s]   CMake did not find one.
[1.525s] 
[1.526s]   Could not find a package configuration file provided by "xacro" with any of
[1.526s]   the following names:
[1.526s] 
[1.527s]     xacroConfig.cmake
[1.527s]     xacro-config.cmake
[1.527s] 
[1.528s]   Add the installation prefix of "xacro" to CMAKE_PREFIX_PATH or set
[1.528s]   "xacro_DIR" to a directory containing one of the above files.  If "xacro"
[1.528s]   provides a separate development package or SDK, be sure it has been
[1.529s]   installed.
[1.529s] 
[1.529s] [0m
[1.530s] -- Configuring incomplete, errors occurred!
[1.537s] Invoked command in '/home/mohana/Desktop/robot_ws/build/parking_car' returned '1': CMAKE_PREFIX_PATH=${CMAKE_PREFIX_PATH}:/opt/ros/jazzy DEBUGINFOD_URLS=https://debuginfod.ubuntu.com /usr/bin/cmake /home/mohana/Desktop/robot_ws/src/parking_car -DCMAKE_INSTALL_PREFIX=/home/mohana/Desktop/robot_ws/install/parking_car
