[2.563s] Invoking command in '/home/mohana/robot_ws/src/ackermann_robot': DEBUGINFOD_URLS=https://debuginfod.ubuntu.com PYTHONPATH=/home/mohana/robot_ws/build/ackermann_robot/prefix_override:/usr/lib/python3/dist-packages/colcon_core/task/python/colcon_distutils_commands:/home/mohana/robot_ws/install/ackermann_robot/lib/python3.12/site-packages:${PYTHONPATH} /usr/bin/python3 -W ignore:setup.py install is deprecated -W ignore:easy_install command is deprecated setup.py egg_info --egg-base ../../build/ackermann_robot build --build-base /home/mohana/robot_ws/build/ackermann_robot/build install --record /home/mohana/robot_ws/build/ackermann_robot/install.log --single-version-externally-managed install_data
[3.203s] running egg_info
[3.260s] writing ../../build/ackermann_robot/ackermann_robot.egg-info/PKG-INFO
[3.261s] writing dependency_links to ../../build/ackermann_robot/ackermann_robot.egg-info/dependency_links.txt
[3.261s] writing requirements to ../../build/ackermann_robot/ackermann_robot.egg-info/requires.txt
[3.261s] writing top-level names to ../../build/ackermann_robot/ackermann_robot.egg-info/top_level.txt
[3.371s] reading manifest file '../../build/ackermann_robot/ackermann_robot.egg-info/SOURCES.txt'
[3.372s] writing manifest file '../../build/ackermann_robot/ackermann_robot.egg-info/SOURCES.txt'
[3.373s] running build
[3.373s] running build_py
[3.373s] running install
[3.384s] running install_lib
[3.444s] running install_data
[3.444s] copying worlds/ackermann_world.sdf -> /home/mohana/robot_ws/install/ackermann_robot/share/ackermann_robot/worlds
[3.445s] running install_egg_info
[3.501s] removing '/home/mohana/robot_ws/install/ackermann_robot/lib/python3.12/site-packages/ackermann_robot-0.0.0-py3.12.egg-info' (and everything under it)
[3.501s] Copying ../../build/ackermann_robot/ackermann_robot.egg-info to /home/mohana/robot_ws/install/ackermann_robot/lib/python3.12/site-packages/ackermann_robot-0.0.0-py3.12.egg-info
[3.503s] running install_scripts
[3.864s] writing list of installed files to '/home/mohana/robot_ws/build/ackermann_robot/install.log'
[3.959s] Invoked command in '/home/mohana/robot_ws/src/ackermann_robot' returned '0': DEBUGINFOD_URLS=https://debuginfod.ubuntu.com PYTHONPATH=/home/mohana/robot_ws/build/ackermann_robot/prefix_override:/usr/lib/python3/dist-packages/colcon_core/task/python/colcon_distutils_commands:/home/mohana/robot_ws/install/ackermann_robot/lib/python3.12/site-packages:${PYTHONPATH} /usr/bin/python3 -W ignore:setup.py install is deprecated -W ignore:easy_install command is deprecated setup.py egg_info --egg-base ../../build/ackermann_robot build --build-base /home/mohana/robot_ws/build/ackermann_robot/build install --record /home/mohana/robot_ws/build/ackermann_robot/install.log --single-version-externally-managed install_data
