-- Install configuration: ""
-- Up-to-date: /home/mohana/Desktop/robot_ws/install/parking_bringup/share/parking_bringup/launch
-- Up-to-date: /home/mohana/Desktop/robot_ws/install/parking_bringup/share/parking_bringup/launch/tb4_simulation_launch.py
-- Up-to-date: /home/mohana/Desktop/robot_ws/install/parking_bringup/share/parking_bringup/launch/display.launch.py
-- Up-to-date: /home/mohana/Desktop/robot_ws/install/parking_bringup/share/parking_bringup/launch/spawn_car_garage.launch.py
-- Up-to-date: /home/mohana/Desktop/robot_ws/install/parking_bringup/share/parking_bringup/maps
-- Up-to-date: /home/mohana/Desktop/robot_ws/install/parking_bringup/share/parking_bringup/maps/warehouse.pgm
-- Up-to-date: /home/mohana/Desktop/robot_ws/install/parking_bringup/share/parking_bringup/maps/tb3_sandbox.pgm
-- Up-to-date: /home/mohana/Desktop/robot_ws/install/parking_bringup/share/parking_bringup/maps/warehouse.yaml
-- Up-to-date: /home/mohana/Desktop/robot_ws/install/parking_bringup/share/parking_bringup/maps/depot.yaml
-- Up-to-date: /home/mohana/Desktop/robot_ws/install/parking_bringup/share/parking_bringup/maps/depot.pgm
-- Up-to-date: /home/mohana/Desktop/robot_ws/install/parking_bringup/share/parking_bringup/maps/tb3_sandbox.yaml
-- Up-to-date: /home/mohana/Desktop/robot_ws/install/parking_bringup/share/parking_bringup/params
-- Up-to-date: /home/mohana/Desktop/robot_ws/install/parking_bringup/share/parking_bringup/params/nav2_params.yaml
-- Up-to-date: /home/mohana/Desktop/robot_ws/install/parking_bringup/share/parking_bringup/configs
-- Up-to-date: /home/mohana/Desktop/robot_ws/install/parking_bringup/share/parking_bringup/rviz
-- Up-to-date: /home/mohana/Desktop/robot_ws/install/parking_bringup/share/parking_bringup/rviz/config_old.rviz
-- Up-to-date: /home/mohana/Desktop/robot_ws/install/parking_bringup/share/parking_bringup/rviz/nav2_default_view.rviz
-- Up-to-date: /home/mohana/Desktop/robot_ws/install/parking_bringup/share/parking_bringup/rviz/config.rviz
-- Up-to-date: /home/mohana/Desktop/robot_ws/install/parking_bringup/share/ament_index/resource_index/package_run_dependencies/parking_bringup
-- Up-to-date: /home/mohana/Desktop/robot_ws/install/parking_bringup/share/ament_index/resource_index/parent_prefix_path/parking_bringup
-- Up-to-date: /home/mohana/Desktop/robot_ws/install/parking_bringup/share/parking_bringup/environment/ament_prefix_path.sh
-- Up-to-date: /home/mohana/Desktop/robot_ws/install/parking_bringup/share/parking_bringup/environment/ament_prefix_path.dsv
-- Up-to-date: /home/mohana/Desktop/robot_ws/install/parking_bringup/share/parking_bringup/environment/path.sh
-- Up-to-date: /home/mohana/Desktop/robot_ws/install/parking_bringup/share/parking_bringup/environment/path.dsv
-- Up-to-date: /home/mohana/Desktop/robot_ws/install/parking_bringup/share/parking_bringup/local_setup.bash
-- Up-to-date: /home/mohana/Desktop/robot_ws/install/parking_bringup/share/parking_bringup/local_setup.sh
-- Up-to-date: /home/mohana/Desktop/robot_ws/install/parking_bringup/share/parking_bringup/local_setup.zsh
-- Up-to-date: /home/mohana/Desktop/robot_ws/install/parking_bringup/share/parking_bringup/local_setup.dsv
-- Installing: /home/mohana/Desktop/robot_ws/install/parking_bringup/share/parking_bringup/package.dsv
-- Up-to-date: /home/mohana/Desktop/robot_ws/install/parking_bringup/share/ament_index/resource_index/packages/parking_bringup
-- Up-to-date: /home/mohana/Desktop/robot_ws/install/parking_bringup/share/parking_bringup/cmake/parking_bringupConfig.cmake
-- Up-to-date: /home/mohana/Desktop/robot_ws/install/parking_bringup/share/parking_bringup/cmake/parking_bringupConfig-version.cmake
-- Up-to-date: /home/mohana/Desktop/robot_ws/install/parking_bringup/share/parking_bringup/package.xml
