[0.390s] DEBUG:colcon:Command line arguments: ['/usr/bin/colcon', 'build']
[0.390s] DEBUG:colcon:Parsed command line arguments: Namespace(log_base=None, log_level=None, verb_name='build', build_base='build', install_base='install', merge_install=False, symlink_install=False, test_result_base=None, continue_on_error=False, executor='parallel', parallel_workers=8, event_handlers=None, ignore_user_meta=False, metas=['./colcon.meta'], base_paths=['.'], packages_ignore=None, packages_ignore_regex=None, paths=None, packages_up_to=None, packages_up_to_regex=None, packages_above=None, packages_above_and_dependencies=None, packages_above_depth=None, packages_select_by_dep=None, packages_skip_by_dep=None, packages_skip_up_to=None, packages_select_build_failed=False, packages_skip_build_finished=False, packages_select_test_failures=False, packages_skip_test_passed=False, packages_select=None, packages_skip=None, packages_select_regex=None, packages_skip_regex=None, packages_start=None, packages_end=None, allow_overriding=[], cmake_args=None, cmake_target=None, cmake_target_skip_unavailable=False, cmake_clean_cache=False, cmake_clean_first=False, cmake_force_configure=False, ament_cmake_args=None, catkin_cmake_args=None, catkin_skip_building_tests=False, mixin_files=None, mixin=None, verb_parser=<colcon_mixin.mixin.mixin_argument.MixinArgumentDecorator object at 0x71f33f4022d0>, verb_extension=<colcon_core.verb.build.BuildVerb object at 0x71f33f401e20>, main=<bound method BuildVerb.main of <colcon_core.verb.build.BuildVerb object at 0x71f33f401e20>>, mixin_verb=('build',))
[0.480s] Level 1:colcon.colcon_core.package_discovery:discover_packages(colcon_meta) check parameters
[0.480s] Level 1:colcon.colcon_core.package_discovery:discover_packages(recursive) check parameters
[0.480s] Level 1:colcon.colcon_core.package_discovery:discover_packages(ignore) check parameters
[0.480s] Level 1:colcon.colcon_core.package_discovery:discover_packages(path) check parameters
[0.480s] Level 1:colcon.colcon_core.package_discovery:discover_packages(colcon_meta) discover
[0.481s] Level 1:colcon.colcon_core.package_discovery:discover_packages(recursive) discover
[0.481s] INFO:colcon.colcon_core.package_discovery:Crawling recursively for packages in '/home/mohana/Desktop/robot_ws'
[0.481s] Level 1:colcon.colcon_core.package_identification:_identify(.) by extensions ['ignore', 'ignore_ament_install']
[0.481s] Level 1:colcon.colcon_core.package_identification:_identify(.) by extension 'ignore'
[0.481s] Level 1:colcon.colcon_core.package_identification:_identify(.) by extension 'ignore_ament_install'
[0.481s] Level 1:colcon.colcon_core.package_identification:_identify(.) by extensions ['colcon_pkg']
[0.481s] Level 1:colcon.colcon_core.package_identification:_identify(.) by extension 'colcon_pkg'
[0.481s] Level 1:colcon.colcon_core.package_identification:_identify(.) by extensions ['colcon_meta']
[0.481s] Level 1:colcon.colcon_core.package_identification:_identify(.) by extension 'colcon_meta'
[0.482s] Level 1:colcon.colcon_core.package_identification:_identify(.) by extensions ['ros']
[0.482s] Level 1:colcon.colcon_core.package_identification:_identify(.) by extension 'ros'
[0.528s] Level 1:colcon.colcon_core.package_identification:_identify(.) by extensions ['cmake', 'python']
[0.528s] Level 1:colcon.colcon_core.package_identification:_identify(.) by extension 'cmake'
[0.529s] Level 1:colcon.colcon_core.package_identification:_identify(.) by extension 'python'
[0.529s] Level 1:colcon.colcon_core.package_identification:_identify(.) by extensions ['python_setup_py']
[0.529s] Level 1:colcon.colcon_core.package_identification:_identify(.) by extension 'python_setup_py'
[0.529s] Level 1:colcon.colcon_core.package_identification:_identify(build) by extensions ['ignore', 'ignore_ament_install']
[0.529s] Level 1:colcon.colcon_core.package_identification:_identify(build) by extension 'ignore'
[0.529s] Level 1:colcon.colcon_core.package_identification:_identify(build) ignored
[0.529s] Level 1:colcon.colcon_core.package_identification:_identify(install) by extensions ['ignore', 'ignore_ament_install']
[0.530s] Level 1:colcon.colcon_core.package_identification:_identify(install) by extension 'ignore'
[0.530s] Level 1:colcon.colcon_core.package_identification:_identify(install) ignored
[0.530s] Level 1:colcon.colcon_core.package_identification:_identify(log) by extensions ['ignore', 'ignore_ament_install']
[0.530s] Level 1:colcon.colcon_core.package_identification:_identify(log) by extension 'ignore'
[0.530s] Level 1:colcon.colcon_core.package_identification:_identify(log) ignored
[0.530s] Level 1:colcon.colcon_core.package_identification:_identify(src) by extensions ['ignore', 'ignore_ament_install']
[0.530s] Level 1:colcon.colcon_core.package_identification:_identify(src) by extension 'ignore'
[0.531s] Level 1:colcon.colcon_core.package_identification:_identify(src) by extension 'ignore_ament_install'
[0.531s] Level 1:colcon.colcon_core.package_identification:_identify(src) by extensions ['colcon_pkg']
[0.531s] Level 1:colcon.colcon_core.package_identification:_identify(src) by extension 'colcon_pkg'
[0.531s] Level 1:colcon.colcon_core.package_identification:_identify(src) by extensions ['colcon_meta']
[0.531s] Level 1:colcon.colcon_core.package_identification:_identify(src) by extension 'colcon_meta'
[0.531s] Level 1:colcon.colcon_core.package_identification:_identify(src) by extensions ['ros']
[0.531s] Level 1:colcon.colcon_core.package_identification:_identify(src) by extension 'ros'
[0.531s] Level 1:colcon.colcon_core.package_identification:_identify(src) by extensions ['cmake', 'python']
[0.531s] Level 1:colcon.colcon_core.package_identification:_identify(src) by extension 'cmake'
[0.531s] Level 1:colcon.colcon_core.package_identification:_identify(src) by extension 'python'
[0.531s] Level 1:colcon.colcon_core.package_identification:_identify(src) by extensions ['python_setup_py']
[0.531s] Level 1:colcon.colcon_core.package_identification:_identify(src) by extension 'python_setup_py'
[0.532s] Level 1:colcon.colcon_core.package_identification:_identify(src/parking_bringup) by extensions ['ignore', 'ignore_ament_install']
[0.532s] Level 1:colcon.colcon_core.package_identification:_identify(src/parking_bringup) by extension 'ignore'
[0.532s] Level 1:colcon.colcon_core.package_identification:_identify(src/parking_bringup) by extension 'ignore_ament_install'
[0.532s] Level 1:colcon.colcon_core.package_identification:_identify(src/parking_bringup) by extensions ['colcon_pkg']
[0.532s] Level 1:colcon.colcon_core.package_identification:_identify(src/parking_bringup) by extension 'colcon_pkg'
[0.532s] Level 1:colcon.colcon_core.package_identification:_identify(src/parking_bringup) by extensions ['colcon_meta']
[0.532s] Level 1:colcon.colcon_core.package_identification:_identify(src/parking_bringup) by extension 'colcon_meta'
[0.532s] Level 1:colcon.colcon_core.package_identification:_identify(src/parking_bringup) by extensions ['ros']
[0.532s] Level 1:colcon.colcon_core.package_identification:_identify(src/parking_bringup) by extension 'ros'
[0.538s] DEBUG:colcon.colcon_core.package_identification:Package 'src/parking_bringup' with type 'ros.ament_cmake' and name 'parking_bringup'
[0.538s] Level 1:colcon.colcon_core.package_identification:_identify(src/parking_car) by extensions ['ignore', 'ignore_ament_install']
[0.539s] Level 1:colcon.colcon_core.package_identification:_identify(src/parking_car) by extension 'ignore'
[0.539s] Level 1:colcon.colcon_core.package_identification:_identify(src/parking_car) by extension 'ignore_ament_install'
[0.539s] Level 1:colcon.colcon_core.package_identification:_identify(src/parking_car) by extensions ['colcon_pkg']
[0.539s] Level 1:colcon.colcon_core.package_identification:_identify(src/parking_car) by extension 'colcon_pkg'
[0.539s] Level 1:colcon.colcon_core.package_identification:_identify(src/parking_car) by extensions ['colcon_meta']
[0.539s] Level 1:colcon.colcon_core.package_identification:_identify(src/parking_car) by extension 'colcon_meta'
[0.539s] Level 1:colcon.colcon_core.package_identification:_identify(src/parking_car) by extensions ['ros']
[0.539s] Level 1:colcon.colcon_core.package_identification:_identify(src/parking_car) by extension 'ros'
[0.541s] DEBUG:colcon.colcon_core.package_identification:Package 'src/parking_car' with type 'ros.ament_cmake' and name 'parking_car'
[0.541s] Level 1:colcon.colcon_core.package_identification:_identify(src/parking_world) by extensions ['ignore', 'ignore_ament_install']
[0.541s] Level 1:colcon.colcon_core.package_identification:_identify(src/parking_world) by extension 'ignore'
[0.541s] Level 1:colcon.colcon_core.package_identification:_identify(src/parking_world) by extension 'ignore_ament_install'
[0.541s] Level 1:colcon.colcon_core.package_identification:_identify(src/parking_world) by extensions ['colcon_pkg']
[0.541s] Level 1:colcon.colcon_core.package_identification:_identify(src/parking_world) by extension 'colcon_pkg'
[0.541s] Level 1:colcon.colcon_core.package_identification:_identify(src/parking_world) by extensions ['colcon_meta']
[0.541s] Level 1:colcon.colcon_core.package_identification:_identify(src/parking_world) by extension 'colcon_meta'
[0.541s] Level 1:colcon.colcon_core.package_identification:_identify(src/parking_world) by extensions ['ros']
[0.541s] Level 1:colcon.colcon_core.package_identification:_identify(src/parking_world) by extension 'ros'
[0.544s] DEBUG:colcon.colcon_core.package_identification:Package 'src/parking_world' with type 'ros.ament_cmake' and name 'parking_world'
[0.545s] Level 1:colcon.colcon_core.package_identification:_identify(src/rplidar_ros2-ros2) by extensions ['ignore', 'ignore_ament_install']
[0.545s] Level 1:colcon.colcon_core.package_identification:_identify(src/rplidar_ros2-ros2) by extension 'ignore'
[0.545s] Level 1:colcon.colcon_core.package_identification:_identify(src/rplidar_ros2-ros2) by extension 'ignore_ament_install'
[0.545s] Level 1:colcon.colcon_core.package_identification:_identify(src/rplidar_ros2-ros2) by extensions ['colcon_pkg']
[0.545s] Level 1:colcon.colcon_core.package_identification:_identify(src/rplidar_ros2-ros2) by extension 'colcon_pkg'
[0.545s] Level 1:colcon.colcon_core.package_identification:_identify(src/rplidar_ros2-ros2) by extensions ['colcon_meta']
[0.545s] Level 1:colcon.colcon_core.package_identification:_identify(src/rplidar_ros2-ros2) by extension 'colcon_meta'
[0.545s] Level 1:colcon.colcon_core.package_identification:_identify(src/rplidar_ros2-ros2) by extensions ['ros']
[0.545s] Level 1:colcon.colcon_core.package_identification:_identify(src/rplidar_ros2-ros2) by extension 'ros'
[0.546s] DEBUG:colcon.colcon_core.package_identification:Package 'src/rplidar_ros2-ros2' with type 'ros.ament_cmake' and name 'rplidar_ros'
[0.546s] Level 1:colcon.colcon_core.package_identification:_identify(src/sam_bringup) by extensions ['ignore', 'ignore_ament_install']
[0.547s] Level 1:colcon.colcon_core.package_identification:_identify(src/sam_bringup) by extension 'ignore'
[0.547s] Level 1:colcon.colcon_core.package_identification:_identify(src/sam_bringup) by extension 'ignore_ament_install'
[0.547s] Level 1:colcon.colcon_core.package_identification:_identify(src/sam_bringup) by extensions ['colcon_pkg']
[0.547s] Level 1:colcon.colcon_core.package_identification:_identify(src/sam_bringup) by extension 'colcon_pkg'
[0.547s] Level 1:colcon.colcon_core.package_identification:_identify(src/sam_bringup) by extensions ['colcon_meta']
[0.547s] Level 1:colcon.colcon_core.package_identification:_identify(src/sam_bringup) by extension 'colcon_meta'
[0.547s] Level 1:colcon.colcon_core.package_identification:_identify(src/sam_bringup) by extensions ['ros']
[0.547s] Level 1:colcon.colcon_core.package_identification:_identify(src/sam_bringup) by extension 'ros'
[0.548s] DEBUG:colcon.colcon_core.package_identification:Package 'src/sam_bringup' with type 'ros.ament_cmake' and name 'sam_bringup'
[0.548s] Level 1:colcon.colcon_core.package_identification:_identify(src/sam_description) by extensions ['ignore', 'ignore_ament_install']
[0.548s] Level 1:colcon.colcon_core.package_identification:_identify(src/sam_description) by extension 'ignore'
[0.548s] Level 1:colcon.colcon_core.package_identification:_identify(src/sam_description) by extension 'ignore_ament_install'
[0.549s] Level 1:colcon.colcon_core.package_identification:_identify(src/sam_description) by extensions ['colcon_pkg']
[0.549s] Level 1:colcon.colcon_core.package_identification:_identify(src/sam_description) by extension 'colcon_pkg'
[0.549s] Level 1:colcon.colcon_core.package_identification:_identify(src/sam_description) by extensions ['colcon_meta']
[0.549s] Level 1:colcon.colcon_core.package_identification:_identify(src/sam_description) by extension 'colcon_meta'
[0.549s] Level 1:colcon.colcon_core.package_identification:_identify(src/sam_description) by extensions ['ros']
[0.549s] Level 1:colcon.colcon_core.package_identification:_identify(src/sam_description) by extension 'ros'
[0.549s] Level 1:colcon.colcon_core.package_identification:_identify(src/sam_description) by extensions ['cmake', 'python']
[0.549s] Level 1:colcon.colcon_core.package_identification:_identify(src/sam_description) by extension 'cmake'
[0.549s] Level 1:colcon.colcon_core.package_identification:_identify(src/sam_description) by extension 'python'
[0.549s] Level 1:colcon.colcon_core.package_identification:_identify(src/sam_description) by extensions ['python_setup_py']
[0.549s] Level 1:colcon.colcon_core.package_identification:_identify(src/sam_description) by extension 'python_setup_py'
[0.549s] Level 1:colcon.colcon_core.package_identification:_identify(src/sam_world) by extensions ['ignore', 'ignore_ament_install']
[0.550s] Level 1:colcon.colcon_core.package_identification:_identify(src/sam_world) by extension 'ignore'
[0.550s] Level 1:colcon.colcon_core.package_identification:_identify(src/sam_world) by extension 'ignore_ament_install'
[0.550s] Level 1:colcon.colcon_core.package_identification:_identify(src/sam_world) by extensions ['colcon_pkg']
[0.550s] Level 1:colcon.colcon_core.package_identification:_identify(src/sam_world) by extension 'colcon_pkg'
[0.550s] Level 1:colcon.colcon_core.package_identification:_identify(src/sam_world) by extensions ['colcon_meta']
[0.550s] Level 1:colcon.colcon_core.package_identification:_identify(src/sam_world) by extension 'colcon_meta'
[0.550s] Level 1:colcon.colcon_core.package_identification:_identify(src/sam_world) by extensions ['ros']
[0.550s] Level 1:colcon.colcon_core.package_identification:_identify(src/sam_world) by extension 'ros'
[0.550s] Level 1:colcon.colcon_core.package_identification:_identify(src/sam_world) by extensions ['cmake', 'python']
[0.550s] Level 1:colcon.colcon_core.package_identification:_identify(src/sam_world) by extension 'cmake'
[0.550s] Level 1:colcon.colcon_core.package_identification:_identify(src/sam_world) by extension 'python'
[0.551s] Level 1:colcon.colcon_core.package_identification:_identify(src/sam_world) by extensions ['python_setup_py']
[0.551s] Level 1:colcon.colcon_core.package_identification:_identify(src/sam_world) by extension 'python_setup_py'
[0.551s] Level 1:colcon.colcon_core.package_discovery:discover_packages(recursive) using defaults
[0.551s] Level 1:colcon.colcon_core.package_discovery:discover_packages(ignore) discover
[0.551s] Level 1:colcon.colcon_core.package_discovery:discover_packages(ignore) using defaults
[0.551s] Level 1:colcon.colcon_core.package_discovery:discover_packages(path) discover
[0.551s] Level 1:colcon.colcon_core.package_discovery:discover_packages(path) using defaults
[0.590s] Level 1:colcon.colcon_core.package_discovery:discover_packages(prefix_path) check parameters
[0.590s] Level 1:colcon.colcon_core.package_discovery:discover_packages(prefix_path) discover
[0.598s] DEBUG:colcon.colcon_installed_package_information.package_discovery:Found 286 installed packages in /opt/ros/jazzy
[0.599s] Level 1:colcon.colcon_core.package_discovery:discover_packages(prefix_path) using defaults
[0.682s] Level 5:colcon.colcon_core.verb:set package 'parking_car' build argument 'cmake_args' from command line to 'None'
[0.682s] Level 5:colcon.colcon_core.verb:set package 'parking_car' build argument 'cmake_target' from command line to 'None'
[0.682s] Level 5:colcon.colcon_core.verb:set package 'parking_car' build argument 'cmake_target_skip_unavailable' from command line to 'False'
[0.682s] Level 5:colcon.colcon_core.verb:set package 'parking_car' build argument 'cmake_clean_cache' from command line to 'False'
[0.682s] Level 5:colcon.colcon_core.verb:set package 'parking_car' build argument 'cmake_clean_first' from command line to 'False'
[0.682s] Level 5:colcon.colcon_core.verb:set package 'parking_car' build argument 'cmake_force_configure' from command line to 'False'
[0.682s] Level 5:colcon.colcon_core.verb:set package 'parking_car' build argument 'ament_cmake_args' from command line to 'None'
[0.682s] Level 5:colcon.colcon_core.verb:set package 'parking_car' build argument 'catkin_cmake_args' from command line to 'None'
[0.682s] Level 5:colcon.colcon_core.verb:set package 'parking_car' build argument 'catkin_skip_building_tests' from command line to 'False'
[0.683s] DEBUG:colcon.colcon_core.verb:Building package 'parking_car' with the following arguments: {'ament_cmake_args': None, 'build_base': '/home/mohana/Desktop/robot_ws/build/parking_car', 'catkin_cmake_args': None, 'catkin_skip_building_tests': False, 'cmake_args': None, 'cmake_clean_cache': False, 'cmake_clean_first': False, 'cmake_force_configure': False, 'cmake_target': None, 'cmake_target_skip_unavailable': False, 'install_base': '/home/mohana/Desktop/robot_ws/install/parking_car', 'merge_install': False, 'path': '/home/mohana/Desktop/robot_ws/src/parking_car', 'symlink_install': False, 'test_result_base': None}
[0.683s] Level 5:colcon.colcon_core.verb:set package 'rplidar_ros' build argument 'cmake_args' from command line to 'None'
[0.683s] Level 5:colcon.colcon_core.verb:set package 'rplidar_ros' build argument 'cmake_target' from command line to 'None'
[0.683s] Level 5:colcon.colcon_core.verb:set package 'rplidar_ros' build argument 'cmake_target_skip_unavailable' from command line to 'False'
[0.683s] Level 5:colcon.colcon_core.verb:set package 'rplidar_ros' build argument 'cmake_clean_cache' from command line to 'False'
[0.683s] Level 5:colcon.colcon_core.verb:set package 'rplidar_ros' build argument 'cmake_clean_first' from command line to 'False'
[0.683s] Level 5:colcon.colcon_core.verb:set package 'rplidar_ros' build argument 'cmake_force_configure' from command line to 'False'
[0.683s] Level 5:colcon.colcon_core.verb:set package 'rplidar_ros' build argument 'ament_cmake_args' from command line to 'None'
[0.683s] Level 5:colcon.colcon_core.verb:set package 'rplidar_ros' build argument 'catkin_cmake_args' from command line to 'None'
[0.683s] Level 5:colcon.colcon_core.verb:set package 'rplidar_ros' build argument 'catkin_skip_building_tests' from command line to 'False'
[0.684s] DEBUG:colcon.colcon_core.verb:Building package 'rplidar_ros' with the following arguments: {'ament_cmake_args': None, 'build_base': '/home/mohana/Desktop/robot_ws/build/rplidar_ros', 'catkin_cmake_args': None, 'catkin_skip_building_tests': False, 'cmake_args': None, 'cmake_clean_cache': False, 'cmake_clean_first': False, 'cmake_force_configure': False, 'cmake_target': None, 'cmake_target_skip_unavailable': False, 'install_base': '/home/mohana/Desktop/robot_ws/install/rplidar_ros', 'merge_install': False, 'path': '/home/mohana/Desktop/robot_ws/src/rplidar_ros2-ros2', 'symlink_install': False, 'test_result_base': None}
[0.684s] Level 5:colcon.colcon_core.verb:set package 'sam_bringup' build argument 'cmake_args' from command line to 'None'
[0.684s] Level 5:colcon.colcon_core.verb:set package 'sam_bringup' build argument 'cmake_target' from command line to 'None'
[0.684s] Level 5:colcon.colcon_core.verb:set package 'sam_bringup' build argument 'cmake_target_skip_unavailable' from command line to 'False'
[0.684s] Level 5:colcon.colcon_core.verb:set package 'sam_bringup' build argument 'cmake_clean_cache' from command line to 'False'
[0.684s] Level 5:colcon.colcon_core.verb:set package 'sam_bringup' build argument 'cmake_clean_first' from command line to 'False'
[0.684s] Level 5:colcon.colcon_core.verb:set package 'sam_bringup' build argument 'cmake_force_configure' from command line to 'False'
[0.684s] Level 5:colcon.colcon_core.verb:set package 'sam_bringup' build argument 'ament_cmake_args' from command line to 'None'
[0.684s] Level 5:colcon.colcon_core.verb:set package 'sam_bringup' build argument 'catkin_cmake_args' from command line to 'None'
[0.684s] Level 5:colcon.colcon_core.verb:set package 'sam_bringup' build argument 'catkin_skip_building_tests' from command line to 'False'
[0.684s] DEBUG:colcon.colcon_core.verb:Building package 'sam_bringup' with the following arguments: {'ament_cmake_args': None, 'build_base': '/home/mohana/Desktop/robot_ws/build/sam_bringup', 'catkin_cmake_args': None, 'catkin_skip_building_tests': False, 'cmake_args': None, 'cmake_clean_cache': False, 'cmake_clean_first': False, 'cmake_force_configure': False, 'cmake_target': None, 'cmake_target_skip_unavailable': False, 'install_base': '/home/mohana/Desktop/robot_ws/install/sam_bringup', 'merge_install': False, 'path': '/home/mohana/Desktop/robot_ws/src/sam_bringup', 'symlink_install': False, 'test_result_base': None}
[0.685s] Level 5:colcon.colcon_core.verb:set package 'parking_world' build argument 'cmake_args' from command line to 'None'
[0.685s] Level 5:colcon.colcon_core.verb:set package 'parking_world' build argument 'cmake_target' from command line to 'None'
[0.685s] Level 5:colcon.colcon_core.verb:set package 'parking_world' build argument 'cmake_target_skip_unavailable' from command line to 'False'
[0.685s] Level 5:colcon.colcon_core.verb:set package 'parking_world' build argument 'cmake_clean_cache' from command line to 'False'
[0.685s] Level 5:colcon.colcon_core.verb:set package 'parking_world' build argument 'cmake_clean_first' from command line to 'False'
[0.685s] Level 5:colcon.colcon_core.verb:set package 'parking_world' build argument 'cmake_force_configure' from command line to 'False'
[0.685s] Level 5:colcon.colcon_core.verb:set package 'parking_world' build argument 'ament_cmake_args' from command line to 'None'
[0.685s] Level 5:colcon.colcon_core.verb:set package 'parking_world' build argument 'catkin_cmake_args' from command line to 'None'
[0.685s] Level 5:colcon.colcon_core.verb:set package 'parking_world' build argument 'catkin_skip_building_tests' from command line to 'False'
[0.685s] DEBUG:colcon.colcon_core.verb:Building package 'parking_world' with the following arguments: {'ament_cmake_args': None, 'build_base': '/home/mohana/Desktop/robot_ws/build/parking_world', 'catkin_cmake_args': None, 'catkin_skip_building_tests': False, 'cmake_args': None, 'cmake_clean_cache': False, 'cmake_clean_first': False, 'cmake_force_configure': False, 'cmake_target': None, 'cmake_target_skip_unavailable': False, 'install_base': '/home/mohana/Desktop/robot_ws/install/parking_world', 'merge_install': False, 'path': '/home/mohana/Desktop/robot_ws/src/parking_world', 'symlink_install': False, 'test_result_base': None}
[0.686s] Level 5:colcon.colcon_core.verb:set package 'parking_bringup' build argument 'cmake_args' from command line to 'None'
[0.686s] Level 5:colcon.colcon_core.verb:set package 'parking_bringup' build argument 'cmake_target' from command line to 'None'
[0.686s] Level 5:colcon.colcon_core.verb:set package 'parking_bringup' build argument 'cmake_target_skip_unavailable' from command line to 'False'
[0.686s] Level 5:colcon.colcon_core.verb:set package 'parking_bringup' build argument 'cmake_clean_cache' from command line to 'False'
[0.686s] Level 5:colcon.colcon_core.verb:set package 'parking_bringup' build argument 'cmake_clean_first' from command line to 'False'
[0.686s] Level 5:colcon.colcon_core.verb:set package 'parking_bringup' build argument 'cmake_force_configure' from command line to 'False'
[0.686s] Level 5:colcon.colcon_core.verb:set package 'parking_bringup' build argument 'ament_cmake_args' from command line to 'None'
[0.686s] Level 5:colcon.colcon_core.verb:set package 'parking_bringup' build argument 'catkin_cmake_args' from command line to 'None'
[0.686s] Level 5:colcon.colcon_core.verb:set package 'parking_bringup' build argument 'catkin_skip_building_tests' from command line to 'False'
[0.686s] DEBUG:colcon.colcon_core.verb:Building package 'parking_bringup' with the following arguments: {'ament_cmake_args': None, 'build_base': '/home/mohana/Desktop/robot_ws/build/parking_bringup', 'catkin_cmake_args': None, 'catkin_skip_building_tests': False, 'cmake_args': None, 'cmake_clean_cache': False, 'cmake_clean_first': False, 'cmake_force_configure': False, 'cmake_target': None, 'cmake_target_skip_unavailable': False, 'install_base': '/home/mohana/Desktop/robot_ws/install/parking_bringup', 'merge_install': False, 'path': '/home/mohana/Desktop/robot_ws/src/parking_bringup', 'symlink_install': False, 'test_result_base': None}
[0.686s] INFO:colcon.colcon_core.executor:Executing jobs using 'parallel' executor
[0.688s] DEBUG:colcon.colcon_parallel_executor.executor.parallel:run_until_complete
[0.689s] INFO:colcon.colcon_ros.task.ament_cmake.build:Building ROS package in '/home/mohana/Desktop/robot_ws/src/parking_car' with build type 'ament_cmake'
[0.689s] INFO:colcon.colcon_cmake.task.cmake.build:Building CMake package in '/home/mohana/Desktop/robot_ws/src/parking_car'
[0.702s] INFO:colcon.colcon_core.plugin_system:Skipping extension 'colcon_core.shell.bat': Not used on non-Windows systems
[0.703s] INFO:colcon.colcon_core.shell:Skip shell extension 'powershell' for command environment: Not usable outside of PowerShell
[0.703s] DEBUG:colcon.colcon_core.shell:Skip shell extension 'dsv' for command environment
[0.713s] INFO:colcon.colcon_ros.task.ament_cmake.build:Building ROS package in '/home/mohana/Desktop/robot_ws/src/rplidar_ros2-ros2' with build type 'ament_cmake'
[0.713s] INFO:colcon.colcon_cmake.task.cmake.build:Building CMake package in '/home/mohana/Desktop/robot_ws/src/rplidar_ros2-ros2'
[0.713s] INFO:colcon.colcon_core.shell:Skip shell extension 'powershell' for command environment: Not usable outside of PowerShell
[0.714s] DEBUG:colcon.colcon_core.shell:Skip shell extension 'dsv' for command environment
[0.723s] INFO:colcon.colcon_ros.task.ament_cmake.build:Building ROS package in '/home/mohana/Desktop/robot_ws/src/sam_bringup' with build type 'ament_cmake'
[0.724s] INFO:colcon.colcon_cmake.task.cmake.build:Building CMake package in '/home/mohana/Desktop/robot_ws/src/sam_bringup'
[0.725s] INFO:colcon.colcon_core.shell:Skip shell extension 'powershell' for command environment: Not usable outside of PowerShell
[0.725s] DEBUG:colcon.colcon_core.shell:Skip shell extension 'dsv' for command environment
[0.738s] DEBUG:colcon.colcon_core.event_handler.log_command:Invoking command in '/home/mohana/Desktop/robot_ws/build/parking_car': CMAKE_PREFIX_PATH=${CMAKE_PREFIX_PATH}:/opt/ros/jazzy DEBUGINFOD_URLS=https://debuginfod.ubuntu.com /usr/bin/cmake /home/mohana/Desktop/robot_ws/src/parking_car -DCMAKE_INSTALL_PREFIX=/home/mohana/Desktop/robot_ws/install/parking_car
[0.752s] DEBUG:colcon.colcon_core.event_handler.log_command:Invoking command in '/home/mohana/Desktop/robot_ws/build/rplidar_ros': CMAKE_PREFIX_PATH=${CMAKE_PREFIX_PATH}:/opt/ros/jazzy DEBUGINFOD_URLS=https://debuginfod.ubuntu.com /usr/bin/cmake --build /home/mohana/Desktop/robot_ws/build/rplidar_ros -- -j8 -l8
[0.764s] DEBUG:colcon.colcon_core.event_handler.log_command:Invoking command in '/home/mohana/Desktop/robot_ws/build/sam_bringup': CMAKE_PREFIX_PATH=${CMAKE_PREFIX_PATH}:/opt/ros/jazzy DEBUGINFOD_URLS=https://debuginfod.ubuntu.com /usr/bin/cmake /home/mohana/Desktop/robot_ws/src/sam_bringup -DCMAKE_INSTALL_PREFIX=/home/mohana/Desktop/robot_ws/install/sam_bringup
[1.555s] DEBUG:colcon.colcon_core.event_handler.log_command:Invoked command in '/home/mohana/Desktop/robot_ws/build/parking_car' returned '1': CMAKE_PREFIX_PATH=${CMAKE_PREFIX_PATH}:/opt/ros/jazzy DEBUGINFOD_URLS=https://debuginfod.ubuntu.com /usr/bin/cmake /home/mohana/Desktop/robot_ws/src/parking_car -DCMAKE_INSTALL_PREFIX=/home/mohana/Desktop/robot_ws/install/parking_car
[1.600s] Level 1:colcon.colcon_core.environment:create_environment_scripts_only(parking_car)
[1.632s] Level 1:colcon.colcon_core.environment:checking '/home/mohana/Desktop/robot_ws/install/parking_car' for CMake module files
[1.633s] Level 1:colcon.colcon_core.environment:checking '/home/mohana/Desktop/robot_ws/install/parking_car' for CMake config files
[1.634s] Level 1:colcon.colcon_core.environment:checking '/home/mohana/Desktop/robot_ws/install/parking_car/bin'
[1.635s] Level 1:colcon.colcon_core.environment:checking '/home/mohana/Desktop/robot_ws/install/parking_car/lib/pkgconfig/parking_car.pc'
[1.635s] Level 1:colcon.colcon_core.environment:checking '/home/mohana/Desktop/robot_ws/install/parking_car/lib/python3.12/site-packages'
[1.637s] Level 1:colcon.colcon_core.environment:checking '/home/mohana/Desktop/robot_ws/install/parking_car/bin'
[1.637s] INFO:colcon.colcon_core.shell:Creating package script '/home/mohana/Desktop/robot_ws/install/parking_car/share/parking_car/package.ps1'
[1.640s] INFO:colcon.colcon_core.shell:Creating package descriptor '/home/mohana/Desktop/robot_ws/install/parking_car/share/parking_car/package.dsv'
[1.642s] INFO:colcon.colcon_core.shell:Creating package script '/home/mohana/Desktop/robot_ws/install/parking_car/share/parking_car/package.sh'
[1.645s] INFO:colcon.colcon_core.shell:Creating package script '/home/mohana/Desktop/robot_ws/install/parking_car/share/parking_car/package.bash'
[1.648s] INFO:colcon.colcon_core.shell:Creating package script '/home/mohana/Desktop/robot_ws/install/parking_car/share/parking_car/package.zsh'
[1.650s] Level 1:colcon.colcon_core.environment:create_file_with_runtime_dependencies(/home/mohana/Desktop/robot_ws/install/parking_car/share/colcon-core/packages/parking_car)
[22.657s] DEBUG:colcon.colcon_parallel_executor.executor.parallel:closing loop
[22.658s] DEBUG:colcon.colcon_parallel_executor.executor.parallel:loop closed
[22.658s] DEBUG:colcon.colcon_parallel_executor.executor.parallel:run_until_complete finished with '1'
[22.658s] DEBUG:colcon.colcon_core.event_reactor:joining thread
[22.678s] INFO:colcon.colcon_core.plugin_system:Skipping extension 'colcon_notification.desktop_notification.terminal_notifier': Not used on non-Darwin systems
[22.678s] INFO:colcon.colcon_core.plugin_system:Skipping extension 'colcon_notification.desktop_notification.win32': Not used on non-Windows systems
[22.678s] INFO:colcon.colcon_notification.desktop_notification:Sending desktop notification using 'notify2'
[22.713s] DEBUG:colcon.colcon_core.event_reactor:joined thread
[22.714s] INFO:colcon.colcon_core.shell:Creating prefix script '/home/mohana/Desktop/robot_ws/install/local_setup.ps1'
[22.715s] INFO:colcon.colcon_core.shell:Creating prefix util module '/home/mohana/Desktop/robot_ws/install/_local_setup_util_ps1.py'
[22.718s] INFO:colcon.colcon_core.shell:Creating prefix chain script '/home/mohana/Desktop/robot_ws/install/setup.ps1'
[22.720s] INFO:colcon.colcon_core.shell:Creating prefix script '/home/mohana/Desktop/robot_ws/install/local_setup.sh'
[22.721s] INFO:colcon.colcon_core.shell:Creating prefix util module '/home/mohana/Desktop/robot_ws/install/_local_setup_util_sh.py'
[22.722s] INFO:colcon.colcon_core.shell:Creating prefix chain script '/home/mohana/Desktop/robot_ws/install/setup.sh'
[22.724s] INFO:colcon.colcon_core.shell:Creating prefix script '/home/mohana/Desktop/robot_ws/install/local_setup.bash'
[22.725s] INFO:colcon.colcon_core.shell:Creating prefix chain script '/home/mohana/Desktop/robot_ws/install/setup.bash'
[22.727s] INFO:colcon.colcon_core.shell:Creating prefix script '/home/mohana/Desktop/robot_ws/install/local_setup.zsh'
[22.728s] INFO:colcon.colcon_core.shell:Creating prefix chain script '/home/mohana/Desktop/robot_ws/install/setup.zsh'
