[0.018s] Invoking command in '/home/mohana/Desktop/robot_ws/build/parking_world': AMENT_PREFIX_PATH=/home/mohana/Desktop/robot_ws/install/parking_car:${AMENT_PREFIX_PATH} CMAKE_PREFIX_PATH=/home/mohana/Desktop/robot_ws/install/parking_car:/opt/ros/jazzy/opt/gz_math_vendor:/opt/ros/jazzy/opt/gz_utils_vendor:/opt/ros/jazzy/opt/gz_cmake_vendor:/opt/ros/jazzy DEBUGINFOD_URLS=https://debuginfod.ubuntu.com /usr/bin/cmake /home/mohana/Desktop/robot_ws/src/parking_world -DCMAKE_INSTALL_PREFIX=/home/mohana/Desktop/robot_ws/install/parking_world
[0.138s] -- The C compiler identification is GNU 13.3.0
[0.251s] -- The CXX compiler identification is GNU 13.3.0
[0.296s] -- Detecting C compiler ABI info
[0.501s] -- Detecting C compiler ABI info - done
[0.527s] -- Check for working C compiler: /usr/bin/cc - skipped
[0.527s] -- Detecting C compile features
[0.528s] -- Detecting C compile features - done
[0.553s] -- Detecting CXX compiler ABI info
[0.789s] -- Detecting CXX compiler ABI info - done
[0.809s] -- Check for working CXX compiler: /usr/bin/c++ - skipped
[0.810s] -- Detecting CXX compile features
[0.811s] -- Detecting CXX compile features - done
[0.816s] -- Found ament_cmake: 2.5.5 (/opt/ros/jazzy/share/ament_cmake/cmake)
[1.140s] -- Found Python3: /usr/bin/python3 (found version "3.12.3") found components: Interpreter 
[1.365s] -- Found xacro: 2.1.1 (/opt/ros/jazzy/share/xacro/cmake)
[1.366s] -- Found parking_car: 0.0.0 (/home/mohana/Desktop/robot_ws/install/parking_car/share/parking_car/cmake)
[1.597s] -- Configuring done (1.6s)
[1.603s] -- Generating done (0.0s)
[1.607s] -- Build files have been written to: /home/mohana/Desktop/robot_ws/build/parking_world
[1.617s] Invoked command in '/home/mohana/Desktop/robot_ws/build/parking_world' returned '0': AMENT_PREFIX_PATH=/home/mohana/Desktop/robot_ws/install/parking_car:${AMENT_PREFIX_PATH} CMAKE_PREFIX_PATH=/home/mohana/Desktop/robot_ws/install/parking_car:/opt/ros/jazzy/opt/gz_math_vendor:/opt/ros/jazzy/opt/gz_utils_vendor:/opt/ros/jazzy/opt/gz_cmake_vendor:/opt/ros/jazzy DEBUGINFOD_URLS=https://debuginfod.ubuntu.com /usr/bin/cmake /home/mohana/Desktop/robot_ws/src/parking_world -DCMAKE_INSTALL_PREFIX=/home/mohana/Desktop/robot_ws/install/parking_world
[1.620s] Invoking command in '/home/mohana/Desktop/robot_ws/build/parking_world': AMENT_PREFIX_PATH=/home/mohana/Desktop/robot_ws/install/parking_car:${AMENT_PREFIX_PATH} CMAKE_PREFIX_PATH=/home/mohana/Desktop/robot_ws/install/parking_car:/opt/ros/jazzy/opt/gz_math_vendor:/opt/ros/jazzy/opt/gz_utils_vendor:/opt/ros/jazzy/opt/gz_cmake_vendor:/opt/ros/jazzy DEBUGINFOD_URLS=https://debuginfod.ubuntu.com /usr/bin/cmake --build /home/mohana/Desktop/robot_ws/build/parking_world -- -j8 -l8
[1.709s] Invoked command in '/home/mohana/Desktop/robot_ws/build/parking_world' returned '0': AMENT_PREFIX_PATH=/home/mohana/Desktop/robot_ws/install/parking_car:${AMENT_PREFIX_PATH} CMAKE_PREFIX_PATH=/home/mohana/Desktop/robot_ws/install/parking_car:/opt/ros/jazzy/opt/gz_math_vendor:/opt/ros/jazzy/opt/gz_utils_vendor:/opt/ros/jazzy/opt/gz_cmake_vendor:/opt/ros/jazzy DEBUGINFOD_URLS=https://debuginfod.ubuntu.com /usr/bin/cmake --build /home/mohana/Desktop/robot_ws/build/parking_world -- -j8 -l8
[1.711s] Invoking command in '/home/mohana/Desktop/robot_ws/build/parking_world': AMENT_PREFIX_PATH=/home/mohana/Desktop/robot_ws/install/parking_car:${AMENT_PREFIX_PATH} CMAKE_PREFIX_PATH=/home/mohana/Desktop/robot_ws/install/parking_car:/opt/ros/jazzy/opt/gz_math_vendor:/opt/ros/jazzy/opt/gz_utils_vendor:/opt/ros/jazzy/opt/gz_cmake_vendor:/opt/ros/jazzy DEBUGINFOD_URLS=https://debuginfod.ubuntu.com /usr/bin/cmake --install /home/mohana/Desktop/robot_ws/build/parking_world
[1.730s] -- Install configuration: ""
[1.730s] -- Installing: /home/mohana/Desktop/robot_ws/install/parking_world/share/parking_world/configs
[1.731s] -- Installing: /home/mohana/Desktop/robot_ws/install/parking_world/share/parking_world/configs/marble_bridge.yaml
[1.731s] -- Installing: /home/mohana/Desktop/robot_ws/install/parking_world/share/parking_world/configs/car_bridge.yaml
[1.732s] -- Installing: /home/mohana/Desktop/robot_ws/install/parking_world/share/parking_world/configs/tb4_bridge.yaml
[1.732s] -- Installing: /home/mohana/Desktop/robot_ws/install/parking_world/share/parking_world/configs/bridge_config.yaml
[1.732s] -- Installing: /home/mohana/Desktop/robot_ws/install/parking_world/share/parking_world/launch
[1.733s] -- Installing: /home/mohana/Desktop/robot_ws/install/parking_world/share/parking_world/launch/spawn_marble.launch.py
[1.733s] -- Installing: /home/mohana/Desktop/robot_ws/install/parking_world/share/parking_world/launch/simulation.launch.py
[1.734s] -- Installing: /home/mohana/Desktop/robot_ws/install/parking_world/share/parking_world/launch/spawn_tb4.launch.py
[1.734s] -- Installing: /home/mohana/Desktop/robot_ws/install/parking_world/share/parking_world/launch/display.launch.py
[1.734s] -- Installing: /home/mohana/Desktop/robot_ws/install/parking_world/share/parking_world/worlds
[1.735s] -- Installing: /home/mohana/Desktop/robot_ws/install/parking_world/share/parking_world/worlds/track_drive.sdf
[1.735s] -- Installing: /home/mohana/Desktop/robot_ws/install/parking_world/share/parking_world/worlds/depot.sdf
[1.736s] -- Installing: /home/mohana/Desktop/robot_ws/install/parking_world/share/parking_world/worlds/warehouse.sdf
[1.736s] -- Installing: /home/mohana/Desktop/robot_ws/install/parking_world/share/parking_world/worlds/sonoma.sdf
[1.736s] -- Installing: /home/mohana/Desktop/robot_ws/install/parking_world/share/parking_world/worlds/parking_garage
[1.737s] -- Installing: /home/mohana/Desktop/robot_ws/install/parking_world/share/parking_world/worlds/parking_garage/model.config
[1.737s] -- Installing: /home/mohana/Desktop/robot_ws/install/parking_world/share/parking_world/worlds/parking_garage/meshes
[1.737s] -- Installing: /home/mohana/Desktop/robot_ws/install/parking_world/share/parking_world/worlds/parking_garage/meshes/parking_garage.dae
[1.740s] -- Installing: /home/mohana/Desktop/robot_ws/install/parking_world/share/parking_world/worlds/parking_garage/model.sdf
[1.741s] -- Installing: /home/mohana/Desktop/robot_ws/install/parking_world/share/parking_world/worlds/parking_garage/materials
[1.741s] -- Installing: /home/mohana/Desktop/robot_ws/install/parking_world/share/parking_world/worlds/parking_garage/materials/textures
[1.742s] -- Installing: /home/mohana/Desktop/robot_ws/install/parking_world/share/parking_world/worlds/parking_garage/materials/textures/parking_garage_diffuse.jpg
[1.743s] -- Installing: /home/mohana/Desktop/robot_ws/install/parking_world/share/parking_world/worlds/parking_garage/materials/textures/parking_garage_spec.jpg
[1.744s] -- Installing: /home/mohana/Desktop/robot_ws/install/parking_world/share/parking_world/worlds/parking_garage/thumbnails
[1.745s] -- Installing: /home/mohana/Desktop/robot_ws/install/parking_world/share/parking_world/worlds/parking_garage/thumbnails/2.png
[1.746s] -- Installing: /home/mohana/Desktop/robot_ws/install/parking_world/share/parking_world/worlds/parking_garage/thumbnails/1.png
[1.747s] -- Installing: /home/mohana/Desktop/robot_ws/install/parking_world/share/parking_world/worlds/parking_garage/thumbnails/4.png
[1.748s] -- Installing: /home/mohana/Desktop/robot_ws/install/parking_world/share/parking_world/worlds/parking_garage/thumbnails/3.png
[1.749s] -- Installing: /home/mohana/Desktop/robot_ws/install/parking_world/share/parking_world/worlds/parking_garage/thumbnails/5.png
[1.750s] -- Installing: /home/mohana/Desktop/robot_ws/install/parking_world/share/parking_world/worlds/parking_garage/parking_garage_diffuse.jpg
[1.751s] -- Installing: /home/mohana/Desktop/robot_ws/install/parking_world/share/parking_world/worlds/parking_garage/parking_garage_spec.jpg
[1.753s] -- Installing: /home/mohana/Desktop/robot_ws/install/parking_world/share/parking_world/worlds/nav2_warehouse.sdf
[1.753s] -- Installing: /home/mohana/Desktop/robot_ws/install/parking_world/share/parking_world/worlds/all_worlds
[1.754s] -- Installing: /home/mohana/Desktop/robot_ws/install/parking_world/share/parking_world/worlds/all_worlds/velocity_control.sdf
[1.754s] -- Installing: /home/mohana/Desktop/robot_ws/install/parking_world/share/parking_world/worlds/all_worlds/visualize_lidar.sdf
[1.754s] -- Installing: /home/mohana/Desktop/robot_ws/install/parking_world/share/parking_world/worlds/all_worlds/collada_world_exporter.sdf
[1.755s] -- Installing: /home/mohana/Desktop/robot_ws/install/parking_world/share/parking_world/worlds/all_worlds/pose_publisher.sdf
[1.755s] -- Installing: /home/mohana/Desktop/robot_ws/install/parking_world/share/parking_world/worlds/all_worlds/lightmap.sdf
[1.756s] -- Installing: /home/mohana/Desktop/robot_ws/install/parking_world/share/parking_world/worlds/all_worlds/triggered_publisher.sdf
[1.756s] -- Installing: /home/mohana/Desktop/robot_ws/install/parking_world/share/parking_world/worlds/all_worlds/follow_actor.sdf
[1.756s] -- Installing: /home/mohana/Desktop/robot_ws/install/parking_world/share/parking_world/worlds/all_worlds/mimic_fast_slow_pendulums_world.sdf
[1.757s] -- Installing: /home/mohana/Desktop/robot_ws/install/parking_world/share/parking_world/worlds/all_worlds/global_illumination.sdf
[1.757s] -- Installing: /home/mohana/Desktop/robot_ws/install/parking_world/share/parking_world/worlds/all_worlds/empty.sdf
[1.758s] -- Installing: /home/mohana/Desktop/robot_ws/install/parking_world/share/parking_world/worlds/all_worlds/environmental_sensor.sdf
[1.758s] -- Installing: /home/mohana/Desktop/robot_ws/install/parking_world/share/parking_world/worlds/all_worlds/nested_model_joint_positions.sdf
[1.758s] -- Installing: /home/mohana/Desktop/robot_ws/install/parking_world/share/parking_world/worlds/all_worlds/log_record_resources.sdf
[1.759s] -- Installing: /home/mohana/Desktop/robot_ws/install/parking_world/share/parking_world/worlds/all_worlds/track_drive.sdf
[1.759s] -- Installing: /home/mohana/Desktop/robot_ws/install/parking_world/share/parking_world/worlds/all_worlds/segmentation_camera.sdf
[1.760s] -- Installing: /home/mohana/Desktop/robot_ws/install/parking_world/share/parking_world/worlds/all_worlds/detachable_joint.sdf
[1.760s] -- Installing: /home/mohana/Desktop/robot_ws/install/parking_world/share/parking_world/worlds/all_worlds/wide_angle_camera.sdf
[1.761s] -- Installing: /home/mohana/Desktop/robot_ws/install/parking_world/share/parking_world/worlds/all_worlds/model_photo_shoot.sdf
[1.761s] -- Installing: /home/mohana/Desktop/robot_ws/install/parking_world/share/parking_world/worlds/all_worlds/camera_video_record_dbl_pendulum.sdf
[1.762s] -- Installing: /home/mohana/Desktop/robot_ws/install/parking_world/share/parking_world/worlds/all_worlds/dem_volcano.sdf
[1.762s] -- Installing: /home/mohana/Desktop/robot_ws/install/parking_world/share/parking_world/worlds/all_worlds/joint_trajectory_controller.sdf
[1.763s] -- Installing: /home/mohana/Desktop/robot_ws/install/parking_world/share/parking_world/worlds/all_worlds/acoustic_comms_propagation.sdf
[1.763s] -- Installing: /home/mohana/Desktop/robot_ws/install/parking_world/share/parking_world/worlds/all_worlds/shapes_bitmask.sdf
[1.764s] -- Installing: /home/mohana/Desktop/robot_ws/install/parking_world/share/parking_world/worlds/all_worlds/lift_drag.sdf
[1.764s] -- Installing: /home/mohana/Desktop/robot_ws/install/parking_world/share/parking_world/worlds/all_worlds/dvl_world.sdf
[1.765s] -- Installing: /home/mohana/Desktop/robot_ws/install/parking_world/share/parking_world/worlds/all_worlds/trajectory_follower.sdf
[1.765s] -- Installing: /home/mohana/Desktop/robot_ws/install/parking_world/share/parking_world/worlds/all_worlds/diff_drive_skid.sdf
[1.766s] -- Installing: /home/mohana/Desktop/robot_ws/install/parking_world/share/parking_world/worlds/all_worlds/sensors_demo.sdf
[1.766s] -- Installing: /home/mohana/Desktop/robot_ws/install/parking_world/share/parking_world/worlds/all_worlds/optical_tactile_sensor_plugin.sdf
[1.767s] -- Installing: /home/mohana/Desktop/robot_ws/install/parking_world/share/parking_world/worlds/all_worlds/gpu_lidar_sensor.sdf
[1.767s] -- Installing: /home/mohana/Desktop/robot_ws/install/parking_world/share/parking_world/worlds/all_worlds/acoustic_comms.sdf
[1.768s] -- Installing: /home/mohana/Desktop/robot_ws/install/parking_world/share/parking_world/worlds/all_worlds/levels_no_performers.sdf
[1.768s] -- Installing: /home/mohana/Desktop/robot_ws/install/parking_world/share/parking_world/worlds/all_worlds/spacecraft.sdf
[1.769s] -- Installing: /home/mohana/Desktop/robot_ws/install/parking_world/share/parking_world/worlds/all_worlds/python_system_loader.sdf
[1.769s] -- Installing: /home/mohana/Desktop/robot_ws/install/parking_world/share/parking_world/worlds/all_worlds/lift_drag_nested.sdf
[1.770s] -- Installing: /home/mohana/Desktop/robot_ws/install/parking_world/share/parking_world/worlds/all_worlds/actors_population.sdf
[1.770s] -- Installing: /home/mohana/Desktop/robot_ws/install/parking_world/share/parking_world/worlds/all_worlds/skid_steer_mecanum.sdf
[1.771s] -- Installing: /home/mohana/Desktop/robot_ws/install/parking_world/share/parking_world/worlds/all_worlds/diff_drive.sdf
[1.771s] -- Installing: /home/mohana/Desktop/robot_ws/install/parking_world/share/parking_world/worlds/all_worlds/linear_battery_demo.sdf
[1.772s] -- Installing: /home/mohana/Desktop/robot_ws/install/parking_world/share/parking_world/worlds/all_worlds/dem_moon.sdf
[1.772s] -- Installing: /home/mohana/Desktop/robot_ws/install/parking_world/share/parking_world/worlds/all_worlds/auv_controls.sdf
[1.773s] -- Installing: /home/mohana/Desktop/robot_ws/install/parking_world/share/parking_world/worlds/all_worlds/multicopter_velocity_control.sdf
[1.773s] -- Installing: /home/mohana/Desktop/robot_ws/install/parking_world/share/parking_world/worlds/all_worlds/acoustic_comms_moving_targets.sdf
[1.774s] -- Installing: /home/mohana/Desktop/robot_ws/install/parking_world/share/parking_world/worlds/all_worlds/joint_position_controller.sdf
[1.774s] -- Installing: /home/mohana/Desktop/robot_ws/install/parking_world/share/parking_world/worlds/all_worlds/video_record_dbl_pendulum.sdf
[1.775s] -- Installing: /home/mohana/Desktop/robot_ws/install/parking_world/share/parking_world/worlds/all_worlds/fluid_added_mass.sdf
[1.775s] -- Installing: /home/mohana/Desktop/robot_ws/install/parking_world/share/parking_world/worlds/all_worlds/tracked_vehicle_simple.sdf
[1.776s] -- Installing: /home/mohana/Desktop/robot_ws/install/parking_world/share/parking_world/worlds/all_worlds/empty_gui.sdf
[1.776s] -- Installing: /home/mohana/Desktop/robot_ws/install/parking_world/share/parking_world/worlds/all_worlds/fuel.sdf
[1.777s] -- Installing: /home/mohana/Desktop/robot_ws/install/parking_world/share/parking_world/worlds/all_worlds/touch_plugin.sdf
[1.777s] -- Installing: /home/mohana/Desktop/robot_ws/install/parking_world/share/parking_world/worlds/all_worlds/logical_camera_sensor.sdf
[1.778s] -- Installing: /home/mohana/Desktop/robot_ws/install/parking_world/share/parking_world/worlds/all_worlds/joint_controller.sdf
[1.778s] -- Installing: /home/mohana/Desktop/robot_ws/install/parking_world/share/parking_world/worlds/all_worlds/log_record_dbl_pendulum.sdf
[1.779s] -- Installing: /home/mohana/Desktop/robot_ws/install/parking_world/share/parking_world/worlds/all_worlds/projector.sdf
[1.779s] -- Installing: /home/mohana/Desktop/robot_ws/install/parking_world/share/parking_world/worlds/all_worlds/shader_param.sdf
[1.780s] -- Installing: /home/mohana/Desktop/robot_ws/install/parking_world/share/parking_world/worlds/all_worlds/import_mesh.sdf
[1.780s] -- Installing: /home/mohana/Desktop/robot_ws/install/parking_world/share/parking_world/worlds/all_worlds/acoustic_comms_packet_collision.sdf
[1.781s] -- Installing: /home/mohana/Desktop/robot_ws/install/parking_world/share/parking_world/worlds/all_worlds/apply_link_wrench.sdf
[1.781s] -- Installing: /home/mohana/Desktop/robot_ws/install/parking_world/share/parking_world/worlds/all_worlds/levels.sdf
[1.782s] -- Installing: /home/mohana/Desktop/robot_ws/install/parking_world/share/parking_world/worlds/all_worlds/sensors.sdf
[1.782s] -- Installing: /home/mohana/Desktop/robot_ws/install/parking_world/share/parking_world/worlds/all_worlds/actor.sdf
[1.783s] -- Installing: /home/mohana/Desktop/robot_ws/install/parking_world/share/parking_world/worlds/all_worlds/plane_propeller_demo.sdf
[1.783s] -- Installing: /home/mohana/Desktop/robot_ws/install/parking_world/share/parking_world/worlds/all_worlds/quadcopter.sdf
[1.784s] -- Installing: /home/mohana/Desktop/robot_ws/install/parking_world/share/parking_world/worlds/all_worlds/polylines.sdf
[1.784s] -- Installing: /home/mohana/Desktop/robot_ws/install/parking_world/share/parking_world/worlds/all_worlds/resource_spawner.sdf
[1.784s] -- Installing: /home/mohana/Desktop/robot_ws/install/parking_world/share/parking_world/worlds/all_worlds/buoyancy_engine.sdf
[1.785s] -- Installing: /home/mohana/Desktop/robot_ws/install/parking_world/share/parking_world/worlds/all_worlds/logical_audio_sensor_plugin.sdf
[1.787s] -- Installing: /home/mohana/Desktop/robot_ws/install/parking_world/share/parking_world/worlds/all_worlds/multi_lrauv_race.sdf
[1.787s] -- Installing: /home/mohana/Desktop/robot_ws/install/parking_world/share/parking_world/worlds/all_worlds/thermal_camera.sdf
[1.787s] -- Installing: /home/mohana/Desktop/robot_ws/install/parking_world/share/parking_world/worlds/all_worlds/lrauv_control_demo.sdf
[1.788s] -- Installing: /home/mohana/Desktop/robot_ws/install/parking_world/share/parking_world/worlds/all_worlds/3k_shapes.sdf
[1.797s] -- Installing: /home/mohana/Desktop/robot_ws/install/parking_world/share/parking_world/worlds/all_worlds/triggered_camera_sensor.sdf
[1.797s] -- Installing: /home/mohana/Desktop/robot_ws/install/parking_world/share/parking_world/worlds/all_worlds/debug_shapes.sdf
[1.798s] -- Installing: /home/mohana/Desktop/robot_ws/install/parking_world/share/parking_world/worlds/all_worlds/gpu_lidar_retro_values_sensor.sdf
[1.798s] -- Installing: /home/mohana/Desktop/robot_ws/install/parking_world/share/parking_world/worlds/all_worlds/log_record_keyboard.sdf
[1.798s] -- Installing: /home/mohana/Desktop/robot_ws/install/parking_world/share/parking_world/worlds/all_worlds/visualize_contacts.sdf
[1.799s] -- Installing: /home/mohana/Desktop/robot_ws/install/parking_world/share/parking_world/worlds/all_worlds/fuel_textured_mesh.sdf
[1.799s] -- Installing: /home/mohana/Desktop/robot_ws/install/parking_world/share/parking_world/worlds/all_worlds/performer_detector.sdf
[1.800s] -- Installing: /home/mohana/Desktop/robot_ws/install/parking_world/share/parking_world/worlds/all_worlds/dem_monterey_bay.sdf
[1.800s] -- Installing: /home/mohana/Desktop/robot_ws/install/parking_world/share/parking_world/worlds/all_worlds/pendulum_links.sdf
[1.800s] -- Installing: /home/mohana/Desktop/robot_ws/install/parking_world/share/parking_world/worlds/all_worlds/spaces.sdf
[1.801s] -- Installing: /home/mohana/Desktop/robot_ws/install/parking_world/share/parking_world/worlds/all_worlds/perfect_comms.sdf
[1.801s] -- Installing: /home/mohana/Desktop/robot_ws/install/parking_world/share/parking_world/worlds/all_worlds/thumbnails
[1.802s] -- Installing: /home/mohana/Desktop/robot_ws/install/parking_world/share/parking_world/worlds/all_worlds/thumbnails/OpenRobotics.Tugbot in Warehouse.png
[1.806s] -- Installing: /home/mohana/Desktop/robot_ws/install/parking_world/share/parking_world/worlds/all_worlds/thumbnails/OpenRobotics.Prius on Sonoma Raceway.png
[1.808s] -- Installing: /home/mohana/Desktop/robot_ws/install/parking_world/share/parking_world/worlds/all_worlds/thumbnails/openrobotics.empty.png
[1.809s] -- Installing: /home/mohana/Desktop/robot_ws/install/parking_world/share/parking_world/worlds/all_worlds/thumbnails/OpenRobotics.Panda joint control world.png
[1.810s] -- Installing: /home/mohana/Desktop/robot_ws/install/parking_world/share/parking_world/worlds/all_worlds/thumbnails/OpenRobotics.NAO joint control.png
[1.811s] -- Installing: /home/mohana/Desktop/robot_ws/install/parking_world/share/parking_world/worlds/all_worlds/thumbnails/OpenRobotics.Quadcopter teleop.png
[1.812s] -- Installing: /home/mohana/Desktop/robot_ws/install/parking_world/share/parking_world/worlds/all_worlds/actor_crowd.sdf
[1.813s] -- Installing: /home/mohana/Desktop/robot_ws/install/parking_world/share/parking_world/worlds/all_worlds/tunnel.sdf
[1.814s] -- Installing: /home/mohana/Desktop/robot_ws/install/parking_world/share/parking_world/worlds/all_worlds/minimal_scene.sdf
[1.814s] -- Installing: /home/mohana/Desktop/robot_ws/install/parking_world/share/parking_world/worlds/all_worlds/plot_3d.sdf
[1.814s] -- Installing: /home/mohana/Desktop/robot_ws/install/parking_world/share/parking_world/worlds/all_worlds/lighter_than_air_blimp.sdf
[1.815s] -- Installing: /home/mohana/Desktop/robot_ws/install/parking_world/share/parking_world/worlds/all_worlds/conveyor.sdf
[1.815s] -- Installing: /home/mohana/Desktop/robot_ws/install/parking_world/share/parking_world/worlds/all_worlds/buoyancy.sdf
[1.816s] -- Installing: /home/mohana/Desktop/robot_ws/install/parking_world/share/parking_world/worlds/all_worlds/environmental_data.csv
[1.816s] -- Installing: /home/mohana/Desktop/robot_ws/install/parking_world/share/parking_world/worlds/all_worlds/apply_joint_force.sdf
[1.817s] -- Installing: /home/mohana/Desktop/robot_ws/install/parking_world/share/parking_world/worlds/all_worlds/lift_drag_battery.sdf
[1.817s] -- Installing: /home/mohana/Desktop/robot_ws/install/parking_world/share/parking_world/worlds/all_worlds/kinetic_energy_monitor.sdf
[1.817s] -- Installing: /home/mohana/Desktop/robot_ws/install/parking_world/share/parking_world/worlds/all_worlds/auto_inertia_rolling_shapes.sdf
[1.818s] -- Installing: /home/mohana/Desktop/robot_ws/install/parking_world/share/parking_world/worlds/all_worlds/breadcrumbs.sdf
[1.818s] -- Installing: /home/mohana/Desktop/robot_ws/install/parking_world/share/parking_world/worlds/all_worlds/elevator.sdf
[1.819s] -- Installing: /home/mohana/Desktop/robot_ws/install/parking_world/share/parking_world/worlds/all_worlds/wind.sdf
[1.819s] -- Installing: /home/mohana/Desktop/robot_ws/install/parking_world/share/parking_world/worlds/all_worlds/default.sdf
[1.819s] -- Installing: /home/mohana/Desktop/robot_ws/install/parking_world/share/parking_world/worlds/all_worlds/spherical_coordinates.sdf
[1.820s] -- Installing: /home/mohana/Desktop/robot_ws/install/parking_world/share/parking_world/worlds/all_worlds/depth_camera_sensor.sdf
[1.820s] -- Installing: /home/mohana/Desktop/robot_ws/install/parking_world/share/parking_world/worlds/all_worlds/ackermann_steering.sdf
[1.821s] -- Installing: /home/mohana/Desktop/robot_ws/install/parking_world/share/parking_world/worlds/all_worlds/contact_sensor.sdf
[1.821s] -- Installing: /home/mohana/Desktop/robot_ws/install/parking_world/share/parking_world/worlds/all_worlds/rolling_shapes.sdf
[1.821s] -- Installing: /home/mohana/Desktop/robot_ws/install/parking_world/share/parking_world/worlds/all_worlds/acoustic_comms_demo.sdf
[1.822s] -- Installing: /home/mohana/Desktop/robot_ws/install/parking_world/share/parking_world/worlds/all_worlds/visibility.sdf
[1.822s] -- Installing: /home/mohana/Desktop/robot_ws/install/parking_world/share/parking_world/worlds/all_worlds/particle_emitter.sdf
[1.823s] -- Installing: /home/mohana/Desktop/robot_ws/install/parking_world/share/parking_world/worlds/all_worlds/graded_buoyancy.sdf
[1.823s] -- Installing: /home/mohana/Desktop/robot_ws/install/parking_world/share/parking_world/worlds/all_worlds/grid.sdf
[1.823s] -- Installing: /home/mohana/Desktop/robot_ws/install/parking_world/share/parking_world/worlds/all_worlds/shapes.sdf
[1.824s] -- Installing: /home/mohana/Desktop/robot_ws/install/parking_world/share/parking_world/worlds/all_worlds/boundingbox_camera.sdf
[1.824s] -- Installing: /home/mohana/Desktop/robot_ws/install/parking_world/share/parking_world/worlds/all_worlds/rf_comms.sdf
[1.825s] -- Installing: /home/mohana/Desktop/robot_ws/install/parking_world/share/parking_world/worlds/all_worlds/nested_model.sdf
[1.825s] -- Installing: /home/mohana/Desktop/robot_ws/install/parking_world/share/parking_world/worlds/all_worlds/sky.sdf
[1.826s] -- Installing: /home/mohana/Desktop/robot_ws/install/parking_world/share/parking_world/worlds/all_worlds/camera_sensor.sdf
[1.826s] -- Installing: /home/mohana/Desktop/robot_ws/install/parking_world/share/parking_world/worlds/all_worlds/world_joint.sdf
[1.826s] -- Installing: /home/mohana/Desktop/robot_ws/install/parking_world/share/parking_world/worlds/all_worlds/camera_lens_flare.sdf
[1.827s] -- Installing: /home/mohana/Desktop/robot_ws/install/parking_world/share/parking_world/worlds/all_worlds/mecanum_drive.sdf
[1.827s] -- Installing: /home/mohana/Desktop/robot_ws/install/parking_world/share/parking_world/worlds/all_worlds/auto_inertia_pendulum.sdf
[1.828s] -- Installing: /home/mohana/Desktop/robot_ws/install/parking_world/share/parking_world/worlds/all_worlds/lights.sdf
[1.828s] -- Installing: /home/mohana/Desktop/robot_ws/install/parking_world/share/parking_world/worlds/all_worlds/advanced_lift_drag_system.sdf
[1.829s] -- Installing: /home/mohana/Desktop/robot_ws/install/parking_world/share/parking_world/worlds/all_worlds/heightmap.sdf
[1.829s] -- Installing: /home/mohana/Desktop/robot_ws/install/parking_world/share/parking_world/worlds/all_worlds/log_record_shapes.sdf
[1.829s] -- Installing: /home/mohana/Desktop/robot_ws/install/parking_world/share/parking_world/worlds/all_worlds/physics_options.sdf
[1.830s] -- Installing: /home/mohana/Desktop/robot_ws/install/parking_world/share/parking_world/worlds/all_worlds/ground_spacecraft_testbed.sdf
[1.830s] -- Installing: /home/mohana/Desktop/robot_ws/install/parking_world/share/parking_world/worlds/all_worlds/trisphere_cycle_wheel_slip.sdf
[1.831s] -- Installing: /home/mohana/Desktop/robot_ws/install/parking_world/share/parking_world/worlds/my_world.sdf
[1.832s] -- Installing: /home/mohana/Desktop/robot_ws/install/parking_world/share/ament_index/resource_index/package_run_dependencies/parking_world
[1.832s] -- Installing: /home/mohana/Desktop/robot_ws/install/parking_world/share/ament_index/resource_index/parent_prefix_path/parking_world
[1.832s] -- Installing: /home/mohana/Desktop/robot_ws/install/parking_world/share/parking_world/environment/ament_prefix_path.sh
[1.833s] -- Installing: /home/mohana/Desktop/robot_ws/install/parking_world/share/parking_world/environment/ament_prefix_path.dsv
[1.833s] -- Installing: /home/mohana/Desktop/robot_ws/install/parking_world/share/parking_world/environment/path.sh
[1.833s] -- Installing: /home/mohana/Desktop/robot_ws/install/parking_world/share/parking_world/environment/path.dsv
[1.834s] -- Installing: /home/mohana/Desktop/robot_ws/install/parking_world/share/parking_world/local_setup.bash
[1.834s] -- Installing: /home/mohana/Desktop/robot_ws/install/parking_world/share/parking_world/local_setup.sh
[1.834s] -- Installing: /home/mohana/Desktop/robot_ws/install/parking_world/share/parking_world/local_setup.zsh
[1.834s] -- Installing: /home/mohana/Desktop/robot_ws/install/parking_world/share/parking_world/local_setup.dsv
[1.835s] -- Installing: /home/mohana/Desktop/robot_ws/install/parking_world/share/parking_world/package.dsv
[1.835s] -- Installing: /home/mohana/Desktop/robot_ws/install/parking_world/share/ament_index/resource_index/packages/parking_world
[1.835s] -- Installing: /home/mohana/Desktop/robot_ws/install/parking_world/share/parking_world/cmake/parking_worldConfig.cmake
[1.836s] -- Installing: /home/mohana/Desktop/robot_ws/install/parking_world/share/parking_world/cmake/parking_worldConfig-version.cmake
[1.836s] -- Installing: /home/mohana/Desktop/robot_ws/install/parking_world/share/parking_world/package.xml
[1.841s] Invoked command in '/home/mohana/Desktop/robot_ws/build/parking_world' returned '0': AMENT_PREFIX_PATH=/home/mohana/Desktop/robot_ws/install/parking_car:${AMENT_PREFIX_PATH} CMAKE_PREFIX_PATH=/home/mohana/Desktop/robot_ws/install/parking_car:/opt/ros/jazzy/opt/gz_math_vendor:/opt/ros/jazzy/opt/gz_utils_vendor:/opt/ros/jazzy/opt/gz_cmake_vendor:/opt/ros/jazzy DEBUGINFOD_URLS=https://debuginfod.ubuntu.com /usr/bin/cmake --install /home/mohana/Desktop/robot_ws/build/parking_world
