[0.044s] Invoking command in '/home/mohana/Desktop/robot_ws/build/sam_bringup': CMAKE_PREFIX_PATH=${CMAKE_PREFIX_PATH}:/opt/ros/jazzy DEBUGINFOD_URLS=https://debuginfod.ubuntu.com /usr/bin/cmake /home/mohana/Desktop/robot_ws/src/sam_bringup -DCMAKE_INSTALL_PREFIX=/home/mohana/Desktop/robot_ws/install/sam_bringup
[0.075s] -- Found ament_cmake: 2.5.5 (/opt/ros/jazzy/share/ament_cmake/cmake)
[0.659s] -- Found xacro: 2.1.1 (/opt/ros/jazzy/share/xacro/cmake)
[0.665s] -- Found ament_lint_auto: 0.17.4 (/opt/ros/jazzy/share/ament_lint_auto/cmake)
[0.942s] -- Added test 'copyright' to check source files copyright and LICENSE
[0.950s] -- Added test 'flake8' to check Python code syntax and style conventions
[0.950s] -- Configured 'flake8' exclude dirs and/or files: 
[0.952s] -- Added test 'lint_cmake' to check CMake code style
[0.953s] -- Added test 'pep257' to check Python code against some of the docstring style conventions in PEP 257
[0.957s] -- Added test 'xmllint' to check XML markup files
[0.960s] -- Configuring done (0.9s)
[0.968s] -- Generating done (0.0s)
[0.973s] -- Build files have been written to: /home/mohana/Desktop/robot_ws/build/sam_bringup
[0.982s] Invoked command in '/home/mohana/Desktop/robot_ws/build/sam_bringup' returned '0': CMAKE_PREFIX_PATH=${CMAKE_PREFIX_PATH}:/opt/ros/jazzy DEBUGINFOD_URLS=https://debuginfod.ubuntu.com /usr/bin/cmake /home/mohana/Desktop/robot_ws/src/sam_bringup -DCMAKE_INSTALL_PREFIX=/home/mohana/Desktop/robot_ws/install/sam_bringup
[0.985s] Invoking command in '/home/mohana/Desktop/robot_ws/build/sam_bringup': CMAKE_PREFIX_PATH=${CMAKE_PREFIX_PATH}:/opt/ros/jazzy DEBUGINFOD_URLS=https://debuginfod.ubuntu.com /usr/bin/cmake --build /home/mohana/Desktop/robot_ws/build/sam_bringup -- -j8 -l8
[1.081s] Invoked command in '/home/mohana/Desktop/robot_ws/build/sam_bringup' returned '0': CMAKE_PREFIX_PATH=${CMAKE_PREFIX_PATH}:/opt/ros/jazzy DEBUGINFOD_URLS=https://debuginfod.ubuntu.com /usr/bin/cmake --build /home/mohana/Desktop/robot_ws/build/sam_bringup -- -j8 -l8
[1.084s] Invoking command in '/home/mohana/Desktop/robot_ws/build/sam_bringup': CMAKE_PREFIX_PATH=${CMAKE_PREFIX_PATH}:/opt/ros/jazzy DEBUGINFOD_URLS=https://debuginfod.ubuntu.com /usr/bin/cmake --install /home/mohana/Desktop/robot_ws/build/sam_bringup
[1.104s] -- Install configuration: ""
[1.105s] -- Installing: /home/mohana/Desktop/robot_ws/install/sam_bringup/share/sam_bringup/src
[1.105s] -- Installing: /home/mohana/Desktop/robot_ws/install/sam_bringup/share/sam_bringup/src/description
[1.105s] -- Installing: /home/mohana/Desktop/robot_ws/install/sam_bringup/share/sam_bringup/src/description/model.config
[1.105s] -- Installing: /home/mohana/Desktop/robot_ws/install/sam_bringup/share/sam_bringup/src/description/sam_bot_description.sdf
[1.106s] -- Installing: /home/mohana/Desktop/robot_ws/install/sam_bringup/share/sam_bringup/src/description/model.sdf
[1.106s] -- Installing: /home/mohana/Desktop/robot_ws/install/sam_bringup/share/sam_bringup/src/description/sam_bot_description.urdf
[1.107s] -- Installing: /home/mohana/Desktop/robot_ws/install/sam_bringup/share/sam_bringup/launch
[1.107s] -- Installing: /home/mohana/Desktop/robot_ws/install/sam_bringup/share/sam_bringup/launch/display.launch.py
[1.107s] -- Installing: /home/mohana/Desktop/robot_ws/install/sam_bringup/share/sam_bringup/world
[1.108s] -- Installing: /home/mohana/Desktop/robot_ws/install/sam_bringup/share/sam_bringup/world/track_drive.sdf
[1.108s] -- Installing: /home/mohana/Desktop/robot_ws/install/sam_bringup/share/sam_bringup/world/sonoma.sdf
[1.109s] -- Installing: /home/mohana/Desktop/robot_ws/install/sam_bringup/share/sam_bringup/world/my_world.sdf
[1.109s] -- Installing: /home/mohana/Desktop/robot_ws/install/sam_bringup/share/sam_bringup/config
[1.109s] -- Installing: /home/mohana/Desktop/robot_ws/install/sam_bringup/share/sam_bringup/config/bridge_config.yaml
[1.110s] -- Installing: /home/mohana/Desktop/robot_ws/install/sam_bringup/share/sam_bringup/rviz
[1.110s] -- Installing: /home/mohana/Desktop/robot_ws/install/sam_bringup/share/sam_bringup/rviz/config_old.rviz
[1.110s] -- Installing: /home/mohana/Desktop/robot_ws/install/sam_bringup/share/ament_index/resource_index/package_run_dependencies/sam_bringup
[1.111s] -- Installing: /home/mohana/Desktop/robot_ws/install/sam_bringup/share/ament_index/resource_index/parent_prefix_path/sam_bringup
[1.111s] -- Installing: /home/mohana/Desktop/robot_ws/install/sam_bringup/share/sam_bringup/environment/ament_prefix_path.sh
[1.112s] -- Installing: /home/mohana/Desktop/robot_ws/install/sam_bringup/share/sam_bringup/environment/ament_prefix_path.dsv
[1.112s] -- Installing: /home/mohana/Desktop/robot_ws/install/sam_bringup/share/sam_bringup/environment/path.sh
[1.112s] -- Installing: /home/mohana/Desktop/robot_ws/install/sam_bringup/share/sam_bringup/environment/path.dsv
[1.113s] -- Installing: /home/mohana/Desktop/robot_ws/install/sam_bringup/share/sam_bringup/local_setup.bash
[1.113s] -- Installing: /home/mohana/Desktop/robot_ws/install/sam_bringup/share/sam_bringup/local_setup.sh
[1.113s] -- Installing: /home/mohana/Desktop/robot_ws/install/sam_bringup/share/sam_bringup/local_setup.zsh
[1.114s] -- Installing: /home/mohana/Desktop/robot_ws/install/sam_bringup/share/sam_bringup/local_setup.dsv
[1.114s] -- Installing: /home/mohana/Desktop/robot_ws/install/sam_bringup/share/sam_bringup/package.dsv
[1.114s] -- Installing: /home/mohana/Desktop/robot_ws/install/sam_bringup/share/ament_index/resource_index/packages/sam_bringup
[1.115s] -- Installing: /home/mohana/Desktop/robot_ws/install/sam_bringup/share/sam_bringup/cmake/sam_bringupConfig.cmake
[1.115s] -- Installing: /home/mohana/Desktop/robot_ws/install/sam_bringup/share/sam_bringup/cmake/sam_bringupConfig-version.cmake
[1.115s] -- Installing: /home/mohana/Desktop/robot_ws/install/sam_bringup/share/sam_bringup/package.xml
[1.120s] Invoked command in '/home/mohana/Desktop/robot_ws/build/sam_bringup' returned '0': CMAKE_PREFIX_PATH=${CMAKE_PREFIX_PATH}:/opt/ros/jazzy DEBUGINFOD_URLS=https://debuginfod.ubuntu.com /usr/bin/cmake --install /home/mohana/Desktop/robot_ws/build/sam_bringup
