[0.038s] Invoking command in '/home/mohana/Desktop/robot_ws/build/sam_bringup': CMAKE_PREFIX_PATH=${CMAKE_PREFIX_PATH}:/opt/ros/jazzy DEBUGINFOD_URLS=https://debuginfod.ubuntu.com /usr/bin/cmake /home/mohana/Desktop/robot_ws/src/sam_bringup -DCMAKE_INSTALL_PREFIX=/home/mohana/Desktop/robot_ws/install/sam_bringup
[0.256s] -- The C compiler identification is GNU 13.3.0
[0.548s] -- The CXX compiler identification is GNU 13.3.0
[0.607s] -- Detecting C compiler ABI info
[0.930s] -- Detecting C compiler ABI info - done
[0.962s] -- Check for working C compiler: /usr/bin/cc - skipped
[0.963s] -- Detecting C compile features
[0.964s] -- Detecting C compile features - done
[1.003s] -- Detecting CXX compiler ABI info
[1.367s] -- Detecting CXX compiler ABI info - done
[1.405s] -- Check for working CXX compiler: /usr/bin/c++ - skipped
[1.405s] -- Detecting CXX compile features
[1.405s] -- Detecting CXX compile features - done
[1.411s] -- Found ament_cmake: 2.5.5 (/opt/ros/jazzy/share/ament_cmake/cmake)
[1.960s] -- Found Python3: /usr/bin/python3 (found version "3.12.3") found components: Interpreter 
[2.371s] -- Found xacro: 2.1.1 (/opt/ros/jazzy/share/xacro/cmake)
[2.376s] -- Found ament_lint_auto: 0.17.4 (/opt/ros/jazzy/share/ament_lint_auto/cmake)
[2.815s] -- Added test 'copyright' to check source files copyright and LICENSE
[2.825s] -- Added test 'flake8' to check Python code syntax and style conventions
[2.825s] -- Configured 'flake8' exclude dirs and/or files: 
[2.833s] -- Added test 'lint_cmake' to check CMake code style
[2.836s] -- Added test 'pep257' to check Python code against some of the docstring style conventions in PEP 257
[2.844s] -- Added test 'xmllint' to check XML markup files
[2.853s] -- Configuring done (2.8s)
[2.866s] -- Generating done (0.0s)
[2.872s] -- Build files have been written to: /home/mohana/Desktop/robot_ws/build/sam_bringup
[2.890s] Invoked command in '/home/mohana/Desktop/robot_ws/build/sam_bringup' returned '0': CMAKE_PREFIX_PATH=${CMAKE_PREFIX_PATH}:/opt/ros/jazzy DEBUGINFOD_URLS=https://debuginfod.ubuntu.com /usr/bin/cmake /home/mohana/Desktop/robot_ws/src/sam_bringup -DCMAKE_INSTALL_PREFIX=/home/mohana/Desktop/robot_ws/install/sam_bringup
[2.891s] Invoking command in '/home/mohana/Desktop/robot_ws/build/sam_bringup': CMAKE_PREFIX_PATH=${CMAKE_PREFIX_PATH}:/opt/ros/jazzy DEBUGINFOD_URLS=https://debuginfod.ubuntu.com /usr/bin/cmake --build /home/mohana/Desktop/robot_ws/build/sam_bringup -- -j8 -l8
[3.016s] Invoked command in '/home/mohana/Desktop/robot_ws/build/sam_bringup' returned '0': CMAKE_PREFIX_PATH=${CMAKE_PREFIX_PATH}:/opt/ros/jazzy DEBUGINFOD_URLS=https://debuginfod.ubuntu.com /usr/bin/cmake --build /home/mohana/Desktop/robot_ws/build/sam_bringup -- -j8 -l8
[3.048s] Invoking command in '/home/mohana/Desktop/robot_ws/build/sam_bringup': CMAKE_PREFIX_PATH=${CMAKE_PREFIX_PATH}:/opt/ros/jazzy DEBUGINFOD_URLS=https://debuginfod.ubuntu.com /usr/bin/cmake --install /home/mohana/Desktop/robot_ws/build/sam_bringup
[3.074s] -- Install configuration: ""
[3.076s] -- Installing: /home/mohana/Desktop/robot_ws/install/sam_bringup/share/sam_bringup/src
[3.078s] -- Installing: /home/mohana/Desktop/robot_ws/install/sam_bringup/share/sam_bringup/src/description
[3.082s] -- Installing: /home/mohana/Desktop/robot_ws/install/sam_bringup/share/sam_bringup/src/description/model.config
[3.083s] -- Installing: /home/mohana/Desktop/robot_ws/install/sam_bringup/share/sam_bringup/src/description/sam_bot_description.sdf
[3.084s] -- Installing: /home/mohana/Desktop/robot_ws/install/sam_bringup/share/sam_bringup/src/description/model.sdf
[3.084s] -- Installing: /home/mohana/Desktop/robot_ws/install/sam_bringup/share/sam_bringup/src/description/sam_bot_description.urdf
[3.085s] -- Installing: /home/mohana/Desktop/robot_ws/install/sam_bringup/share/sam_bringup/launch
[3.085s] -- Installing: /home/mohana/Desktop/robot_ws/install/sam_bringup/share/sam_bringup/launch/display.launch.py
[3.086s] -- Installing: /home/mohana/Desktop/robot_ws/install/sam_bringup/share/sam_bringup/world
[3.086s] -- Installing: /home/mohana/Desktop/robot_ws/install/sam_bringup/share/sam_bringup/world/track_drive.sdf
[3.086s] -- Installing: /home/mohana/Desktop/robot_ws/install/sam_bringup/share/sam_bringup/world/sonoma.sdf
[3.087s] -- Installing: /home/mohana/Desktop/robot_ws/install/sam_bringup/share/sam_bringup/world/my_world.sdf
[3.087s] -- Installing: /home/mohana/Desktop/robot_ws/install/sam_bringup/share/sam_bringup/config
[3.087s] -- Installing: /home/mohana/Desktop/robot_ws/install/sam_bringup/share/sam_bringup/config/bridge_config.yaml
[3.087s] -- Installing: /home/mohana/Desktop/robot_ws/install/sam_bringup/share/sam_bringup/rviz
[3.088s] -- Installing: /home/mohana/Desktop/robot_ws/install/sam_bringup/share/sam_bringup/rviz/config_old.rviz
[3.088s] -- Installing: /home/mohana/Desktop/robot_ws/install/sam_bringup/share/ament_index/resource_index/package_run_dependencies/sam_bringup
[3.088s] -- Installing: /home/mohana/Desktop/robot_ws/install/sam_bringup/share/ament_index/resource_index/parent_prefix_path/sam_bringup
[3.088s] -- Installing: /home/mohana/Desktop/robot_ws/install/sam_bringup/share/sam_bringup/environment/ament_prefix_path.sh
[3.090s] -- Installing: /home/mohana/Desktop/robot_ws/install/sam_bringup/share/sam_bringup/environment/ament_prefix_path.dsv
[3.096s] -- Installing: /home/mohana/Desktop/robot_ws/install/sam_bringup/share/sam_bringup/environment/path.sh
[3.097s] -- Installing: /home/mohana/Desktop/robot_ws/install/sam_bringup/share/sam_bringup/environment/path.dsv
[3.097s] -- Installing: /home/mohana/Desktop/robot_ws/install/sam_bringup/share/sam_bringup/local_setup.bash
[3.103s] -- Installing: /home/mohana/Desktop/robot_ws/install/sam_bringup/share/sam_bringup/local_setup.sh
[3.104s] -- Installing: /home/mohana/Desktop/robot_ws/install/sam_bringup/share/sam_bringup/local_setup.zsh
[3.104s] -- Installing: /home/mohana/Desktop/robot_ws/install/sam_bringup/share/sam_bringup/local_setup.dsv
[3.104s] -- Installing: /home/mohana/Desktop/robot_ws/install/sam_bringup/share/sam_bringup/package.dsv
[3.105s] -- Installing: /home/mohana/Desktop/robot_ws/install/sam_bringup/share/ament_index/resource_index/packages/sam_bringup
[3.105s] -- Installing: /home/mohana/Desktop/robot_ws/install/sam_bringup/share/sam_bringup/cmake/sam_bringupConfig.cmake
[3.105s] -- Installing: /home/mohana/Desktop/robot_ws/install/sam_bringup/share/sam_bringup/cmake/sam_bringupConfig-version.cmake
[3.105s] -- Installing: /home/mohana/Desktop/robot_ws/install/sam_bringup/share/sam_bringup/package.xml
[3.106s] Invoked command in '/home/mohana/Desktop/robot_ws/build/sam_bringup' returned '0': CMAKE_PREFIX_PATH=${CMAKE_PREFIX_PATH}:/opt/ros/jazzy DEBUGINFOD_URLS=https://debuginfod.ubuntu.com /usr/bin/cmake --install /home/mohana/Desktop/robot_ws/build/sam_bringup
