-- Install configuration: ""
-- Up-to-date: /home/mohana/Desktop/robot_ws/install/parking_car/share/parking_car/launch
-- Up-to-date: /home/mohana/Desktop/robot_ws/install/parking_car/share/parking_car/launch/prius_car.xml
-- Up-to-date: /home/mohana/Desktop/robot_ws/install/parking_car/share/parking_car/launch/sam_bot.xml
-- Up-to-date: /home/mohana/Desktop/robot_ws/install/parking_car/share/parking_car/launch/marble_husky.xml
-- Up-to-date: /home/mohana/Desktop/robot_ws/install/parking_car/share/parking_car/launch/robot_description.launch.py
-- Up-to-date: /home/mohana/Desktop/robot_ws/install/parking_car/share/parking_car/models
-- Up-to-date: /home/mohana/Desktop/robot_ws/install/parking_car/share/parking_car/models/marble_husk
-- Up-to-date: /home/mohana/Desktop/robot_ws/install/parking_car/share/parking_car/models/marble_husk/meshes
-- Up-to-date: /home/mohana/Desktop/robot_ws/install/parking_car/share/parking_car/models/marble_husk/meshes/top_plate.dae
-- Up-to-date: /home/mohana/Desktop/robot_ws/install/parking_car/share/parking_car/models/marble_husk/meshes/wheel.dae
-- Up-to-date: /home/mohana/Desktop/robot_ws/install/parking_car/share/parking_car/models/marble_husk/meshes/jpl04_arch_nosensor.stl
-- Up-to-date: /home/mohana/Desktop/robot_ws/install/parking_car/share/parking_car/models/marble_husk/meshes/VLP16_scan.dae
-- Up-to-date: /home/mohana/Desktop/robot_ws/install/parking_car/share/parking_car/models/marble_husk/meshes/spotlight.dae
-- Up-to-date: /home/mohana/Desktop/robot_ws/install/parking_car/share/parking_car/models/marble_husk/meshes/bumper.dae
-- Up-to-date: /home/mohana/Desktop/robot_ws/install/parking_car/share/parking_car/models/marble_husk/meshes/base_link.dae
-- Up-to-date: /home/mohana/Desktop/robot_ws/install/parking_car/share/parking_car/models/marble_husk/meshes/realsense.dae
-- Up-to-date: /home/mohana/Desktop/robot_ws/install/parking_car/share/parking_car/models/marble_husk/meshes/VLP16_base_2.dae
-- Up-to-date: /home/mohana/Desktop/robot_ws/install/parking_car/share/parking_car/models/marble_husk/meshes/user_rail.dae
-- Up-to-date: /home/mohana/Desktop/robot_ws/install/parking_car/share/parking_car/models/marble_husk/meshes/VLP16_base_1.dae
-- Up-to-date: /home/mohana/Desktop/robot_ws/install/parking_car/share/parking_car/models/marble_husk/meshes/top_chassis.dae
-- Up-to-date: /home/mohana/Desktop/robot_ws/install/parking_car/share/parking_car/models/marble_husk/materials
-- Up-to-date: /home/mohana/Desktop/robot_ws/install/parking_car/share/parking_car/models/marble_husk/materials/textures
-- Up-to-date: /home/mohana/Desktop/robot_ws/install/parking_car/share/parking_car/models/marble_husk/materials/textures/realsense_diffuse.jpg
-- Up-to-date: /home/mohana/Desktop/robot_ws/install/parking_car/share/parking_car/models/marble_husk/materials/textures/spotlight.jpg
-- Up-to-date: /home/mohana/Desktop/robot_ws/install/parking_car/share/parking_car/models/marble_husk/model.sdf
-- Up-to-date: /home/mohana/Desktop/robot_ws/install/parking_car/share/parking_car/models/marble_husk/thumbnails
-- Up-to-date: /home/mohana/Desktop/robot_ws/install/parking_car/share/parking_car/models/marble_husk/thumbnails/3.jpg
-- Up-to-date: /home/mohana/Desktop/robot_ws/install/parking_car/share/parking_car/models/marble_husk/thumbnails/2.jpg
-- Up-to-date: /home/mohana/Desktop/robot_ws/install/parking_car/share/parking_car/models/marble_husk/thumbnails/4.jpg
-- Up-to-date: /home/mohana/Desktop/robot_ws/install/parking_car/share/parking_car/models/marble_husk/thumbnails/1.jpg
-- Up-to-date: /home/mohana/Desktop/robot_ws/install/parking_car/share/parking_car/models/marble_husk/model.config
-- Up-to-date: /home/mohana/Desktop/robot_ws/install/parking_car/share/parking_car/models/marble_husk.sdf
-- Up-to-date: /home/mohana/Desktop/robot_ws/install/parking_car/share/parking_car/meshes
-- Up-to-date: /home/mohana/Desktop/robot_ws/install/parking_car/share/parking_car/meshes/bumper_collision.dae
-- Up-to-date: /home/mohana/Desktop/robot_ws/install/parking_car/share/parking_car/meshes/rplidar.dae
-- Up-to-date: /home/mohana/Desktop/robot_ws/install/parking_car/share/parking_car/meshes/tower_standoff.dae
-- Up-to-date: /home/mohana/Desktop/robot_ws/install/parking_car/share/parking_car/meshes/tower_sensor_plate.dae
-- Up-to-date: /home/mohana/Desktop/robot_ws/install/parking_car/share/parking_car/meshes/weight_block.dae
-- Up-to-date: /home/mohana/Desktop/robot_ws/install/parking_car/share/parking_car/meshes/oakd_pro.dae
-- Up-to-date: /home/mohana/Desktop/robot_ws/install/parking_car/share/parking_car/meshes/shell_collision.dae
-- Up-to-date: /home/mohana/Desktop/robot_ws/install/parking_car/share/parking_car/meshes/camera_bracket.dae
-- Up-to-date: /home/mohana/Desktop/robot_ws/install/parking_car/share/parking_car/meshes/shell.dae
-- Up-to-date: /home/mohana/Desktop/robot_ws/install/parking_car/share/parking_car/meshes/body_visual.dae
-- Up-to-date: /home/mohana/Desktop/robot_ws/install/parking_car/share/parking_car/meshes/bumper_visual.dae
-- Up-to-date: /home/mohana/Desktop/robot_ws/install/parking_car/share/parking_car/meshes/tower.dae
-- Up-to-date: /home/mohana/Desktop/robot_ws/install/parking_car/share/parking_car/rviz
-- Up-to-date: /home/mohana/Desktop/robot_ws/install/parking_car/share/parking_car/rviz/config.rviz
-- Up-to-date: /home/mohana/Desktop/robot_ws/install/parking_car/share/parking_car/urdf
-- Up-to-date: /home/mohana/Desktop/robot_ws/install/parking_car/share/parking_car/urdf/icreate
-- Up-to-date: /home/mohana/Desktop/robot_ws/install/parking_car/share/parking_car/urdf/icreate/caster.urdf.xacro
-- Up-to-date: /home/mohana/Desktop/robot_ws/install/parking_car/share/parking_car/urdf/icreate/common_properties.urdf.xacro
-- Up-to-date: /home/mohana/Desktop/robot_ws/install/parking_car/share/parking_car/urdf/icreate/create3.urdf.xacro
-- Up-to-date: /home/mohana/Desktop/robot_ws/install/parking_car/share/parking_car/urdf/icreate/wheel.urdf.xacro
-- Up-to-date: /home/mohana/Desktop/robot_ws/install/parking_car/share/parking_car/urdf/icreate/sensors
-- Up-to-date: /home/mohana/Desktop/robot_ws/install/parking_car/share/parking_car/urdf/icreate/sensors/imu.urdf.xacro
-- Up-to-date: /home/mohana/Desktop/robot_ws/install/parking_car/share/parking_car/urdf/icreate/bumper.urdf.xacro
-- Up-to-date: /home/mohana/Desktop/robot_ws/install/parking_car/share/parking_car/urdf/standard
-- Up-to-date: /home/mohana/Desktop/robot_ws/install/parking_car/share/parking_car/urdf/standard/tower_sensor_plate.urdf.xacro
-- Up-to-date: /home/mohana/Desktop/robot_ws/install/parking_car/share/parking_car/urdf/standard/weight_block.urdf.xacro
-- Up-to-date: /home/mohana/Desktop/robot_ws/install/parking_car/share/parking_car/urdf/standard/turtlebot4.urdf.xacro
-- Up-to-date: /home/mohana/Desktop/robot_ws/install/parking_car/share/parking_car/urdf/standard/tower_standoff.urdf.xacro
-- Up-to-date: /home/mohana/Desktop/robot_ws/install/parking_car/share/parking_car/urdf/sensors
-- Up-to-date: /home/mohana/Desktop/robot_ws/install/parking_car/share/parking_car/urdf/sensors/oakd.urdf.xacro
-- Up-to-date: /home/mohana/Desktop/robot_ws/install/parking_car/share/parking_car/urdf/sensors/rplidar.urdf.xacro
-- Up-to-date: /home/mohana/Desktop/robot_ws/install/parking_car/share/parking_car/urdf/sensors/camera_bracket.urdf.xacro
-- Up-to-date: /home/mohana/Desktop/robot_ws/install/parking_car/share/ament_index/resource_index/package_run_dependencies/parking_car
-- Up-to-date: /home/mohana/Desktop/robot_ws/install/parking_car/share/ament_index/resource_index/parent_prefix_path/parking_car
-- Up-to-date: /home/mohana/Desktop/robot_ws/install/parking_car/share/parking_car/environment/ament_prefix_path.sh
-- Up-to-date: /home/mohana/Desktop/robot_ws/install/parking_car/share/parking_car/environment/ament_prefix_path.dsv
-- Up-to-date: /home/mohana/Desktop/robot_ws/install/parking_car/share/parking_car/environment/path.sh
-- Up-to-date: /home/mohana/Desktop/robot_ws/install/parking_car/share/parking_car/environment/path.dsv
-- Up-to-date: /home/mohana/Desktop/robot_ws/install/parking_car/share/parking_car/local_setup.bash
-- Up-to-date: /home/mohana/Desktop/robot_ws/install/parking_car/share/parking_car/local_setup.sh
-- Up-to-date: /home/mohana/Desktop/robot_ws/install/parking_car/share/parking_car/local_setup.zsh
-- Up-to-date: /home/mohana/Desktop/robot_ws/install/parking_car/share/parking_car/local_setup.dsv
-- Up-to-date: /home/mohana/Desktop/robot_ws/install/parking_car/share/parking_car/package.dsv
-- Up-to-date: /home/mohana/Desktop/robot_ws/install/parking_car/share/ament_index/resource_index/packages/parking_car
-- Up-to-date: /home/mohana/Desktop/robot_ws/install/parking_car/share/parking_car/cmake/parking_carConfig.cmake
-- Up-to-date: /home/mohana/Desktop/robot_ws/install/parking_car/share/parking_car/cmake/parking_carConfig-version.cmake
-- Up-to-date: /home/mohana/Desktop/robot_ws/install/parking_car/share/parking_car/package.xml
