[0.015s] Invoking command in '/home/mohana/Desktop/robot_ws/build/parking_car': CMAKE_PREFIX_PATH=${CMAKE_PREFIX_PATH}:/opt/ros/jazzy DEBUGINFOD_URLS=https://debuginfod.ubuntu.com /usr/bin/cmake --build /home/mohana/Desktop/robot_ws/build/parking_car -- -j8 -l8
[0.091s] Invoked command in '/home/mohana/Desktop/robot_ws/build/parking_car' returned '0': CMAKE_PREFIX_PATH=${CMAKE_PREFIX_PATH}:/opt/ros/jazzy DEBUGINFOD_URLS=https://debuginfod.ubuntu.com /usr/bin/cmake --build /home/mohana/Desktop/robot_ws/build/parking_car -- -j8 -l8
[0.112s] Invoking command in '/home/mohana/Desktop/robot_ws/build/parking_car': CMAKE_PREFIX_PATH=${CMAKE_PREFIX_PATH}:/opt/ros/jazzy DEBUGINFOD_URLS=https://debuginfod.ubuntu.com /usr/bin/cmake --install /home/mohana/Desktop/robot_ws/build/parking_car
[0.123s] -- Install configuration: ""
[0.123s] -- Up-to-date: /home/mohana/Desktop/robot_ws/install/parking_car/share/parking_car/launch
[0.124s] -- Up-to-date: /home/mohana/Desktop/robot_ws/install/parking_car/share/parking_car/launch/prius_car.xml
[0.124s] -- Up-to-date: /home/mohana/Desktop/robot_ws/install/parking_car/share/parking_car/launch/sam_bot.xml
[0.124s] -- Up-to-date: /home/mohana/Desktop/robot_ws/install/parking_car/share/parking_car/launch/marble_husky.xml
[0.124s] -- Up-to-date: /home/mohana/Desktop/robot_ws/install/parking_car/share/parking_car/launch/robot_description.launch.py
[0.124s] -- Up-to-date: /home/mohana/Desktop/robot_ws/install/parking_car/share/parking_car/models
[0.125s] -- Up-to-date: /home/mohana/Desktop/robot_ws/install/parking_car/share/parking_car/models/marble_husk
[0.125s] -- Up-to-date: /home/mohana/Desktop/robot_ws/install/parking_car/share/parking_car/models/marble_husk/meshes
[0.125s] -- Up-to-date: /home/mohana/Desktop/robot_ws/install/parking_car/share/parking_car/models/marble_husk/meshes/top_plate.dae
[0.125s] -- Up-to-date: /home/mohana/Desktop/robot_ws/install/parking_car/share/parking_car/models/marble_husk/meshes/wheel.dae
[0.125s] -- Up-to-date: /home/mohana/Desktop/robot_ws/install/parking_car/share/parking_car/models/marble_husk/meshes/jpl04_arch_nosensor.stl
[0.126s] -- Up-to-date: /home/mohana/Desktop/robot_ws/install/parking_car/share/parking_car/models/marble_husk/meshes/VLP16_scan.dae
[0.126s] -- Up-to-date: /home/mohana/Desktop/robot_ws/install/parking_car/share/parking_car/models/marble_husk/meshes/spotlight.dae
[0.126s] -- Up-to-date: /home/mohana/Desktop/robot_ws/install/parking_car/share/parking_car/models/marble_husk/meshes/bumper.dae
[0.126s] -- Up-to-date: /home/mohana/Desktop/robot_ws/install/parking_car/share/parking_car/models/marble_husk/meshes/base_link.dae
[0.126s] -- Up-to-date: /home/mohana/Desktop/robot_ws/install/parking_car/share/parking_car/models/marble_husk/meshes/realsense.dae
[0.126s] -- Up-to-date: /home/mohana/Desktop/robot_ws/install/parking_car/share/parking_car/models/marble_husk/meshes/VLP16_base_2.dae
[0.127s] -- Up-to-date: /home/mohana/Desktop/robot_ws/install/parking_car/share/parking_car/models/marble_husk/meshes/user_rail.dae
[0.127s] -- Up-to-date: /home/mohana/Desktop/robot_ws/install/parking_car/share/parking_car/models/marble_husk/meshes/VLP16_base_1.dae
[0.127s] -- Up-to-date: /home/mohana/Desktop/robot_ws/install/parking_car/share/parking_car/models/marble_husk/meshes/top_chassis.dae
[0.127s] -- Up-to-date: /home/mohana/Desktop/robot_ws/install/parking_car/share/parking_car/models/marble_husk/materials
[0.128s] -- Up-to-date: /home/mohana/Desktop/robot_ws/install/parking_car/share/parking_car/models/marble_husk/materials/textures
[0.128s] -- Up-to-date: /home/mohana/Desktop/robot_ws/install/parking_car/share/parking_car/models/marble_husk/materials/textures/realsense_diffuse.jpg
[0.128s] -- Up-to-date: /home/mohana/Desktop/robot_ws/install/parking_car/share/parking_car/models/marble_husk/materials/textures/spotlight.jpg
[0.128s] -- Up-to-date: /home/mohana/Desktop/robot_ws/install/parking_car/share/parking_car/models/marble_husk/model.sdf
[0.129s] -- Up-to-date: /home/mohana/Desktop/robot_ws/install/parking_car/share/parking_car/models/marble_husk/thumbnails
[0.130s] -- Up-to-date: /home/mohana/Desktop/robot_ws/install/parking_car/share/parking_car/models/marble_husk/thumbnails/3.jpg
[0.130s] -- Up-to-date: /home/mohana/Desktop/robot_ws/install/parking_car/share/parking_car/models/marble_husk/thumbnails/2.jpg
[0.131s] -- Up-to-date: /home/mohana/Desktop/robot_ws/install/parking_car/share/parking_car/models/marble_husk/thumbnails/4.jpg
[0.131s] -- Up-to-date: /home/mohana/Desktop/robot_ws/install/parking_car/share/parking_car/models/marble_husk/thumbnails/1.jpg
[0.132s] -- Up-to-date: /home/mohana/Desktop/robot_ws/install/parking_car/share/parking_car/models/marble_husk/model.config
[0.132s] -- Up-to-date: /home/mohana/Desktop/robot_ws/install/parking_car/share/parking_car/models/marble_husk.sdf
[0.133s] -- Up-to-date: /home/mohana/Desktop/robot_ws/install/parking_car/share/parking_car/meshes
[0.133s] -- Up-to-date: /home/mohana/Desktop/robot_ws/install/parking_car/share/parking_car/meshes/bumper_collision.dae
[0.133s] -- Up-to-date: /home/mohana/Desktop/robot_ws/install/parking_car/share/parking_car/meshes/rplidar.dae
[0.134s] -- Up-to-date: /home/mohana/Desktop/robot_ws/install/parking_car/share/parking_car/meshes/tower_standoff.dae
[0.134s] -- Up-to-date: /home/mohana/Desktop/robot_ws/install/parking_car/share/parking_car/meshes/tower_sensor_plate.dae
[0.134s] -- Up-to-date: /home/mohana/Desktop/robot_ws/install/parking_car/share/parking_car/meshes/weight_block.dae
[0.135s] -- Up-to-date: /home/mohana/Desktop/robot_ws/install/parking_car/share/parking_car/meshes/oakd_pro.dae
[0.135s] -- Up-to-date: /home/mohana/Desktop/robot_ws/install/parking_car/share/parking_car/meshes/shell_collision.dae
[0.135s] -- Up-to-date: /home/mohana/Desktop/robot_ws/install/parking_car/share/parking_car/meshes/camera_bracket.dae
[0.135s] -- Up-to-date: /home/mohana/Desktop/robot_ws/install/parking_car/share/parking_car/meshes/shell.dae
[0.136s] -- Up-to-date: /home/mohana/Desktop/robot_ws/install/parking_car/share/parking_car/meshes/body_visual.dae
[0.136s] -- Up-to-date: /home/mohana/Desktop/robot_ws/install/parking_car/share/parking_car/meshes/bumper_visual.dae
[0.136s] -- Up-to-date: /home/mohana/Desktop/robot_ws/install/parking_car/share/parking_car/meshes/tower.dae
[0.137s] -- Up-to-date: /home/mohana/Desktop/robot_ws/install/parking_car/share/parking_car/rviz
[0.137s] -- Up-to-date: /home/mohana/Desktop/robot_ws/install/parking_car/share/parking_car/rviz/config.rviz
[0.137s] -- Up-to-date: /home/mohana/Desktop/robot_ws/install/parking_car/share/parking_car/urdf
[0.138s] -- Up-to-date: /home/mohana/Desktop/robot_ws/install/parking_car/share/parking_car/urdf/icreate
[0.138s] -- Up-to-date: /home/mohana/Desktop/robot_ws/install/parking_car/share/parking_car/urdf/icreate/caster.urdf.xacro
[0.139s] -- Up-to-date: /home/mohana/Desktop/robot_ws/install/parking_car/share/parking_car/urdf/icreate/common_properties.urdf.xacro
[0.139s] -- Up-to-date: /home/mohana/Desktop/robot_ws/install/parking_car/share/parking_car/urdf/icreate/create3.urdf.xacro
[0.139s] -- Up-to-date: /home/mohana/Desktop/robot_ws/install/parking_car/share/parking_car/urdf/icreate/wheel.urdf.xacro
[0.139s] -- Up-to-date: /home/mohana/Desktop/robot_ws/install/parking_car/share/parking_car/urdf/icreate/sensors
[0.140s] -- Up-to-date: /home/mohana/Desktop/robot_ws/install/parking_car/share/parking_car/urdf/icreate/sensors/imu.urdf.xacro
[0.140s] -- Up-to-date: /home/mohana/Desktop/robot_ws/install/parking_car/share/parking_car/urdf/icreate/bumper.urdf.xacro
[0.140s] -- Up-to-date: /home/mohana/Desktop/robot_ws/install/parking_car/share/parking_car/urdf/standard
[0.141s] -- Up-to-date: /home/mohana/Desktop/robot_ws/install/parking_car/share/parking_car/urdf/standard/tower_sensor_plate.urdf.xacro
[0.141s] -- Up-to-date: /home/mohana/Desktop/robot_ws/install/parking_car/share/parking_car/urdf/standard/weight_block.urdf.xacro
[0.141s] -- Up-to-date: /home/mohana/Desktop/robot_ws/install/parking_car/share/parking_car/urdf/standard/turtlebot4.urdf.xacro
[0.142s] -- Up-to-date: /home/mohana/Desktop/robot_ws/install/parking_car/share/parking_car/urdf/standard/tower_standoff.urdf.xacro
[0.143s] -- Up-to-date: /home/mohana/Desktop/robot_ws/install/parking_car/share/parking_car/urdf/sensors
[0.143s] -- Up-to-date: /home/mohana/Desktop/robot_ws/install/parking_car/share/parking_car/urdf/sensors/oakd.urdf.xacro
[0.144s] -- Up-to-date: /home/mohana/Desktop/robot_ws/install/parking_car/share/parking_car/urdf/sensors/rplidar.urdf.xacro
[0.144s] -- Up-to-date: /home/mohana/Desktop/robot_ws/install/parking_car/share/parking_car/urdf/sensors/camera_bracket.urdf.xacro
[0.144s] -- Up-to-date: /home/mohana/Desktop/robot_ws/install/parking_car/share/ament_index/resource_index/package_run_dependencies/parking_car
[0.145s] -- Up-to-date: /home/mohana/Desktop/robot_ws/install/parking_car/share/ament_index/resource_index/parent_prefix_path/parking_car
[0.145s] -- Up-to-date: /home/mohana/Desktop/robot_ws/install/parking_car/share/parking_car/environment/ament_prefix_path.sh
[0.145s] -- Up-to-date: /home/mohana/Desktop/robot_ws/install/parking_car/share/parking_car/environment/ament_prefix_path.dsv
[0.146s] -- Up-to-date: /home/mohana/Desktop/robot_ws/install/parking_car/share/parking_car/environment/path.sh
[0.146s] -- Up-to-date: /home/mohana/Desktop/robot_ws/install/parking_car/share/parking_car/environment/path.dsv
[0.146s] -- Up-to-date: /home/mohana/Desktop/robot_ws/install/parking_car/share/parking_car/local_setup.bash
[0.147s] -- Up-to-date: /home/mohana/Desktop/robot_ws/install/parking_car/share/parking_car/local_setup.sh
[0.149s] -- Up-to-date: /home/mohana/Desktop/robot_ws/install/parking_car/share/parking_car/local_setup.zsh
[0.149s] -- Up-to-date: /home/mohana/Desktop/robot_ws/install/parking_car/share/parking_car/local_setup.dsv
[0.150s] -- Up-to-date: /home/mohana/Desktop/robot_ws/install/parking_car/share/parking_car/package.dsv
[0.150s] -- Up-to-date: /home/mohana/Desktop/robot_ws/install/parking_car/share/ament_index/resource_index/packages/parking_car
[0.151s] -- Up-to-date: /home/mohana/Desktop/robot_ws/install/parking_car/share/parking_car/cmake/parking_carConfig.cmake
[0.152s] -- Up-to-date: /home/mohana/Desktop/robot_ws/install/parking_car/share/parking_car/cmake/parking_carConfig-version.cmake
[0.152s] -- Up-to-date: /home/mohana/Desktop/robot_ws/install/parking_car/share/parking_car/package.xml
[0.152s] Invoked command in '/home/mohana/Desktop/robot_ws/build/parking_car' returned '0': CMAKE_PREFIX_PATH=${CMAKE_PREFIX_PATH}:/opt/ros/jazzy DEBUGINFOD_URLS=https://debuginfod.ubuntu.com /usr/bin/cmake --install /home/mohana/Desktop/robot_ws/build/parking_car
