[0.148s] DEBUG:colcon:Command line arguments: ['/usr/bin/colcon', 'build', '--packages-select-regex', 'parking']
[0.148s] DEBUG:colcon:Parsed command line arguments: Namespace(log_base=None, log_level=None, verb_name='build', build_base='build', install_base='install', merge_install=False, symlink_install=False, test_result_base=None, continue_on_error=False, executor='parallel', parallel_workers=8, event_handlers=None, ignore_user_meta=False, metas=['./colcon.meta'], base_paths=['.'], packages_ignore=None, packages_ignore_regex=None, paths=None, packages_up_to=None, packages_up_to_regex=None, packages_above=None, packages_above_and_dependencies=None, packages_above_depth=None, packages_select_by_dep=None, packages_skip_by_dep=None, packages_skip_up_to=None, packages_select_build_failed=False, packages_skip_build_finished=False, packages_select_test_failures=False, packages_skip_test_passed=False, packages_select=None, packages_skip=None, packages_select_regex=[re.compile('parking')], packages_skip_regex=None, packages_start=None, packages_end=None, allow_overriding=[], cmake_args=None, cmake_target=None, cmake_target_skip_unavailable=False, cmake_clean_cache=False, cmake_clean_first=False, cmake_force_configure=False, ament_cmake_args=None, catkin_cmake_args=None, catkin_skip_building_tests=False, mixin_files=None, mixin=None, verb_parser=<colcon_mixin.mixin.mixin_argument.MixinArgumentDecorator object at 0x7ed9fc9c5a90>, verb_extension=<colcon_core.verb.build.BuildVerb object at 0x7ed9fcafe150>, main=<bound method BuildVerb.main of <colcon_core.verb.build.BuildVerb object at 0x7ed9fcafe150>>, mixin_verb=('build',))
[0.196s] Level 1:colcon.colcon_core.package_discovery:discover_packages(colcon_meta) check parameters
[0.197s] Level 1:colcon.colcon_core.package_discovery:discover_packages(recursive) check parameters
[0.197s] Level 1:colcon.colcon_core.package_discovery:discover_packages(ignore) check parameters
[0.197s] Level 1:colcon.colcon_core.package_discovery:discover_packages(path) check parameters
[0.197s] Level 1:colcon.colcon_core.package_discovery:discover_packages(colcon_meta) discover
[0.197s] Level 1:colcon.colcon_core.package_discovery:discover_packages(recursive) discover
[0.197s] INFO:colcon.colcon_core.package_discovery:Crawling recursively for packages in '/home/mohana/Desktop/robot_ws'
[0.198s] Level 1:colcon.colcon_core.package_identification:_identify(.) by extensions ['ignore', 'ignore_ament_install']
[0.198s] Level 1:colcon.colcon_core.package_identification:_identify(.) by extension 'ignore'
[0.198s] Level 1:colcon.colcon_core.package_identification:_identify(.) by extension 'ignore_ament_install'
[0.198s] Level 1:colcon.colcon_core.package_identification:_identify(.) by extensions ['colcon_pkg']
[0.198s] Level 1:colcon.colcon_core.package_identification:_identify(.) by extension 'colcon_pkg'
[0.198s] Level 1:colcon.colcon_core.package_identification:_identify(.) by extensions ['colcon_meta']
[0.198s] Level 1:colcon.colcon_core.package_identification:_identify(.) by extension 'colcon_meta'
[0.198s] Level 1:colcon.colcon_core.package_identification:_identify(.) by extensions ['ros']
[0.198s] Level 1:colcon.colcon_core.package_identification:_identify(.) by extension 'ros'
[0.226s] Level 1:colcon.colcon_core.package_identification:_identify(.) by extensions ['cmake', 'python']
[0.226s] Level 1:colcon.colcon_core.package_identification:_identify(.) by extension 'cmake'
[0.226s] Level 1:colcon.colcon_core.package_identification:_identify(.) by extension 'python'
[0.226s] Level 1:colcon.colcon_core.package_identification:_identify(.) by extensions ['python_setup_py']
[0.226s] Level 1:colcon.colcon_core.package_identification:_identify(.) by extension 'python_setup_py'
[0.226s] Level 1:colcon.colcon_core.package_identification:_identify(build) by extensions ['ignore', 'ignore_ament_install']
[0.227s] Level 1:colcon.colcon_core.package_identification:_identify(build) by extension 'ignore'
[0.227s] Level 1:colcon.colcon_core.package_identification:_identify(build) ignored
[0.227s] Level 1:colcon.colcon_core.package_identification:_identify(install) by extensions ['ignore', 'ignore_ament_install']
[0.227s] Level 1:colcon.colcon_core.package_identification:_identify(install) by extension 'ignore'
[0.227s] Level 1:colcon.colcon_core.package_identification:_identify(install) ignored
[0.227s] Level 1:colcon.colcon_core.package_identification:_identify(log) by extensions ['ignore', 'ignore_ament_install']
[0.227s] Level 1:colcon.colcon_core.package_identification:_identify(log) by extension 'ignore'
[0.227s] Level 1:colcon.colcon_core.package_identification:_identify(log) ignored
[0.227s] Level 1:colcon.colcon_core.package_identification:_identify(src) by extensions ['ignore', 'ignore_ament_install']
[0.227s] Level 1:colcon.colcon_core.package_identification:_identify(src) by extension 'ignore'
[0.227s] Level 1:colcon.colcon_core.package_identification:_identify(src) by extension 'ignore_ament_install'
[0.227s] Level 1:colcon.colcon_core.package_identification:_identify(src) by extensions ['colcon_pkg']
[0.227s] Level 1:colcon.colcon_core.package_identification:_identify(src) by extension 'colcon_pkg'
[0.227s] Level 1:colcon.colcon_core.package_identification:_identify(src) by extensions ['colcon_meta']
[0.228s] Level 1:colcon.colcon_core.package_identification:_identify(src) by extension 'colcon_meta'
[0.228s] Level 1:colcon.colcon_core.package_identification:_identify(src) by extensions ['ros']
[0.228s] Level 1:colcon.colcon_core.package_identification:_identify(src) by extension 'ros'
[0.228s] Level 1:colcon.colcon_core.package_identification:_identify(src) by extensions ['cmake', 'python']
[0.228s] Level 1:colcon.colcon_core.package_identification:_identify(src) by extension 'cmake'
[0.228s] Level 1:colcon.colcon_core.package_identification:_identify(src) by extension 'python'
[0.228s] Level 1:colcon.colcon_core.package_identification:_identify(src) by extensions ['python_setup_py']
[0.228s] Level 1:colcon.colcon_core.package_identification:_identify(src) by extension 'python_setup_py'
[0.228s] Level 1:colcon.colcon_core.package_identification:_identify(src/nav2_bringup) by extensions ['ignore', 'ignore_ament_install']
[0.228s] Level 1:colcon.colcon_core.package_identification:_identify(src/nav2_bringup) by extension 'ignore'
[0.228s] Level 1:colcon.colcon_core.package_identification:_identify(src/nav2_bringup) by extension 'ignore_ament_install'
[0.228s] Level 1:colcon.colcon_core.package_identification:_identify(src/nav2_bringup) by extensions ['colcon_pkg']
[0.228s] Level 1:colcon.colcon_core.package_identification:_identify(src/nav2_bringup) by extension 'colcon_pkg'
[0.228s] Level 1:colcon.colcon_core.package_identification:_identify(src/nav2_bringup) by extensions ['colcon_meta']
[0.228s] Level 1:colcon.colcon_core.package_identification:_identify(src/nav2_bringup) by extension 'colcon_meta'
[0.228s] Level 1:colcon.colcon_core.package_identification:_identify(src/nav2_bringup) by extensions ['ros']
[0.228s] Level 1:colcon.colcon_core.package_identification:_identify(src/nav2_bringup) by extension 'ros'
[0.231s] DEBUG:colcon.colcon_core.package_identification:Package 'src/nav2_bringup' with type 'ros.ament_cmake' and name 'nav2_bringup'
[0.231s] Level 1:colcon.colcon_core.package_identification:_identify(src/nav2_minimal_tb4_description) by extensions ['ignore', 'ignore_ament_install']
[0.231s] Level 1:colcon.colcon_core.package_identification:_identify(src/nav2_minimal_tb4_description) by extension 'ignore'
[0.231s] Level 1:colcon.colcon_core.package_identification:_identify(src/nav2_minimal_tb4_description) by extension 'ignore_ament_install'
[0.232s] Level 1:colcon.colcon_core.package_identification:_identify(src/nav2_minimal_tb4_description) by extensions ['colcon_pkg']
[0.232s] Level 1:colcon.colcon_core.package_identification:_identify(src/nav2_minimal_tb4_description) by extension 'colcon_pkg'
[0.232s] Level 1:colcon.colcon_core.package_identification:_identify(src/nav2_minimal_tb4_description) by extensions ['colcon_meta']
[0.232s] Level 1:colcon.colcon_core.package_identification:_identify(src/nav2_minimal_tb4_description) by extension 'colcon_meta'
[0.232s] Level 1:colcon.colcon_core.package_identification:_identify(src/nav2_minimal_tb4_description) by extensions ['ros']
[0.232s] Level 1:colcon.colcon_core.package_identification:_identify(src/nav2_minimal_tb4_description) by extension 'ros'
[0.233s] DEBUG:colcon.colcon_core.package_identification:Package 'src/nav2_minimal_tb4_description' with type 'ros.ament_cmake' and name 'nav2_minimal_tb4_description'
[0.233s] Level 1:colcon.colcon_core.package_identification:_identify(src/nav2_minimal_tb4_sim) by extensions ['ignore', 'ignore_ament_install']
[0.233s] Level 1:colcon.colcon_core.package_identification:_identify(src/nav2_minimal_tb4_sim) by extension 'ignore'
[0.233s] Level 1:colcon.colcon_core.package_identification:_identify(src/nav2_minimal_tb4_sim) by extension 'ignore_ament_install'
[0.233s] Level 1:colcon.colcon_core.package_identification:_identify(src/nav2_minimal_tb4_sim) by extensions ['colcon_pkg']
[0.233s] Level 1:colcon.colcon_core.package_identification:_identify(src/nav2_minimal_tb4_sim) by extension 'colcon_pkg'
[0.233s] Level 1:colcon.colcon_core.package_identification:_identify(src/nav2_minimal_tb4_sim) by extensions ['colcon_meta']
[0.233s] Level 1:colcon.colcon_core.package_identification:_identify(src/nav2_minimal_tb4_sim) by extension 'colcon_meta'
[0.233s] Level 1:colcon.colcon_core.package_identification:_identify(src/nav2_minimal_tb4_sim) by extensions ['ros']
[0.233s] Level 1:colcon.colcon_core.package_identification:_identify(src/nav2_minimal_tb4_sim) by extension 'ros'
[0.234s] DEBUG:colcon.colcon_core.package_identification:Package 'src/nav2_minimal_tb4_sim' with type 'ros.ament_cmake' and name 'nav2_minimal_tb4_sim'
[0.234s] Level 1:colcon.colcon_core.package_identification:_identify(src/parking_bringup) by extensions ['ignore', 'ignore_ament_install']
[0.234s] Level 1:colcon.colcon_core.package_identification:_identify(src/parking_bringup) by extension 'ignore'
[0.234s] Level 1:colcon.colcon_core.package_identification:_identify(src/parking_bringup) by extension 'ignore_ament_install'
[0.234s] Level 1:colcon.colcon_core.package_identification:_identify(src/parking_bringup) by extensions ['colcon_pkg']
[0.234s] Level 1:colcon.colcon_core.package_identification:_identify(src/parking_bringup) by extension 'colcon_pkg'
[0.234s] Level 1:colcon.colcon_core.package_identification:_identify(src/parking_bringup) by extensions ['colcon_meta']
[0.234s] Level 1:colcon.colcon_core.package_identification:_identify(src/parking_bringup) by extension 'colcon_meta'
[0.234s] Level 1:colcon.colcon_core.package_identification:_identify(src/parking_bringup) by extensions ['ros']
[0.235s] Level 1:colcon.colcon_core.package_identification:_identify(src/parking_bringup) by extension 'ros'
[0.235s] DEBUG:colcon.colcon_core.package_identification:Package 'src/parking_bringup' with type 'ros.ament_cmake' and name 'parking_bringup'
[0.235s] Level 1:colcon.colcon_core.package_identification:_identify(src/parking_car) by extensions ['ignore', 'ignore_ament_install']
[0.235s] Level 1:colcon.colcon_core.package_identification:_identify(src/parking_car) by extension 'ignore'
[0.235s] Level 1:colcon.colcon_core.package_identification:_identify(src/parking_car) by extension 'ignore_ament_install'
[0.235s] Level 1:colcon.colcon_core.package_identification:_identify(src/parking_car) by extensions ['colcon_pkg']
[0.236s] Level 1:colcon.colcon_core.package_identification:_identify(src/parking_car) by extension 'colcon_pkg'
[0.236s] Level 1:colcon.colcon_core.package_identification:_identify(src/parking_car) by extensions ['colcon_meta']
[0.236s] Level 1:colcon.colcon_core.package_identification:_identify(src/parking_car) by extension 'colcon_meta'
[0.236s] Level 1:colcon.colcon_core.package_identification:_identify(src/parking_car) by extensions ['ros']
[0.236s] Level 1:colcon.colcon_core.package_identification:_identify(src/parking_car) by extension 'ros'
[0.236s] DEBUG:colcon.colcon_core.package_identification:Package 'src/parking_car' with type 'ros.ament_cmake' and name 'parking_car'
[0.237s] Level 1:colcon.colcon_core.package_identification:_identify(src/parking_world) by extensions ['ignore', 'ignore_ament_install']
[0.237s] Level 1:colcon.colcon_core.package_identification:_identify(src/parking_world) by extension 'ignore'
[0.237s] Level 1:colcon.colcon_core.package_identification:_identify(src/parking_world) by extension 'ignore_ament_install'
[0.237s] Level 1:colcon.colcon_core.package_identification:_identify(src/parking_world) by extensions ['colcon_pkg']
[0.237s] Level 1:colcon.colcon_core.package_identification:_identify(src/parking_world) by extension 'colcon_pkg'
[0.237s] Level 1:colcon.colcon_core.package_identification:_identify(src/parking_world) by extensions ['colcon_meta']
[0.237s] Level 1:colcon.colcon_core.package_identification:_identify(src/parking_world) by extension 'colcon_meta'
[0.237s] Level 1:colcon.colcon_core.package_identification:_identify(src/parking_world) by extensions ['ros']
[0.237s] Level 1:colcon.colcon_core.package_identification:_identify(src/parking_world) by extension 'ros'
[0.238s] DEBUG:colcon.colcon_core.package_identification:Package 'src/parking_world' with type 'ros.ament_cmake' and name 'parking_world'
[0.238s] Level 1:colcon.colcon_core.package_identification:_identify(src/sam_bringup) by extensions ['ignore', 'ignore_ament_install']
[0.238s] Level 1:colcon.colcon_core.package_identification:_identify(src/sam_bringup) by extension 'ignore'
[0.238s] Level 1:colcon.colcon_core.package_identification:_identify(src/sam_bringup) by extension 'ignore_ament_install'
[0.238s] Level 1:colcon.colcon_core.package_identification:_identify(src/sam_bringup) by extensions ['colcon_pkg']
[0.238s] Level 1:colcon.colcon_core.package_identification:_identify(src/sam_bringup) by extension 'colcon_pkg'
[0.238s] Level 1:colcon.colcon_core.package_identification:_identify(src/sam_bringup) by extensions ['colcon_meta']
[0.238s] Level 1:colcon.colcon_core.package_identification:_identify(src/sam_bringup) by extension 'colcon_meta'
[0.238s] Level 1:colcon.colcon_core.package_identification:_identify(src/sam_bringup) by extensions ['ros']
[0.238s] Level 1:colcon.colcon_core.package_identification:_identify(src/sam_bringup) by extension 'ros'
[0.239s] DEBUG:colcon.colcon_core.package_identification:Package 'src/sam_bringup' with type 'ros.ament_cmake' and name 'sam_bringup'
[0.239s] Level 1:colcon.colcon_core.package_identification:_identify(src/sam_description) by extensions ['ignore', 'ignore_ament_install']
[0.239s] Level 1:colcon.colcon_core.package_identification:_identify(src/sam_description) by extension 'ignore'
[0.239s] Level 1:colcon.colcon_core.package_identification:_identify(src/sam_description) by extension 'ignore_ament_install'
[0.239s] Level 1:colcon.colcon_core.package_identification:_identify(src/sam_description) by extensions ['colcon_pkg']
[0.239s] Level 1:colcon.colcon_core.package_identification:_identify(src/sam_description) by extension 'colcon_pkg'
[0.239s] Level 1:colcon.colcon_core.package_identification:_identify(src/sam_description) by extensions ['colcon_meta']
[0.239s] Level 1:colcon.colcon_core.package_identification:_identify(src/sam_description) by extension 'colcon_meta'
[0.239s] Level 1:colcon.colcon_core.package_identification:_identify(src/sam_description) by extensions ['ros']
[0.239s] Level 1:colcon.colcon_core.package_identification:_identify(src/sam_description) by extension 'ros'
[0.239s] Level 1:colcon.colcon_core.package_identification:_identify(src/sam_description) by extensions ['cmake', 'python']
[0.239s] Level 1:colcon.colcon_core.package_identification:_identify(src/sam_description) by extension 'cmake'
[0.239s] Level 1:colcon.colcon_core.package_identification:_identify(src/sam_description) by extension 'python'
[0.239s] Level 1:colcon.colcon_core.package_identification:_identify(src/sam_description) by extensions ['python_setup_py']
[0.239s] Level 1:colcon.colcon_core.package_identification:_identify(src/sam_description) by extension 'python_setup_py'
[0.239s] Level 1:colcon.colcon_core.package_identification:_identify(src/sam_world) by extensions ['ignore', 'ignore_ament_install']
[0.240s] Level 1:colcon.colcon_core.package_identification:_identify(src/sam_world) by extension 'ignore'
[0.240s] Level 1:colcon.colcon_core.package_identification:_identify(src/sam_world) by extension 'ignore_ament_install'
[0.240s] Level 1:colcon.colcon_core.package_identification:_identify(src/sam_world) by extensions ['colcon_pkg']
[0.240s] Level 1:colcon.colcon_core.package_identification:_identify(src/sam_world) by extension 'colcon_pkg'
[0.240s] Level 1:colcon.colcon_core.package_identification:_identify(src/sam_world) by extensions ['colcon_meta']
[0.240s] Level 1:colcon.colcon_core.package_identification:_identify(src/sam_world) by extension 'colcon_meta'
[0.240s] Level 1:colcon.colcon_core.package_identification:_identify(src/sam_world) by extensions ['ros']
[0.240s] Level 1:colcon.colcon_core.package_identification:_identify(src/sam_world) by extension 'ros'
[0.240s] Level 1:colcon.colcon_core.package_identification:_identify(src/sam_world) by extensions ['cmake', 'python']
[0.240s] Level 1:colcon.colcon_core.package_identification:_identify(src/sam_world) by extension 'cmake'
[0.240s] Level 1:colcon.colcon_core.package_identification:_identify(src/sam_world) by extension 'python'
[0.240s] Level 1:colcon.colcon_core.package_identification:_identify(src/sam_world) by extensions ['python_setup_py']
[0.240s] Level 1:colcon.colcon_core.package_identification:_identify(src/sam_world) by extension 'python_setup_py'
[0.240s] Level 1:colcon.colcon_core.package_discovery:discover_packages(recursive) using defaults
[0.240s] Level 1:colcon.colcon_core.package_discovery:discover_packages(ignore) discover
[0.240s] Level 1:colcon.colcon_core.package_discovery:discover_packages(ignore) using defaults
[0.240s] Level 1:colcon.colcon_core.package_discovery:discover_packages(path) discover
[0.240s] Level 1:colcon.colcon_core.package_discovery:discover_packages(path) using defaults
[0.262s] INFO:colcon.colcon_core.package_selection:Skipping not selected package 'nav2_minimal_tb4_description' in 'src/nav2_minimal_tb4_description'
[0.262s] INFO:colcon.colcon_core.package_selection:Skipping not selected package 'sam_bringup' in 'src/sam_bringup'
[0.262s] INFO:colcon.colcon_core.package_selection:Skipping not selected package 'nav2_minimal_tb4_sim' in 'src/nav2_minimal_tb4_sim'
[0.262s] INFO:colcon.colcon_core.package_selection:Skipping not selected package 'nav2_bringup' in 'src/nav2_bringup'
[0.263s] Level 1:colcon.colcon_core.package_discovery:discover_packages(prefix_path) check parameters
[0.263s] Level 1:colcon.colcon_core.package_discovery:discover_packages(prefix_path) discover
[0.263s] WARNING:colcon.colcon_ros.prefix_path.ament:The path '/home/mohana/Desktop/robot_ws/install/parking_bringup' in the environment variable AMENT_PREFIX_PATH doesn't exist
[0.264s] WARNING:colcon.colcon_ros.prefix_path.ament:The path '/home/mohana/Desktop/robot_ws/install/parking_world' in the environment variable AMENT_PREFIX_PATH doesn't exist
[0.264s] WARNING:colcon.colcon_ros.prefix_path.ament:The path '/home/mohana/Desktop/robot_ws/install/parking_car' in the environment variable AMENT_PREFIX_PATH doesn't exist
[0.264s] WARNING:colcon.colcon_ros.prefix_path.catkin:The path '/home/mohana/Desktop/robot_ws/install/parking_bringup' in the environment variable CMAKE_PREFIX_PATH doesn't exist
[0.264s] WARNING:colcon.colcon_ros.prefix_path.catkin:The path '/home/mohana/Desktop/robot_ws/install/parking_world' in the environment variable CMAKE_PREFIX_PATH doesn't exist
[0.264s] WARNING:colcon.colcon_ros.prefix_path.catkin:The path '/home/mohana/Desktop/robot_ws/install/parking_car' in the environment variable CMAKE_PREFIX_PATH doesn't exist
[0.265s] DEBUG:colcon.colcon_installed_package_information.package_discovery:Found 0 installed packages in /home/mohana/Desktop/robot_ws/install
[0.268s] DEBUG:colcon.colcon_installed_package_information.package_discovery:Found 436 installed packages in /opt/ros/jazzy
[0.269s] Level 1:colcon.colcon_core.package_discovery:discover_packages(prefix_path) using defaults
[0.338s] Level 5:colcon.colcon_core.verb:set package 'parking_car' build argument 'cmake_args' from command line to 'None'
[0.338s] Level 5:colcon.colcon_core.verb:set package 'parking_car' build argument 'cmake_target' from command line to 'None'
[0.338s] Level 5:colcon.colcon_core.verb:set package 'parking_car' build argument 'cmake_target_skip_unavailable' from command line to 'False'
[0.338s] Level 5:colcon.colcon_core.verb:set package 'parking_car' build argument 'cmake_clean_cache' from command line to 'False'
[0.338s] Level 5:colcon.colcon_core.verb:set package 'parking_car' build argument 'cmake_clean_first' from command line to 'False'
[0.338s] Level 5:colcon.colcon_core.verb:set package 'parking_car' build argument 'cmake_force_configure' from command line to 'False'
[0.339s] Level 5:colcon.colcon_core.verb:set package 'parking_car' build argument 'ament_cmake_args' from command line to 'None'
[0.339s] Level 5:colcon.colcon_core.verb:set package 'parking_car' build argument 'catkin_cmake_args' from command line to 'None'
[0.339s] Level 5:colcon.colcon_core.verb:set package 'parking_car' build argument 'catkin_skip_building_tests' from command line to 'False'
[0.339s] DEBUG:colcon.colcon_core.verb:Building package 'parking_car' with the following arguments: {'ament_cmake_args': None, 'build_base': '/home/mohana/Desktop/robot_ws/build/parking_car', 'catkin_cmake_args': None, 'catkin_skip_building_tests': False, 'cmake_args': None, 'cmake_clean_cache': False, 'cmake_clean_first': False, 'cmake_force_configure': False, 'cmake_target': None, 'cmake_target_skip_unavailable': False, 'install_base': '/home/mohana/Desktop/robot_ws/install/parking_car', 'merge_install': False, 'path': '/home/mohana/Desktop/robot_ws/src/parking_car', 'symlink_install': False, 'test_result_base': None}
[0.339s] Level 5:colcon.colcon_core.verb:set package 'parking_world' build argument 'cmake_args' from command line to 'None'
[0.339s] Level 5:colcon.colcon_core.verb:set package 'parking_world' build argument 'cmake_target' from command line to 'None'
[0.339s] Level 5:colcon.colcon_core.verb:set package 'parking_world' build argument 'cmake_target_skip_unavailable' from command line to 'False'
[0.339s] Level 5:colcon.colcon_core.verb:set package 'parking_world' build argument 'cmake_clean_cache' from command line to 'False'
[0.339s] Level 5:colcon.colcon_core.verb:set package 'parking_world' build argument 'cmake_clean_first' from command line to 'False'
[0.339s] Level 5:colcon.colcon_core.verb:set package 'parking_world' build argument 'cmake_force_configure' from command line to 'False'
[0.339s] Level 5:colcon.colcon_core.verb:set package 'parking_world' build argument 'ament_cmake_args' from command line to 'None'
[0.339s] Level 5:colcon.colcon_core.verb:set package 'parking_world' build argument 'catkin_cmake_args' from command line to 'None'
[0.339s] Level 5:colcon.colcon_core.verb:set package 'parking_world' build argument 'catkin_skip_building_tests' from command line to 'False'
[0.339s] DEBUG:colcon.colcon_core.verb:Building package 'parking_world' with the following arguments: {'ament_cmake_args': None, 'build_base': '/home/mohana/Desktop/robot_ws/build/parking_world', 'catkin_cmake_args': None, 'catkin_skip_building_tests': False, 'cmake_args': None, 'cmake_clean_cache': False, 'cmake_clean_first': False, 'cmake_force_configure': False, 'cmake_target': None, 'cmake_target_skip_unavailable': False, 'install_base': '/home/mohana/Desktop/robot_ws/install/parking_world', 'merge_install': False, 'path': '/home/mohana/Desktop/robot_ws/src/parking_world', 'symlink_install': False, 'test_result_base': None}
[0.339s] Level 5:colcon.colcon_core.verb:set package 'parking_bringup' build argument 'cmake_args' from command line to 'None'
[0.339s] Level 5:colcon.colcon_core.verb:set package 'parking_bringup' build argument 'cmake_target' from command line to 'None'
[0.340s] Level 5:colcon.colcon_core.verb:set package 'parking_bringup' build argument 'cmake_target_skip_unavailable' from command line to 'False'
[0.340s] Level 5:colcon.colcon_core.verb:set package 'parking_bringup' build argument 'cmake_clean_cache' from command line to 'False'
[0.340s] Level 5:colcon.colcon_core.verb:set package 'parking_bringup' build argument 'cmake_clean_first' from command line to 'False'
[0.340s] Level 5:colcon.colcon_core.verb:set package 'parking_bringup' build argument 'cmake_force_configure' from command line to 'False'
[0.340s] Level 5:colcon.colcon_core.verb:set package 'parking_bringup' build argument 'ament_cmake_args' from command line to 'None'
[0.340s] Level 5:colcon.colcon_core.verb:set package 'parking_bringup' build argument 'catkin_cmake_args' from command line to 'None'
[0.340s] Level 5:colcon.colcon_core.verb:set package 'parking_bringup' build argument 'catkin_skip_building_tests' from command line to 'False'
[0.340s] DEBUG:colcon.colcon_core.verb:Building package 'parking_bringup' with the following arguments: {'ament_cmake_args': None, 'build_base': '/home/mohana/Desktop/robot_ws/build/parking_bringup', 'catkin_cmake_args': None, 'catkin_skip_building_tests': False, 'cmake_args': None, 'cmake_clean_cache': False, 'cmake_clean_first': False, 'cmake_force_configure': False, 'cmake_target': None, 'cmake_target_skip_unavailable': False, 'install_base': '/home/mohana/Desktop/robot_ws/install/parking_bringup', 'merge_install': False, 'path': '/home/mohana/Desktop/robot_ws/src/parking_bringup', 'symlink_install': False, 'test_result_base': None}
[0.340s] INFO:colcon.colcon_core.executor:Executing jobs using 'parallel' executor
[0.341s] DEBUG:colcon.colcon_parallel_executor.executor.parallel:run_until_complete
[0.341s] INFO:colcon.colcon_ros.task.ament_cmake.build:Building ROS package in '/home/mohana/Desktop/robot_ws/src/parking_car' with build type 'ament_cmake'
[0.341s] INFO:colcon.colcon_cmake.task.cmake.build:Building CMake package in '/home/mohana/Desktop/robot_ws/src/parking_car'
[0.344s] INFO:colcon.colcon_core.plugin_system:Skipping extension 'colcon_core.shell.bat': Not used on non-Windows systems
[0.345s] INFO:colcon.colcon_core.shell:Skip shell extension 'powershell' for command environment: Not usable outside of PowerShell
[0.345s] DEBUG:colcon.colcon_core.shell:Skip shell extension 'dsv' for command environment
[0.360s] DEBUG:colcon.colcon_core.event_handler.log_command:Invoking command in '/home/mohana/Desktop/robot_ws/build/parking_car': CMAKE_PREFIX_PATH=${CMAKE_PREFIX_PATH}:/opt/ros/jazzy DEBUGINFOD_URLS=https://debuginfod.ubuntu.com /usr/bin/cmake /home/mohana/Desktop/robot_ws/src/parking_car -DCMAKE_INSTALL_PREFIX=/home/mohana/Desktop/robot_ws/install/parking_car
[1.659s] DEBUG:colcon.colcon_core.event_handler.log_command:Invoked command in '/home/mohana/Desktop/robot_ws/build/parking_car' returned '0': CMAKE_PREFIX_PATH=${CMAKE_PREFIX_PATH}:/opt/ros/jazzy DEBUGINFOD_URLS=https://debuginfod.ubuntu.com /usr/bin/cmake /home/mohana/Desktop/robot_ws/src/parking_car -DCMAKE_INSTALL_PREFIX=/home/mohana/Desktop/robot_ws/install/parking_car
[1.660s] DEBUG:colcon.colcon_core.event_handler.log_command:Invoking command in '/home/mohana/Desktop/robot_ws/build/parking_car': CMAKE_PREFIX_PATH=${CMAKE_PREFIX_PATH}:/opt/ros/jazzy DEBUGINFOD_URLS=https://debuginfod.ubuntu.com /usr/bin/cmake --build /home/mohana/Desktop/robot_ws/build/parking_car -- -j8 -l8
[1.732s] DEBUG:colcon.colcon_core.event_handler.log_command:Invoked command in '/home/mohana/Desktop/robot_ws/build/parking_car' returned '0': CMAKE_PREFIX_PATH=${CMAKE_PREFIX_PATH}:/opt/ros/jazzy DEBUGINFOD_URLS=https://debuginfod.ubuntu.com /usr/bin/cmake --build /home/mohana/Desktop/robot_ws/build/parking_car -- -j8 -l8
[1.760s] DEBUG:colcon.colcon_core.event_handler.log_command:Invoking command in '/home/mohana/Desktop/robot_ws/build/parking_car': CMAKE_PREFIX_PATH=${CMAKE_PREFIX_PATH}:/opt/ros/jazzy DEBUGINFOD_URLS=https://debuginfod.ubuntu.com /usr/bin/cmake --install /home/mohana/Desktop/robot_ws/build/parking_car
[1.868s] Level 1:colcon.colcon_core.environment:create_environment_scripts_only(parking_car)
[1.868s] DEBUG:colcon.colcon_core.event_handler.log_command:Invoked command in '/home/mohana/Desktop/robot_ws/build/parking_car' returned '0': CMAKE_PREFIX_PATH=${CMAKE_PREFIX_PATH}:/opt/ros/jazzy DEBUGINFOD_URLS=https://debuginfod.ubuntu.com /usr/bin/cmake --install /home/mohana/Desktop/robot_ws/build/parking_car
[1.872s] Level 1:colcon.colcon_core.environment:checking '/home/mohana/Desktop/robot_ws/install/parking_car' for CMake module files
[1.874s] Level 1:colcon.colcon_core.environment:checking '/home/mohana/Desktop/robot_ws/install/parking_car' for CMake config files
[1.874s] Level 1:colcon.colcon_core.shell:create_environment_hook('parking_car', 'cmake_prefix_path')
[1.875s] INFO:colcon.colcon_core.shell:Creating environment hook '/home/mohana/Desktop/robot_ws/install/parking_car/share/parking_car/hook/cmake_prefix_path.ps1'
[1.876s] INFO:colcon.colcon_core.shell:Creating environment descriptor '/home/mohana/Desktop/robot_ws/install/parking_car/share/parking_car/hook/cmake_prefix_path.dsv'
[1.877s] INFO:colcon.colcon_core.shell:Creating environment hook '/home/mohana/Desktop/robot_ws/install/parking_car/share/parking_car/hook/cmake_prefix_path.sh'
[1.879s] Level 1:colcon.colcon_core.environment:checking '/home/mohana/Desktop/robot_ws/install/parking_car/bin'
[1.879s] Level 1:colcon.colcon_core.environment:checking '/home/mohana/Desktop/robot_ws/install/parking_car/lib/pkgconfig/parking_car.pc'
[1.879s] Level 1:colcon.colcon_core.environment:checking '/home/mohana/Desktop/robot_ws/install/parking_car/lib/python3.12/site-packages'
[1.880s] Level 1:colcon.colcon_core.environment:checking '/home/mohana/Desktop/robot_ws/install/parking_car/bin'
[1.880s] INFO:colcon.colcon_core.shell:Creating package script '/home/mohana/Desktop/robot_ws/install/parking_car/share/parking_car/package.ps1'
[1.882s] INFO:colcon.colcon_core.shell:Creating package descriptor '/home/mohana/Desktop/robot_ws/install/parking_car/share/parking_car/package.dsv'
[1.883s] INFO:colcon.colcon_core.shell:Creating package script '/home/mohana/Desktop/robot_ws/install/parking_car/share/parking_car/package.sh'
[1.885s] INFO:colcon.colcon_core.shell:Creating package script '/home/mohana/Desktop/robot_ws/install/parking_car/share/parking_car/package.bash'
[1.886s] INFO:colcon.colcon_core.shell:Creating package script '/home/mohana/Desktop/robot_ws/install/parking_car/share/parking_car/package.zsh'
[1.888s] Level 1:colcon.colcon_core.environment:create_file_with_runtime_dependencies(/home/mohana/Desktop/robot_ws/install/parking_car/share/colcon-core/packages/parking_car)
[1.889s] Level 1:colcon.colcon_core.environment:create_environment_scripts_only(parking_car)
[1.889s] Level 1:colcon.colcon_core.environment:checking '/home/mohana/Desktop/robot_ws/install/parking_car' for CMake module files
[1.891s] Level 1:colcon.colcon_core.environment:checking '/home/mohana/Desktop/robot_ws/install/parking_car' for CMake config files
[1.891s] Level 1:colcon.colcon_core.shell:create_environment_hook('parking_car', 'cmake_prefix_path')
[1.892s] INFO:colcon.colcon_core.shell:Creating environment hook '/home/mohana/Desktop/robot_ws/install/parking_car/share/parking_car/hook/cmake_prefix_path.ps1'
[1.893s] INFO:colcon.colcon_core.shell:Creating environment descriptor '/home/mohana/Desktop/robot_ws/install/parking_car/share/parking_car/hook/cmake_prefix_path.dsv'
[1.894s] INFO:colcon.colcon_core.shell:Creating environment hook '/home/mohana/Desktop/robot_ws/install/parking_car/share/parking_car/hook/cmake_prefix_path.sh'
[1.895s] Level 1:colcon.colcon_core.environment:checking '/home/mohana/Desktop/robot_ws/install/parking_car/bin'
[1.895s] Level 1:colcon.colcon_core.environment:checking '/home/mohana/Desktop/robot_ws/install/parking_car/lib/pkgconfig/parking_car.pc'
[1.896s] Level 1:colcon.colcon_core.environment:checking '/home/mohana/Desktop/robot_ws/install/parking_car/lib/python3.12/site-packages'
[1.897s] Level 1:colcon.colcon_core.environment:checking '/home/mohana/Desktop/robot_ws/install/parking_car/bin'
[1.897s] INFO:colcon.colcon_core.shell:Creating package script '/home/mohana/Desktop/robot_ws/install/parking_car/share/parking_car/package.ps1'
[1.899s] INFO:colcon.colcon_core.shell:Creating package descriptor '/home/mohana/Desktop/robot_ws/install/parking_car/share/parking_car/package.dsv'
[1.900s] INFO:colcon.colcon_core.shell:Creating package script '/home/mohana/Desktop/robot_ws/install/parking_car/share/parking_car/package.sh'
[1.901s] INFO:colcon.colcon_core.shell:Creating package script '/home/mohana/Desktop/robot_ws/install/parking_car/share/parking_car/package.bash'
[1.922s] INFO:colcon.colcon_core.shell:Creating package script '/home/mohana/Desktop/robot_ws/install/parking_car/share/parking_car/package.zsh'
[1.923s] Level 1:colcon.colcon_core.environment:create_file_with_runtime_dependencies(/home/mohana/Desktop/robot_ws/install/parking_car/share/colcon-core/packages/parking_car)
[1.923s] INFO:colcon.colcon_ros.task.ament_cmake.build:Building ROS package in '/home/mohana/Desktop/robot_ws/src/parking_world' with build type 'ament_cmake'
[1.923s] INFO:colcon.colcon_cmake.task.cmake.build:Building CMake package in '/home/mohana/Desktop/robot_ws/src/parking_world'
[1.923s] INFO:colcon.colcon_core.shell:Skip shell extension 'powershell' for command environment: Not usable outside of PowerShell
[1.924s] DEBUG:colcon.colcon_core.shell:Skip shell extension 'dsv' for command environment
[1.939s] DEBUG:colcon.colcon_core.event_handler.log_command:Invoking command in '/home/mohana/Desktop/robot_ws/build/parking_world': CMAKE_PREFIX_PATH=/home/mohana/Desktop/robot_ws/install/parking_car:/home/mohana/Desktop/robot_ws/install/parking_bringup:/home/mohana/Desktop/robot_ws/install/parking_world:/opt/ros/jazzy/opt/gz_launch_vendor:/opt/ros/jazzy/opt/gz_sim_vendor:/opt/ros/jazzy/opt/gz_sensors_vendor:/opt/ros/jazzy/opt/gz_physics_vendor:/opt/ros/jazzy/opt/sdformat_vendor:/opt/ros/jazzy/opt/gz_gui_vendor:/opt/ros/jazzy/opt/gz_transport_vendor:/opt/ros/jazzy/opt/gz_rendering_vendor:/opt/ros/jazzy/opt/gz_plugin_vendor:/opt/ros/jazzy/opt/gz_fuel_tools_vendor:/opt/ros/jazzy/opt/gz_msgs_vendor:/opt/ros/jazzy/opt/gz_common_vendor:/opt/ros/jazzy/opt/gz_math_vendor:/opt/ros/jazzy/opt/gz_utils_vendor:/opt/ros/jazzy/opt/gz_tools_vendor:/opt/ros/jazzy/opt/gz_ogre_next_vendor:/opt/ros/jazzy/opt/gz_dartsim_vendor:/opt/ros/jazzy/opt/gz_cmake_vendor:/opt/ros/jazzy DEBUGINFOD_URLS=https://debuginfod.ubuntu.com /usr/bin/cmake /home/mohana/Desktop/robot_ws/src/parking_world -DCMAKE_INSTALL_PREFIX=/home/mohana/Desktop/robot_ws/install/parking_world
[3.144s] DEBUG:colcon.colcon_core.event_handler.log_command:Invoked command in '/home/mohana/Desktop/robot_ws/build/parking_world' returned '0': CMAKE_PREFIX_PATH=/home/mohana/Desktop/robot_ws/install/parking_car:/home/mohana/Desktop/robot_ws/install/parking_bringup:/home/mohana/Desktop/robot_ws/install/parking_world:/opt/ros/jazzy/opt/gz_launch_vendor:/opt/ros/jazzy/opt/gz_sim_vendor:/opt/ros/jazzy/opt/gz_sensors_vendor:/opt/ros/jazzy/opt/gz_physics_vendor:/opt/ros/jazzy/opt/sdformat_vendor:/opt/ros/jazzy/opt/gz_gui_vendor:/opt/ros/jazzy/opt/gz_transport_vendor:/opt/ros/jazzy/opt/gz_rendering_vendor:/opt/ros/jazzy/opt/gz_plugin_vendor:/opt/ros/jazzy/opt/gz_fuel_tools_vendor:/opt/ros/jazzy/opt/gz_msgs_vendor:/opt/ros/jazzy/opt/gz_common_vendor:/opt/ros/jazzy/opt/gz_math_vendor:/opt/ros/jazzy/opt/gz_utils_vendor:/opt/ros/jazzy/opt/gz_tools_vendor:/opt/ros/jazzy/opt/gz_ogre_next_vendor:/opt/ros/jazzy/opt/gz_dartsim_vendor:/opt/ros/jazzy/opt/gz_cmake_vendor:/opt/ros/jazzy DEBUGINFOD_URLS=https://debuginfod.ubuntu.com /usr/bin/cmake /home/mohana/Desktop/robot_ws/src/parking_world -DCMAKE_INSTALL_PREFIX=/home/mohana/Desktop/robot_ws/install/parking_world
[3.145s] DEBUG:colcon.colcon_core.event_handler.log_command:Invoking command in '/home/mohana/Desktop/robot_ws/build/parking_world': CMAKE_PREFIX_PATH=/home/mohana/Desktop/robot_ws/install/parking_car:/home/mohana/Desktop/robot_ws/install/parking_bringup:/home/mohana/Desktop/robot_ws/install/parking_world:/opt/ros/jazzy/opt/gz_launch_vendor:/opt/ros/jazzy/opt/gz_sim_vendor:/opt/ros/jazzy/opt/gz_sensors_vendor:/opt/ros/jazzy/opt/gz_physics_vendor:/opt/ros/jazzy/opt/sdformat_vendor:/opt/ros/jazzy/opt/gz_gui_vendor:/opt/ros/jazzy/opt/gz_transport_vendor:/opt/ros/jazzy/opt/gz_rendering_vendor:/opt/ros/jazzy/opt/gz_plugin_vendor:/opt/ros/jazzy/opt/gz_fuel_tools_vendor:/opt/ros/jazzy/opt/gz_msgs_vendor:/opt/ros/jazzy/opt/gz_common_vendor:/opt/ros/jazzy/opt/gz_math_vendor:/opt/ros/jazzy/opt/gz_utils_vendor:/opt/ros/jazzy/opt/gz_tools_vendor:/opt/ros/jazzy/opt/gz_ogre_next_vendor:/opt/ros/jazzy/opt/gz_dartsim_vendor:/opt/ros/jazzy/opt/gz_cmake_vendor:/opt/ros/jazzy DEBUGINFOD_URLS=https://debuginfod.ubuntu.com /usr/bin/cmake --build /home/mohana/Desktop/robot_ws/build/parking_world -- -j8 -l8
[3.212s] DEBUG:colcon.colcon_core.event_handler.log_command:Invoked command in '/home/mohana/Desktop/robot_ws/build/parking_world' returned '0': CMAKE_PREFIX_PATH=/home/mohana/Desktop/robot_ws/install/parking_car:/home/mohana/Desktop/robot_ws/install/parking_bringup:/home/mohana/Desktop/robot_ws/install/parking_world:/opt/ros/jazzy/opt/gz_launch_vendor:/opt/ros/jazzy/opt/gz_sim_vendor:/opt/ros/jazzy/opt/gz_sensors_vendor:/opt/ros/jazzy/opt/gz_physics_vendor:/opt/ros/jazzy/opt/sdformat_vendor:/opt/ros/jazzy/opt/gz_gui_vendor:/opt/ros/jazzy/opt/gz_transport_vendor:/opt/ros/jazzy/opt/gz_rendering_vendor:/opt/ros/jazzy/opt/gz_plugin_vendor:/opt/ros/jazzy/opt/gz_fuel_tools_vendor:/opt/ros/jazzy/opt/gz_msgs_vendor:/opt/ros/jazzy/opt/gz_common_vendor:/opt/ros/jazzy/opt/gz_math_vendor:/opt/ros/jazzy/opt/gz_utils_vendor:/opt/ros/jazzy/opt/gz_tools_vendor:/opt/ros/jazzy/opt/gz_ogre_next_vendor:/opt/ros/jazzy/opt/gz_dartsim_vendor:/opt/ros/jazzy/opt/gz_cmake_vendor:/opt/ros/jazzy DEBUGINFOD_URLS=https://debuginfod.ubuntu.com /usr/bin/cmake --build /home/mohana/Desktop/robot_ws/build/parking_world -- -j8 -l8
[3.214s] DEBUG:colcon.colcon_core.event_handler.log_command:Invoking command in '/home/mohana/Desktop/robot_ws/build/parking_world': CMAKE_PREFIX_PATH=/home/mohana/Desktop/robot_ws/install/parking_car:/home/mohana/Desktop/robot_ws/install/parking_bringup:/home/mohana/Desktop/robot_ws/install/parking_world:/opt/ros/jazzy/opt/gz_launch_vendor:/opt/ros/jazzy/opt/gz_sim_vendor:/opt/ros/jazzy/opt/gz_sensors_vendor:/opt/ros/jazzy/opt/gz_physics_vendor:/opt/ros/jazzy/opt/sdformat_vendor:/opt/ros/jazzy/opt/gz_gui_vendor:/opt/ros/jazzy/opt/gz_transport_vendor:/opt/ros/jazzy/opt/gz_rendering_vendor:/opt/ros/jazzy/opt/gz_plugin_vendor:/opt/ros/jazzy/opt/gz_fuel_tools_vendor:/opt/ros/jazzy/opt/gz_msgs_vendor:/opt/ros/jazzy/opt/gz_common_vendor:/opt/ros/jazzy/opt/gz_math_vendor:/opt/ros/jazzy/opt/gz_utils_vendor:/opt/ros/jazzy/opt/gz_tools_vendor:/opt/ros/jazzy/opt/gz_ogre_next_vendor:/opt/ros/jazzy/opt/gz_dartsim_vendor:/opt/ros/jazzy/opt/gz_cmake_vendor:/opt/ros/jazzy DEBUGINFOD_URLS=https://debuginfod.ubuntu.com /usr/bin/cmake --install /home/mohana/Desktop/robot_ws/build/parking_world
[3.248s] Level 1:colcon.colcon_core.environment:create_environment_scripts_only(parking_world)
[3.248s] Level 1:colcon.colcon_core.environment:checking '/home/mohana/Desktop/robot_ws/install/parking_world' for CMake module files
[3.250s] DEBUG:colcon.colcon_core.event_handler.log_command:Invoked command in '/home/mohana/Desktop/robot_ws/build/parking_world' returned '0': CMAKE_PREFIX_PATH=/home/mohana/Desktop/robot_ws/install/parking_car:/home/mohana/Desktop/robot_ws/install/parking_bringup:/home/mohana/Desktop/robot_ws/install/parking_world:/opt/ros/jazzy/opt/gz_launch_vendor:/opt/ros/jazzy/opt/gz_sim_vendor:/opt/ros/jazzy/opt/gz_sensors_vendor:/opt/ros/jazzy/opt/gz_physics_vendor:/opt/ros/jazzy/opt/sdformat_vendor:/opt/ros/jazzy/opt/gz_gui_vendor:/opt/ros/jazzy/opt/gz_transport_vendor:/opt/ros/jazzy/opt/gz_rendering_vendor:/opt/ros/jazzy/opt/gz_plugin_vendor:/opt/ros/jazzy/opt/gz_fuel_tools_vendor:/opt/ros/jazzy/opt/gz_msgs_vendor:/opt/ros/jazzy/opt/gz_common_vendor:/opt/ros/jazzy/opt/gz_math_vendor:/opt/ros/jazzy/opt/gz_utils_vendor:/opt/ros/jazzy/opt/gz_tools_vendor:/opt/ros/jazzy/opt/gz_ogre_next_vendor:/opt/ros/jazzy/opt/gz_dartsim_vendor:/opt/ros/jazzy/opt/gz_cmake_vendor:/opt/ros/jazzy DEBUGINFOD_URLS=https://debuginfod.ubuntu.com /usr/bin/cmake --install /home/mohana/Desktop/robot_ws/build/parking_world
[3.251s] Level 1:colcon.colcon_core.environment:checking '/home/mohana/Desktop/robot_ws/install/parking_world' for CMake config files
[3.252s] Level 1:colcon.colcon_core.shell:create_environment_hook('parking_world', 'cmake_prefix_path')
[3.252s] INFO:colcon.colcon_core.shell:Creating environment hook '/home/mohana/Desktop/robot_ws/install/parking_world/share/parking_world/hook/cmake_prefix_path.ps1'
[3.253s] INFO:colcon.colcon_core.shell:Creating environment descriptor '/home/mohana/Desktop/robot_ws/install/parking_world/share/parking_world/hook/cmake_prefix_path.dsv'
[3.254s] INFO:colcon.colcon_core.shell:Creating environment hook '/home/mohana/Desktop/robot_ws/install/parking_world/share/parking_world/hook/cmake_prefix_path.sh'
[3.256s] Level 1:colcon.colcon_core.environment:checking '/home/mohana/Desktop/robot_ws/install/parking_world/bin'
[3.256s] Level 1:colcon.colcon_core.environment:checking '/home/mohana/Desktop/robot_ws/install/parking_world/lib/pkgconfig/parking_world.pc'
[3.257s] Level 1:colcon.colcon_core.environment:checking '/home/mohana/Desktop/robot_ws/install/parking_world/lib/python3.12/site-packages'
[3.257s] Level 1:colcon.colcon_core.environment:checking '/home/mohana/Desktop/robot_ws/install/parking_world/bin'
[3.258s] INFO:colcon.colcon_core.shell:Creating package script '/home/mohana/Desktop/robot_ws/install/parking_world/share/parking_world/package.ps1'
[3.259s] INFO:colcon.colcon_core.shell:Creating package descriptor '/home/mohana/Desktop/robot_ws/install/parking_world/share/parking_world/package.dsv'
[3.260s] INFO:colcon.colcon_core.shell:Creating package script '/home/mohana/Desktop/robot_ws/install/parking_world/share/parking_world/package.sh'
[3.261s] INFO:colcon.colcon_core.shell:Creating package script '/home/mohana/Desktop/robot_ws/install/parking_world/share/parking_world/package.bash'
[3.262s] INFO:colcon.colcon_core.shell:Creating package script '/home/mohana/Desktop/robot_ws/install/parking_world/share/parking_world/package.zsh'
[3.263s] Level 1:colcon.colcon_core.environment:create_file_with_runtime_dependencies(/home/mohana/Desktop/robot_ws/install/parking_world/share/colcon-core/packages/parking_world)
[3.265s] Level 1:colcon.colcon_core.environment:create_environment_scripts_only(parking_world)
[3.265s] Level 1:colcon.colcon_core.environment:checking '/home/mohana/Desktop/robot_ws/install/parking_world' for CMake module files
[3.266s] Level 1:colcon.colcon_core.environment:checking '/home/mohana/Desktop/robot_ws/install/parking_world' for CMake config files
[3.267s] Level 1:colcon.colcon_core.shell:create_environment_hook('parking_world', 'cmake_prefix_path')
[3.267s] INFO:colcon.colcon_core.shell:Creating environment hook '/home/mohana/Desktop/robot_ws/install/parking_world/share/parking_world/hook/cmake_prefix_path.ps1'
[3.269s] INFO:colcon.colcon_core.shell:Creating environment descriptor '/home/mohana/Desktop/robot_ws/install/parking_world/share/parking_world/hook/cmake_prefix_path.dsv'
[3.269s] INFO:colcon.colcon_core.shell:Creating environment hook '/home/mohana/Desktop/robot_ws/install/parking_world/share/parking_world/hook/cmake_prefix_path.sh'
[3.271s] Level 1:colcon.colcon_core.environment:checking '/home/mohana/Desktop/robot_ws/install/parking_world/bin'
[3.271s] Level 1:colcon.colcon_core.environment:checking '/home/mohana/Desktop/robot_ws/install/parking_world/lib/pkgconfig/parking_world.pc'
[3.272s] Level 1:colcon.colcon_core.environment:checking '/home/mohana/Desktop/robot_ws/install/parking_world/lib/python3.12/site-packages'
[3.273s] Level 1:colcon.colcon_core.environment:checking '/home/mohana/Desktop/robot_ws/install/parking_world/bin'
[3.273s] INFO:colcon.colcon_core.shell:Creating package script '/home/mohana/Desktop/robot_ws/install/parking_world/share/parking_world/package.ps1'
[3.275s] INFO:colcon.colcon_core.shell:Creating package descriptor '/home/mohana/Desktop/robot_ws/install/parking_world/share/parking_world/package.dsv'
[3.276s] INFO:colcon.colcon_core.shell:Creating package script '/home/mohana/Desktop/robot_ws/install/parking_world/share/parking_world/package.sh'
[3.277s] INFO:colcon.colcon_core.shell:Creating package script '/home/mohana/Desktop/robot_ws/install/parking_world/share/parking_world/package.bash'
[3.278s] INFO:colcon.colcon_core.shell:Creating package script '/home/mohana/Desktop/robot_ws/install/parking_world/share/parking_world/package.zsh'
[3.279s] Level 1:colcon.colcon_core.environment:create_file_with_runtime_dependencies(/home/mohana/Desktop/robot_ws/install/parking_world/share/colcon-core/packages/parking_world)
[3.280s] INFO:colcon.colcon_ros.task.ament_cmake.build:Building ROS package in '/home/mohana/Desktop/robot_ws/src/parking_bringup' with build type 'ament_cmake'
[3.281s] INFO:colcon.colcon_cmake.task.cmake.build:Building CMake package in '/home/mohana/Desktop/robot_ws/src/parking_bringup'
[3.281s] INFO:colcon.colcon_core.shell:Skip shell extension 'powershell' for command environment: Not usable outside of PowerShell
[3.281s] DEBUG:colcon.colcon_core.shell:Skip shell extension 'dsv' for command environment
[3.301s] DEBUG:colcon.colcon_core.event_handler.log_command:Invoking command in '/home/mohana/Desktop/robot_ws/build/parking_bringup': CMAKE_PREFIX_PATH=/home/mohana/Desktop/robot_ws/install/parking_world:/home/mohana/Desktop/robot_ws/install/parking_car:/home/mohana/Desktop/robot_ws/install/parking_bringup:/opt/ros/jazzy/opt/gz_launch_vendor:/opt/ros/jazzy/opt/gz_sim_vendor:/opt/ros/jazzy/opt/gz_sensors_vendor:/opt/ros/jazzy/opt/gz_physics_vendor:/opt/ros/jazzy/opt/sdformat_vendor:/opt/ros/jazzy/opt/gz_gui_vendor:/opt/ros/jazzy/opt/gz_transport_vendor:/opt/ros/jazzy/opt/gz_rendering_vendor:/opt/ros/jazzy/opt/gz_plugin_vendor:/opt/ros/jazzy/opt/gz_fuel_tools_vendor:/opt/ros/jazzy/opt/gz_msgs_vendor:/opt/ros/jazzy/opt/gz_common_vendor:/opt/ros/jazzy/opt/gz_math_vendor:/opt/ros/jazzy/opt/gz_utils_vendor:/opt/ros/jazzy/opt/gz_tools_vendor:/opt/ros/jazzy/opt/gz_ogre_next_vendor:/opt/ros/jazzy/opt/gz_dartsim_vendor:/opt/ros/jazzy/opt/gz_cmake_vendor:/opt/ros/jazzy DEBUGINFOD_URLS=https://debuginfod.ubuntu.com /usr/bin/cmake /home/mohana/Desktop/robot_ws/src/parking_bringup -DCMAKE_INSTALL_PREFIX=/home/mohana/Desktop/robot_ws/install/parking_bringup
[4.498s] DEBUG:colcon.colcon_core.event_handler.log_command:Invoked command in '/home/mohana/Desktop/robot_ws/build/parking_bringup' returned '0': CMAKE_PREFIX_PATH=/home/mohana/Desktop/robot_ws/install/parking_world:/home/mohana/Desktop/robot_ws/install/parking_car:/home/mohana/Desktop/robot_ws/install/parking_bringup:/opt/ros/jazzy/opt/gz_launch_vendor:/opt/ros/jazzy/opt/gz_sim_vendor:/opt/ros/jazzy/opt/gz_sensors_vendor:/opt/ros/jazzy/opt/gz_physics_vendor:/opt/ros/jazzy/opt/sdformat_vendor:/opt/ros/jazzy/opt/gz_gui_vendor:/opt/ros/jazzy/opt/gz_transport_vendor:/opt/ros/jazzy/opt/gz_rendering_vendor:/opt/ros/jazzy/opt/gz_plugin_vendor:/opt/ros/jazzy/opt/gz_fuel_tools_vendor:/opt/ros/jazzy/opt/gz_msgs_vendor:/opt/ros/jazzy/opt/gz_common_vendor:/opt/ros/jazzy/opt/gz_math_vendor:/opt/ros/jazzy/opt/gz_utils_vendor:/opt/ros/jazzy/opt/gz_tools_vendor:/opt/ros/jazzy/opt/gz_ogre_next_vendor:/opt/ros/jazzy/opt/gz_dartsim_vendor:/opt/ros/jazzy/opt/gz_cmake_vendor:/opt/ros/jazzy DEBUGINFOD_URLS=https://debuginfod.ubuntu.com /usr/bin/cmake /home/mohana/Desktop/robot_ws/src/parking_bringup -DCMAKE_INSTALL_PREFIX=/home/mohana/Desktop/robot_ws/install/parking_bringup
[4.499s] DEBUG:colcon.colcon_core.event_handler.log_command:Invoking command in '/home/mohana/Desktop/robot_ws/build/parking_bringup': CMAKE_PREFIX_PATH=/home/mohana/Desktop/robot_ws/install/parking_world:/home/mohana/Desktop/robot_ws/install/parking_car:/home/mohana/Desktop/robot_ws/install/parking_bringup:/opt/ros/jazzy/opt/gz_launch_vendor:/opt/ros/jazzy/opt/gz_sim_vendor:/opt/ros/jazzy/opt/gz_sensors_vendor:/opt/ros/jazzy/opt/gz_physics_vendor:/opt/ros/jazzy/opt/sdformat_vendor:/opt/ros/jazzy/opt/gz_gui_vendor:/opt/ros/jazzy/opt/gz_transport_vendor:/opt/ros/jazzy/opt/gz_rendering_vendor:/opt/ros/jazzy/opt/gz_plugin_vendor:/opt/ros/jazzy/opt/gz_fuel_tools_vendor:/opt/ros/jazzy/opt/gz_msgs_vendor:/opt/ros/jazzy/opt/gz_common_vendor:/opt/ros/jazzy/opt/gz_math_vendor:/opt/ros/jazzy/opt/gz_utils_vendor:/opt/ros/jazzy/opt/gz_tools_vendor:/opt/ros/jazzy/opt/gz_ogre_next_vendor:/opt/ros/jazzy/opt/gz_dartsim_vendor:/opt/ros/jazzy/opt/gz_cmake_vendor:/opt/ros/jazzy DEBUGINFOD_URLS=https://debuginfod.ubuntu.com /usr/bin/cmake --build /home/mohana/Desktop/robot_ws/build/parking_bringup -- -j8 -l8
[4.563s] DEBUG:colcon.colcon_core.event_handler.log_command:Invoked command in '/home/mohana/Desktop/robot_ws/build/parking_bringup' returned '0': CMAKE_PREFIX_PATH=/home/mohana/Desktop/robot_ws/install/parking_world:/home/mohana/Desktop/robot_ws/install/parking_car:/home/mohana/Desktop/robot_ws/install/parking_bringup:/opt/ros/jazzy/opt/gz_launch_vendor:/opt/ros/jazzy/opt/gz_sim_vendor:/opt/ros/jazzy/opt/gz_sensors_vendor:/opt/ros/jazzy/opt/gz_physics_vendor:/opt/ros/jazzy/opt/sdformat_vendor:/opt/ros/jazzy/opt/gz_gui_vendor:/opt/ros/jazzy/opt/gz_transport_vendor:/opt/ros/jazzy/opt/gz_rendering_vendor:/opt/ros/jazzy/opt/gz_plugin_vendor:/opt/ros/jazzy/opt/gz_fuel_tools_vendor:/opt/ros/jazzy/opt/gz_msgs_vendor:/opt/ros/jazzy/opt/gz_common_vendor:/opt/ros/jazzy/opt/gz_math_vendor:/opt/ros/jazzy/opt/gz_utils_vendor:/opt/ros/jazzy/opt/gz_tools_vendor:/opt/ros/jazzy/opt/gz_ogre_next_vendor:/opt/ros/jazzy/opt/gz_dartsim_vendor:/opt/ros/jazzy/opt/gz_cmake_vendor:/opt/ros/jazzy DEBUGINFOD_URLS=https://debuginfod.ubuntu.com /usr/bin/cmake --build /home/mohana/Desktop/robot_ws/build/parking_bringup -- -j8 -l8
[4.564s] DEBUG:colcon.colcon_core.event_handler.log_command:Invoking command in '/home/mohana/Desktop/robot_ws/build/parking_bringup': CMAKE_PREFIX_PATH=/home/mohana/Desktop/robot_ws/install/parking_world:/home/mohana/Desktop/robot_ws/install/parking_car:/home/mohana/Desktop/robot_ws/install/parking_bringup:/opt/ros/jazzy/opt/gz_launch_vendor:/opt/ros/jazzy/opt/gz_sim_vendor:/opt/ros/jazzy/opt/gz_sensors_vendor:/opt/ros/jazzy/opt/gz_physics_vendor:/opt/ros/jazzy/opt/sdformat_vendor:/opt/ros/jazzy/opt/gz_gui_vendor:/opt/ros/jazzy/opt/gz_transport_vendor:/opt/ros/jazzy/opt/gz_rendering_vendor:/opt/ros/jazzy/opt/gz_plugin_vendor:/opt/ros/jazzy/opt/gz_fuel_tools_vendor:/opt/ros/jazzy/opt/gz_msgs_vendor:/opt/ros/jazzy/opt/gz_common_vendor:/opt/ros/jazzy/opt/gz_math_vendor:/opt/ros/jazzy/opt/gz_utils_vendor:/opt/ros/jazzy/opt/gz_tools_vendor:/opt/ros/jazzy/opt/gz_ogre_next_vendor:/opt/ros/jazzy/opt/gz_dartsim_vendor:/opt/ros/jazzy/opt/gz_cmake_vendor:/opt/ros/jazzy DEBUGINFOD_URLS=https://debuginfod.ubuntu.com /usr/bin/cmake --install /home/mohana/Desktop/robot_ws/build/parking_bringup
[4.594s] Level 1:colcon.colcon_core.environment:create_environment_scripts_only(parking_bringup)
[4.595s] Level 1:colcon.colcon_core.environment:checking '/home/mohana/Desktop/robot_ws/install/parking_bringup' for CMake module files
[4.595s] DEBUG:colcon.colcon_core.event_handler.log_command:Invoked command in '/home/mohana/Desktop/robot_ws/build/parking_bringup' returned '0': CMAKE_PREFIX_PATH=/home/mohana/Desktop/robot_ws/install/parking_world:/home/mohana/Desktop/robot_ws/install/parking_car:/home/mohana/Desktop/robot_ws/install/parking_bringup:/opt/ros/jazzy/opt/gz_launch_vendor:/opt/ros/jazzy/opt/gz_sim_vendor:/opt/ros/jazzy/opt/gz_sensors_vendor:/opt/ros/jazzy/opt/gz_physics_vendor:/opt/ros/jazzy/opt/sdformat_vendor:/opt/ros/jazzy/opt/gz_gui_vendor:/opt/ros/jazzy/opt/gz_transport_vendor:/opt/ros/jazzy/opt/gz_rendering_vendor:/opt/ros/jazzy/opt/gz_plugin_vendor:/opt/ros/jazzy/opt/gz_fuel_tools_vendor:/opt/ros/jazzy/opt/gz_msgs_vendor:/opt/ros/jazzy/opt/gz_common_vendor:/opt/ros/jazzy/opt/gz_math_vendor:/opt/ros/jazzy/opt/gz_utils_vendor:/opt/ros/jazzy/opt/gz_tools_vendor:/opt/ros/jazzy/opt/gz_ogre_next_vendor:/opt/ros/jazzy/opt/gz_dartsim_vendor:/opt/ros/jazzy/opt/gz_cmake_vendor:/opt/ros/jazzy DEBUGINFOD_URLS=https://debuginfod.ubuntu.com /usr/bin/cmake --install /home/mohana/Desktop/robot_ws/build/parking_bringup
[4.597s] Level 1:colcon.colcon_core.environment:checking '/home/mohana/Desktop/robot_ws/install/parking_bringup' for CMake config files
[4.597s] Level 1:colcon.colcon_core.shell:create_environment_hook('parking_bringup', 'cmake_prefix_path')
[4.598s] INFO:colcon.colcon_core.shell:Creating environment hook '/home/mohana/Desktop/robot_ws/install/parking_bringup/share/parking_bringup/hook/cmake_prefix_path.ps1'
[4.599s] INFO:colcon.colcon_core.shell:Creating environment descriptor '/home/mohana/Desktop/robot_ws/install/parking_bringup/share/parking_bringup/hook/cmake_prefix_path.dsv'
[4.600s] INFO:colcon.colcon_core.shell:Creating environment hook '/home/mohana/Desktop/robot_ws/install/parking_bringup/share/parking_bringup/hook/cmake_prefix_path.sh'
[4.601s] Level 1:colcon.colcon_core.environment:checking '/home/mohana/Desktop/robot_ws/install/parking_bringup/bin'
[4.601s] Level 1:colcon.colcon_core.environment:checking '/home/mohana/Desktop/robot_ws/install/parking_bringup/lib/pkgconfig/parking_bringup.pc'
[4.602s] Level 1:colcon.colcon_core.environment:checking '/home/mohana/Desktop/robot_ws/install/parking_bringup/lib/python3.12/site-packages'
[4.602s] Level 1:colcon.colcon_core.environment:checking '/home/mohana/Desktop/robot_ws/install/parking_bringup/bin'
[4.603s] INFO:colcon.colcon_core.shell:Creating package script '/home/mohana/Desktop/robot_ws/install/parking_bringup/share/parking_bringup/package.ps1'
[4.604s] INFO:colcon.colcon_core.shell:Creating package descriptor '/home/mohana/Desktop/robot_ws/install/parking_bringup/share/parking_bringup/package.dsv'
[4.605s] INFO:colcon.colcon_core.shell:Creating package script '/home/mohana/Desktop/robot_ws/install/parking_bringup/share/parking_bringup/package.sh'
[4.606s] INFO:colcon.colcon_core.shell:Creating package script '/home/mohana/Desktop/robot_ws/install/parking_bringup/share/parking_bringup/package.bash'
[4.607s] INFO:colcon.colcon_core.shell:Creating package script '/home/mohana/Desktop/robot_ws/install/parking_bringup/share/parking_bringup/package.zsh'
[4.608s] Level 1:colcon.colcon_core.environment:create_file_with_runtime_dependencies(/home/mohana/Desktop/robot_ws/install/parking_bringup/share/colcon-core/packages/parking_bringup)
[4.609s] Level 1:colcon.colcon_core.environment:create_environment_scripts_only(parking_bringup)
[4.610s] Level 1:colcon.colcon_core.environment:checking '/home/mohana/Desktop/robot_ws/install/parking_bringup' for CMake module files
[4.612s] Level 1:colcon.colcon_core.environment:checking '/home/mohana/Desktop/robot_ws/install/parking_bringup' for CMake config files
[4.612s] Level 1:colcon.colcon_core.shell:create_environment_hook('parking_bringup', 'cmake_prefix_path')
[4.613s] INFO:colcon.colcon_core.shell:Creating environment hook '/home/mohana/Desktop/robot_ws/install/parking_bringup/share/parking_bringup/hook/cmake_prefix_path.ps1'
[4.614s] INFO:colcon.colcon_core.shell:Creating environment descriptor '/home/mohana/Desktop/robot_ws/install/parking_bringup/share/parking_bringup/hook/cmake_prefix_path.dsv'
[4.615s] INFO:colcon.colcon_core.shell:Creating environment hook '/home/mohana/Desktop/robot_ws/install/parking_bringup/share/parking_bringup/hook/cmake_prefix_path.sh'
[4.616s] Level 1:colcon.colcon_core.environment:checking '/home/mohana/Desktop/robot_ws/install/parking_bringup/bin'
[4.617s] Level 1:colcon.colcon_core.environment:checking '/home/mohana/Desktop/robot_ws/install/parking_bringup/lib/pkgconfig/parking_bringup.pc'
[4.617s] Level 1:colcon.colcon_core.environment:checking '/home/mohana/Desktop/robot_ws/install/parking_bringup/lib/python3.12/site-packages'
[4.618s] Level 1:colcon.colcon_core.environment:checking '/home/mohana/Desktop/robot_ws/install/parking_bringup/bin'
[4.618s] INFO:colcon.colcon_core.shell:Creating package script '/home/mohana/Desktop/robot_ws/install/parking_bringup/share/parking_bringup/package.ps1'
[4.620s] INFO:colcon.colcon_core.shell:Creating package descriptor '/home/mohana/Desktop/robot_ws/install/parking_bringup/share/parking_bringup/package.dsv'
[4.621s] INFO:colcon.colcon_core.shell:Creating package script '/home/mohana/Desktop/robot_ws/install/parking_bringup/share/parking_bringup/package.sh'
[4.623s] INFO:colcon.colcon_core.shell:Creating package script '/home/mohana/Desktop/robot_ws/install/parking_bringup/share/parking_bringup/package.bash'
[4.624s] INFO:colcon.colcon_core.shell:Creating package script '/home/mohana/Desktop/robot_ws/install/parking_bringup/share/parking_bringup/package.zsh'
[4.625s] Level 1:colcon.colcon_core.environment:create_file_with_runtime_dependencies(/home/mohana/Desktop/robot_ws/install/parking_bringup/share/colcon-core/packages/parking_bringup)
[4.626s] DEBUG:colcon.colcon_parallel_executor.executor.parallel:closing loop
[4.627s] DEBUG:colcon.colcon_parallel_executor.executor.parallel:loop closed
[4.627s] DEBUG:colcon.colcon_parallel_executor.executor.parallel:run_until_complete finished with '0'
[4.627s] DEBUG:colcon.colcon_core.event_reactor:joining thread
[4.641s] INFO:colcon.colcon_core.plugin_system:Skipping extension 'colcon_notification.desktop_notification.terminal_notifier': Not used on non-Darwin systems
[4.642s] INFO:colcon.colcon_core.plugin_system:Skipping extension 'colcon_notification.desktop_notification.win32': Not used on non-Windows systems
[4.642s] INFO:colcon.colcon_notification.desktop_notification:Sending desktop notification using 'notify2'
[4.686s] DEBUG:colcon.colcon_core.event_reactor:joined thread
[4.686s] INFO:colcon.colcon_core.shell:Creating prefix script '/home/mohana/Desktop/robot_ws/install/local_setup.ps1'
[4.689s] INFO:colcon.colcon_core.shell:Creating prefix util module '/home/mohana/Desktop/robot_ws/install/_local_setup_util_ps1.py'
[4.692s] INFO:colcon.colcon_core.shell:Creating prefix chain script '/home/mohana/Desktop/robot_ws/install/setup.ps1'
[4.695s] INFO:colcon.colcon_core.shell:Creating prefix script '/home/mohana/Desktop/robot_ws/install/local_setup.sh'
[4.697s] INFO:colcon.colcon_core.shell:Creating prefix util module '/home/mohana/Desktop/robot_ws/install/_local_setup_util_sh.py'
[4.699s] INFO:colcon.colcon_core.shell:Creating prefix chain script '/home/mohana/Desktop/robot_ws/install/setup.sh'
[4.702s] INFO:colcon.colcon_core.shell:Creating prefix script '/home/mohana/Desktop/robot_ws/install/local_setup.bash'
[4.703s] INFO:colcon.colcon_core.shell:Creating prefix chain script '/home/mohana/Desktop/robot_ws/install/setup.bash'
[4.706s] INFO:colcon.colcon_core.shell:Creating prefix script '/home/mohana/Desktop/robot_ws/install/local_setup.zsh'
[4.708s] INFO:colcon.colcon_core.shell:Creating prefix chain script '/home/mohana/Desktop/robot_ws/install/setup.zsh'
