[0.047s] Invoking command in '/home/mohana/Desktop/robot_ws/build/parking_car': CMAKE_PREFIX_PATH=${CMAKE_PREFIX_PATH}:/opt/ros/jazzy DEBUGINFOD_URLS=https://debuginfod.ubuntu.com /usr/bin/cmake /home/mohana/Desktop/robot_ws/src/parking_car -DCMAKE_INSTALL_PREFIX=/home/mohana/Desktop/robot_ws/install/parking_car
[0.093s] -- Found ament_cmake: 2.5.5 (/opt/ros/jazzy/share/ament_cmake/cmake)
[0.835s] -- Configuring incomplete, errors occurred!
[0.836s] [31mCMake Error at CMakeLists.txt:20 (find_package):
[0.836s]   By not providing "Findxacro.cmake" in CMAKE_MODULE_PATH this project has
[0.837s]   asked CMake to find a package configuration file provided by "xacro", but
[0.841s]   CMake did not find one.
[0.842s] 
[0.842s]   Could not find a package configuration file provided by "xacro" with any of
[0.842s]   the following names:
[0.843s] 
[0.847s]     xacroConfig.cmake
[0.847s]     xacro-config.cmake
[0.848s] 
[0.848s]   Add the installation prefix of "xacro" to CMAKE_PREFIX_PATH or set
[0.848s]   "xacro_DIR" to a directory containing one of the above files.  If "xacro"
[0.848s]   provides a separate development package or SDK, be sure it has been
[0.848s]   installed.
[0.849s] 
[0.849s] [0m
[0.864s] Invoked command in '/home/mohana/Desktop/robot_ws/build/parking_car' returned '1': CMAKE_PREFIX_PATH=${CMAKE_PREFIX_PATH}:/opt/ros/jazzy DEBUGINFOD_URLS=https://debuginfod.ubuntu.com /usr/bin/cmake /home/mohana/Desktop/robot_ws/src/parking_car -DCMAKE_INSTALL_PREFIX=/home/mohana/Desktop/robot_ws/install/parking_car
