[0.032s] Invoking command in '/home/mohana/Desktop/robot_ws/build/sam_bringup': CMAKE_PREFIX_PATH=${CMAKE_PREFIX_PATH}:/opt/ros/jazzy DEBUGINFOD_URLS=https://debuginfod.ubuntu.com /usr/bin/cmake /home/mohana/Desktop/robot_ws/src/sam_bringup -DCMAKE_INSTALL_PREFIX=/home/mohana/Desktop/robot_ws/install/sam_bringup
[0.160s] -- The C compiler identification is GNU 13.3.0
[0.296s] -- The CXX compiler identification is GNU 13.3.0
[0.337s] -- Detecting C compiler ABI info
[0.543s] -- Detecting C compiler ABI info - done
[0.581s] -- Check for working C compiler: /usr/bin/cc - skipped
[0.584s] -- Detecting C compile features
[0.584s] -- Detecting C compile features - done
[0.604s] -- Detecting CXX compiler ABI info
[0.832s] -- Detecting CXX compiler ABI info - done
[0.852s] -- Check for working CXX compiler: /usr/bin/c++ - skipped
[0.852s] -- Detecting CXX compile features
[0.853s] -- Detecting CXX compile features - done
[0.859s] -- Found ament_cmake: 2.5.5 (/opt/ros/jazzy/share/ament_cmake/cmake)
[1.197s] -- Found Python3: /usr/bin/python3 (found version "3.12.3") found components: Interpreter 
[1.481s] [31mCMake Error at CMakeLists.txt:20 (find_package):
[1.482s]   By not providing "Findxacro.cmake" in CMAKE_MODULE_PATH this project has
[1.482s]   asked CMake to find a package configuration file provided by "xacro", but
[1.482s]   CMake did not find one.
[1.482s] 
[1.482s]   Could not find a package configuration file provided by "xacro" with any of
[1.483s]   the following names:
[1.483s] 
[1.483s]     xacroConfig.cmake
[1.483s]     xacro-config.cmake
[1.484s] 
[1.484s]   Add the installation prefix of "xacro" to CMAKE_PREFIX_PATH or set
[1.485s]   "xacro_DIR" to a directory containing one of the above files.  If "xacro"
[1.485s]   provides a separate development package or SDK, be sure it has been
[1.485s]   installed.
[1.486s] 
[1.486s] [0m
[1.487s] -- Configuring incomplete, errors occurred!
[1.495s] Invoked command in '/home/mohana/Desktop/robot_ws/build/sam_bringup' returned '1': CMAKE_PREFIX_PATH=${CMAKE_PREFIX_PATH}:/opt/ros/jazzy DEBUGINFOD_URLS=https://debuginfod.ubuntu.com /usr/bin/cmake /home/mohana/Desktop/robot_ws/src/sam_bringup -DCMAKE_INSTALL_PREFIX=/home/mohana/Desktop/robot_ws/install/sam_bringup
