[0.153s] DEBUG:colcon:Command line arguments: ['/usr/bin/colcon', 'build', '--packages-select-regex', 'parking']
[0.153s] DEBUG:colcon:Parsed command line arguments: Namespace(log_base=None, log_level=None, verb_name='build', build_base='build', install_base='install', merge_install=False, symlink_install=False, test_result_base=None, continue_on_error=False, executor='parallel', parallel_workers=8, event_handlers=None, ignore_user_meta=False, metas=['./colcon.meta'], base_paths=['.'], packages_ignore=None, packages_ignore_regex=None, paths=None, packages_up_to=None, packages_up_to_regex=None, packages_above=None, packages_above_and_dependencies=None, packages_above_depth=None, packages_select_by_dep=None, packages_skip_by_dep=None, packages_skip_up_to=None, packages_select_build_failed=False, packages_skip_build_finished=False, packages_select_test_failures=False, packages_skip_test_passed=False, packages_select=None, packages_skip=None, packages_select_regex=[re.compile('parking')], packages_skip_regex=None, packages_start=None, packages_end=None, allow_overriding=[], cmake_args=None, cmake_target=None, cmake_target_skip_unavailable=False, cmake_clean_cache=False, cmake_clean_first=False, cmake_force_configure=False, ament_cmake_args=None, catkin_cmake_args=None, catkin_skip_building_tests=False, mixin_files=None, mixin=None, verb_parser=<colcon_mixin.mixin.mixin_argument.MixinArgumentDecorator object at 0x7de8173c5730>, verb_extension=<colcon_core.verb.build.BuildVerb object at 0x7de817301cd0>, main=<bound method BuildVerb.main of <colcon_core.verb.build.BuildVerb object at 0x7de817301cd0>>, mixin_verb=('build',))
[0.201s] Level 1:colcon.colcon_core.package_discovery:discover_packages(colcon_meta) check parameters
[0.202s] Level 1:colcon.colcon_core.package_discovery:discover_packages(recursive) check parameters
[0.202s] Level 1:colcon.colcon_core.package_discovery:discover_packages(ignore) check parameters
[0.202s] Level 1:colcon.colcon_core.package_discovery:discover_packages(path) check parameters
[0.202s] Level 1:colcon.colcon_core.package_discovery:discover_packages(colcon_meta) discover
[0.202s] Level 1:colcon.colcon_core.package_discovery:discover_packages(recursive) discover
[0.203s] INFO:colcon.colcon_core.package_discovery:Crawling recursively for packages in '/home/mohana/Desktop/robot_ws'
[0.203s] Level 1:colcon.colcon_core.package_identification:_identify(.) by extensions ['ignore', 'ignore_ament_install']
[0.203s] Level 1:colcon.colcon_core.package_identification:_identify(.) by extension 'ignore'
[0.203s] Level 1:colcon.colcon_core.package_identification:_identify(.) by extension 'ignore_ament_install'
[0.203s] Level 1:colcon.colcon_core.package_identification:_identify(.) by extensions ['colcon_pkg']
[0.203s] Level 1:colcon.colcon_core.package_identification:_identify(.) by extension 'colcon_pkg'
[0.203s] Level 1:colcon.colcon_core.package_identification:_identify(.) by extensions ['colcon_meta']
[0.203s] Level 1:colcon.colcon_core.package_identification:_identify(.) by extension 'colcon_meta'
[0.203s] Level 1:colcon.colcon_core.package_identification:_identify(.) by extensions ['ros']
[0.203s] Level 1:colcon.colcon_core.package_identification:_identify(.) by extension 'ros'
[0.231s] Level 1:colcon.colcon_core.package_identification:_identify(.) by extensions ['cmake', 'python']
[0.231s] Level 1:colcon.colcon_core.package_identification:_identify(.) by extension 'cmake'
[0.231s] Level 1:colcon.colcon_core.package_identification:_identify(.) by extension 'python'
[0.231s] Level 1:colcon.colcon_core.package_identification:_identify(.) by extensions ['python_setup_py']
[0.231s] Level 1:colcon.colcon_core.package_identification:_identify(.) by extension 'python_setup_py'
[0.231s] Level 1:colcon.colcon_core.package_identification:_identify(build) by extensions ['ignore', 'ignore_ament_install']
[0.231s] Level 1:colcon.colcon_core.package_identification:_identify(build) by extension 'ignore'
[0.232s] Level 1:colcon.colcon_core.package_identification:_identify(build) ignored
[0.232s] Level 1:colcon.colcon_core.package_identification:_identify(install) by extensions ['ignore', 'ignore_ament_install']
[0.232s] Level 1:colcon.colcon_core.package_identification:_identify(install) by extension 'ignore'
[0.232s] Level 1:colcon.colcon_core.package_identification:_identify(install) ignored
[0.232s] Level 1:colcon.colcon_core.package_identification:_identify(log) by extensions ['ignore', 'ignore_ament_install']
[0.232s] Level 1:colcon.colcon_core.package_identification:_identify(log) by extension 'ignore'
[0.232s] Level 1:colcon.colcon_core.package_identification:_identify(log) ignored
[0.232s] Level 1:colcon.colcon_core.package_identification:_identify(src) by extensions ['ignore', 'ignore_ament_install']
[0.232s] Level 1:colcon.colcon_core.package_identification:_identify(src) by extension 'ignore'
[0.232s] Level 1:colcon.colcon_core.package_identification:_identify(src) by extension 'ignore_ament_install'
[0.232s] Level 1:colcon.colcon_core.package_identification:_identify(src) by extensions ['colcon_pkg']
[0.232s] Level 1:colcon.colcon_core.package_identification:_identify(src) by extension 'colcon_pkg'
[0.232s] Level 1:colcon.colcon_core.package_identification:_identify(src) by extensions ['colcon_meta']
[0.232s] Level 1:colcon.colcon_core.package_identification:_identify(src) by extension 'colcon_meta'
[0.232s] Level 1:colcon.colcon_core.package_identification:_identify(src) by extensions ['ros']
[0.233s] Level 1:colcon.colcon_core.package_identification:_identify(src) by extension 'ros'
[0.233s] Level 1:colcon.colcon_core.package_identification:_identify(src) by extensions ['cmake', 'python']
[0.233s] Level 1:colcon.colcon_core.package_identification:_identify(src) by extension 'cmake'
[0.233s] Level 1:colcon.colcon_core.package_identification:_identify(src) by extension 'python'
[0.233s] Level 1:colcon.colcon_core.package_identification:_identify(src) by extensions ['python_setup_py']
[0.233s] Level 1:colcon.colcon_core.package_identification:_identify(src) by extension 'python_setup_py'
[0.233s] Level 1:colcon.colcon_core.package_identification:_identify(src/nav2_bringup) by extensions ['ignore', 'ignore_ament_install']
[0.233s] Level 1:colcon.colcon_core.package_identification:_identify(src/nav2_bringup) by extension 'ignore'
[0.233s] Level 1:colcon.colcon_core.package_identification:_identify(src/nav2_bringup) by extension 'ignore_ament_install'
[0.233s] Level 1:colcon.colcon_core.package_identification:_identify(src/nav2_bringup) by extensions ['colcon_pkg']
[0.233s] Level 1:colcon.colcon_core.package_identification:_identify(src/nav2_bringup) by extension 'colcon_pkg'
[0.233s] Level 1:colcon.colcon_core.package_identification:_identify(src/nav2_bringup) by extensions ['colcon_meta']
[0.233s] Level 1:colcon.colcon_core.package_identification:_identify(src/nav2_bringup) by extension 'colcon_meta'
[0.233s] Level 1:colcon.colcon_core.package_identification:_identify(src/nav2_bringup) by extensions ['ros']
[0.233s] Level 1:colcon.colcon_core.package_identification:_identify(src/nav2_bringup) by extension 'ros'
[0.236s] DEBUG:colcon.colcon_core.package_identification:Package 'src/nav2_bringup' with type 'ros.ament_cmake' and name 'nav2_bringup'
[0.236s] Level 1:colcon.colcon_core.package_identification:_identify(src/nav2_minimal_tb4_description) by extensions ['ignore', 'ignore_ament_install']
[0.236s] Level 1:colcon.colcon_core.package_identification:_identify(src/nav2_minimal_tb4_description) by extension 'ignore'
[0.236s] Level 1:colcon.colcon_core.package_identification:_identify(src/nav2_minimal_tb4_description) by extension 'ignore_ament_install'
[0.236s] Level 1:colcon.colcon_core.package_identification:_identify(src/nav2_minimal_tb4_description) by extensions ['colcon_pkg']
[0.237s] Level 1:colcon.colcon_core.package_identification:_identify(src/nav2_minimal_tb4_description) by extension 'colcon_pkg'
[0.237s] Level 1:colcon.colcon_core.package_identification:_identify(src/nav2_minimal_tb4_description) by extensions ['colcon_meta']
[0.237s] Level 1:colcon.colcon_core.package_identification:_identify(src/nav2_minimal_tb4_description) by extension 'colcon_meta'
[0.237s] Level 1:colcon.colcon_core.package_identification:_identify(src/nav2_minimal_tb4_description) by extensions ['ros']
[0.237s] Level 1:colcon.colcon_core.package_identification:_identify(src/nav2_minimal_tb4_description) by extension 'ros'
[0.237s] DEBUG:colcon.colcon_core.package_identification:Package 'src/nav2_minimal_tb4_description' with type 'ros.ament_cmake' and name 'nav2_minimal_tb4_description'
[0.238s] Level 1:colcon.colcon_core.package_identification:_identify(src/nav2_minimal_tb4_sim) by extensions ['ignore', 'ignore_ament_install']
[0.238s] Level 1:colcon.colcon_core.package_identification:_identify(src/nav2_minimal_tb4_sim) by extension 'ignore'
[0.238s] Level 1:colcon.colcon_core.package_identification:_identify(src/nav2_minimal_tb4_sim) by extension 'ignore_ament_install'
[0.238s] Level 1:colcon.colcon_core.package_identification:_identify(src/nav2_minimal_tb4_sim) by extensions ['colcon_pkg']
[0.238s] Level 1:colcon.colcon_core.package_identification:_identify(src/nav2_minimal_tb4_sim) by extension 'colcon_pkg'
[0.238s] Level 1:colcon.colcon_core.package_identification:_identify(src/nav2_minimal_tb4_sim) by extensions ['colcon_meta']
[0.238s] Level 1:colcon.colcon_core.package_identification:_identify(src/nav2_minimal_tb4_sim) by extension 'colcon_meta'
[0.238s] Level 1:colcon.colcon_core.package_identification:_identify(src/nav2_minimal_tb4_sim) by extensions ['ros']
[0.238s] Level 1:colcon.colcon_core.package_identification:_identify(src/nav2_minimal_tb4_sim) by extension 'ros'
[0.239s] DEBUG:colcon.colcon_core.package_identification:Package 'src/nav2_minimal_tb4_sim' with type 'ros.ament_cmake' and name 'nav2_minimal_tb4_sim'
[0.239s] Level 1:colcon.colcon_core.package_identification:_identify(src/parking_bringup) by extensions ['ignore', 'ignore_ament_install']
[0.239s] Level 1:colcon.colcon_core.package_identification:_identify(src/parking_bringup) by extension 'ignore'
[0.239s] Level 1:colcon.colcon_core.package_identification:_identify(src/parking_bringup) by extension 'ignore_ament_install'
[0.239s] Level 1:colcon.colcon_core.package_identification:_identify(src/parking_bringup) by extensions ['colcon_pkg']
[0.239s] Level 1:colcon.colcon_core.package_identification:_identify(src/parking_bringup) by extension 'colcon_pkg'
[0.239s] Level 1:colcon.colcon_core.package_identification:_identify(src/parking_bringup) by extensions ['colcon_meta']
[0.239s] Level 1:colcon.colcon_core.package_identification:_identify(src/parking_bringup) by extension 'colcon_meta'
[0.239s] Level 1:colcon.colcon_core.package_identification:_identify(src/parking_bringup) by extensions ['ros']
[0.239s] Level 1:colcon.colcon_core.package_identification:_identify(src/parking_bringup) by extension 'ros'
[0.240s] DEBUG:colcon.colcon_core.package_identification:Package 'src/parking_bringup' with type 'ros.ament_cmake' and name 'parking_bringup'
[0.240s] Level 1:colcon.colcon_core.package_identification:_identify(src/parking_car) by extensions ['ignore', 'ignore_ament_install']
[0.240s] Level 1:colcon.colcon_core.package_identification:_identify(src/parking_car) by extension 'ignore'
[0.240s] Level 1:colcon.colcon_core.package_identification:_identify(src/parking_car) by extension 'ignore_ament_install'
[0.240s] Level 1:colcon.colcon_core.package_identification:_identify(src/parking_car) by extensions ['colcon_pkg']
[0.240s] Level 1:colcon.colcon_core.package_identification:_identify(src/parking_car) by extension 'colcon_pkg'
[0.241s] Level 1:colcon.colcon_core.package_identification:_identify(src/parking_car) by extensions ['colcon_meta']
[0.241s] Level 1:colcon.colcon_core.package_identification:_identify(src/parking_car) by extension 'colcon_meta'
[0.241s] Level 1:colcon.colcon_core.package_identification:_identify(src/parking_car) by extensions ['ros']
[0.241s] Level 1:colcon.colcon_core.package_identification:_identify(src/parking_car) by extension 'ros'
[0.241s] DEBUG:colcon.colcon_core.package_identification:Package 'src/parking_car' with type 'ros.ament_cmake' and name 'parking_car'
[0.241s] Level 1:colcon.colcon_core.package_identification:_identify(src/parking_world) by extensions ['ignore', 'ignore_ament_install']
[0.242s] Level 1:colcon.colcon_core.package_identification:_identify(src/parking_world) by extension 'ignore'
[0.242s] Level 1:colcon.colcon_core.package_identification:_identify(src/parking_world) by extension 'ignore_ament_install'
[0.242s] Level 1:colcon.colcon_core.package_identification:_identify(src/parking_world) by extensions ['colcon_pkg']
[0.242s] Level 1:colcon.colcon_core.package_identification:_identify(src/parking_world) by extension 'colcon_pkg'
[0.242s] Level 1:colcon.colcon_core.package_identification:_identify(src/parking_world) by extensions ['colcon_meta']
[0.242s] Level 1:colcon.colcon_core.package_identification:_identify(src/parking_world) by extension 'colcon_meta'
[0.242s] Level 1:colcon.colcon_core.package_identification:_identify(src/parking_world) by extensions ['ros']
[0.242s] Level 1:colcon.colcon_core.package_identification:_identify(src/parking_world) by extension 'ros'
[0.243s] DEBUG:colcon.colcon_core.package_identification:Package 'src/parking_world' with type 'ros.ament_cmake' and name 'parking_world'
[0.243s] Level 1:colcon.colcon_core.package_identification:_identify(src/sam_bringup) by extensions ['ignore', 'ignore_ament_install']
[0.243s] Level 1:colcon.colcon_core.package_identification:_identify(src/sam_bringup) by extension 'ignore'
[0.243s] Level 1:colcon.colcon_core.package_identification:_identify(src/sam_bringup) by extension 'ignore_ament_install'
[0.243s] Level 1:colcon.colcon_core.package_identification:_identify(src/sam_bringup) by extensions ['colcon_pkg']
[0.243s] Level 1:colcon.colcon_core.package_identification:_identify(src/sam_bringup) by extension 'colcon_pkg'
[0.243s] Level 1:colcon.colcon_core.package_identification:_identify(src/sam_bringup) by extensions ['colcon_meta']
[0.243s] Level 1:colcon.colcon_core.package_identification:_identify(src/sam_bringup) by extension 'colcon_meta'
[0.243s] Level 1:colcon.colcon_core.package_identification:_identify(src/sam_bringup) by extensions ['ros']
[0.243s] Level 1:colcon.colcon_core.package_identification:_identify(src/sam_bringup) by extension 'ros'
[0.244s] DEBUG:colcon.colcon_core.package_identification:Package 'src/sam_bringup' with type 'ros.ament_cmake' and name 'sam_bringup'
[0.244s] Level 1:colcon.colcon_core.package_identification:_identify(src/sam_description) by extensions ['ignore', 'ignore_ament_install']
[0.244s] Level 1:colcon.colcon_core.package_identification:_identify(src/sam_description) by extension 'ignore'
[0.244s] Level 1:colcon.colcon_core.package_identification:_identify(src/sam_description) by extension 'ignore_ament_install'
[0.244s] Level 1:colcon.colcon_core.package_identification:_identify(src/sam_description) by extensions ['colcon_pkg']
[0.244s] Level 1:colcon.colcon_core.package_identification:_identify(src/sam_description) by extension 'colcon_pkg'
[0.244s] Level 1:colcon.colcon_core.package_identification:_identify(src/sam_description) by extensions ['colcon_meta']
[0.244s] Level 1:colcon.colcon_core.package_identification:_identify(src/sam_description) by extension 'colcon_meta'
[0.244s] Level 1:colcon.colcon_core.package_identification:_identify(src/sam_description) by extensions ['ros']
[0.244s] Level 1:colcon.colcon_core.package_identification:_identify(src/sam_description) by extension 'ros'
[0.244s] Level 1:colcon.colcon_core.package_identification:_identify(src/sam_description) by extensions ['cmake', 'python']
[0.244s] Level 1:colcon.colcon_core.package_identification:_identify(src/sam_description) by extension 'cmake'
[0.244s] Level 1:colcon.colcon_core.package_identification:_identify(src/sam_description) by extension 'python'
[0.244s] Level 1:colcon.colcon_core.package_identification:_identify(src/sam_description) by extensions ['python_setup_py']
[0.244s] Level 1:colcon.colcon_core.package_identification:_identify(src/sam_description) by extension 'python_setup_py'
[0.244s] Level 1:colcon.colcon_core.package_identification:_identify(src/sam_world) by extensions ['ignore', 'ignore_ament_install']
[0.244s] Level 1:colcon.colcon_core.package_identification:_identify(src/sam_world) by extension 'ignore'
[0.245s] Level 1:colcon.colcon_core.package_identification:_identify(src/sam_world) by extension 'ignore_ament_install'
[0.245s] Level 1:colcon.colcon_core.package_identification:_identify(src/sam_world) by extensions ['colcon_pkg']
[0.245s] Level 1:colcon.colcon_core.package_identification:_identify(src/sam_world) by extension 'colcon_pkg'
[0.245s] Level 1:colcon.colcon_core.package_identification:_identify(src/sam_world) by extensions ['colcon_meta']
[0.245s] Level 1:colcon.colcon_core.package_identification:_identify(src/sam_world) by extension 'colcon_meta'
[0.245s] Level 1:colcon.colcon_core.package_identification:_identify(src/sam_world) by extensions ['ros']
[0.245s] Level 1:colcon.colcon_core.package_identification:_identify(src/sam_world) by extension 'ros'
[0.245s] Level 1:colcon.colcon_core.package_identification:_identify(src/sam_world) by extensions ['cmake', 'python']
[0.245s] Level 1:colcon.colcon_core.package_identification:_identify(src/sam_world) by extension 'cmake'
[0.245s] Level 1:colcon.colcon_core.package_identification:_identify(src/sam_world) by extension 'python'
[0.245s] Level 1:colcon.colcon_core.package_identification:_identify(src/sam_world) by extensions ['python_setup_py']
[0.245s] Level 1:colcon.colcon_core.package_identification:_identify(src/sam_world) by extension 'python_setup_py'
[0.245s] Level 1:colcon.colcon_core.package_discovery:discover_packages(recursive) using defaults
[0.245s] Level 1:colcon.colcon_core.package_discovery:discover_packages(ignore) discover
[0.245s] Level 1:colcon.colcon_core.package_discovery:discover_packages(ignore) using defaults
[0.245s] Level 1:colcon.colcon_core.package_discovery:discover_packages(path) discover
[0.245s] Level 1:colcon.colcon_core.package_discovery:discover_packages(path) using defaults
[0.267s] INFO:colcon.colcon_core.package_selection:Skipping not selected package 'nav2_minimal_tb4_description' in 'src/nav2_minimal_tb4_description'
[0.267s] INFO:colcon.colcon_core.package_selection:Skipping not selected package 'sam_bringup' in 'src/sam_bringup'
[0.267s] INFO:colcon.colcon_core.package_selection:Skipping not selected package 'nav2_minimal_tb4_sim' in 'src/nav2_minimal_tb4_sim'
[0.267s] INFO:colcon.colcon_core.package_selection:Skipping not selected package 'nav2_bringup' in 'src/nav2_bringup'
[0.267s] Level 1:colcon.colcon_core.package_discovery:discover_packages(prefix_path) check parameters
[0.267s] Level 1:colcon.colcon_core.package_discovery:discover_packages(prefix_path) discover
[0.269s] DEBUG:colcon.colcon_installed_package_information.package_discovery:Found 3 installed packages in /home/mohana/Desktop/robot_ws/install
[0.272s] DEBUG:colcon.colcon_installed_package_information.package_discovery:Found 436 installed packages in /opt/ros/jazzy
[0.274s] Level 1:colcon.colcon_core.package_discovery:discover_packages(prefix_path) using defaults
[0.342s] Level 5:colcon.colcon_core.verb:set package 'parking_car' build argument 'cmake_args' from command line to 'None'
[0.343s] Level 5:colcon.colcon_core.verb:set package 'parking_car' build argument 'cmake_target' from command line to 'None'
[0.343s] Level 5:colcon.colcon_core.verb:set package 'parking_car' build argument 'cmake_target_skip_unavailable' from command line to 'False'
[0.343s] Level 5:colcon.colcon_core.verb:set package 'parking_car' build argument 'cmake_clean_cache' from command line to 'False'
[0.343s] Level 5:colcon.colcon_core.verb:set package 'parking_car' build argument 'cmake_clean_first' from command line to 'False'
[0.343s] Level 5:colcon.colcon_core.verb:set package 'parking_car' build argument 'cmake_force_configure' from command line to 'False'
[0.343s] Level 5:colcon.colcon_core.verb:set package 'parking_car' build argument 'ament_cmake_args' from command line to 'None'
[0.343s] Level 5:colcon.colcon_core.verb:set package 'parking_car' build argument 'catkin_cmake_args' from command line to 'None'
[0.343s] Level 5:colcon.colcon_core.verb:set package 'parking_car' build argument 'catkin_skip_building_tests' from command line to 'False'
[0.343s] DEBUG:colcon.colcon_core.verb:Building package 'parking_car' with the following arguments: {'ament_cmake_args': None, 'build_base': '/home/mohana/Desktop/robot_ws/build/parking_car', 'catkin_cmake_args': None, 'catkin_skip_building_tests': False, 'cmake_args': None, 'cmake_clean_cache': False, 'cmake_clean_first': False, 'cmake_force_configure': False, 'cmake_target': None, 'cmake_target_skip_unavailable': False, 'install_base': '/home/mohana/Desktop/robot_ws/install/parking_car', 'merge_install': False, 'path': '/home/mohana/Desktop/robot_ws/src/parking_car', 'symlink_install': False, 'test_result_base': None}
[0.343s] Level 5:colcon.colcon_core.verb:set package 'parking_world' build argument 'cmake_args' from command line to 'None'
[0.343s] Level 5:colcon.colcon_core.verb:set package 'parking_world' build argument 'cmake_target' from command line to 'None'
[0.343s] Level 5:colcon.colcon_core.verb:set package 'parking_world' build argument 'cmake_target_skip_unavailable' from command line to 'False'
[0.343s] Level 5:colcon.colcon_core.verb:set package 'parking_world' build argument 'cmake_clean_cache' from command line to 'False'
[0.343s] Level 5:colcon.colcon_core.verb:set package 'parking_world' build argument 'cmake_clean_first' from command line to 'False'
[0.343s] Level 5:colcon.colcon_core.verb:set package 'parking_world' build argument 'cmake_force_configure' from command line to 'False'
[0.343s] Level 5:colcon.colcon_core.verb:set package 'parking_world' build argument 'ament_cmake_args' from command line to 'None'
[0.343s] Level 5:colcon.colcon_core.verb:set package 'parking_world' build argument 'catkin_cmake_args' from command line to 'None'
[0.343s] Level 5:colcon.colcon_core.verb:set package 'parking_world' build argument 'catkin_skip_building_tests' from command line to 'False'
[0.343s] DEBUG:colcon.colcon_core.verb:Building package 'parking_world' with the following arguments: {'ament_cmake_args': None, 'build_base': '/home/mohana/Desktop/robot_ws/build/parking_world', 'catkin_cmake_args': None, 'catkin_skip_building_tests': False, 'cmake_args': None, 'cmake_clean_cache': False, 'cmake_clean_first': False, 'cmake_force_configure': False, 'cmake_target': None, 'cmake_target_skip_unavailable': False, 'install_base': '/home/mohana/Desktop/robot_ws/install/parking_world', 'merge_install': False, 'path': '/home/mohana/Desktop/robot_ws/src/parking_world', 'symlink_install': False, 'test_result_base': None}
[0.344s] Level 5:colcon.colcon_core.verb:set package 'parking_bringup' build argument 'cmake_args' from command line to 'None'
[0.344s] Level 5:colcon.colcon_core.verb:set package 'parking_bringup' build argument 'cmake_target' from command line to 'None'
[0.344s] Level 5:colcon.colcon_core.verb:set package 'parking_bringup' build argument 'cmake_target_skip_unavailable' from command line to 'False'
[0.344s] Level 5:colcon.colcon_core.verb:set package 'parking_bringup' build argument 'cmake_clean_cache' from command line to 'False'
[0.344s] Level 5:colcon.colcon_core.verb:set package 'parking_bringup' build argument 'cmake_clean_first' from command line to 'False'
[0.344s] Level 5:colcon.colcon_core.verb:set package 'parking_bringup' build argument 'cmake_force_configure' from command line to 'False'
[0.344s] Level 5:colcon.colcon_core.verb:set package 'parking_bringup' build argument 'ament_cmake_args' from command line to 'None'
[0.344s] Level 5:colcon.colcon_core.verb:set package 'parking_bringup' build argument 'catkin_cmake_args' from command line to 'None'
[0.344s] Level 5:colcon.colcon_core.verb:set package 'parking_bringup' build argument 'catkin_skip_building_tests' from command line to 'False'
[0.344s] DEBUG:colcon.colcon_core.verb:Building package 'parking_bringup' with the following arguments: {'ament_cmake_args': None, 'build_base': '/home/mohana/Desktop/robot_ws/build/parking_bringup', 'catkin_cmake_args': None, 'catkin_skip_building_tests': False, 'cmake_args': None, 'cmake_clean_cache': False, 'cmake_clean_first': False, 'cmake_force_configure': False, 'cmake_target': None, 'cmake_target_skip_unavailable': False, 'install_base': '/home/mohana/Desktop/robot_ws/install/parking_bringup', 'merge_install': False, 'path': '/home/mohana/Desktop/robot_ws/src/parking_bringup', 'symlink_install': False, 'test_result_base': None}
[0.344s] INFO:colcon.colcon_core.executor:Executing jobs using 'parallel' executor
[0.345s] DEBUG:colcon.colcon_parallel_executor.executor.parallel:run_until_complete
[0.345s] INFO:colcon.colcon_ros.task.ament_cmake.build:Building ROS package in '/home/mohana/Desktop/robot_ws/src/parking_car' with build type 'ament_cmake'
[0.346s] INFO:colcon.colcon_cmake.task.cmake.build:Building CMake package in '/home/mohana/Desktop/robot_ws/src/parking_car'
[0.348s] INFO:colcon.colcon_core.plugin_system:Skipping extension 'colcon_core.shell.bat': Not used on non-Windows systems
[0.349s] INFO:colcon.colcon_core.shell:Skip shell extension 'powershell' for command environment: Not usable outside of PowerShell
[0.349s] DEBUG:colcon.colcon_core.shell:Skip shell extension 'dsv' for command environment
[0.365s] DEBUG:colcon.colcon_core.event_handler.log_command:Invoking command in '/home/mohana/Desktop/robot_ws/build/parking_car': CMAKE_PREFIX_PATH=${CMAKE_PREFIX_PATH}:/opt/ros/jazzy DEBUGINFOD_URLS=https://debuginfod.ubuntu.com /usr/bin/cmake --build /home/mohana/Desktop/robot_ws/build/parking_car -- -j8 -l8
[0.429s] DEBUG:colcon.colcon_core.event_handler.log_command:Invoked command in '/home/mohana/Desktop/robot_ws/build/parking_car' returned '0': CMAKE_PREFIX_PATH=${CMAKE_PREFIX_PATH}:/opt/ros/jazzy DEBUGINFOD_URLS=https://debuginfod.ubuntu.com /usr/bin/cmake --build /home/mohana/Desktop/robot_ws/build/parking_car -- -j8 -l8
[0.448s] DEBUG:colcon.colcon_core.event_handler.log_command:Invoking command in '/home/mohana/Desktop/robot_ws/build/parking_car': CMAKE_PREFIX_PATH=${CMAKE_PREFIX_PATH}:/opt/ros/jazzy DEBUGINFOD_URLS=https://debuginfod.ubuntu.com /usr/bin/cmake --install /home/mohana/Desktop/robot_ws/build/parking_car
[0.474s] Level 1:colcon.colcon_core.environment:create_environment_scripts_only(parking_car)
[0.492s] Level 1:colcon.colcon_core.environment:checking '/home/mohana/Desktop/robot_ws/install/parking_car' for CMake module files
[0.496s] Level 1:colcon.colcon_core.environment:checking '/home/mohana/Desktop/robot_ws/install/parking_car' for CMake config files
[0.498s] DEBUG:colcon.colcon_core.event_handler.log_command:Invoked command in '/home/mohana/Desktop/robot_ws/build/parking_car' returned '0': CMAKE_PREFIX_PATH=${CMAKE_PREFIX_PATH}:/opt/ros/jazzy DEBUGINFOD_URLS=https://debuginfod.ubuntu.com /usr/bin/cmake --install /home/mohana/Desktop/robot_ws/build/parking_car
[0.499s] Level 1:colcon.colcon_core.shell:create_environment_hook('parking_car', 'cmake_prefix_path')
[0.499s] INFO:colcon.colcon_core.shell:Creating environment hook '/home/mohana/Desktop/robot_ws/install/parking_car/share/parking_car/hook/cmake_prefix_path.ps1'
[0.501s] INFO:colcon.colcon_core.shell:Creating environment descriptor '/home/mohana/Desktop/robot_ws/install/parking_car/share/parking_car/hook/cmake_prefix_path.dsv'
[0.502s] INFO:colcon.colcon_core.shell:Creating environment hook '/home/mohana/Desktop/robot_ws/install/parking_car/share/parking_car/hook/cmake_prefix_path.sh'
[0.504s] Level 1:colcon.colcon_core.environment:checking '/home/mohana/Desktop/robot_ws/install/parking_car/bin'
[0.504s] Level 1:colcon.colcon_core.environment:checking '/home/mohana/Desktop/robot_ws/install/parking_car/lib/pkgconfig/parking_car.pc'
[0.505s] Level 1:colcon.colcon_core.environment:checking '/home/mohana/Desktop/robot_ws/install/parking_car/lib/python3.12/site-packages'
[0.505s] Level 1:colcon.colcon_core.environment:checking '/home/mohana/Desktop/robot_ws/install/parking_car/bin'
[0.506s] INFO:colcon.colcon_core.shell:Creating package script '/home/mohana/Desktop/robot_ws/install/parking_car/share/parking_car/package.ps1'
[0.508s] INFO:colcon.colcon_core.shell:Creating package descriptor '/home/mohana/Desktop/robot_ws/install/parking_car/share/parking_car/package.dsv'
[0.509s] INFO:colcon.colcon_core.shell:Creating package script '/home/mohana/Desktop/robot_ws/install/parking_car/share/parking_car/package.sh'
[0.510s] INFO:colcon.colcon_core.shell:Creating package script '/home/mohana/Desktop/robot_ws/install/parking_car/share/parking_car/package.bash'
[0.512s] INFO:colcon.colcon_core.shell:Creating package script '/home/mohana/Desktop/robot_ws/install/parking_car/share/parking_car/package.zsh'
[0.514s] Level 1:colcon.colcon_core.environment:create_file_with_runtime_dependencies(/home/mohana/Desktop/robot_ws/install/parking_car/share/colcon-core/packages/parking_car)
[0.515s] Level 1:colcon.colcon_core.environment:create_environment_scripts_only(parking_car)
[0.516s] Level 1:colcon.colcon_core.environment:checking '/home/mohana/Desktop/robot_ws/install/parking_car' for CMake module files
[0.517s] Level 1:colcon.colcon_core.environment:checking '/home/mohana/Desktop/robot_ws/install/parking_car' for CMake config files
[0.518s] Level 1:colcon.colcon_core.shell:create_environment_hook('parking_car', 'cmake_prefix_path')
[0.518s] INFO:colcon.colcon_core.shell:Creating environment hook '/home/mohana/Desktop/robot_ws/install/parking_car/share/parking_car/hook/cmake_prefix_path.ps1'
[0.520s] INFO:colcon.colcon_core.shell:Creating environment descriptor '/home/mohana/Desktop/robot_ws/install/parking_car/share/parking_car/hook/cmake_prefix_path.dsv'
[0.521s] INFO:colcon.colcon_core.shell:Creating environment hook '/home/mohana/Desktop/robot_ws/install/parking_car/share/parking_car/hook/cmake_prefix_path.sh'
[0.522s] Level 1:colcon.colcon_core.environment:checking '/home/mohana/Desktop/robot_ws/install/parking_car/bin'
[0.522s] Level 1:colcon.colcon_core.environment:checking '/home/mohana/Desktop/robot_ws/install/parking_car/lib/pkgconfig/parking_car.pc'
[0.523s] Level 1:colcon.colcon_core.environment:checking '/home/mohana/Desktop/robot_ws/install/parking_car/lib/python3.12/site-packages'
[0.523s] Level 1:colcon.colcon_core.environment:checking '/home/mohana/Desktop/robot_ws/install/parking_car/bin'
[0.524s] INFO:colcon.colcon_core.shell:Creating package script '/home/mohana/Desktop/robot_ws/install/parking_car/share/parking_car/package.ps1'
[0.525s] INFO:colcon.colcon_core.shell:Creating package descriptor '/home/mohana/Desktop/robot_ws/install/parking_car/share/parking_car/package.dsv'
[0.526s] INFO:colcon.colcon_core.shell:Creating package script '/home/mohana/Desktop/robot_ws/install/parking_car/share/parking_car/package.sh'
[0.528s] INFO:colcon.colcon_core.shell:Creating package script '/home/mohana/Desktop/robot_ws/install/parking_car/share/parking_car/package.bash'
[0.529s] INFO:colcon.colcon_core.shell:Creating package script '/home/mohana/Desktop/robot_ws/install/parking_car/share/parking_car/package.zsh'
[0.530s] Level 1:colcon.colcon_core.environment:create_file_with_runtime_dependencies(/home/mohana/Desktop/robot_ws/install/parking_car/share/colcon-core/packages/parking_car)
[0.530s] INFO:colcon.colcon_ros.task.ament_cmake.build:Building ROS package in '/home/mohana/Desktop/robot_ws/src/parking_world' with build type 'ament_cmake'
[0.531s] INFO:colcon.colcon_cmake.task.cmake.build:Building CMake package in '/home/mohana/Desktop/robot_ws/src/parking_world'
[0.531s] INFO:colcon.colcon_core.shell:Skip shell extension 'powershell' for command environment: Not usable outside of PowerShell
[0.531s] DEBUG:colcon.colcon_core.shell:Skip shell extension 'dsv' for command environment
[0.551s] DEBUG:colcon.colcon_core.event_handler.log_command:Invoking command in '/home/mohana/Desktop/robot_ws/build/parking_world': CMAKE_PREFIX_PATH=/home/mohana/Desktop/robot_ws/install/parking_car:/home/mohana/Desktop/robot_ws/install/parking_bringup:/home/mohana/Desktop/robot_ws/install/parking_world:/opt/ros/jazzy/opt/gz_launch_vendor:/opt/ros/jazzy/opt/gz_sim_vendor:/opt/ros/jazzy/opt/gz_sensors_vendor:/opt/ros/jazzy/opt/gz_physics_vendor:/opt/ros/jazzy/opt/sdformat_vendor:/opt/ros/jazzy/opt/gz_gui_vendor:/opt/ros/jazzy/opt/gz_transport_vendor:/opt/ros/jazzy/opt/gz_rendering_vendor:/opt/ros/jazzy/opt/gz_plugin_vendor:/opt/ros/jazzy/opt/gz_fuel_tools_vendor:/opt/ros/jazzy/opt/gz_msgs_vendor:/opt/ros/jazzy/opt/gz_common_vendor:/opt/ros/jazzy/opt/gz_math_vendor:/opt/ros/jazzy/opt/gz_utils_vendor:/opt/ros/jazzy/opt/gz_tools_vendor:/opt/ros/jazzy/opt/gz_ogre_next_vendor:/opt/ros/jazzy/opt/gz_dartsim_vendor:/opt/ros/jazzy/opt/gz_cmake_vendor:/opt/ros/jazzy DEBUGINFOD_URLS=https://debuginfod.ubuntu.com /usr/bin/cmake --build /home/mohana/Desktop/robot_ws/build/parking_world -- -j8 -l8
[0.617s] DEBUG:colcon.colcon_core.event_handler.log_command:Invoked command in '/home/mohana/Desktop/robot_ws/build/parking_world' returned '0': CMAKE_PREFIX_PATH=/home/mohana/Desktop/robot_ws/install/parking_car:/home/mohana/Desktop/robot_ws/install/parking_bringup:/home/mohana/Desktop/robot_ws/install/parking_world:/opt/ros/jazzy/opt/gz_launch_vendor:/opt/ros/jazzy/opt/gz_sim_vendor:/opt/ros/jazzy/opt/gz_sensors_vendor:/opt/ros/jazzy/opt/gz_physics_vendor:/opt/ros/jazzy/opt/sdformat_vendor:/opt/ros/jazzy/opt/gz_gui_vendor:/opt/ros/jazzy/opt/gz_transport_vendor:/opt/ros/jazzy/opt/gz_rendering_vendor:/opt/ros/jazzy/opt/gz_plugin_vendor:/opt/ros/jazzy/opt/gz_fuel_tools_vendor:/opt/ros/jazzy/opt/gz_msgs_vendor:/opt/ros/jazzy/opt/gz_common_vendor:/opt/ros/jazzy/opt/gz_math_vendor:/opt/ros/jazzy/opt/gz_utils_vendor:/opt/ros/jazzy/opt/gz_tools_vendor:/opt/ros/jazzy/opt/gz_ogre_next_vendor:/opt/ros/jazzy/opt/gz_dartsim_vendor:/opt/ros/jazzy/opt/gz_cmake_vendor:/opt/ros/jazzy DEBUGINFOD_URLS=https://debuginfod.ubuntu.com /usr/bin/cmake --build /home/mohana/Desktop/robot_ws/build/parking_world -- -j8 -l8
[0.619s] DEBUG:colcon.colcon_core.event_handler.log_command:Invoking command in '/home/mohana/Desktop/robot_ws/build/parking_world': CMAKE_PREFIX_PATH=/home/mohana/Desktop/robot_ws/install/parking_car:/home/mohana/Desktop/robot_ws/install/parking_bringup:/home/mohana/Desktop/robot_ws/install/parking_world:/opt/ros/jazzy/opt/gz_launch_vendor:/opt/ros/jazzy/opt/gz_sim_vendor:/opt/ros/jazzy/opt/gz_sensors_vendor:/opt/ros/jazzy/opt/gz_physics_vendor:/opt/ros/jazzy/opt/sdformat_vendor:/opt/ros/jazzy/opt/gz_gui_vendor:/opt/ros/jazzy/opt/gz_transport_vendor:/opt/ros/jazzy/opt/gz_rendering_vendor:/opt/ros/jazzy/opt/gz_plugin_vendor:/opt/ros/jazzy/opt/gz_fuel_tools_vendor:/opt/ros/jazzy/opt/gz_msgs_vendor:/opt/ros/jazzy/opt/gz_common_vendor:/opt/ros/jazzy/opt/gz_math_vendor:/opt/ros/jazzy/opt/gz_utils_vendor:/opt/ros/jazzy/opt/gz_tools_vendor:/opt/ros/jazzy/opt/gz_ogre_next_vendor:/opt/ros/jazzy/opt/gz_dartsim_vendor:/opt/ros/jazzy/opt/gz_cmake_vendor:/opt/ros/jazzy DEBUGINFOD_URLS=https://debuginfod.ubuntu.com /usr/bin/cmake --install /home/mohana/Desktop/robot_ws/build/parking_world
[0.636s] Level 1:colcon.colcon_core.environment:create_environment_scripts_only(parking_world)
[0.637s] Level 1:colcon.colcon_core.environment:checking '/home/mohana/Desktop/robot_ws/install/parking_world' for CMake module files
[0.641s] Level 1:colcon.colcon_core.environment:checking '/home/mohana/Desktop/robot_ws/install/parking_world' for CMake config files
[0.643s] Level 1:colcon.colcon_core.shell:create_environment_hook('parking_world', 'cmake_prefix_path')
[0.643s] INFO:colcon.colcon_core.shell:Creating environment hook '/home/mohana/Desktop/robot_ws/install/parking_world/share/parking_world/hook/cmake_prefix_path.ps1'
[0.645s] INFO:colcon.colcon_core.shell:Creating environment descriptor '/home/mohana/Desktop/robot_ws/install/parking_world/share/parking_world/hook/cmake_prefix_path.dsv'
[0.646s] INFO:colcon.colcon_core.shell:Creating environment hook '/home/mohana/Desktop/robot_ws/install/parking_world/share/parking_world/hook/cmake_prefix_path.sh'
[0.649s] Level 1:colcon.colcon_core.environment:checking '/home/mohana/Desktop/robot_ws/install/parking_world/bin'
[0.649s] Level 1:colcon.colcon_core.environment:checking '/home/mohana/Desktop/robot_ws/install/parking_world/lib/pkgconfig/parking_world.pc'
[0.650s] Level 1:colcon.colcon_core.environment:checking '/home/mohana/Desktop/robot_ws/install/parking_world/lib/python3.12/site-packages'
[0.651s] Level 1:colcon.colcon_core.environment:checking '/home/mohana/Desktop/robot_ws/install/parking_world/bin'
[0.651s] INFO:colcon.colcon_core.shell:Creating package script '/home/mohana/Desktop/robot_ws/install/parking_world/share/parking_world/package.ps1'
[0.652s] INFO:colcon.colcon_core.shell:Creating package descriptor '/home/mohana/Desktop/robot_ws/install/parking_world/share/parking_world/package.dsv'
[0.654s] DEBUG:colcon.colcon_core.event_handler.log_command:Invoked command in '/home/mohana/Desktop/robot_ws/build/parking_world' returned '0': CMAKE_PREFIX_PATH=/home/mohana/Desktop/robot_ws/install/parking_car:/home/mohana/Desktop/robot_ws/install/parking_bringup:/home/mohana/Desktop/robot_ws/install/parking_world:/opt/ros/jazzy/opt/gz_launch_vendor:/opt/ros/jazzy/opt/gz_sim_vendor:/opt/ros/jazzy/opt/gz_sensors_vendor:/opt/ros/jazzy/opt/gz_physics_vendor:/opt/ros/jazzy/opt/sdformat_vendor:/opt/ros/jazzy/opt/gz_gui_vendor:/opt/ros/jazzy/opt/gz_transport_vendor:/opt/ros/jazzy/opt/gz_rendering_vendor:/opt/ros/jazzy/opt/gz_plugin_vendor:/opt/ros/jazzy/opt/gz_fuel_tools_vendor:/opt/ros/jazzy/opt/gz_msgs_vendor:/opt/ros/jazzy/opt/gz_common_vendor:/opt/ros/jazzy/opt/gz_math_vendor:/opt/ros/jazzy/opt/gz_utils_vendor:/opt/ros/jazzy/opt/gz_tools_vendor:/opt/ros/jazzy/opt/gz_ogre_next_vendor:/opt/ros/jazzy/opt/gz_dartsim_vendor:/opt/ros/jazzy/opt/gz_cmake_vendor:/opt/ros/jazzy DEBUGINFOD_URLS=https://debuginfod.ubuntu.com /usr/bin/cmake --install /home/mohana/Desktop/robot_ws/build/parking_world
[0.654s] INFO:colcon.colcon_core.shell:Creating package script '/home/mohana/Desktop/robot_ws/install/parking_world/share/parking_world/package.sh'
[0.655s] INFO:colcon.colcon_core.shell:Creating package script '/home/mohana/Desktop/robot_ws/install/parking_world/share/parking_world/package.bash'
[0.655s] INFO:colcon.colcon_core.shell:Creating package script '/home/mohana/Desktop/robot_ws/install/parking_world/share/parking_world/package.zsh'
[0.656s] Level 1:colcon.colcon_core.environment:create_file_with_runtime_dependencies(/home/mohana/Desktop/robot_ws/install/parking_world/share/colcon-core/packages/parking_world)
[0.656s] Level 1:colcon.colcon_core.environment:create_environment_scripts_only(parking_world)
[0.657s] Level 1:colcon.colcon_core.environment:checking '/home/mohana/Desktop/robot_ws/install/parking_world' for CMake module files
[0.657s] Level 1:colcon.colcon_core.environment:checking '/home/mohana/Desktop/robot_ws/install/parking_world' for CMake config files
[0.658s] Level 1:colcon.colcon_core.shell:create_environment_hook('parking_world', 'cmake_prefix_path')
[0.658s] INFO:colcon.colcon_core.shell:Creating environment hook '/home/mohana/Desktop/robot_ws/install/parking_world/share/parking_world/hook/cmake_prefix_path.ps1'
[0.658s] INFO:colcon.colcon_core.shell:Creating environment descriptor '/home/mohana/Desktop/robot_ws/install/parking_world/share/parking_world/hook/cmake_prefix_path.dsv'
[0.659s] INFO:colcon.colcon_core.shell:Creating environment hook '/home/mohana/Desktop/robot_ws/install/parking_world/share/parking_world/hook/cmake_prefix_path.sh'
[0.660s] Level 1:colcon.colcon_core.environment:checking '/home/mohana/Desktop/robot_ws/install/parking_world/bin'
[0.660s] Level 1:colcon.colcon_core.environment:checking '/home/mohana/Desktop/robot_ws/install/parking_world/lib/pkgconfig/parking_world.pc'
[0.660s] Level 1:colcon.colcon_core.environment:checking '/home/mohana/Desktop/robot_ws/install/parking_world/lib/python3.12/site-packages'
[0.660s] Level 1:colcon.colcon_core.environment:checking '/home/mohana/Desktop/robot_ws/install/parking_world/bin'
[0.660s] INFO:colcon.colcon_core.shell:Creating package script '/home/mohana/Desktop/robot_ws/install/parking_world/share/parking_world/package.ps1'
[0.661s] INFO:colcon.colcon_core.shell:Creating package descriptor '/home/mohana/Desktop/robot_ws/install/parking_world/share/parking_world/package.dsv'
[0.662s] INFO:colcon.colcon_core.shell:Creating package script '/home/mohana/Desktop/robot_ws/install/parking_world/share/parking_world/package.sh'
[0.662s] INFO:colcon.colcon_core.shell:Creating package script '/home/mohana/Desktop/robot_ws/install/parking_world/share/parking_world/package.bash'
[0.662s] INFO:colcon.colcon_core.shell:Creating package script '/home/mohana/Desktop/robot_ws/install/parking_world/share/parking_world/package.zsh'
[0.663s] Level 1:colcon.colcon_core.environment:create_file_with_runtime_dependencies(/home/mohana/Desktop/robot_ws/install/parking_world/share/colcon-core/packages/parking_world)
[0.663s] INFO:colcon.colcon_ros.task.ament_cmake.build:Building ROS package in '/home/mohana/Desktop/robot_ws/src/parking_bringup' with build type 'ament_cmake'
[0.663s] INFO:colcon.colcon_cmake.task.cmake.build:Building CMake package in '/home/mohana/Desktop/robot_ws/src/parking_bringup'
[0.664s] INFO:colcon.colcon_core.shell:Skip shell extension 'powershell' for command environment: Not usable outside of PowerShell
[0.664s] DEBUG:colcon.colcon_core.shell:Skip shell extension 'dsv' for command environment
[0.680s] DEBUG:colcon.colcon_core.event_handler.log_command:Invoking command in '/home/mohana/Desktop/robot_ws/build/parking_bringup': CMAKE_PREFIX_PATH=/home/mohana/Desktop/robot_ws/install/parking_world:/home/mohana/Desktop/robot_ws/install/parking_car:/home/mohana/Desktop/robot_ws/install/parking_bringup:/opt/ros/jazzy/opt/gz_launch_vendor:/opt/ros/jazzy/opt/gz_sim_vendor:/opt/ros/jazzy/opt/gz_sensors_vendor:/opt/ros/jazzy/opt/gz_physics_vendor:/opt/ros/jazzy/opt/sdformat_vendor:/opt/ros/jazzy/opt/gz_gui_vendor:/opt/ros/jazzy/opt/gz_transport_vendor:/opt/ros/jazzy/opt/gz_rendering_vendor:/opt/ros/jazzy/opt/gz_plugin_vendor:/opt/ros/jazzy/opt/gz_fuel_tools_vendor:/opt/ros/jazzy/opt/gz_msgs_vendor:/opt/ros/jazzy/opt/gz_common_vendor:/opt/ros/jazzy/opt/gz_math_vendor:/opt/ros/jazzy/opt/gz_utils_vendor:/opt/ros/jazzy/opt/gz_tools_vendor:/opt/ros/jazzy/opt/gz_ogre_next_vendor:/opt/ros/jazzy/opt/gz_dartsim_vendor:/opt/ros/jazzy/opt/gz_cmake_vendor:/opt/ros/jazzy DEBUGINFOD_URLS=https://debuginfod.ubuntu.com /usr/bin/cmake --build /home/mohana/Desktop/robot_ws/build/parking_bringup -- -j8 -l8
[0.745s] DEBUG:colcon.colcon_core.event_handler.log_command:Invoked command in '/home/mohana/Desktop/robot_ws/build/parking_bringup' returned '0': CMAKE_PREFIX_PATH=/home/mohana/Desktop/robot_ws/install/parking_world:/home/mohana/Desktop/robot_ws/install/parking_car:/home/mohana/Desktop/robot_ws/install/parking_bringup:/opt/ros/jazzy/opt/gz_launch_vendor:/opt/ros/jazzy/opt/gz_sim_vendor:/opt/ros/jazzy/opt/gz_sensors_vendor:/opt/ros/jazzy/opt/gz_physics_vendor:/opt/ros/jazzy/opt/sdformat_vendor:/opt/ros/jazzy/opt/gz_gui_vendor:/opt/ros/jazzy/opt/gz_transport_vendor:/opt/ros/jazzy/opt/gz_rendering_vendor:/opt/ros/jazzy/opt/gz_plugin_vendor:/opt/ros/jazzy/opt/gz_fuel_tools_vendor:/opt/ros/jazzy/opt/gz_msgs_vendor:/opt/ros/jazzy/opt/gz_common_vendor:/opt/ros/jazzy/opt/gz_math_vendor:/opt/ros/jazzy/opt/gz_utils_vendor:/opt/ros/jazzy/opt/gz_tools_vendor:/opt/ros/jazzy/opt/gz_ogre_next_vendor:/opt/ros/jazzy/opt/gz_dartsim_vendor:/opt/ros/jazzy/opt/gz_cmake_vendor:/opt/ros/jazzy DEBUGINFOD_URLS=https://debuginfod.ubuntu.com /usr/bin/cmake --build /home/mohana/Desktop/robot_ws/build/parking_bringup -- -j8 -l8
[0.749s] DEBUG:colcon.colcon_core.event_handler.log_command:Invoking command in '/home/mohana/Desktop/robot_ws/build/parking_bringup': CMAKE_PREFIX_PATH=/home/mohana/Desktop/robot_ws/install/parking_world:/home/mohana/Desktop/robot_ws/install/parking_car:/home/mohana/Desktop/robot_ws/install/parking_bringup:/opt/ros/jazzy/opt/gz_launch_vendor:/opt/ros/jazzy/opt/gz_sim_vendor:/opt/ros/jazzy/opt/gz_sensors_vendor:/opt/ros/jazzy/opt/gz_physics_vendor:/opt/ros/jazzy/opt/sdformat_vendor:/opt/ros/jazzy/opt/gz_gui_vendor:/opt/ros/jazzy/opt/gz_transport_vendor:/opt/ros/jazzy/opt/gz_rendering_vendor:/opt/ros/jazzy/opt/gz_plugin_vendor:/opt/ros/jazzy/opt/gz_fuel_tools_vendor:/opt/ros/jazzy/opt/gz_msgs_vendor:/opt/ros/jazzy/opt/gz_common_vendor:/opt/ros/jazzy/opt/gz_math_vendor:/opt/ros/jazzy/opt/gz_utils_vendor:/opt/ros/jazzy/opt/gz_tools_vendor:/opt/ros/jazzy/opt/gz_ogre_next_vendor:/opt/ros/jazzy/opt/gz_dartsim_vendor:/opt/ros/jazzy/opt/gz_cmake_vendor:/opt/ros/jazzy DEBUGINFOD_URLS=https://debuginfod.ubuntu.com /usr/bin/cmake --install /home/mohana/Desktop/robot_ws/build/parking_bringup
[0.769s] Level 1:colcon.colcon_core.environment:create_environment_scripts_only(parking_bringup)
[0.770s] Level 1:colcon.colcon_core.environment:checking '/home/mohana/Desktop/robot_ws/install/parking_bringup' for CMake module files
[0.772s] Level 1:colcon.colcon_core.environment:checking '/home/mohana/Desktop/robot_ws/install/parking_bringup' for CMake config files
[0.773s] DEBUG:colcon.colcon_core.event_handler.log_command:Invoked command in '/home/mohana/Desktop/robot_ws/build/parking_bringup' returned '0': CMAKE_PREFIX_PATH=/home/mohana/Desktop/robot_ws/install/parking_world:/home/mohana/Desktop/robot_ws/install/parking_car:/home/mohana/Desktop/robot_ws/install/parking_bringup:/opt/ros/jazzy/opt/gz_launch_vendor:/opt/ros/jazzy/opt/gz_sim_vendor:/opt/ros/jazzy/opt/gz_sensors_vendor:/opt/ros/jazzy/opt/gz_physics_vendor:/opt/ros/jazzy/opt/sdformat_vendor:/opt/ros/jazzy/opt/gz_gui_vendor:/opt/ros/jazzy/opt/gz_transport_vendor:/opt/ros/jazzy/opt/gz_rendering_vendor:/opt/ros/jazzy/opt/gz_plugin_vendor:/opt/ros/jazzy/opt/gz_fuel_tools_vendor:/opt/ros/jazzy/opt/gz_msgs_vendor:/opt/ros/jazzy/opt/gz_common_vendor:/opt/ros/jazzy/opt/gz_math_vendor:/opt/ros/jazzy/opt/gz_utils_vendor:/opt/ros/jazzy/opt/gz_tools_vendor:/opt/ros/jazzy/opt/gz_ogre_next_vendor:/opt/ros/jazzy/opt/gz_dartsim_vendor:/opt/ros/jazzy/opt/gz_cmake_vendor:/opt/ros/jazzy DEBUGINFOD_URLS=https://debuginfod.ubuntu.com /usr/bin/cmake --install /home/mohana/Desktop/robot_ws/build/parking_bringup
[0.773s] Level 1:colcon.colcon_core.shell:create_environment_hook('parking_bringup', 'cmake_prefix_path')
[0.774s] INFO:colcon.colcon_core.shell:Creating environment hook '/home/mohana/Desktop/robot_ws/install/parking_bringup/share/parking_bringup/hook/cmake_prefix_path.ps1'
[0.774s] INFO:colcon.colcon_core.shell:Creating environment descriptor '/home/mohana/Desktop/robot_ws/install/parking_bringup/share/parking_bringup/hook/cmake_prefix_path.dsv'
[0.775s] INFO:colcon.colcon_core.shell:Creating environment hook '/home/mohana/Desktop/robot_ws/install/parking_bringup/share/parking_bringup/hook/cmake_prefix_path.sh'
[0.776s] Level 1:colcon.colcon_core.environment:checking '/home/mohana/Desktop/robot_ws/install/parking_bringup/bin'
[0.776s] Level 1:colcon.colcon_core.environment:checking '/home/mohana/Desktop/robot_ws/install/parking_bringup/lib/pkgconfig/parking_bringup.pc'
[0.776s] Level 1:colcon.colcon_core.environment:checking '/home/mohana/Desktop/robot_ws/install/parking_bringup/lib/python3.12/site-packages'
[0.776s] Level 1:colcon.colcon_core.environment:checking '/home/mohana/Desktop/robot_ws/install/parking_bringup/bin'
[0.776s] INFO:colcon.colcon_core.shell:Creating package script '/home/mohana/Desktop/robot_ws/install/parking_bringup/share/parking_bringup/package.ps1'
[0.777s] INFO:colcon.colcon_core.shell:Creating package descriptor '/home/mohana/Desktop/robot_ws/install/parking_bringup/share/parking_bringup/package.dsv'
[0.777s] INFO:colcon.colcon_core.shell:Creating package script '/home/mohana/Desktop/robot_ws/install/parking_bringup/share/parking_bringup/package.sh'
[0.778s] INFO:colcon.colcon_core.shell:Creating package script '/home/mohana/Desktop/robot_ws/install/parking_bringup/share/parking_bringup/package.bash'
[0.778s] INFO:colcon.colcon_core.shell:Creating package script '/home/mohana/Desktop/robot_ws/install/parking_bringup/share/parking_bringup/package.zsh'
[0.779s] Level 1:colcon.colcon_core.environment:create_file_with_runtime_dependencies(/home/mohana/Desktop/robot_ws/install/parking_bringup/share/colcon-core/packages/parking_bringup)
[0.779s] Level 1:colcon.colcon_core.environment:create_environment_scripts_only(parking_bringup)
[0.779s] Level 1:colcon.colcon_core.environment:checking '/home/mohana/Desktop/robot_ws/install/parking_bringup' for CMake module files
[0.780s] Level 1:colcon.colcon_core.environment:checking '/home/mohana/Desktop/robot_ws/install/parking_bringup' for CMake config files
[0.780s] Level 1:colcon.colcon_core.shell:create_environment_hook('parking_bringup', 'cmake_prefix_path')
[0.781s] INFO:colcon.colcon_core.shell:Creating environment hook '/home/mohana/Desktop/robot_ws/install/parking_bringup/share/parking_bringup/hook/cmake_prefix_path.ps1'
[0.781s] INFO:colcon.colcon_core.shell:Creating environment descriptor '/home/mohana/Desktop/robot_ws/install/parking_bringup/share/parking_bringup/hook/cmake_prefix_path.dsv'
[0.782s] INFO:colcon.colcon_core.shell:Creating environment hook '/home/mohana/Desktop/robot_ws/install/parking_bringup/share/parking_bringup/hook/cmake_prefix_path.sh'
[0.783s] Level 1:colcon.colcon_core.environment:checking '/home/mohana/Desktop/robot_ws/install/parking_bringup/bin'
[0.783s] Level 1:colcon.colcon_core.environment:checking '/home/mohana/Desktop/robot_ws/install/parking_bringup/lib/pkgconfig/parking_bringup.pc'
[0.783s] Level 1:colcon.colcon_core.environment:checking '/home/mohana/Desktop/robot_ws/install/parking_bringup/lib/python3.12/site-packages'
[0.783s] Level 1:colcon.colcon_core.environment:checking '/home/mohana/Desktop/robot_ws/install/parking_bringup/bin'
[0.784s] INFO:colcon.colcon_core.shell:Creating package script '/home/mohana/Desktop/robot_ws/install/parking_bringup/share/parking_bringup/package.ps1'
[0.784s] INFO:colcon.colcon_core.shell:Creating package descriptor '/home/mohana/Desktop/robot_ws/install/parking_bringup/share/parking_bringup/package.dsv'
[0.785s] INFO:colcon.colcon_core.shell:Creating package script '/home/mohana/Desktop/robot_ws/install/parking_bringup/share/parking_bringup/package.sh'
[0.785s] INFO:colcon.colcon_core.shell:Creating package script '/home/mohana/Desktop/robot_ws/install/parking_bringup/share/parking_bringup/package.bash'
[0.786s] INFO:colcon.colcon_core.shell:Creating package script '/home/mohana/Desktop/robot_ws/install/parking_bringup/share/parking_bringup/package.zsh'
[0.787s] Level 1:colcon.colcon_core.environment:create_file_with_runtime_dependencies(/home/mohana/Desktop/robot_ws/install/parking_bringup/share/colcon-core/packages/parking_bringup)
[0.787s] DEBUG:colcon.colcon_parallel_executor.executor.parallel:closing loop
[0.787s] DEBUG:colcon.colcon_parallel_executor.executor.parallel:loop closed
[0.788s] DEBUG:colcon.colcon_parallel_executor.executor.parallel:run_until_complete finished with '0'
[0.788s] DEBUG:colcon.colcon_core.event_reactor:joining thread
[0.796s] INFO:colcon.colcon_core.plugin_system:Skipping extension 'colcon_notification.desktop_notification.terminal_notifier': Not used on non-Darwin systems
[0.796s] INFO:colcon.colcon_core.plugin_system:Skipping extension 'colcon_notification.desktop_notification.win32': Not used on non-Windows systems
[0.796s] INFO:colcon.colcon_notification.desktop_notification:Sending desktop notification using 'notify2'
[0.818s] DEBUG:colcon.colcon_core.event_reactor:joined thread
[0.818s] INFO:colcon.colcon_core.shell:Creating prefix script '/home/mohana/Desktop/robot_ws/install/local_setup.ps1'
[0.820s] INFO:colcon.colcon_core.shell:Creating prefix util module '/home/mohana/Desktop/robot_ws/install/_local_setup_util_ps1.py'
[0.821s] INFO:colcon.colcon_core.shell:Creating prefix chain script '/home/mohana/Desktop/robot_ws/install/setup.ps1'
[0.824s] INFO:colcon.colcon_core.shell:Creating prefix script '/home/mohana/Desktop/robot_ws/install/local_setup.sh'
[0.825s] INFO:colcon.colcon_core.shell:Creating prefix util module '/home/mohana/Desktop/robot_ws/install/_local_setup_util_sh.py'
[0.826s] INFO:colcon.colcon_core.shell:Creating prefix chain script '/home/mohana/Desktop/robot_ws/install/setup.sh'
[0.829s] INFO:colcon.colcon_core.shell:Creating prefix script '/home/mohana/Desktop/robot_ws/install/local_setup.bash'
[0.831s] INFO:colcon.colcon_core.shell:Creating prefix chain script '/home/mohana/Desktop/robot_ws/install/setup.bash'
[0.834s] INFO:colcon.colcon_core.shell:Creating prefix script '/home/mohana/Desktop/robot_ws/install/local_setup.zsh'
[0.835s] INFO:colcon.colcon_core.shell:Creating prefix chain script '/home/mohana/Desktop/robot_ws/install/setup.zsh'
