[0.017s] Invoking command in '/home/mohana/Desktop/robot_ws/build/parking_car': CMAKE_PREFIX_PATH=${CMAKE_PREFIX_PATH}:/opt/ros/jazzy DEBUGINFOD_URLS=https://debuginfod.ubuntu.com /usr/bin/cmake /home/mohana/Desktop/robot_ws/src/parking_car -DCMAKE_INSTALL_PREFIX=/home/mohana/Desktop/robot_ws/install/parking_car
[0.129s] -- The C compiler identification is GNU 13.3.0
[0.302s] -- The CXX compiler identification is GNU 13.3.0
[0.358s] -- Detecting C compiler ABI info
[0.536s] -- Detecting C compiler ABI info - done
[0.549s] -- Check for working C compiler: /usr/bin/cc - skipped
[0.550s] -- Detecting C compile features
[0.550s] -- Detecting C compile features - done
[0.564s] -- Detecting CXX compiler ABI info
[0.730s] -- Detecting CXX compiler ABI info - done
[0.767s] -- Check for working CXX compiler: /usr/bin/c++ - skipped
[0.770s] -- Detecting CXX compile features
[0.770s] -- Detecting CXX compile features - done
[0.783s] -- Found ament_cmake: 2.5.3 (/opt/ros/jazzy/share/ament_cmake/cmake)
[1.011s] -- Found Python3: /usr/bin/python3 (found version "3.12.3") found components: Interpreter 
[1.187s] -- Found xacro: 2.0.11 (/opt/ros/jazzy/share/xacro/cmake)
[1.297s] -- Configuring done (1.3s)
[1.301s] -- Generating done (0.0s)
[1.305s] -- Build files have been written to: /home/mohana/Desktop/robot_ws/build/parking_car
[1.315s] Invoked command in '/home/mohana/Desktop/robot_ws/build/parking_car' returned '0': CMAKE_PREFIX_PATH=${CMAKE_PREFIX_PATH}:/opt/ros/jazzy DEBUGINFOD_URLS=https://debuginfod.ubuntu.com /usr/bin/cmake /home/mohana/Desktop/robot_ws/src/parking_car -DCMAKE_INSTALL_PREFIX=/home/mohana/Desktop/robot_ws/install/parking_car
[1.317s] Invoking command in '/home/mohana/Desktop/robot_ws/build/parking_car': CMAKE_PREFIX_PATH=${CMAKE_PREFIX_PATH}:/opt/ros/jazzy DEBUGINFOD_URLS=https://debuginfod.ubuntu.com /usr/bin/cmake --build /home/mohana/Desktop/robot_ws/build/parking_car -- -j8 -l8
[1.389s] Invoked command in '/home/mohana/Desktop/robot_ws/build/parking_car' returned '0': CMAKE_PREFIX_PATH=${CMAKE_PREFIX_PATH}:/opt/ros/jazzy DEBUGINFOD_URLS=https://debuginfod.ubuntu.com /usr/bin/cmake --build /home/mohana/Desktop/robot_ws/build/parking_car -- -j8 -l8
[1.417s] Invoking command in '/home/mohana/Desktop/robot_ws/build/parking_car': CMAKE_PREFIX_PATH=${CMAKE_PREFIX_PATH}:/opt/ros/jazzy DEBUGINFOD_URLS=https://debuginfod.ubuntu.com /usr/bin/cmake --install /home/mohana/Desktop/robot_ws/build/parking_car
[1.429s] -- Install configuration: ""
[1.429s] -- Installing: /home/mohana/Desktop/robot_ws/install/parking_car/share/parking_car/launch
[1.429s] -- Installing: /home/mohana/Desktop/robot_ws/install/parking_car/share/parking_car/launch/prius_car.xml
[1.429s] -- Installing: /home/mohana/Desktop/robot_ws/install/parking_car/share/parking_car/launch/sam_bot.xml
[1.430s] -- Installing: /home/mohana/Desktop/robot_ws/install/parking_car/share/parking_car/launch/marble_husky.xml
[1.430s] -- Installing: /home/mohana/Desktop/robot_ws/install/parking_car/share/parking_car/launch/robot_description.launch.py
[1.430s] -- Installing: /home/mohana/Desktop/robot_ws/install/parking_car/share/parking_car/models
[1.431s] -- Installing: /home/mohana/Desktop/robot_ws/install/parking_car/share/parking_car/models/marble_husk
[1.431s] -- Installing: /home/mohana/Desktop/robot_ws/install/parking_car/share/parking_car/models/marble_husk/meshes
[1.431s] -- Installing: /home/mohana/Desktop/robot_ws/install/parking_car/share/parking_car/models/marble_husk/meshes/top_plate.dae
[1.431s] -- Installing: /home/mohana/Desktop/robot_ws/install/parking_car/share/parking_car/models/marble_husk/meshes/wheel.dae
[1.433s] -- Installing: /home/mohana/Desktop/robot_ws/install/parking_car/share/parking_car/models/marble_husk/meshes/jpl04_arch_nosensor.stl
[1.434s] -- Installing: /home/mohana/Desktop/robot_ws/install/parking_car/share/parking_car/models/marble_husk/meshes/VLP16_scan.dae
[1.435s] -- Installing: /home/mohana/Desktop/robot_ws/install/parking_car/share/parking_car/models/marble_husk/meshes/spotlight.dae
[1.435s] -- Installing: /home/mohana/Desktop/robot_ws/install/parking_car/share/parking_car/models/marble_husk/meshes/bumper.dae
[1.436s] -- Installing: /home/mohana/Desktop/robot_ws/install/parking_car/share/parking_car/models/marble_husk/meshes/base_link.dae
[1.436s] -- Installing: /home/mohana/Desktop/robot_ws/install/parking_car/share/parking_car/models/marble_husk/meshes/realsense.dae
[1.437s] -- Installing: /home/mohana/Desktop/robot_ws/install/parking_car/share/parking_car/models/marble_husk/meshes/VLP16_base_2.dae
[1.437s] -- Installing: /home/mohana/Desktop/robot_ws/install/parking_car/share/parking_car/models/marble_husk/meshes/user_rail.dae
[1.438s] -- Installing: /home/mohana/Desktop/robot_ws/install/parking_car/share/parking_car/models/marble_husk/meshes/VLP16_base_1.dae
[1.438s] -- Installing: /home/mohana/Desktop/robot_ws/install/parking_car/share/parking_car/models/marble_husk/meshes/top_chassis.dae
[1.440s] -- Installing: /home/mohana/Desktop/robot_ws/install/parking_car/share/parking_car/models/marble_husk/materials
[1.440s] -- Installing: /home/mohana/Desktop/robot_ws/install/parking_car/share/parking_car/models/marble_husk/materials/textures
[1.440s] -- Installing: /home/mohana/Desktop/robot_ws/install/parking_car/share/parking_car/models/marble_husk/materials/textures/realsense_diffuse.jpg
[1.440s] -- Installing: /home/mohana/Desktop/robot_ws/install/parking_car/share/parking_car/models/marble_husk/materials/textures/spotlight.jpg
[1.442s] -- Installing: /home/mohana/Desktop/robot_ws/install/parking_car/share/parking_car/models/marble_husk/model.sdf
[1.442s] -- Installing: /home/mohana/Desktop/robot_ws/install/parking_car/share/parking_car/models/marble_husk/thumbnails
[1.442s] -- Installing: /home/mohana/Desktop/robot_ws/install/parking_car/share/parking_car/models/marble_husk/thumbnails/3.jpg
[1.443s] -- Installing: /home/mohana/Desktop/robot_ws/install/parking_car/share/parking_car/models/marble_husk/thumbnails/2.jpg
[1.443s] -- Installing: /home/mohana/Desktop/robot_ws/install/parking_car/share/parking_car/models/marble_husk/thumbnails/4.jpg
[1.443s] -- Installing: /home/mohana/Desktop/robot_ws/install/parking_car/share/parking_car/models/marble_husk/thumbnails/1.jpg
[1.444s] -- Installing: /home/mohana/Desktop/robot_ws/install/parking_car/share/parking_car/models/marble_husk/model.config
[1.444s] -- Installing: /home/mohana/Desktop/robot_ws/install/parking_car/share/parking_car/models/marble_husk.sdf
[1.444s] -- Installing: /home/mohana/Desktop/robot_ws/install/parking_car/share/parking_car/meshes
[1.444s] -- Installing: /home/mohana/Desktop/robot_ws/install/parking_car/share/parking_car/meshes/bumper_collision.dae
[1.445s] -- Installing: /home/mohana/Desktop/robot_ws/install/parking_car/share/parking_car/meshes/rplidar.dae
[1.446s] -- Installing: /home/mohana/Desktop/robot_ws/install/parking_car/share/parking_car/meshes/tower_standoff.dae
[1.448s] -- Installing: /home/mohana/Desktop/robot_ws/install/parking_car/share/parking_car/meshes/tower_sensor_plate.dae
[1.448s] -- Installing: /home/mohana/Desktop/robot_ws/install/parking_car/share/parking_car/meshes/weight_block.dae
[1.449s] -- Installing: /home/mohana/Desktop/robot_ws/install/parking_car/share/parking_car/meshes/oakd_pro.dae
[1.480s] -- Installing: /home/mohana/Desktop/robot_ws/install/parking_car/share/parking_car/meshes/shell_collision.dae
[1.489s] -- Installing: /home/mohana/Desktop/robot_ws/install/parking_car/share/parking_car/meshes/camera_bracket.dae
[1.490s] -- Installing: /home/mohana/Desktop/robot_ws/install/parking_car/share/parking_car/meshes/shell.dae
[1.504s] -- Installing: /home/mohana/Desktop/robot_ws/install/parking_car/share/parking_car/meshes/body_visual.dae
[1.510s] -- Installing: /home/mohana/Desktop/robot_ws/install/parking_car/share/parking_car/meshes/bumper_visual.dae
[1.511s] -- Installing: /home/mohana/Desktop/robot_ws/install/parking_car/share/parking_car/meshes/tower.dae
[1.514s] -- Installing: /home/mohana/Desktop/robot_ws/install/parking_car/share/parking_car/rviz
[1.514s] -- Installing: /home/mohana/Desktop/robot_ws/install/parking_car/share/parking_car/rviz/config.rviz
[1.515s] -- Installing: /home/mohana/Desktop/robot_ws/install/parking_car/share/parking_car/urdf
[1.515s] -- Installing: /home/mohana/Desktop/robot_ws/install/parking_car/share/parking_car/urdf/icreate
[1.515s] -- Installing: /home/mohana/Desktop/robot_ws/install/parking_car/share/parking_car/urdf/icreate/caster.urdf.xacro
[1.515s] -- Installing: /home/mohana/Desktop/robot_ws/install/parking_car/share/parking_car/urdf/icreate/common_properties.urdf.xacro
[1.516s] -- Installing: /home/mohana/Desktop/robot_ws/install/parking_car/share/parking_car/urdf/icreate/create3.urdf.xacro
[1.516s] -- Installing: /home/mohana/Desktop/robot_ws/install/parking_car/share/parking_car/urdf/icreate/wheel.urdf.xacro
[1.517s] -- Installing: /home/mohana/Desktop/robot_ws/install/parking_car/share/parking_car/urdf/icreate/sensors
[1.517s] -- Installing: /home/mohana/Desktop/robot_ws/install/parking_car/share/parking_car/urdf/icreate/sensors/imu.urdf.xacro
[1.517s] -- Installing: /home/mohana/Desktop/robot_ws/install/parking_car/share/parking_car/urdf/icreate/bumper.urdf.xacro
[1.517s] -- Installing: /home/mohana/Desktop/robot_ws/install/parking_car/share/parking_car/urdf/standard
[1.518s] -- Installing: /home/mohana/Desktop/robot_ws/install/parking_car/share/parking_car/urdf/standard/tower_sensor_plate.urdf.xacro
[1.518s] -- Installing: /home/mohana/Desktop/robot_ws/install/parking_car/share/parking_car/urdf/standard/weight_block.urdf.xacro
[1.518s] -- Installing: /home/mohana/Desktop/robot_ws/install/parking_car/share/parking_car/urdf/standard/turtlebot4.urdf.xacro
[1.519s] -- Installing: /home/mohana/Desktop/robot_ws/install/parking_car/share/parking_car/urdf/standard/tower_standoff.urdf.xacro
[1.519s] -- Installing: /home/mohana/Desktop/robot_ws/install/parking_car/share/parking_car/urdf/sensors
[1.519s] -- Installing: /home/mohana/Desktop/robot_ws/install/parking_car/share/parking_car/urdf/sensors/oakd.urdf.xacro
[1.519s] -- Installing: /home/mohana/Desktop/robot_ws/install/parking_car/share/parking_car/urdf/sensors/rplidar.urdf.xacro
[1.520s] -- Installing: /home/mohana/Desktop/robot_ws/install/parking_car/share/parking_car/urdf/sensors/camera_bracket.urdf.xacro
[1.520s] -- Installing: /home/mohana/Desktop/robot_ws/install/parking_car/share/ament_index/resource_index/package_run_dependencies/parking_car
[1.520s] -- Installing: /home/mohana/Desktop/robot_ws/install/parking_car/share/ament_index/resource_index/parent_prefix_path/parking_car
[1.521s] -- Installing: /home/mohana/Desktop/robot_ws/install/parking_car/share/parking_car/environment/ament_prefix_path.sh
[1.521s] -- Installing: /home/mohana/Desktop/robot_ws/install/parking_car/share/parking_car/environment/ament_prefix_path.dsv
[1.521s] -- Installing: /home/mohana/Desktop/robot_ws/install/parking_car/share/parking_car/environment/path.sh
[1.522s] -- Installing: /home/mohana/Desktop/robot_ws/install/parking_car/share/parking_car/environment/path.dsv
[1.522s] -- Installing: /home/mohana/Desktop/robot_ws/install/parking_car/share/parking_car/local_setup.bash
[1.522s] -- Installing: /home/mohana/Desktop/robot_ws/install/parking_car/share/parking_car/local_setup.sh
[1.523s] -- Installing: /home/mohana/Desktop/robot_ws/install/parking_car/share/parking_car/local_setup.zsh
[1.523s] -- Installing: /home/mohana/Desktop/robot_ws/install/parking_car/share/parking_car/local_setup.dsv
[1.523s] -- Installing: /home/mohana/Desktop/robot_ws/install/parking_car/share/parking_car/package.dsv
[1.524s] -- Installing: /home/mohana/Desktop/robot_ws/install/parking_car/share/ament_index/resource_index/packages/parking_car
[1.524s] -- Installing: /home/mohana/Desktop/robot_ws/install/parking_car/share/parking_car/cmake/parking_carConfig.cmake
[1.524s] -- Installing: /home/mohana/Desktop/robot_ws/install/parking_car/share/parking_car/cmake/parking_carConfig-version.cmake
[1.524s] -- Installing: /home/mohana/Desktop/robot_ws/install/parking_car/share/parking_car/package.xml
[1.525s] Invoked command in '/home/mohana/Desktop/robot_ws/build/parking_car' returned '0': CMAKE_PREFIX_PATH=${CMAKE_PREFIX_PATH}:/opt/ros/jazzy DEBUGINFOD_URLS=https://debuginfod.ubuntu.com /usr/bin/cmake --install /home/mohana/Desktop/robot_ws/build/parking_car
