[0.052s] Invoking command in '/home/mohana/Desktop/robot_ws/build/parking_car': CMAKE_PREFIX_PATH=${CMAKE_PREFIX_PATH}:/opt/ros/jazzy DEBUGINFOD_URLS=https://debuginfod.ubuntu.com /usr/bin/cmake /home/mohana/Desktop/robot_ws/src/parking_car -DCMAKE_INSTALL_PREFIX=/home/mohana/Desktop/robot_ws/install/parking_car
[0.090s] -- Found ament_cmake: 2.5.5 (/opt/ros/jazzy/share/ament_cmake/cmake)
[0.673s] -- Found xacro: 2.1.1 (/opt/ros/jazzy/share/xacro/cmake)
[0.915s] -- Configuring done (0.8s)
[0.933s] -- Generating done (0.0s)
[0.938s] -- Build files have been written to: /home/mohana/Desktop/robot_ws/build/parking_car
[0.947s] Invoked command in '/home/mohana/Desktop/robot_ws/build/parking_car' returned '0': CMAKE_PREFIX_PATH=${CMAKE_PREFIX_PATH}:/opt/ros/jazzy DEBUGINFOD_URLS=https://debuginfod.ubuntu.com /usr/bin/cmake /home/mohana/Desktop/robot_ws/src/parking_car -DCMAKE_INSTALL_PREFIX=/home/mohana/Desktop/robot_ws/install/parking_car
[0.949s] Invoking command in '/home/mohana/Desktop/robot_ws/build/parking_car': CMAKE_PREFIX_PATH=${CMAKE_PREFIX_PATH}:/opt/ros/jazzy DEBUGINFOD_URLS=https://debuginfod.ubuntu.com /usr/bin/cmake --build /home/mohana/Desktop/robot_ws/build/parking_car -- -j8 -l8
[1.043s] Invoked command in '/home/mohana/Desktop/robot_ws/build/parking_car' returned '0': CMAKE_PREFIX_PATH=${CMAKE_PREFIX_PATH}:/opt/ros/jazzy DEBUGINFOD_URLS=https://debuginfod.ubuntu.com /usr/bin/cmake --build /home/mohana/Desktop/robot_ws/build/parking_car -- -j8 -l8
[1.045s] Invoking command in '/home/mohana/Desktop/robot_ws/build/parking_car': CMAKE_PREFIX_PATH=${CMAKE_PREFIX_PATH}:/opt/ros/jazzy DEBUGINFOD_URLS=https://debuginfod.ubuntu.com /usr/bin/cmake --install /home/mohana/Desktop/robot_ws/build/parking_car
[1.062s] -- Install configuration: ""
[1.062s] -- Installing: /home/mohana/Desktop/robot_ws/install/parking_car/share/parking_car/launch
[1.062s] -- Installing: /home/mohana/Desktop/robot_ws/install/parking_car/share/parking_car/launch/sam_bot.xml
[1.062s] -- Installing: /home/mohana/Desktop/robot_ws/install/parking_car/share/parking_car/launch/robot_description.launch.py
[1.063s] -- Installing: /home/mohana/Desktop/robot_ws/install/parking_car/share/parking_car/launch/prius_car.xml
[1.063s] -- Installing: /home/mohana/Desktop/robot_ws/install/parking_car/share/parking_car/launch/marble_husky.xml
[1.063s] -- Installing: /home/mohana/Desktop/robot_ws/install/parking_car/share/parking_car/models
[1.064s] -- Installing: /home/mohana/Desktop/robot_ws/install/parking_car/share/parking_car/models/marble_husk.sdf
[1.064s] -- Installing: /home/mohana/Desktop/robot_ws/install/parking_car/share/parking_car/models/marble_husk
[1.065s] -- Installing: /home/mohana/Desktop/robot_ws/install/parking_car/share/parking_car/models/marble_husk/model.config
[1.065s] -- Installing: /home/mohana/Desktop/robot_ws/install/parking_car/share/parking_car/models/marble_husk/meshes
[1.065s] -- Installing: /home/mohana/Desktop/robot_ws/install/parking_car/share/parking_car/models/marble_husk/meshes/VLP16_scan.dae
[1.066s] -- Installing: /home/mohana/Desktop/robot_ws/install/parking_car/share/parking_car/models/marble_husk/meshes/realsense.dae
[1.067s] -- Installing: /home/mohana/Desktop/robot_ws/install/parking_car/share/parking_car/models/marble_husk/meshes/VLP16_base_2.dae
[1.068s] -- Installing: /home/mohana/Desktop/robot_ws/install/parking_car/share/parking_car/models/marble_husk/meshes/wheel.dae
[1.075s] -- Installing: /home/mohana/Desktop/robot_ws/install/parking_car/share/parking_car/models/marble_husk/meshes/base_link.dae
[1.077s] -- Installing: /home/mohana/Desktop/robot_ws/install/parking_car/share/parking_car/models/marble_husk/meshes/top_chassis.dae
[1.082s] -- Installing: /home/mohana/Desktop/robot_ws/install/parking_car/share/parking_car/models/marble_husk/meshes/VLP16_base_1.dae
[1.083s] -- Installing: /home/mohana/Desktop/robot_ws/install/parking_car/share/parking_car/models/marble_husk/meshes/bumper.dae
[1.084s] -- Installing: /home/mohana/Desktop/robot_ws/install/parking_car/share/parking_car/models/marble_husk/meshes/user_rail.dae
[1.086s] -- Installing: /home/mohana/Desktop/robot_ws/install/parking_car/share/parking_car/models/marble_husk/meshes/jpl04_arch_nosensor.stl
[1.087s] -- Installing: /home/mohana/Desktop/robot_ws/install/parking_car/share/parking_car/models/marble_husk/meshes/top_plate.dae
[1.088s] -- Installing: /home/mohana/Desktop/robot_ws/install/parking_car/share/parking_car/models/marble_husk/meshes/spotlight.dae
[1.088s] -- Installing: /home/mohana/Desktop/robot_ws/install/parking_car/share/parking_car/models/marble_husk/model.sdf
[1.089s] -- Installing: /home/mohana/Desktop/robot_ws/install/parking_car/share/parking_car/models/marble_husk/materials
[1.089s] -- Installing: /home/mohana/Desktop/robot_ws/install/parking_car/share/parking_car/models/marble_husk/materials/textures
[1.090s] -- Installing: /home/mohana/Desktop/robot_ws/install/parking_car/share/parking_car/models/marble_husk/materials/textures/spotlight.jpg
[1.091s] -- Installing: /home/mohana/Desktop/robot_ws/install/parking_car/share/parking_car/models/marble_husk/materials/textures/realsense_diffuse.jpg
[1.091s] -- Installing: /home/mohana/Desktop/robot_ws/install/parking_car/share/parking_car/models/marble_husk/thumbnails
[1.091s] -- Installing: /home/mohana/Desktop/robot_ws/install/parking_car/share/parking_car/models/marble_husk/thumbnails/2.jpg
[1.092s] -- Installing: /home/mohana/Desktop/robot_ws/install/parking_car/share/parking_car/models/marble_husk/thumbnails/1.jpg
[1.092s] -- Installing: /home/mohana/Desktop/robot_ws/install/parking_car/share/parking_car/models/marble_husk/thumbnails/4.jpg
[1.093s] -- Installing: /home/mohana/Desktop/robot_ws/install/parking_car/share/parking_car/models/marble_husk/thumbnails/3.jpg
[1.093s] -- Installing: /home/mohana/Desktop/robot_ws/install/parking_car/share/parking_car/meshes
[1.093s] -- Installing: /home/mohana/Desktop/robot_ws/install/parking_car/share/parking_car/meshes/weight_block.dae
[1.094s] -- Installing: /home/mohana/Desktop/robot_ws/install/parking_car/share/parking_car/meshes/rplidar.dae
[1.095s] -- Installing: /home/mohana/Desktop/robot_ws/install/parking_car/share/parking_car/meshes/tower_sensor_plate.dae
[1.096s] -- Installing: /home/mohana/Desktop/robot_ws/install/parking_car/share/parking_car/meshes/tower_standoff.dae
[1.097s] -- Installing: /home/mohana/Desktop/robot_ws/install/parking_car/share/parking_car/meshes/bumper_collision.dae
[1.098s] -- Installing: /home/mohana/Desktop/robot_ws/install/parking_car/share/parking_car/meshes/shell.dae
[1.122s] -- Installing: /home/mohana/Desktop/robot_ws/install/parking_car/share/parking_car/meshes/body_visual.dae
[1.126s] -- Installing: /home/mohana/Desktop/robot_ws/install/parking_car/share/parking_car/meshes/shell_collision.dae
[1.138s] -- Installing: /home/mohana/Desktop/robot_ws/install/parking_car/share/parking_car/meshes/tower.dae
[1.140s] -- Installing: /home/mohana/Desktop/robot_ws/install/parking_car/share/parking_car/meshes/camera_bracket.dae
[1.140s] -- Installing: /home/mohana/Desktop/robot_ws/install/parking_car/share/parking_car/meshes/oakd_pro.dae
[1.174s] -- Installing: /home/mohana/Desktop/robot_ws/install/parking_car/share/parking_car/meshes/bumper_visual.dae
[1.174s] -- Installing: /home/mohana/Desktop/robot_ws/install/parking_car/share/parking_car/rviz
[1.176s] -- Installing: /home/mohana/Desktop/robot_ws/install/parking_car/share/parking_car/rviz/config.rviz
[1.176s] -- Installing: /home/mohana/Desktop/robot_ws/install/parking_car/share/parking_car/urdf
[1.176s] -- Installing: /home/mohana/Desktop/robot_ws/install/parking_car/share/parking_car/urdf/icreate
[1.177s] -- Installing: /home/mohana/Desktop/robot_ws/install/parking_car/share/parking_car/urdf/icreate/common_properties.urdf.xacro
[1.177s] -- Installing: /home/mohana/Desktop/robot_ws/install/parking_car/share/parking_car/urdf/icreate/caster.urdf.xacro
[1.178s] -- Installing: /home/mohana/Desktop/robot_ws/install/parking_car/share/parking_car/urdf/icreate/wheel.urdf.xacro
[1.178s] -- Installing: /home/mohana/Desktop/robot_ws/install/parking_car/share/parking_car/urdf/icreate/sensors
[1.178s] -- Installing: /home/mohana/Desktop/robot_ws/install/parking_car/share/parking_car/urdf/icreate/sensors/imu.urdf.xacro
[1.179s] -- Installing: /home/mohana/Desktop/robot_ws/install/parking_car/share/parking_car/urdf/icreate/bumper.urdf.xacro
[1.180s] -- Installing: /home/mohana/Desktop/robot_ws/install/parking_car/share/parking_car/urdf/icreate/create3.urdf.xacro
[1.180s] -- Installing: /home/mohana/Desktop/robot_ws/install/parking_car/share/parking_car/urdf/sensors
[1.180s] -- Installing: /home/mohana/Desktop/robot_ws/install/parking_car/share/parking_car/urdf/sensors/rplidar.urdf.xacro
[1.181s] -- Installing: /home/mohana/Desktop/robot_ws/install/parking_car/share/parking_car/urdf/sensors/camera_bracket.urdf.xacro
[1.181s] -- Installing: /home/mohana/Desktop/robot_ws/install/parking_car/share/parking_car/urdf/sensors/oakd.urdf.xacro
[1.182s] -- Installing: /home/mohana/Desktop/robot_ws/install/parking_car/share/parking_car/urdf/standard
[1.183s] -- Installing: /home/mohana/Desktop/robot_ws/install/parking_car/share/parking_car/urdf/standard/tower_sensor_plate.urdf.xacro
[1.183s] -- Installing: /home/mohana/Desktop/robot_ws/install/parking_car/share/parking_car/urdf/standard/tower_standoff.urdf.xacro
[1.183s] -- Installing: /home/mohana/Desktop/robot_ws/install/parking_car/share/parking_car/urdf/standard/turtlebot4.urdf.xacro
[1.184s] -- Installing: /home/mohana/Desktop/robot_ws/install/parking_car/share/parking_car/urdf/standard/weight_block.urdf.xacro
[1.184s] -- Installing: /home/mohana/Desktop/robot_ws/install/parking_car/share/ament_index/resource_index/package_run_dependencies/parking_car
[1.185s] -- Installing: /home/mohana/Desktop/robot_ws/install/parking_car/share/ament_index/resource_index/parent_prefix_path/parking_car
[1.185s] -- Installing: /home/mohana/Desktop/robot_ws/install/parking_car/share/parking_car/environment/ament_prefix_path.sh
[1.185s] -- Installing: /home/mohana/Desktop/robot_ws/install/parking_car/share/parking_car/environment/ament_prefix_path.dsv
[1.186s] -- Installing: /home/mohana/Desktop/robot_ws/install/parking_car/share/parking_car/environment/path.sh
[1.187s] -- Installing: /home/mohana/Desktop/robot_ws/install/parking_car/share/parking_car/environment/path.dsv
[1.187s] -- Installing: /home/mohana/Desktop/robot_ws/install/parking_car/share/parking_car/local_setup.bash
[1.187s] -- Installing: /home/mohana/Desktop/robot_ws/install/parking_car/share/parking_car/local_setup.sh
[1.188s] -- Installing: /home/mohana/Desktop/robot_ws/install/parking_car/share/parking_car/local_setup.zsh
[1.188s] -- Installing: /home/mohana/Desktop/robot_ws/install/parking_car/share/parking_car/local_setup.dsv
[1.188s] -- Installing: /home/mohana/Desktop/robot_ws/install/parking_car/share/parking_car/package.dsv
[1.189s] -- Installing: /home/mohana/Desktop/robot_ws/install/parking_car/share/ament_index/resource_index/packages/parking_car
[1.189s] -- Installing: /home/mohana/Desktop/robot_ws/install/parking_car/share/parking_car/cmake/parking_carConfig.cmake
[1.189s] -- Installing: /home/mohana/Desktop/robot_ws/install/parking_car/share/parking_car/cmake/parking_carConfig-version.cmake
[1.190s] -- Installing: /home/mohana/Desktop/robot_ws/install/parking_car/share/parking_car/package.xml
[1.213s] Invoked command in '/home/mohana/Desktop/robot_ws/build/parking_car' returned '0': CMAKE_PREFIX_PATH=${CMAKE_PREFIX_PATH}:/opt/ros/jazzy DEBUGINFOD_URLS=https://debuginfod.ubuntu.com /usr/bin/cmake --install /home/mohana/Desktop/robot_ws/build/parking_car
