[0.045s] Invoking command in '/home/mohana/Desktop/robot_ws/build/rplidar_ros': CMAKE_PREFIX_PATH=${CMAKE_PREFIX_PATH}:/opt/ros/jazzy DEBUGINFOD_URLS=https://debuginfod.ubuntu.com /usr/bin/cmake --build /home/mohana/Desktop/robot_ws/build/rplidar_ros -- -j8 -l8
[0.214s] [ 77%] Built target rplidar_composition_node
[0.279s] [100%] Built target rplidar_composition
[0.313s] Invoked command in '/home/mohana/Desktop/robot_ws/build/rplidar_ros' returned '0': CMAKE_PREFIX_PATH=${CMAKE_PREFIX_PATH}:/opt/ros/jazzy DEBUGINFOD_URLS=https://debuginfod.ubuntu.com /usr/bin/cmake --build /home/mohana/Desktop/robot_ws/build/rplidar_ros -- -j8 -l8
[0.334s] Invoking command in '/home/mohana/Desktop/robot_ws/build/rplidar_ros': CMAKE_PREFIX_PATH=${CMAKE_PREFIX_PATH}:/opt/ros/jazzy DEBUGINFOD_URLS=https://debuginfod.ubuntu.com /usr/bin/cmake --install /home/mohana/Desktop/robot_ws/build/rplidar_ros
[0.354s] -- Install configuration: ""
[0.354s] -- Installing: /home/mohana/Desktop/robot_ws/install/rplidar_ros/lib/rplidar_ros/rplidar_composition
[0.355s] -- Set non-toolchain portion of runtime path of "/home/mohana/Desktop/robot_ws/install/rplidar_ros/lib/rplidar_ros/rplidar_composition" to ""
[0.356s] -- Installing: /home/mohana/Desktop/robot_ws/install/rplidar_ros/share/rplidar_ros/launch
[0.356s] -- Installing: /home/mohana/Desktop/robot_ws/install/rplidar_ros/share/rplidar_ros/launch/rplidar_s1_tcp.launch.py
[0.357s] -- Installing: /home/mohana/Desktop/robot_ws/install/rplidar_ros/share/rplidar_ros/launch/view_rplidar.launch.py
[0.357s] -- Installing: /home/mohana/Desktop/robot_ws/install/rplidar_ros/share/rplidar_ros/launch/rplidar_s1.launch.py
[0.357s] -- Installing: /home/mohana/Desktop/robot_ws/install/rplidar_ros/share/rplidar_ros/launch/test_rplidar_a3.launch.py
[0.358s] -- Installing: /home/mohana/Desktop/robot_ws/install/rplidar_ros/share/rplidar_ros/launch/view_rplidar_s1_tcp.launch.py
[0.358s] -- Installing: /home/mohana/Desktop/robot_ws/install/rplidar_ros/share/rplidar_ros/launch/view_rplidar_a3.launch.py
[0.358s] -- Installing: /home/mohana/Desktop/robot_ws/install/rplidar_ros/share/rplidar_ros/launch/rplidar.launch.py
[0.359s] -- Installing: /home/mohana/Desktop/robot_ws/install/rplidar_ros/share/rplidar_ros/launch/rplidar_a3.launch.py
[0.359s] -- Installing: /home/mohana/Desktop/robot_ws/install/rplidar_ros/share/rplidar_ros/launch/view_rplidar_s1.launch.py
[0.360s] -- Installing: /home/mohana/Desktop/robot_ws/install/rplidar_ros/share/rplidar_ros/rviz
[0.360s] -- Installing: /home/mohana/Desktop/robot_ws/install/rplidar_ros/share/rplidar_ros/rviz/rplidar.rviz
[0.361s] -- Installing: /home/mohana/Desktop/robot_ws/install/rplidar_ros/lib/librplidar_composition_node.so
[0.366s] -- Set non-toolchain portion of runtime path of "/home/mohana/Desktop/robot_ws/install/rplidar_ros/lib/librplidar_composition_node.so" to ""
[0.366s] -- Installing: /home/mohana/Desktop/robot_ws/install/rplidar_ros/include
[0.367s] -- Installing: /home/mohana/Desktop/robot_ws/install/rplidar_ros/include/visibility.h
[0.367s] -- Installing: /home/mohana/Desktop/robot_ws/install/rplidar_ros/include/rplidar_node.hpp
[0.367s] -- Up-to-date: /home/mohana/Desktop/robot_ws/install/rplidar_ros/lib/rplidar_ros/rplidar_composition
[0.368s] -- Installing: /home/mohana/Desktop/robot_ws/install/rplidar_ros/share/ament_index/resource_index/package_run_dependencies/rplidar_ros
[0.368s] -- Installing: /home/mohana/Desktop/robot_ws/install/rplidar_ros/share/ament_index/resource_index/parent_prefix_path/rplidar_ros
[0.369s] -- Installing: /home/mohana/Desktop/robot_ws/install/rplidar_ros/share/rplidar_ros/environment/ament_prefix_path.sh
[0.369s] -- Installing: /home/mohana/Desktop/robot_ws/install/rplidar_ros/share/rplidar_ros/environment/ament_prefix_path.dsv
[0.369s] -- Installing: /home/mohana/Desktop/robot_ws/install/rplidar_ros/share/rplidar_ros/environment/path.sh
[0.369s] -- Installing: /home/mohana/Desktop/robot_ws/install/rplidar_ros/share/rplidar_ros/environment/path.dsv
[0.370s] -- Installing: /home/mohana/Desktop/robot_ws/install/rplidar_ros/share/rplidar_ros/local_setup.bash
[0.370s] -- Installing: /home/mohana/Desktop/robot_ws/install/rplidar_ros/share/rplidar_ros/local_setup.sh
[0.370s] -- Installing: /home/mohana/Desktop/robot_ws/install/rplidar_ros/share/rplidar_ros/local_setup.zsh
[0.370s] -- Installing: /home/mohana/Desktop/robot_ws/install/rplidar_ros/share/rplidar_ros/local_setup.dsv
[0.371s] -- Installing: /home/mohana/Desktop/robot_ws/install/rplidar_ros/share/rplidar_ros/package.dsv
[0.371s] -- Installing: /home/mohana/Desktop/robot_ws/install/rplidar_ros/share/ament_index/resource_index/packages/rplidar_ros
[0.371s] -- Installing: /home/mohana/Desktop/robot_ws/install/rplidar_ros/share/ament_index/resource_index/rclcpp_components/rplidar_ros
[0.372s] -- Installing: /home/mohana/Desktop/robot_ws/install/rplidar_ros/share/rplidar_ros/cmake/ament_cmake_export_dependencies-extras.cmake
[0.372s] -- Installing: /home/mohana/Desktop/robot_ws/install/rplidar_ros/share/rplidar_ros/cmake/ament_cmake_export_include_directories-extras.cmake
[0.372s] -- Installing: /home/mohana/Desktop/robot_ws/install/rplidar_ros/share/rplidar_ros/cmake/rplidar_rosConfig.cmake
[0.372s] -- Installing: /home/mohana/Desktop/robot_ws/install/rplidar_ros/share/rplidar_ros/cmake/rplidar_rosConfig-version.cmake
[0.373s] -- Installing: /home/mohana/Desktop/robot_ws/install/rplidar_ros/share/rplidar_ros/package.xml
[0.378s] Invoked command in '/home/mohana/Desktop/robot_ws/build/rplidar_ros' returned '0': CMAKE_PREFIX_PATH=${CMAKE_PREFIX_PATH}:/opt/ros/jazzy DEBUGINFOD_URLS=https://debuginfod.ubuntu.com /usr/bin/cmake --install /home/mohana/Desktop/robot_ws/build/rplidar_ros
