-- Install configuration: ""
-- Up-to-date: /home/mohana/Desktop/robot_ws/install/parking_world/share/parking_world/configs
-- Installing: /home/mohana/Desktop/robot_ws/install/parking_world/share/parking_world/configs/marble_bridge.yaml
-- Up-to-date: /home/mohana/Desktop/robot_ws/install/parking_world/share/parking_world/configs/bridge_config.yaml
-- Up-to-date: /home/mohana/Desktop/robot_ws/install/parking_world/share/parking_world/configs/car_bridge.yaml
-- Up-to-date: /home/mohana/Desktop/robot_ws/install/parking_world/share/parking_world/configs/tb4_bridge.yaml
-- Up-to-date: /home/mohana/Desktop/robot_ws/install/parking_world/share/parking_world/launch
-- Up-to-date: /home/mohana/Desktop/robot_ws/install/parking_world/share/parking_world/launch/simulation.launch.py
-- Up-to-date: /home/mohana/Desktop/robot_ws/install/parking_world/share/parking_world/launch/spawn_marble.launch.py
-- Up-to-date: /home/mohana/Desktop/robot_ws/install/parking_world/share/parking_world/launch/display.launch.py
-- Up-to-date: /home/mohana/Desktop/robot_ws/install/parking_world/share/parking_world/launch/spawn_tb4.launch.py
-- Up-to-date: /home/mohana/Desktop/robot_ws/install/parking_world/share/parking_world/worlds
-- Up-to-date: /home/mohana/Desktop/robot_ws/install/parking_world/share/parking_world/worlds/nav2_warehouse.sdf
-- Up-to-date: /home/mohana/Desktop/robot_ws/install/parking_world/share/parking_world/worlds/depot.sdf
-- Up-to-date: /home/mohana/Desktop/robot_ws/install/parking_world/share/parking_world/worlds/track_drive.sdf
-- Up-to-date: /home/mohana/Desktop/robot_ws/install/parking_world/share/parking_world/worlds/parking_garage
-- Up-to-date: /home/mohana/Desktop/robot_ws/install/parking_world/share/parking_world/worlds/parking_garage/parking_garage_spec.jpg
-- Up-to-date: /home/mohana/Desktop/robot_ws/install/parking_world/share/parking_world/worlds/parking_garage/meshes
-- Up-to-date: /home/mohana/Desktop/robot_ws/install/parking_world/share/parking_world/worlds/parking_garage/meshes/parking_garage.dae
-- Up-to-date: /home/mohana/Desktop/robot_ws/install/parking_world/share/parking_world/worlds/parking_garage/materials
-- Up-to-date: /home/mohana/Desktop/robot_ws/install/parking_world/share/parking_world/worlds/parking_garage/materials/textures
-- Up-to-date: /home/mohana/Desktop/robot_ws/install/parking_world/share/parking_world/worlds/parking_garage/materials/textures/parking_garage_spec.jpg
-- Up-to-date: /home/mohana/Desktop/robot_ws/install/parking_world/share/parking_world/worlds/parking_garage/materials/textures/parking_garage_diffuse.jpg
-- Up-to-date: /home/mohana/Desktop/robot_ws/install/parking_world/share/parking_world/worlds/parking_garage/model.sdf
-- Up-to-date: /home/mohana/Desktop/robot_ws/install/parking_world/share/parking_world/worlds/parking_garage/thumbnails
-- Up-to-date: /home/mohana/Desktop/robot_ws/install/parking_world/share/parking_world/worlds/parking_garage/thumbnails/3.png
-- Up-to-date: /home/mohana/Desktop/robot_ws/install/parking_world/share/parking_world/worlds/parking_garage/thumbnails/2.png
-- Up-to-date: /home/mohana/Desktop/robot_ws/install/parking_world/share/parking_world/worlds/parking_garage/thumbnails/4.png
-- Up-to-date: /home/mohana/Desktop/robot_ws/install/parking_world/share/parking_world/worlds/parking_garage/thumbnails/1.png
-- Up-to-date: /home/mohana/Desktop/robot_ws/install/parking_world/share/parking_world/worlds/parking_garage/thumbnails/5.png
-- Up-to-date: /home/mohana/Desktop/robot_ws/install/parking_world/share/parking_world/worlds/parking_garage/parking_garage_diffuse.jpg
-- Up-to-date: /home/mohana/Desktop/robot_ws/install/parking_world/share/parking_world/worlds/parking_garage/model.config
-- Up-to-date: /home/mohana/Desktop/robot_ws/install/parking_world/share/parking_world/worlds/my_world.sdf
-- Up-to-date: /home/mohana/Desktop/robot_ws/install/parking_world/share/parking_world/worlds/warehouse.sdf
-- Up-to-date: /home/mohana/Desktop/robot_ws/install/parking_world/share/parking_world/worlds/sonoma.sdf
-- Up-to-date: /home/mohana/Desktop/robot_ws/install/parking_world/share/ament_index/resource_index/package_run_dependencies/parking_world
-- Up-to-date: /home/mohana/Desktop/robot_ws/install/parking_world/share/ament_index/resource_index/parent_prefix_path/parking_world
-- Up-to-date: /home/mohana/Desktop/robot_ws/install/parking_world/share/parking_world/environment/ament_prefix_path.sh
-- Up-to-date: /home/mohana/Desktop/robot_ws/install/parking_world/share/parking_world/environment/ament_prefix_path.dsv
-- Up-to-date: /home/mohana/Desktop/robot_ws/install/parking_world/share/parking_world/environment/path.sh
-- Up-to-date: /home/mohana/Desktop/robot_ws/install/parking_world/share/parking_world/environment/path.dsv
-- Up-to-date: /home/mohana/Desktop/robot_ws/install/parking_world/share/parking_world/local_setup.bash
-- Up-to-date: /home/mohana/Desktop/robot_ws/install/parking_world/share/parking_world/local_setup.sh
-- Up-to-date: /home/mohana/Desktop/robot_ws/install/parking_world/share/parking_world/local_setup.zsh
-- Up-to-date: /home/mohana/Desktop/robot_ws/install/parking_world/share/parking_world/local_setup.dsv
-- Installing: /home/mohana/Desktop/robot_ws/install/parking_world/share/parking_world/package.dsv
-- Up-to-date: /home/mohana/Desktop/robot_ws/install/parking_world/share/ament_index/resource_index/packages/parking_world
-- Up-to-date: /home/mohana/Desktop/robot_ws/install/parking_world/share/parking_world/cmake/parking_worldConfig.cmake
-- Up-to-date: /home/mohana/Desktop/robot_ws/install/parking_world/share/parking_world/cmake/parking_worldConfig-version.cmake
-- Up-to-date: /home/mohana/Desktop/robot_ws/install/parking_world/share/parking_world/package.xml
