[0.014s] Invoking command in '/home/mohana/Desktop/robot_ws/build/parking_world': CMAKE_PREFIX_PATH=/home/mohana/Desktop/robot_ws/install/parking_car:/home/mohana/Desktop/robot_ws/install/parking_bringup:/home/mohana/Desktop/robot_ws/install/parking_world:/opt/ros/jazzy/opt/gz_launch_vendor:/opt/ros/jazzy/opt/gz_sim_vendor:/opt/ros/jazzy/opt/gz_sensors_vendor:/opt/ros/jazzy/opt/gz_physics_vendor:/opt/ros/jazzy/opt/sdformat_vendor:/opt/ros/jazzy/opt/gz_gui_vendor:/opt/ros/jazzy/opt/gz_transport_vendor:/opt/ros/jazzy/opt/gz_rendering_vendor:/opt/ros/jazzy/opt/gz_plugin_vendor:/opt/ros/jazzy/opt/gz_fuel_tools_vendor:/opt/ros/jazzy/opt/gz_msgs_vendor:/opt/ros/jazzy/opt/gz_common_vendor:/opt/ros/jazzy/opt/gz_math_vendor:/opt/ros/jazzy/opt/gz_utils_vendor:/opt/ros/jazzy/opt/gz_tools_vendor:/opt/ros/jazzy/opt/gz_ogre_next_vendor:/opt/ros/jazzy/opt/gz_dartsim_vendor:/opt/ros/jazzy/opt/gz_cmake_vendor:/opt/ros/jazzy DEBUGINFOD_URLS=https://debuginfod.ubuntu.com /usr/bin/cmake --build /home/mohana/Desktop/robot_ws/build/parking_world -- -j8 -l8
[0.085s] Invoked command in '/home/mohana/Desktop/robot_ws/build/parking_world' returned '0': CMAKE_PREFIX_PATH=/home/mohana/Desktop/robot_ws/install/parking_car:/home/mohana/Desktop/robot_ws/install/parking_bringup:/home/mohana/Desktop/robot_ws/install/parking_world:/opt/ros/jazzy/opt/gz_launch_vendor:/opt/ros/jazzy/opt/gz_sim_vendor:/opt/ros/jazzy/opt/gz_sensors_vendor:/opt/ros/jazzy/opt/gz_physics_vendor:/opt/ros/jazzy/opt/sdformat_vendor:/opt/ros/jazzy/opt/gz_gui_vendor:/opt/ros/jazzy/opt/gz_transport_vendor:/opt/ros/jazzy/opt/gz_rendering_vendor:/opt/ros/jazzy/opt/gz_plugin_vendor:/opt/ros/jazzy/opt/gz_fuel_tools_vendor:/opt/ros/jazzy/opt/gz_msgs_vendor:/opt/ros/jazzy/opt/gz_common_vendor:/opt/ros/jazzy/opt/gz_math_vendor:/opt/ros/jazzy/opt/gz_utils_vendor:/opt/ros/jazzy/opt/gz_tools_vendor:/opt/ros/jazzy/opt/gz_ogre_next_vendor:/opt/ros/jazzy/opt/gz_dartsim_vendor:/opt/ros/jazzy/opt/gz_cmake_vendor:/opt/ros/jazzy DEBUGINFOD_URLS=https://debuginfod.ubuntu.com /usr/bin/cmake --build /home/mohana/Desktop/robot_ws/build/parking_world -- -j8 -l8
[0.088s] Invoking command in '/home/mohana/Desktop/robot_ws/build/parking_world': CMAKE_PREFIX_PATH=/home/mohana/Desktop/robot_ws/install/parking_car:/home/mohana/Desktop/robot_ws/install/parking_bringup:/home/mohana/Desktop/robot_ws/install/parking_world:/opt/ros/jazzy/opt/gz_launch_vendor:/opt/ros/jazzy/opt/gz_sim_vendor:/opt/ros/jazzy/opt/gz_sensors_vendor:/opt/ros/jazzy/opt/gz_physics_vendor:/opt/ros/jazzy/opt/sdformat_vendor:/opt/ros/jazzy/opt/gz_gui_vendor:/opt/ros/jazzy/opt/gz_transport_vendor:/opt/ros/jazzy/opt/gz_rendering_vendor:/opt/ros/jazzy/opt/gz_plugin_vendor:/opt/ros/jazzy/opt/gz_fuel_tools_vendor:/opt/ros/jazzy/opt/gz_msgs_vendor:/opt/ros/jazzy/opt/gz_common_vendor:/opt/ros/jazzy/opt/gz_math_vendor:/opt/ros/jazzy/opt/gz_utils_vendor:/opt/ros/jazzy/opt/gz_tools_vendor:/opt/ros/jazzy/opt/gz_ogre_next_vendor:/opt/ros/jazzy/opt/gz_dartsim_vendor:/opt/ros/jazzy/opt/gz_cmake_vendor:/opt/ros/jazzy DEBUGINFOD_URLS=https://debuginfod.ubuntu.com /usr/bin/cmake --install /home/mohana/Desktop/robot_ws/build/parking_world
[0.100s] -- Install configuration: ""
[0.100s] -- Up-to-date: /home/mohana/Desktop/robot_ws/install/parking_world/share/parking_world/configs
[0.101s] -- Installing: /home/mohana/Desktop/robot_ws/install/parking_world/share/parking_world/configs/marble_bridge.yaml
[0.101s] -- Up-to-date: /home/mohana/Desktop/robot_ws/install/parking_world/share/parking_world/configs/bridge_config.yaml
[0.101s] -- Up-to-date: /home/mohana/Desktop/robot_ws/install/parking_world/share/parking_world/configs/car_bridge.yaml
[0.101s] -- Up-to-date: /home/mohana/Desktop/robot_ws/install/parking_world/share/parking_world/configs/tb4_bridge.yaml
[0.101s] -- Up-to-date: /home/mohana/Desktop/robot_ws/install/parking_world/share/parking_world/launch
[0.102s] -- Up-to-date: /home/mohana/Desktop/robot_ws/install/parking_world/share/parking_world/launch/simulation.launch.py
[0.102s] -- Up-to-date: /home/mohana/Desktop/robot_ws/install/parking_world/share/parking_world/launch/spawn_marble.launch.py
[0.102s] -- Up-to-date: /home/mohana/Desktop/robot_ws/install/parking_world/share/parking_world/launch/display.launch.py
[0.102s] -- Up-to-date: /home/mohana/Desktop/robot_ws/install/parking_world/share/parking_world/launch/spawn_tb4.launch.py
[0.102s] -- Up-to-date: /home/mohana/Desktop/robot_ws/install/parking_world/share/parking_world/worlds
[0.102s] -- Up-to-date: /home/mohana/Desktop/robot_ws/install/parking_world/share/parking_world/worlds/nav2_warehouse.sdf
[0.103s] -- Up-to-date: /home/mohana/Desktop/robot_ws/install/parking_world/share/parking_world/worlds/depot.sdf
[0.103s] -- Up-to-date: /home/mohana/Desktop/robot_ws/install/parking_world/share/parking_world/worlds/track_drive.sdf
[0.103s] -- Up-to-date: /home/mohana/Desktop/robot_ws/install/parking_world/share/parking_world/worlds/parking_garage
[0.103s] -- Up-to-date: /home/mohana/Desktop/robot_ws/install/parking_world/share/parking_world/worlds/parking_garage/parking_garage_spec.jpg
[0.103s] -- Up-to-date: /home/mohana/Desktop/robot_ws/install/parking_world/share/parking_world/worlds/parking_garage/meshes
[0.103s] -- Up-to-date: /home/mohana/Desktop/robot_ws/install/parking_world/share/parking_world/worlds/parking_garage/meshes/parking_garage.dae
[0.103s] -- Up-to-date: /home/mohana/Desktop/robot_ws/install/parking_world/share/parking_world/worlds/parking_garage/materials
[0.103s] -- Up-to-date: /home/mohana/Desktop/robot_ws/install/parking_world/share/parking_world/worlds/parking_garage/materials/textures
[0.104s] -- Up-to-date: /home/mohana/Desktop/robot_ws/install/parking_world/share/parking_world/worlds/parking_garage/materials/textures/parking_garage_spec.jpg
[0.104s] -- Up-to-date: /home/mohana/Desktop/robot_ws/install/parking_world/share/parking_world/worlds/parking_garage/materials/textures/parking_garage_diffuse.jpg
[0.104s] -- Up-to-date: /home/mohana/Desktop/robot_ws/install/parking_world/share/parking_world/worlds/parking_garage/model.sdf
[0.104s] -- Up-to-date: /home/mohana/Desktop/robot_ws/install/parking_world/share/parking_world/worlds/parking_garage/thumbnails
[0.104s] -- Up-to-date: /home/mohana/Desktop/robot_ws/install/parking_world/share/parking_world/worlds/parking_garage/thumbnails/3.png
[0.105s] -- Up-to-date: /home/mohana/Desktop/robot_ws/install/parking_world/share/parking_world/worlds/parking_garage/thumbnails/2.png
[0.105s] -- Up-to-date: /home/mohana/Desktop/robot_ws/install/parking_world/share/parking_world/worlds/parking_garage/thumbnails/4.png
[0.105s] -- Up-to-date: /home/mohana/Desktop/robot_ws/install/parking_world/share/parking_world/worlds/parking_garage/thumbnails/1.png
[0.105s] -- Up-to-date: /home/mohana/Desktop/robot_ws/install/parking_world/share/parking_world/worlds/parking_garage/thumbnails/5.png
[0.105s] -- Up-to-date: /home/mohana/Desktop/robot_ws/install/parking_world/share/parking_world/worlds/parking_garage/parking_garage_diffuse.jpg
[0.105s] -- Up-to-date: /home/mohana/Desktop/robot_ws/install/parking_world/share/parking_world/worlds/parking_garage/model.config
[0.105s] -- Up-to-date: /home/mohana/Desktop/robot_ws/install/parking_world/share/parking_world/worlds/my_world.sdf
[0.105s] -- Up-to-date: /home/mohana/Desktop/robot_ws/install/parking_world/share/parking_world/worlds/warehouse.sdf
[0.105s] -- Up-to-date: /home/mohana/Desktop/robot_ws/install/parking_world/share/parking_world/worlds/sonoma.sdf
[0.105s] -- Up-to-date: /home/mohana/Desktop/robot_ws/install/parking_world/share/ament_index/resource_index/package_run_dependencies/parking_world
[0.105s] -- Up-to-date: /home/mohana/Desktop/robot_ws/install/parking_world/share/ament_index/resource_index/parent_prefix_path/parking_world
[0.106s] -- Up-to-date: /home/mohana/Desktop/robot_ws/install/parking_world/share/parking_world/environment/ament_prefix_path.sh
[0.106s] -- Up-to-date: /home/mohana/Desktop/robot_ws/install/parking_world/share/parking_world/environment/ament_prefix_path.dsv
[0.106s] -- Up-to-date: /home/mohana/Desktop/robot_ws/install/parking_world/share/parking_world/environment/path.sh
[0.107s] -- Up-to-date: /home/mohana/Desktop/robot_ws/install/parking_world/share/parking_world/environment/path.dsv
[0.108s] -- Up-to-date: /home/mohana/Desktop/robot_ws/install/parking_world/share/parking_world/local_setup.bash
[0.108s] -- Up-to-date: /home/mohana/Desktop/robot_ws/install/parking_world/share/parking_world/local_setup.sh
[0.108s] -- Up-to-date: /home/mohana/Desktop/robot_ws/install/parking_world/share/parking_world/local_setup.zsh
[0.108s] -- Up-to-date: /home/mohana/Desktop/robot_ws/install/parking_world/share/parking_world/local_setup.dsv
[0.108s] -- Installing: /home/mohana/Desktop/robot_ws/install/parking_world/share/parking_world/package.dsv
[0.108s] -- Up-to-date: /home/mohana/Desktop/robot_ws/install/parking_world/share/ament_index/resource_index/packages/parking_world
[0.109s] -- Up-to-date: /home/mohana/Desktop/robot_ws/install/parking_world/share/parking_world/cmake/parking_worldConfig.cmake
[0.109s] -- Up-to-date: /home/mohana/Desktop/robot_ws/install/parking_world/share/parking_world/cmake/parking_worldConfig-version.cmake
[0.109s] -- Up-to-date: /home/mohana/Desktop/robot_ws/install/parking_world/share/parking_world/package.xml
[0.110s] Invoked command in '/home/mohana/Desktop/robot_ws/build/parking_world' returned '0': CMAKE_PREFIX_PATH=/home/mohana/Desktop/robot_ws/install/parking_car:/home/mohana/Desktop/robot_ws/install/parking_bringup:/home/mohana/Desktop/robot_ws/install/parking_world:/opt/ros/jazzy/opt/gz_launch_vendor:/opt/ros/jazzy/opt/gz_sim_vendor:/opt/ros/jazzy/opt/gz_sensors_vendor:/opt/ros/jazzy/opt/gz_physics_vendor:/opt/ros/jazzy/opt/sdformat_vendor:/opt/ros/jazzy/opt/gz_gui_vendor:/opt/ros/jazzy/opt/gz_transport_vendor:/opt/ros/jazzy/opt/gz_rendering_vendor:/opt/ros/jazzy/opt/gz_plugin_vendor:/opt/ros/jazzy/opt/gz_fuel_tools_vendor:/opt/ros/jazzy/opt/gz_msgs_vendor:/opt/ros/jazzy/opt/gz_common_vendor:/opt/ros/jazzy/opt/gz_math_vendor:/opt/ros/jazzy/opt/gz_utils_vendor:/opt/ros/jazzy/opt/gz_tools_vendor:/opt/ros/jazzy/opt/gz_ogre_next_vendor:/opt/ros/jazzy/opt/gz_dartsim_vendor:/opt/ros/jazzy/opt/gz_cmake_vendor:/opt/ros/jazzy DEBUGINFOD_URLS=https://debuginfod.ubuntu.com /usr/bin/cmake --install /home/mohana/Desktop/robot_ws/build/parking_world
