running egg_info
creating ../../build/ackermann_robot/ackermann_robot.egg-info
writing ../../build/ackermann_robot/ackermann_robot.egg-info/PKG-INFO
writing dependency_links to ../../build/ackermann_robot/ackermann_robot.egg-info/dependency_links.txt
writing requirements to ../../build/ackermann_robot/ackermann_robot.egg-info/requires.txt
writing top-level names to ../../build/ackermann_robot/ackermann_robot.egg-info/top_level.txt
writing manifest file '../../build/ackermann_robot/ackermann_robot.egg-info/SOURCES.txt'
reading manifest file '../../build/ackermann_robot/ackermann_robot.egg-info/SOURCES.txt'
writing manifest file '../../build/ackermann_robot/ackermann_robot.egg-info/SOURCES.txt'
running build
running build_py
creating /home/mohana/robot_ws/build/ackermann_robot/build
creating /home/mohana/robot_ws/build/ackermann_robot/build/lib
creating /home/mohana/robot_ws/build/ackermann_robot/build/lib/ackermann_robot
copying ackermann_robot/__init__.py -> /home/mohana/robot_ws/build/ackermann_robot/build/lib/ackermann_robot
running install
running install_lib
creating /home/mohana/robot_ws/install/ackermann_robot/lib/python3.12/site-packages/ackermann_robot
copying /home/mohana/robot_ws/build/ackermann_robot/build/lib/ackermann_robot/__init__.py -> /home/mohana/robot_ws/install/ackermann_robot/lib/python3.12/site-packages/ackermann_robot
byte-compiling /home/mohana/robot_ws/install/ackermann_robot/lib/python3.12/site-packages/ackermann_robot/__init__.py to __init__.cpython-312.pyc
running install_data
creating /home/mohana/robot_ws/install/ackermann_robot/share/ament_index
creating /home/mohana/robot_ws/install/ackermann_robot/share/ament_index/resource_index
creating /home/mohana/robot_ws/install/ackermann_robot/share/ament_index/resource_index/packages
copying resource/ackermann_robot -> /home/mohana/robot_ws/install/ackermann_robot/share/ament_index/resource_index/packages
copying package.xml -> /home/mohana/robot_ws/install/ackermann_robot/share/ackermann_robot
creating /home/mohana/robot_ws/install/ackermann_robot/share/ackermann_robot/urdf
copying urdf/ackermann_robot.xacro -> /home/mohana/robot_ws/install/ackermann_robot/share/ackermann_robot/urdf
creating /home/mohana/robot_ws/install/ackermann_robot/share/ackermann_robot/meshes
copying meshes/chassis_visual.stl -> /home/mohana/robot_ws/install/ackermann_robot/share/ackermann_robot/meshes
copying meshes/wheel_visual.stl -> /home/mohana/robot_ws/install/ackermann_robot/share/ackermann_robot/meshes
copying meshes/chassis_visual.dae -> /home/mohana/robot_ws/install/ackermann_robot/share/ackermann_robot/meshes
copying meshes/wheel_visual.dae -> /home/mohana/robot_ws/install/ackermann_robot/share/ackermann_robot/meshes
creating /home/mohana/robot_ws/install/ackermann_robot/share/ackermann_robot/worlds
copying worlds/ackermann_world.sdf -> /home/mohana/robot_ws/install/ackermann_robot/share/ackermann_robot/worlds
creating /home/mohana/robot_ws/install/ackermann_robot/share/ackermann_robot/config
copying config/bridges.yaml -> /home/mohana/robot_ws/install/ackermann_robot/share/ackermann_robot/config
creating /home/mohana/robot_ws/install/ackermann_robot/share/ackermann_robot/launch
copying launch/ackermann_gazebo.launch.py -> /home/mohana/robot_ws/install/ackermann_robot/share/ackermann_robot/launch
running install_egg_info
Copying ../../build/ackermann_robot/ackermann_robot.egg-info to /home/mohana/robot_ws/install/ackermann_robot/lib/python3.12/site-packages/ackermann_robot-0.0.0-py3.12.egg-info
running install_scripts
writing list of installed files to '/home/mohana/robot_ws/build/ackermann_robot/install.log'
