[2.011s] Invoking command in '/home/mohana/robot_ws/src/ackermann_robot': DEBUGINFOD_URLS=https://debuginfod.ubuntu.com PYTHONPATH=/home/mohana/robot_ws/build/ackermann_robot/prefix_override:/usr/lib/python3/dist-packages/colcon_core/task/python/colcon_distutils_commands:/home/mohana/robot_ws/install/ackermann_robot/lib/python3.12/site-packages:${PYTHONPATH} /usr/bin/python3 -W ignore:setup.py install is deprecated -W ignore:easy_install command is deprecated setup.py egg_info --egg-base ../../build/ackermann_robot build --build-base /home/mohana/robot_ws/build/ackermann_robot/build install --record /home/mohana/robot_ws/build/ackermann_robot/install.log --single-version-externally-managed install_data
[2.539s] running egg_info
[2.540s] creating ../../build/ackermann_robot/ackermann_robot.egg-info
[2.595s] writing ../../build/ackermann_robot/ackermann_robot.egg-info/PKG-INFO
[2.596s] writing dependency_links to ../../build/ackermann_robot/ackermann_robot.egg-info/dependency_links.txt
[2.596s] writing requirements to ../../build/ackermann_robot/ackermann_robot.egg-info/requires.txt
[2.596s] writing top-level names to ../../build/ackermann_robot/ackermann_robot.egg-info/top_level.txt
[2.596s] writing manifest file '../../build/ackermann_robot/ackermann_robot.egg-info/SOURCES.txt'
[2.698s] reading manifest file '../../build/ackermann_robot/ackermann_robot.egg-info/SOURCES.txt'
[2.699s] writing manifest file '../../build/ackermann_robot/ackermann_robot.egg-info/SOURCES.txt'
[2.699s] running build
[2.700s] running build_py
[2.700s] creating /home/mohana/robot_ws/build/ackermann_robot/build
[2.700s] creating /home/mohana/robot_ws/build/ackermann_robot/build/lib
[2.701s] creating /home/mohana/robot_ws/build/ackermann_robot/build/lib/ackermann_robot
[2.701s] copying ackermann_robot/__init__.py -> /home/mohana/robot_ws/build/ackermann_robot/build/lib/ackermann_robot
[2.701s] running install
[2.709s] running install_lib
[2.760s] creating /home/mohana/robot_ws/install/ackermann_robot/lib/python3.12/site-packages/ackermann_robot
[2.760s] copying /home/mohana/robot_ws/build/ackermann_robot/build/lib/ackermann_robot/__init__.py -> /home/mohana/robot_ws/install/ackermann_robot/lib/python3.12/site-packages/ackermann_robot
[2.761s] byte-compiling /home/mohana/robot_ws/install/ackermann_robot/lib/python3.12/site-packages/ackermann_robot/__init__.py to __init__.cpython-312.pyc
[2.761s] running install_data
[2.761s] creating /home/mohana/robot_ws/install/ackermann_robot/share/ament_index
[2.761s] creating /home/mohana/robot_ws/install/ackermann_robot/share/ament_index/resource_index
[2.761s] creating /home/mohana/robot_ws/install/ackermann_robot/share/ament_index/resource_index/packages
[2.762s] copying resource/ackermann_robot -> /home/mohana/robot_ws/install/ackermann_robot/share/ament_index/resource_index/packages
[2.762s] copying package.xml -> /home/mohana/robot_ws/install/ackermann_robot/share/ackermann_robot
[2.762s] creating /home/mohana/robot_ws/install/ackermann_robot/share/ackermann_robot/urdf
[2.762s] copying urdf/ackermann_robot.xacro -> /home/mohana/robot_ws/install/ackermann_robot/share/ackermann_robot/urdf
[2.762s] creating /home/mohana/robot_ws/install/ackermann_robot/share/ackermann_robot/meshes
[2.762s] copying meshes/chassis_visual.stl -> /home/mohana/robot_ws/install/ackermann_robot/share/ackermann_robot/meshes
[2.763s] copying meshes/wheel_visual.stl -> /home/mohana/robot_ws/install/ackermann_robot/share/ackermann_robot/meshes
[2.764s] copying meshes/chassis_visual.dae -> /home/mohana/robot_ws/install/ackermann_robot/share/ackermann_robot/meshes
[2.765s] copying meshes/wheel_visual.dae -> /home/mohana/robot_ws/install/ackermann_robot/share/ackermann_robot/meshes
[2.766s] creating /home/mohana/robot_ws/install/ackermann_robot/share/ackermann_robot/worlds
[2.766s] copying worlds/ackermann_world.sdf -> /home/mohana/robot_ws/install/ackermann_robot/share/ackermann_robot/worlds
[2.766s] creating /home/mohana/robot_ws/install/ackermann_robot/share/ackermann_robot/config
[2.766s] copying config/bridges.yaml -> /home/mohana/robot_ws/install/ackermann_robot/share/ackermann_robot/config
[2.766s] creating /home/mohana/robot_ws/install/ackermann_robot/share/ackermann_robot/launch
[2.766s] copying launch/ackermann_gazebo.launch.py -> /home/mohana/robot_ws/install/ackermann_robot/share/ackermann_robot/launch
[2.767s] running install_egg_info
[2.811s] Copying ../../build/ackermann_robot/ackermann_robot.egg-info to /home/mohana/robot_ws/install/ackermann_robot/lib/python3.12/site-packages/ackermann_robot-0.0.0-py3.12.egg-info
[2.812s] running install_scripts
[3.102s] writing list of installed files to '/home/mohana/robot_ws/build/ackermann_robot/install.log'
[3.168s] Invoked command in '/home/mohana/robot_ws/src/ackermann_robot' returned '0': DEBUGINFOD_URLS=https://debuginfod.ubuntu.com PYTHONPATH=/home/mohana/robot_ws/build/ackermann_robot/prefix_override:/usr/lib/python3/dist-packages/colcon_core/task/python/colcon_distutils_commands:/home/mohana/robot_ws/install/ackermann_robot/lib/python3.12/site-packages:${PYTHONPATH} /usr/bin/python3 -W ignore:setup.py install is deprecated -W ignore:easy_install command is deprecated setup.py egg_info --egg-base ../../build/ackermann_robot build --build-base /home/mohana/robot_ws/build/ackermann_robot/build install --record /home/mohana/robot_ws/build/ackermann_robot/install.log --single-version-externally-managed install_data
