[0.018s] Invoking command in '/home/mohana/Desktop/robot_ws/build/parking_bringup': AMENT_PREFIX_PATH=/home/mohana/Desktop/robot_ws/install/parking_world:/home/mohana/Desktop/robot_ws/install/parking_car:${AMENT_PREFIX_PATH} CMAKE_PREFIX_PATH=/home/mohana/Desktop/robot_ws/install/parking_world:/home/mohana/Desktop/robot_ws/install/parking_car:/opt/ros/jazzy/opt/gz_launch_vendor:/opt/ros/jazzy/opt/gz_sim_vendor:/opt/ros/jazzy/opt/gz_sensors_vendor:/opt/ros/jazzy/opt/gz_physics_vendor:/opt/ros/jazzy/opt/sdformat_vendor:/opt/ros/jazzy/opt/gz_gui_vendor:/opt/ros/jazzy/opt/gz_transport_vendor:/opt/ros/jazzy/opt/gz_rendering_vendor:/opt/ros/jazzy/opt/gz_plugin_vendor:/opt/ros/jazzy/opt/gz_fuel_tools_vendor:/opt/ros/jazzy/opt/gz_msgs_vendor:/opt/ros/jazzy/opt/gz_common_vendor:/opt/ros/jazzy/opt/gz_math_vendor:/opt/ros/jazzy/opt/gz_utils_vendor:/opt/ros/jazzy/opt/gz_tools_vendor:/opt/ros/jazzy/opt/gz_ogre_next_vendor:/opt/ros/jazzy/opt/gz_dartsim_vendor:/opt/ros/jazzy/opt/gz_cmake_vendor:/opt/ros/jazzy DEBUGINFOD_URLS=https://debuginfod.ubuntu.com /usr/bin/cmake --build /home/mohana/Desktop/robot_ws/build/parking_bringup -- -j8 -l8
[0.089s] Invoked command in '/home/mohana/Desktop/robot_ws/build/parking_bringup' returned '0': AMENT_PREFIX_PATH=/home/mohana/Desktop/robot_ws/install/parking_world:/home/mohana/Desktop/robot_ws/install/parking_car:${AMENT_PREFIX_PATH} CMAKE_PREFIX_PATH=/home/mohana/Desktop/robot_ws/install/parking_world:/home/mohana/Desktop/robot_ws/install/parking_car:/opt/ros/jazzy/opt/gz_launch_vendor:/opt/ros/jazzy/opt/gz_sim_vendor:/opt/ros/jazzy/opt/gz_sensors_vendor:/opt/ros/jazzy/opt/gz_physics_vendor:/opt/ros/jazzy/opt/sdformat_vendor:/opt/ros/jazzy/opt/gz_gui_vendor:/opt/ros/jazzy/opt/gz_transport_vendor:/opt/ros/jazzy/opt/gz_rendering_vendor:/opt/ros/jazzy/opt/gz_plugin_vendor:/opt/ros/jazzy/opt/gz_fuel_tools_vendor:/opt/ros/jazzy/opt/gz_msgs_vendor:/opt/ros/jazzy/opt/gz_common_vendor:/opt/ros/jazzy/opt/gz_math_vendor:/opt/ros/jazzy/opt/gz_utils_vendor:/opt/ros/jazzy/opt/gz_tools_vendor:/opt/ros/jazzy/opt/gz_ogre_next_vendor:/opt/ros/jazzy/opt/gz_dartsim_vendor:/opt/ros/jazzy/opt/gz_cmake_vendor:/opt/ros/jazzy DEBUGINFOD_URLS=https://debuginfod.ubuntu.com /usr/bin/cmake --build /home/mohana/Desktop/robot_ws/build/parking_bringup -- -j8 -l8
[0.090s] Invoking command in '/home/mohana/Desktop/robot_ws/build/parking_bringup': AMENT_PREFIX_PATH=/home/mohana/Desktop/robot_ws/install/parking_world:/home/mohana/Desktop/robot_ws/install/parking_car:${AMENT_PREFIX_PATH} CMAKE_PREFIX_PATH=/home/mohana/Desktop/robot_ws/install/parking_world:/home/mohana/Desktop/robot_ws/install/parking_car:/opt/ros/jazzy/opt/gz_launch_vendor:/opt/ros/jazzy/opt/gz_sim_vendor:/opt/ros/jazzy/opt/gz_sensors_vendor:/opt/ros/jazzy/opt/gz_physics_vendor:/opt/ros/jazzy/opt/sdformat_vendor:/opt/ros/jazzy/opt/gz_gui_vendor:/opt/ros/jazzy/opt/gz_transport_vendor:/opt/ros/jazzy/opt/gz_rendering_vendor:/opt/ros/jazzy/opt/gz_plugin_vendor:/opt/ros/jazzy/opt/gz_fuel_tools_vendor:/opt/ros/jazzy/opt/gz_msgs_vendor:/opt/ros/jazzy/opt/gz_common_vendor:/opt/ros/jazzy/opt/gz_math_vendor:/opt/ros/jazzy/opt/gz_utils_vendor:/opt/ros/jazzy/opt/gz_tools_vendor:/opt/ros/jazzy/opt/gz_ogre_next_vendor:/opt/ros/jazzy/opt/gz_dartsim_vendor:/opt/ros/jazzy/opt/gz_cmake_vendor:/opt/ros/jazzy DEBUGINFOD_URLS=https://debuginfod.ubuntu.com /usr/bin/cmake --install /home/mohana/Desktop/robot_ws/build/parking_bringup
[0.103s] -- Install configuration: ""
[0.103s] -- Up-to-date: /home/mohana/Desktop/robot_ws/install/parking_bringup/share/parking_bringup/launch
[0.103s] -- Up-to-date: /home/mohana/Desktop/robot_ws/install/parking_bringup/share/parking_bringup/launch/tb4_simulation_launch.py
[0.104s] -- Up-to-date: /home/mohana/Desktop/robot_ws/install/parking_bringup/share/parking_bringup/launch/display.launch.py
[0.104s] -- Up-to-date: /home/mohana/Desktop/robot_ws/install/parking_bringup/share/parking_bringup/launch/spawn_car_garage.launch.py
[0.104s] -- Up-to-date: /home/mohana/Desktop/robot_ws/install/parking_bringup/share/parking_bringup/maps
[0.104s] -- Up-to-date: /home/mohana/Desktop/robot_ws/install/parking_bringup/share/parking_bringup/maps/warehouse.pgm
[0.104s] -- Up-to-date: /home/mohana/Desktop/robot_ws/install/parking_bringup/share/parking_bringup/maps/tb3_sandbox.pgm
[0.105s] -- Up-to-date: /home/mohana/Desktop/robot_ws/install/parking_bringup/share/parking_bringup/maps/warehouse.yaml
[0.105s] -- Up-to-date: /home/mohana/Desktop/robot_ws/install/parking_bringup/share/parking_bringup/maps/depot.yaml
[0.105s] -- Up-to-date: /home/mohana/Desktop/robot_ws/install/parking_bringup/share/parking_bringup/maps/depot.pgm
[0.105s] -- Up-to-date: /home/mohana/Desktop/robot_ws/install/parking_bringup/share/parking_bringup/maps/tb3_sandbox.yaml
[0.105s] -- Up-to-date: /home/mohana/Desktop/robot_ws/install/parking_bringup/share/parking_bringup/params
[0.105s] -- Up-to-date: /home/mohana/Desktop/robot_ws/install/parking_bringup/share/parking_bringup/params/nav2_params.yaml
[0.105s] -- Up-to-date: /home/mohana/Desktop/robot_ws/install/parking_bringup/share/parking_bringup/configs
[0.105s] -- Up-to-date: /home/mohana/Desktop/robot_ws/install/parking_bringup/share/parking_bringup/rviz
[0.106s] -- Up-to-date: /home/mohana/Desktop/robot_ws/install/parking_bringup/share/parking_bringup/rviz/config_old.rviz
[0.106s] -- Up-to-date: /home/mohana/Desktop/robot_ws/install/parking_bringup/share/parking_bringup/rviz/nav2_default_view.rviz
[0.106s] -- Up-to-date: /home/mohana/Desktop/robot_ws/install/parking_bringup/share/parking_bringup/rviz/config.rviz
[0.106s] -- Up-to-date: /home/mohana/Desktop/robot_ws/install/parking_bringup/share/ament_index/resource_index/package_run_dependencies/parking_bringup
[0.106s] -- Up-to-date: /home/mohana/Desktop/robot_ws/install/parking_bringup/share/ament_index/resource_index/parent_prefix_path/parking_bringup
[0.106s] -- Up-to-date: /home/mohana/Desktop/robot_ws/install/parking_bringup/share/parking_bringup/environment/ament_prefix_path.sh
[0.106s] -- Up-to-date: /home/mohana/Desktop/robot_ws/install/parking_bringup/share/parking_bringup/environment/ament_prefix_path.dsv
[0.106s] -- Up-to-date: /home/mohana/Desktop/robot_ws/install/parking_bringup/share/parking_bringup/environment/path.sh
[0.107s] -- Up-to-date: /home/mohana/Desktop/robot_ws/install/parking_bringup/share/parking_bringup/environment/path.dsv
[0.107s] -- Up-to-date: /home/mohana/Desktop/robot_ws/install/parking_bringup/share/parking_bringup/local_setup.bash
[0.107s] -- Up-to-date: /home/mohana/Desktop/robot_ws/install/parking_bringup/share/parking_bringup/local_setup.sh
[0.107s] -- Up-to-date: /home/mohana/Desktop/robot_ws/install/parking_bringup/share/parking_bringup/local_setup.zsh
[0.107s] -- Up-to-date: /home/mohana/Desktop/robot_ws/install/parking_bringup/share/parking_bringup/local_setup.dsv
[0.107s] -- Up-to-date: /home/mohana/Desktop/robot_ws/install/parking_bringup/share/parking_bringup/package.dsv
[0.107s] -- Up-to-date: /home/mohana/Desktop/robot_ws/install/parking_bringup/share/ament_index/resource_index/packages/parking_bringup
[0.107s] -- Up-to-date: /home/mohana/Desktop/robot_ws/install/parking_bringup/share/parking_bringup/cmake/parking_bringupConfig.cmake
[0.108s] -- Up-to-date: /home/mohana/Desktop/robot_ws/install/parking_bringup/share/parking_bringup/cmake/parking_bringupConfig-version.cmake
[0.108s] -- Up-to-date: /home/mohana/Desktop/robot_ws/install/parking_bringup/share/parking_bringup/package.xml
[0.109s] Invoked command in '/home/mohana/Desktop/robot_ws/build/parking_bringup' returned '0': AMENT_PREFIX_PATH=/home/mohana/Desktop/robot_ws/install/parking_world:/home/mohana/Desktop/robot_ws/install/parking_car:${AMENT_PREFIX_PATH} CMAKE_PREFIX_PATH=/home/mohana/Desktop/robot_ws/install/parking_world:/home/mohana/Desktop/robot_ws/install/parking_car:/opt/ros/jazzy/opt/gz_launch_vendor:/opt/ros/jazzy/opt/gz_sim_vendor:/opt/ros/jazzy/opt/gz_sensors_vendor:/opt/ros/jazzy/opt/gz_physics_vendor:/opt/ros/jazzy/opt/sdformat_vendor:/opt/ros/jazzy/opt/gz_gui_vendor:/opt/ros/jazzy/opt/gz_transport_vendor:/opt/ros/jazzy/opt/gz_rendering_vendor:/opt/ros/jazzy/opt/gz_plugin_vendor:/opt/ros/jazzy/opt/gz_fuel_tools_vendor:/opt/ros/jazzy/opt/gz_msgs_vendor:/opt/ros/jazzy/opt/gz_common_vendor:/opt/ros/jazzy/opt/gz_math_vendor:/opt/ros/jazzy/opt/gz_utils_vendor:/opt/ros/jazzy/opt/gz_tools_vendor:/opt/ros/jazzy/opt/gz_ogre_next_vendor:/opt/ros/jazzy/opt/gz_dartsim_vendor:/opt/ros/jazzy/opt/gz_cmake_vendor:/opt/ros/jazzy DEBUGINFOD_URLS=https://debuginfod.ubuntu.com /usr/bin/cmake --install /home/mohana/Desktop/robot_ws/build/parking_bringup
