[0.038s] Invoking command in '/home/mohana/Desktop/robot_ws/build/sam_bringup': CMAKE_PREFIX_PATH=${CMAKE_PREFIX_PATH}:/opt/ros/jazzy DEBUGINFOD_URLS=https://debuginfod.ubuntu.com /usr/bin/cmake /home/mohana/Desktop/robot_ws/src/sam_bringup -DCMAKE_INSTALL_PREFIX=/home/mohana/Desktop/robot_ws/install/sam_bringup
[0.070s] -- Found ament_cmake: 2.5.5 (/opt/ros/jazzy/share/ament_cmake/cmake)
[0.886s] -- Configuring incomplete, errors occurred!
[0.887s] [31mCMake Error at CMakeLists.txt:20 (find_package):
[0.887s]   By not providing "Findxacro.cmake" in CMAKE_MODULE_PATH this project has
[0.888s]   asked CMake to find a package configuration file provided by "xacro", but
[0.888s]   CMake did not find one.
[0.889s] 
[0.892s]   Could not find a package configuration file provided by "xacro" with any of
[0.893s]   the following names:
[0.893s] 
[0.893s]     xacroConfig.cmake
[0.894s]     xacro-config.cmake
[0.894s] 
[0.895s]   Add the installation prefix of "xacro" to CMAKE_PREFIX_PATH or set
[0.895s]   "xacro_DIR" to a directory containing one of the above files.  If "xacro"
[0.896s]   provides a separate development package or SDK, be sure it has been
[0.899s]   installed.
[0.900s] 
[0.900s] [0m
