[0.398s] DEBUG:colcon:Command line arguments: ['/usr/bin/colcon', 'build']
[0.398s] DEBUG:colcon:Parsed command line arguments: Namespace(log_base=None, log_level=None, verb_name='build', build_base='build', install_base='install', merge_install=False, symlink_install=False, test_result_base=None, continue_on_error=False, executor='parallel', parallel_workers=8, event_handlers=None, ignore_user_meta=False, metas=['./colcon.meta'], base_paths=['.'], packages_ignore=None, packages_ignore_regex=None, paths=None, packages_up_to=None, packages_up_to_regex=None, packages_above=None, packages_above_and_dependencies=None, packages_above_depth=None, packages_select_by_dep=None, packages_skip_by_dep=None, packages_skip_up_to=None, packages_select_build_failed=False, packages_skip_build_finished=False, packages_select_test_failures=False, packages_skip_test_passed=False, packages_select=None, packages_skip=None, packages_select_regex=None, packages_skip_regex=None, packages_start=None, packages_end=None, allow_overriding=[], cmake_args=None, cmake_target=None, cmake_target_skip_unavailable=False, cmake_clean_cache=False, cmake_clean_first=False, cmake_force_configure=False, ament_cmake_args=None, catkin_cmake_args=None, catkin_skip_building_tests=False, mixin_files=None, mixin=None, verb_parser=<colcon_mixin.mixin.mixin_argument.MixinArgumentDecorator object at 0x74732f7fe960>, verb_extension=<colcon_core.verb.build.BuildVerb object at 0x74732f7fe450>, main=<bound method BuildVerb.main of <colcon_core.verb.build.BuildVerb object at 0x74732f7fe450>>, mixin_verb=('build',))
[0.486s] Level 1:colcon.colcon_core.package_discovery:discover_packages(colcon_meta) check parameters
[0.486s] Level 1:colcon.colcon_core.package_discovery:discover_packages(recursive) check parameters
[0.486s] Level 1:colcon.colcon_core.package_discovery:discover_packages(ignore) check parameters
[0.486s] Level 1:colcon.colcon_core.package_discovery:discover_packages(path) check parameters
[0.486s] Level 1:colcon.colcon_core.package_discovery:discover_packages(colcon_meta) discover
[0.486s] Level 1:colcon.colcon_core.package_discovery:discover_packages(recursive) discover
[0.486s] INFO:colcon.colcon_core.package_discovery:Crawling recursively for packages in '/home/mohana/Desktop/robot_ws'
[0.487s] Level 1:colcon.colcon_core.package_identification:_identify(.) by extensions ['ignore', 'ignore_ament_install']
[0.487s] Level 1:colcon.colcon_core.package_identification:_identify(.) by extension 'ignore'
[0.487s] Level 1:colcon.colcon_core.package_identification:_identify(.) by extension 'ignore_ament_install'
[0.487s] Level 1:colcon.colcon_core.package_identification:_identify(.) by extensions ['colcon_pkg']
[0.487s] Level 1:colcon.colcon_core.package_identification:_identify(.) by extension 'colcon_pkg'
[0.487s] Level 1:colcon.colcon_core.package_identification:_identify(.) by extensions ['colcon_meta']
[0.487s] Level 1:colcon.colcon_core.package_identification:_identify(.) by extension 'colcon_meta'
[0.487s] Level 1:colcon.colcon_core.package_identification:_identify(.) by extensions ['ros']
[0.487s] Level 1:colcon.colcon_core.package_identification:_identify(.) by extension 'ros'
[0.534s] Level 1:colcon.colcon_core.package_identification:_identify(.) by extensions ['cmake', 'python']
[0.534s] Level 1:colcon.colcon_core.package_identification:_identify(.) by extension 'cmake'
[0.534s] Level 1:colcon.colcon_core.package_identification:_identify(.) by extension 'python'
[0.534s] Level 1:colcon.colcon_core.package_identification:_identify(.) by extensions ['python_setup_py']
[0.534s] Level 1:colcon.colcon_core.package_identification:_identify(.) by extension 'python_setup_py'
[0.534s] Level 1:colcon.colcon_core.package_identification:_identify(build) by extensions ['ignore', 'ignore_ament_install']
[0.534s] Level 1:colcon.colcon_core.package_identification:_identify(build) by extension 'ignore'
[0.535s] Level 1:colcon.colcon_core.package_identification:_identify(build) ignored
[0.535s] Level 1:colcon.colcon_core.package_identification:_identify(install) by extensions ['ignore', 'ignore_ament_install']
[0.535s] Level 1:colcon.colcon_core.package_identification:_identify(install) by extension 'ignore'
[0.535s] Level 1:colcon.colcon_core.package_identification:_identify(install) ignored
[0.535s] Level 1:colcon.colcon_core.package_identification:_identify(log) by extensions ['ignore', 'ignore_ament_install']
[0.535s] Level 1:colcon.colcon_core.package_identification:_identify(log) by extension 'ignore'
[0.535s] Level 1:colcon.colcon_core.package_identification:_identify(log) ignored
[0.536s] Level 1:colcon.colcon_core.package_identification:_identify(src) by extensions ['ignore', 'ignore_ament_install']
[0.536s] Level 1:colcon.colcon_core.package_identification:_identify(src) by extension 'ignore'
[0.536s] Level 1:colcon.colcon_core.package_identification:_identify(src) by extension 'ignore_ament_install'
[0.536s] Level 1:colcon.colcon_core.package_identification:_identify(src) by extensions ['colcon_pkg']
[0.536s] Level 1:colcon.colcon_core.package_identification:_identify(src) by extension 'colcon_pkg'
[0.536s] Level 1:colcon.colcon_core.package_identification:_identify(src) by extensions ['colcon_meta']
[0.536s] Level 1:colcon.colcon_core.package_identification:_identify(src) by extension 'colcon_meta'
[0.536s] Level 1:colcon.colcon_core.package_identification:_identify(src) by extensions ['ros']
[0.536s] Level 1:colcon.colcon_core.package_identification:_identify(src) by extension 'ros'
[0.536s] Level 1:colcon.colcon_core.package_identification:_identify(src) by extensions ['cmake', 'python']
[0.536s] Level 1:colcon.colcon_core.package_identification:_identify(src) by extension 'cmake'
[0.537s] Level 1:colcon.colcon_core.package_identification:_identify(src) by extension 'python'
[0.537s] Level 1:colcon.colcon_core.package_identification:_identify(src) by extensions ['python_setup_py']
[0.537s] Level 1:colcon.colcon_core.package_identification:_identify(src) by extension 'python_setup_py'
[0.537s] Level 1:colcon.colcon_core.package_identification:_identify(src/parking_bringup) by extensions ['ignore', 'ignore_ament_install']
[0.537s] Level 1:colcon.colcon_core.package_identification:_identify(src/parking_bringup) by extension 'ignore'
[0.537s] Level 1:colcon.colcon_core.package_identification:_identify(src/parking_bringup) by extension 'ignore_ament_install'
[0.537s] Level 1:colcon.colcon_core.package_identification:_identify(src/parking_bringup) by extensions ['colcon_pkg']
[0.537s] Level 1:colcon.colcon_core.package_identification:_identify(src/parking_bringup) by extension 'colcon_pkg'
[0.537s] Level 1:colcon.colcon_core.package_identification:_identify(src/parking_bringup) by extensions ['colcon_meta']
[0.537s] Level 1:colcon.colcon_core.package_identification:_identify(src/parking_bringup) by extension 'colcon_meta'
[0.538s] Level 1:colcon.colcon_core.package_identification:_identify(src/parking_bringup) by extensions ['ros']
[0.538s] Level 1:colcon.colcon_core.package_identification:_identify(src/parking_bringup) by extension 'ros'
[0.544s] DEBUG:colcon.colcon_core.package_identification:Package 'src/parking_bringup' with type 'ros.ament_cmake' and name 'parking_bringup'
[0.544s] Level 1:colcon.colcon_core.package_identification:_identify(src/parking_car) by extensions ['ignore', 'ignore_ament_install']
[0.544s] Level 1:colcon.colcon_core.package_identification:_identify(src/parking_car) by extension 'ignore'
[0.544s] Level 1:colcon.colcon_core.package_identification:_identify(src/parking_car) by extension 'ignore_ament_install'
[0.544s] Level 1:colcon.colcon_core.package_identification:_identify(src/parking_car) by extensions ['colcon_pkg']
[0.544s] Level 1:colcon.colcon_core.package_identification:_identify(src/parking_car) by extension 'colcon_pkg'
[0.544s] Level 1:colcon.colcon_core.package_identification:_identify(src/parking_car) by extensions ['colcon_meta']
[0.544s] Level 1:colcon.colcon_core.package_identification:_identify(src/parking_car) by extension 'colcon_meta'
[0.545s] Level 1:colcon.colcon_core.package_identification:_identify(src/parking_car) by extensions ['ros']
[0.545s] Level 1:colcon.colcon_core.package_identification:_identify(src/parking_car) by extension 'ros'
[0.546s] DEBUG:colcon.colcon_core.package_identification:Package 'src/parking_car' with type 'ros.ament_cmake' and name 'parking_car'
[0.546s] Level 1:colcon.colcon_core.package_identification:_identify(src/parking_world) by extensions ['ignore', 'ignore_ament_install']
[0.546s] Level 1:colcon.colcon_core.package_identification:_identify(src/parking_world) by extension 'ignore'
[0.547s] Level 1:colcon.colcon_core.package_identification:_identify(src/parking_world) by extension 'ignore_ament_install'
[0.547s] Level 1:colcon.colcon_core.package_identification:_identify(src/parking_world) by extensions ['colcon_pkg']
[0.547s] Level 1:colcon.colcon_core.package_identification:_identify(src/parking_world) by extension 'colcon_pkg'
[0.547s] Level 1:colcon.colcon_core.package_identification:_identify(src/parking_world) by extensions ['colcon_meta']
[0.547s] Level 1:colcon.colcon_core.package_identification:_identify(src/parking_world) by extension 'colcon_meta'
[0.547s] Level 1:colcon.colcon_core.package_identification:_identify(src/parking_world) by extensions ['ros']
[0.547s] Level 1:colcon.colcon_core.package_identification:_identify(src/parking_world) by extension 'ros'
[0.550s] DEBUG:colcon.colcon_core.package_identification:Package 'src/parking_world' with type 'ros.ament_cmake' and name 'parking_world'
[0.550s] Level 1:colcon.colcon_core.package_identification:_identify(src/rplidar_ros2-ros2) by extensions ['ignore', 'ignore_ament_install']
[0.550s] Level 1:colcon.colcon_core.package_identification:_identify(src/rplidar_ros2-ros2) by extension 'ignore'
[0.550s] Level 1:colcon.colcon_core.package_identification:_identify(src/rplidar_ros2-ros2) by extension 'ignore_ament_install'
[0.551s] Level 1:colcon.colcon_core.package_identification:_identify(src/rplidar_ros2-ros2) by extensions ['colcon_pkg']
[0.551s] Level 1:colcon.colcon_core.package_identification:_identify(src/rplidar_ros2-ros2) by extension 'colcon_pkg'
[0.551s] Level 1:colcon.colcon_core.package_identification:_identify(src/rplidar_ros2-ros2) by extensions ['colcon_meta']
[0.551s] Level 1:colcon.colcon_core.package_identification:_identify(src/rplidar_ros2-ros2) by extension 'colcon_meta'
[0.551s] Level 1:colcon.colcon_core.package_identification:_identify(src/rplidar_ros2-ros2) by extensions ['ros']
[0.551s] Level 1:colcon.colcon_core.package_identification:_identify(src/rplidar_ros2-ros2) by extension 'ros'
[0.552s] DEBUG:colcon.colcon_core.package_identification:Package 'src/rplidar_ros2-ros2' with type 'ros.ament_cmake' and name 'rplidar_ros'
[0.552s] Level 1:colcon.colcon_core.package_identification:_identify(src/sam_bringup) by extensions ['ignore', 'ignore_ament_install']
[0.552s] Level 1:colcon.colcon_core.package_identification:_identify(src/sam_bringup) by extension 'ignore'
[0.552s] Level 1:colcon.colcon_core.package_identification:_identify(src/sam_bringup) by extension 'ignore_ament_install'
[0.552s] Level 1:colcon.colcon_core.package_identification:_identify(src/sam_bringup) by extensions ['colcon_pkg']
[0.552s] Level 1:colcon.colcon_core.package_identification:_identify(src/sam_bringup) by extension 'colcon_pkg'
[0.553s] Level 1:colcon.colcon_core.package_identification:_identify(src/sam_bringup) by extensions ['colcon_meta']
[0.553s] Level 1:colcon.colcon_core.package_identification:_identify(src/sam_bringup) by extension 'colcon_meta'
[0.553s] Level 1:colcon.colcon_core.package_identification:_identify(src/sam_bringup) by extensions ['ros']
[0.553s] Level 1:colcon.colcon_core.package_identification:_identify(src/sam_bringup) by extension 'ros'
[0.554s] DEBUG:colcon.colcon_core.package_identification:Package 'src/sam_bringup' with type 'ros.ament_cmake' and name 'sam_bringup'
[0.554s] Level 1:colcon.colcon_core.package_identification:_identify(src/sam_description) by extensions ['ignore', 'ignore_ament_install']
[0.554s] Level 1:colcon.colcon_core.package_identification:_identify(src/sam_description) by extension 'ignore'
[0.554s] Level 1:colcon.colcon_core.package_identification:_identify(src/sam_description) by extension 'ignore_ament_install'
[0.554s] Level 1:colcon.colcon_core.package_identification:_identify(src/sam_description) by extensions ['colcon_pkg']
[0.554s] Level 1:colcon.colcon_core.package_identification:_identify(src/sam_description) by extension 'colcon_pkg'
[0.554s] Level 1:colcon.colcon_core.package_identification:_identify(src/sam_description) by extensions ['colcon_meta']
[0.554s] Level 1:colcon.colcon_core.package_identification:_identify(src/sam_description) by extension 'colcon_meta'
[0.554s] Level 1:colcon.colcon_core.package_identification:_identify(src/sam_description) by extensions ['ros']
[0.554s] Level 1:colcon.colcon_core.package_identification:_identify(src/sam_description) by extension 'ros'
[0.555s] Level 1:colcon.colcon_core.package_identification:_identify(src/sam_description) by extensions ['cmake', 'python']
[0.555s] Level 1:colcon.colcon_core.package_identification:_identify(src/sam_description) by extension 'cmake'
[0.555s] Level 1:colcon.colcon_core.package_identification:_identify(src/sam_description) by extension 'python'
[0.555s] Level 1:colcon.colcon_core.package_identification:_identify(src/sam_description) by extensions ['python_setup_py']
[0.555s] Level 1:colcon.colcon_core.package_identification:_identify(src/sam_description) by extension 'python_setup_py'
[0.555s] Level 1:colcon.colcon_core.package_identification:_identify(src/sam_world) by extensions ['ignore', 'ignore_ament_install']
[0.555s] Level 1:colcon.colcon_core.package_identification:_identify(src/sam_world) by extension 'ignore'
[0.555s] Level 1:colcon.colcon_core.package_identification:_identify(src/sam_world) by extension 'ignore_ament_install'
[0.555s] Level 1:colcon.colcon_core.package_identification:_identify(src/sam_world) by extensions ['colcon_pkg']
[0.555s] Level 1:colcon.colcon_core.package_identification:_identify(src/sam_world) by extension 'colcon_pkg'
[0.556s] Level 1:colcon.colcon_core.package_identification:_identify(src/sam_world) by extensions ['colcon_meta']
[0.556s] Level 1:colcon.colcon_core.package_identification:_identify(src/sam_world) by extension 'colcon_meta'
[0.556s] Level 1:colcon.colcon_core.package_identification:_identify(src/sam_world) by extensions ['ros']
[0.556s] Level 1:colcon.colcon_core.package_identification:_identify(src/sam_world) by extension 'ros'
[0.556s] Level 1:colcon.colcon_core.package_identification:_identify(src/sam_world) by extensions ['cmake', 'python']
[0.556s] Level 1:colcon.colcon_core.package_identification:_identify(src/sam_world) by extension 'cmake'
[0.556s] Level 1:colcon.colcon_core.package_identification:_identify(src/sam_world) by extension 'python'
[0.556s] Level 1:colcon.colcon_core.package_identification:_identify(src/sam_world) by extensions ['python_setup_py']
[0.556s] Level 1:colcon.colcon_core.package_identification:_identify(src/sam_world) by extension 'python_setup_py'
[0.556s] Level 1:colcon.colcon_core.package_discovery:discover_packages(recursive) using defaults
[0.556s] Level 1:colcon.colcon_core.package_discovery:discover_packages(ignore) discover
[0.556s] Level 1:colcon.colcon_core.package_discovery:discover_packages(ignore) using defaults
[0.556s] Level 1:colcon.colcon_core.package_discovery:discover_packages(path) discover
[0.557s] Level 1:colcon.colcon_core.package_discovery:discover_packages(path) using defaults
[0.595s] Level 1:colcon.colcon_core.package_discovery:discover_packages(prefix_path) check parameters
[0.595s] Level 1:colcon.colcon_core.package_discovery:discover_packages(prefix_path) discover
[0.603s] DEBUG:colcon.colcon_installed_package_information.package_discovery:Found 287 installed packages in /opt/ros/jazzy
[0.605s] Level 1:colcon.colcon_core.package_discovery:discover_packages(prefix_path) using defaults
[0.687s] Level 5:colcon.colcon_core.verb:set package 'parking_car' build argument 'cmake_args' from command line to 'None'
[0.688s] Level 5:colcon.colcon_core.verb:set package 'parking_car' build argument 'cmake_target' from command line to 'None'
[0.688s] Level 5:colcon.colcon_core.verb:set package 'parking_car' build argument 'cmake_target_skip_unavailable' from command line to 'False'
[0.688s] Level 5:colcon.colcon_core.verb:set package 'parking_car' build argument 'cmake_clean_cache' from command line to 'False'
[0.688s] Level 5:colcon.colcon_core.verb:set package 'parking_car' build argument 'cmake_clean_first' from command line to 'False'
[0.688s] Level 5:colcon.colcon_core.verb:set package 'parking_car' build argument 'cmake_force_configure' from command line to 'False'
[0.688s] Level 5:colcon.colcon_core.verb:set package 'parking_car' build argument 'ament_cmake_args' from command line to 'None'
[0.688s] Level 5:colcon.colcon_core.verb:set package 'parking_car' build argument 'catkin_cmake_args' from command line to 'None'
[0.688s] Level 5:colcon.colcon_core.verb:set package 'parking_car' build argument 'catkin_skip_building_tests' from command line to 'False'
[0.688s] DEBUG:colcon.colcon_core.verb:Building package 'parking_car' with the following arguments: {'ament_cmake_args': None, 'build_base': '/home/mohana/Desktop/robot_ws/build/parking_car', 'catkin_cmake_args': None, 'catkin_skip_building_tests': False, 'cmake_args': None, 'cmake_clean_cache': False, 'cmake_clean_first': False, 'cmake_force_configure': False, 'cmake_target': None, 'cmake_target_skip_unavailable': False, 'install_base': '/home/mohana/Desktop/robot_ws/install/parking_car', 'merge_install': False, 'path': '/home/mohana/Desktop/robot_ws/src/parking_car', 'symlink_install': False, 'test_result_base': None}
[0.689s] Level 5:colcon.colcon_core.verb:set package 'rplidar_ros' build argument 'cmake_args' from command line to 'None'
[0.689s] Level 5:colcon.colcon_core.verb:set package 'rplidar_ros' build argument 'cmake_target' from command line to 'None'
[0.689s] Level 5:colcon.colcon_core.verb:set package 'rplidar_ros' build argument 'cmake_target_skip_unavailable' from command line to 'False'
[0.689s] Level 5:colcon.colcon_core.verb:set package 'rplidar_ros' build argument 'cmake_clean_cache' from command line to 'False'
[0.689s] Level 5:colcon.colcon_core.verb:set package 'rplidar_ros' build argument 'cmake_clean_first' from command line to 'False'
[0.689s] Level 5:colcon.colcon_core.verb:set package 'rplidar_ros' build argument 'cmake_force_configure' from command line to 'False'
[0.689s] Level 5:colcon.colcon_core.verb:set package 'rplidar_ros' build argument 'ament_cmake_args' from command line to 'None'
[0.689s] Level 5:colcon.colcon_core.verb:set package 'rplidar_ros' build argument 'catkin_cmake_args' from command line to 'None'
[0.689s] Level 5:colcon.colcon_core.verb:set package 'rplidar_ros' build argument 'catkin_skip_building_tests' from command line to 'False'
[0.689s] DEBUG:colcon.colcon_core.verb:Building package 'rplidar_ros' with the following arguments: {'ament_cmake_args': None, 'build_base': '/home/mohana/Desktop/robot_ws/build/rplidar_ros', 'catkin_cmake_args': None, 'catkin_skip_building_tests': False, 'cmake_args': None, 'cmake_clean_cache': False, 'cmake_clean_first': False, 'cmake_force_configure': False, 'cmake_target': None, 'cmake_target_skip_unavailable': False, 'install_base': '/home/mohana/Desktop/robot_ws/install/rplidar_ros', 'merge_install': False, 'path': '/home/mohana/Desktop/robot_ws/src/rplidar_ros2-ros2', 'symlink_install': False, 'test_result_base': None}
[0.690s] Level 5:colcon.colcon_core.verb:set package 'sam_bringup' build argument 'cmake_args' from command line to 'None'
[0.690s] Level 5:colcon.colcon_core.verb:set package 'sam_bringup' build argument 'cmake_target' from command line to 'None'
[0.690s] Level 5:colcon.colcon_core.verb:set package 'sam_bringup' build argument 'cmake_target_skip_unavailable' from command line to 'False'
[0.690s] Level 5:colcon.colcon_core.verb:set package 'sam_bringup' build argument 'cmake_clean_cache' from command line to 'False'
[0.690s] Level 5:colcon.colcon_core.verb:set package 'sam_bringup' build argument 'cmake_clean_first' from command line to 'False'
[0.690s] Level 5:colcon.colcon_core.verb:set package 'sam_bringup' build argument 'cmake_force_configure' from command line to 'False'
[0.690s] Level 5:colcon.colcon_core.verb:set package 'sam_bringup' build argument 'ament_cmake_args' from command line to 'None'
[0.690s] Level 5:colcon.colcon_core.verb:set package 'sam_bringup' build argument 'catkin_cmake_args' from command line to 'None'
[0.690s] Level 5:colcon.colcon_core.verb:set package 'sam_bringup' build argument 'catkin_skip_building_tests' from command line to 'False'
[0.690s] DEBUG:colcon.colcon_core.verb:Building package 'sam_bringup' with the following arguments: {'ament_cmake_args': None, 'build_base': '/home/mohana/Desktop/robot_ws/build/sam_bringup', 'catkin_cmake_args': None, 'catkin_skip_building_tests': False, 'cmake_args': None, 'cmake_clean_cache': False, 'cmake_clean_first': False, 'cmake_force_configure': False, 'cmake_target': None, 'cmake_target_skip_unavailable': False, 'install_base': '/home/mohana/Desktop/robot_ws/install/sam_bringup', 'merge_install': False, 'path': '/home/mohana/Desktop/robot_ws/src/sam_bringup', 'symlink_install': False, 'test_result_base': None}
[0.690s] Level 5:colcon.colcon_core.verb:set package 'parking_world' build argument 'cmake_args' from command line to 'None'
[0.690s] Level 5:colcon.colcon_core.verb:set package 'parking_world' build argument 'cmake_target' from command line to 'None'
[0.691s] Level 5:colcon.colcon_core.verb:set package 'parking_world' build argument 'cmake_target_skip_unavailable' from command line to 'False'
[0.691s] Level 5:colcon.colcon_core.verb:set package 'parking_world' build argument 'cmake_clean_cache' from command line to 'False'
[0.691s] Level 5:colcon.colcon_core.verb:set package 'parking_world' build argument 'cmake_clean_first' from command line to 'False'
[0.691s] Level 5:colcon.colcon_core.verb:set package 'parking_world' build argument 'cmake_force_configure' from command line to 'False'
[0.691s] Level 5:colcon.colcon_core.verb:set package 'parking_world' build argument 'ament_cmake_args' from command line to 'None'
[0.691s] Level 5:colcon.colcon_core.verb:set package 'parking_world' build argument 'catkin_cmake_args' from command line to 'None'
[0.691s] Level 5:colcon.colcon_core.verb:set package 'parking_world' build argument 'catkin_skip_building_tests' from command line to 'False'
[0.691s] DEBUG:colcon.colcon_core.verb:Building package 'parking_world' with the following arguments: {'ament_cmake_args': None, 'build_base': '/home/mohana/Desktop/robot_ws/build/parking_world', 'catkin_cmake_args': None, 'catkin_skip_building_tests': False, 'cmake_args': None, 'cmake_clean_cache': False, 'cmake_clean_first': False, 'cmake_force_configure': False, 'cmake_target': None, 'cmake_target_skip_unavailable': False, 'install_base': '/home/mohana/Desktop/robot_ws/install/parking_world', 'merge_install': False, 'path': '/home/mohana/Desktop/robot_ws/src/parking_world', 'symlink_install': False, 'test_result_base': None}
[0.691s] Level 5:colcon.colcon_core.verb:set package 'parking_bringup' build argument 'cmake_args' from command line to 'None'
[0.691s] Level 5:colcon.colcon_core.verb:set package 'parking_bringup' build argument 'cmake_target' from command line to 'None'
[0.691s] Level 5:colcon.colcon_core.verb:set package 'parking_bringup' build argument 'cmake_target_skip_unavailable' from command line to 'False'
[0.691s] Level 5:colcon.colcon_core.verb:set package 'parking_bringup' build argument 'cmake_clean_cache' from command line to 'False'
[0.692s] Level 5:colcon.colcon_core.verb:set package 'parking_bringup' build argument 'cmake_clean_first' from command line to 'False'
[0.692s] Level 5:colcon.colcon_core.verb:set package 'parking_bringup' build argument 'cmake_force_configure' from command line to 'False'
[0.692s] Level 5:colcon.colcon_core.verb:set package 'parking_bringup' build argument 'ament_cmake_args' from command line to 'None'
[0.692s] Level 5:colcon.colcon_core.verb:set package 'parking_bringup' build argument 'catkin_cmake_args' from command line to 'None'
[0.692s] Level 5:colcon.colcon_core.verb:set package 'parking_bringup' build argument 'catkin_skip_building_tests' from command line to 'False'
[0.692s] DEBUG:colcon.colcon_core.verb:Building package 'parking_bringup' with the following arguments: {'ament_cmake_args': None, 'build_base': '/home/mohana/Desktop/robot_ws/build/parking_bringup', 'catkin_cmake_args': None, 'catkin_skip_building_tests': False, 'cmake_args': None, 'cmake_clean_cache': False, 'cmake_clean_first': False, 'cmake_force_configure': False, 'cmake_target': None, 'cmake_target_skip_unavailable': False, 'install_base': '/home/mohana/Desktop/robot_ws/install/parking_bringup', 'merge_install': False, 'path': '/home/mohana/Desktop/robot_ws/src/parking_bringup', 'symlink_install': False, 'test_result_base': None}
[0.692s] INFO:colcon.colcon_core.executor:Executing jobs using 'parallel' executor
[0.694s] DEBUG:colcon.colcon_parallel_executor.executor.parallel:run_until_complete
[0.694s] INFO:colcon.colcon_ros.task.ament_cmake.build:Building ROS package in '/home/mohana/Desktop/robot_ws/src/parking_car' with build type 'ament_cmake'
[0.694s] INFO:colcon.colcon_cmake.task.cmake.build:Building CMake package in '/home/mohana/Desktop/robot_ws/src/parking_car'
[0.708s] INFO:colcon.colcon_core.plugin_system:Skipping extension 'colcon_core.shell.bat': Not used on non-Windows systems
[0.709s] INFO:colcon.colcon_core.shell:Skip shell extension 'powershell' for command environment: Not usable outside of PowerShell
[0.709s] DEBUG:colcon.colcon_core.shell:Skip shell extension 'dsv' for command environment
[0.718s] INFO:colcon.colcon_ros.task.ament_cmake.build:Building ROS package in '/home/mohana/Desktop/robot_ws/src/rplidar_ros2-ros2' with build type 'ament_cmake'
[0.719s] INFO:colcon.colcon_cmake.task.cmake.build:Building CMake package in '/home/mohana/Desktop/robot_ws/src/rplidar_ros2-ros2'
[0.720s] INFO:colcon.colcon_core.shell:Skip shell extension 'powershell' for command environment: Not usable outside of PowerShell
[0.720s] DEBUG:colcon.colcon_core.shell:Skip shell extension 'dsv' for command environment
[0.728s] INFO:colcon.colcon_ros.task.ament_cmake.build:Building ROS package in '/home/mohana/Desktop/robot_ws/src/sam_bringup' with build type 'ament_cmake'
[0.728s] INFO:colcon.colcon_cmake.task.cmake.build:Building CMake package in '/home/mohana/Desktop/robot_ws/src/sam_bringup'
[0.729s] INFO:colcon.colcon_core.shell:Skip shell extension 'powershell' for command environment: Not usable outside of PowerShell
[0.729s] DEBUG:colcon.colcon_core.shell:Skip shell extension 'dsv' for command environment
[0.748s] DEBUG:colcon.colcon_core.event_handler.log_command:Invoking command in '/home/mohana/Desktop/robot_ws/build/parking_car': CMAKE_PREFIX_PATH=${CMAKE_PREFIX_PATH}:/opt/ros/jazzy DEBUGINFOD_URLS=https://debuginfod.ubuntu.com /usr/bin/cmake /home/mohana/Desktop/robot_ws/src/parking_car -DCMAKE_INSTALL_PREFIX=/home/mohana/Desktop/robot_ws/install/parking_car
[0.764s] DEBUG:colcon.colcon_core.event_handler.log_command:Invoking command in '/home/mohana/Desktop/robot_ws/build/rplidar_ros': CMAKE_PREFIX_PATH=${CMAKE_PREFIX_PATH}:/opt/ros/jazzy DEBUGINFOD_URLS=https://debuginfod.ubuntu.com /usr/bin/cmake --build /home/mohana/Desktop/robot_ws/build/rplidar_ros -- -j8 -l8
[0.772s] DEBUG:colcon.colcon_core.event_handler.log_command:Invoking command in '/home/mohana/Desktop/robot_ws/build/sam_bringup': CMAKE_PREFIX_PATH=${CMAKE_PREFIX_PATH}:/opt/ros/jazzy DEBUGINFOD_URLS=https://debuginfod.ubuntu.com /usr/bin/cmake /home/mohana/Desktop/robot_ws/src/sam_bringup -DCMAKE_INSTALL_PREFIX=/home/mohana/Desktop/robot_ws/install/sam_bringup
[1.031s] DEBUG:colcon.colcon_core.event_handler.log_command:Invoked command in '/home/mohana/Desktop/robot_ws/build/rplidar_ros' returned '0': CMAKE_PREFIX_PATH=${CMAKE_PREFIX_PATH}:/opt/ros/jazzy DEBUGINFOD_URLS=https://debuginfod.ubuntu.com /usr/bin/cmake --build /home/mohana/Desktop/robot_ws/build/rplidar_ros -- -j8 -l8
[1.052s] DEBUG:colcon.colcon_core.event_handler.log_command:Invoking command in '/home/mohana/Desktop/robot_ws/build/rplidar_ros': CMAKE_PREFIX_PATH=${CMAKE_PREFIX_PATH}:/opt/ros/jazzy DEBUGINFOD_URLS=https://debuginfod.ubuntu.com /usr/bin/cmake --install /home/mohana/Desktop/robot_ws/build/rplidar_ros
[1.095s] Level 1:colcon.colcon_core.environment:create_environment_scripts_only(rplidar_ros)
[1.097s] DEBUG:colcon.colcon_core.event_handler.log_command:Invoked command in '/home/mohana/Desktop/robot_ws/build/rplidar_ros' returned '0': CMAKE_PREFIX_PATH=${CMAKE_PREFIX_PATH}:/opt/ros/jazzy DEBUGINFOD_URLS=https://debuginfod.ubuntu.com /usr/bin/cmake --install /home/mohana/Desktop/robot_ws/build/rplidar_ros
[1.110s] Level 1:colcon.colcon_core.environment:checking '/home/mohana/Desktop/robot_ws/install/rplidar_ros' for CMake module files
[1.112s] Level 1:colcon.colcon_core.environment:checking '/home/mohana/Desktop/robot_ws/install/rplidar_ros' for CMake config files
[1.112s] Level 1:colcon.colcon_core.shell:create_environment_hook('rplidar_ros', 'cmake_prefix_path')
[1.113s] INFO:colcon.colcon_core.shell:Creating environment hook '/home/mohana/Desktop/robot_ws/install/rplidar_ros/share/rplidar_ros/hook/cmake_prefix_path.ps1'
[1.115s] INFO:colcon.colcon_core.shell:Creating environment descriptor '/home/mohana/Desktop/robot_ws/install/rplidar_ros/share/rplidar_ros/hook/cmake_prefix_path.dsv'
[1.116s] INFO:colcon.colcon_core.shell:Creating environment hook '/home/mohana/Desktop/robot_ws/install/rplidar_ros/share/rplidar_ros/hook/cmake_prefix_path.sh'
[1.119s] Level 1:colcon.colcon_core.environment:checking '/home/mohana/Desktop/robot_ws/install/rplidar_ros/lib'
[1.119s] Level 1:colcon.colcon_core.shell:create_environment_hook('rplidar_ros', 'ld_library_path_lib')
[1.120s] INFO:colcon.colcon_core.shell:Creating environment hook '/home/mohana/Desktop/robot_ws/install/rplidar_ros/share/rplidar_ros/hook/ld_library_path_lib.ps1'
[1.121s] INFO:colcon.colcon_core.shell:Creating environment descriptor '/home/mohana/Desktop/robot_ws/install/rplidar_ros/share/rplidar_ros/hook/ld_library_path_lib.dsv'
[1.122s] INFO:colcon.colcon_core.shell:Creating environment hook '/home/mohana/Desktop/robot_ws/install/rplidar_ros/share/rplidar_ros/hook/ld_library_path_lib.sh'
[1.123s] Level 1:colcon.colcon_core.environment:checking '/home/mohana/Desktop/robot_ws/install/rplidar_ros/bin'
[1.123s] Level 1:colcon.colcon_core.environment:checking '/home/mohana/Desktop/robot_ws/install/rplidar_ros/lib/pkgconfig/rplidar_ros.pc'
[1.124s] Level 1:colcon.colcon_core.environment:checking '/home/mohana/Desktop/robot_ws/install/rplidar_ros/lib/python3.12/site-packages'
[1.125s] Level 1:colcon.colcon_core.environment:checking '/home/mohana/Desktop/robot_ws/install/rplidar_ros/bin'
[1.126s] INFO:colcon.colcon_core.shell:Creating package script '/home/mohana/Desktop/robot_ws/install/rplidar_ros/share/rplidar_ros/package.ps1'
[1.128s] INFO:colcon.colcon_core.shell:Creating package descriptor '/home/mohana/Desktop/robot_ws/install/rplidar_ros/share/rplidar_ros/package.dsv'
[1.129s] INFO:colcon.colcon_core.shell:Creating package script '/home/mohana/Desktop/robot_ws/install/rplidar_ros/share/rplidar_ros/package.sh'
[1.131s] INFO:colcon.colcon_core.shell:Creating package script '/home/mohana/Desktop/robot_ws/install/rplidar_ros/share/rplidar_ros/package.bash'
[1.132s] INFO:colcon.colcon_core.shell:Creating package script '/home/mohana/Desktop/robot_ws/install/rplidar_ros/share/rplidar_ros/package.zsh'
[1.133s] Level 1:colcon.colcon_core.environment:create_file_with_runtime_dependencies(/home/mohana/Desktop/robot_ws/install/rplidar_ros/share/colcon-core/packages/rplidar_ros)
[1.135s] Level 1:colcon.colcon_core.environment:create_environment_scripts_only(rplidar_ros)
[1.135s] Level 1:colcon.colcon_core.environment:checking '/home/mohana/Desktop/robot_ws/install/rplidar_ros' for CMake module files
[1.136s] Level 1:colcon.colcon_core.environment:checking '/home/mohana/Desktop/robot_ws/install/rplidar_ros' for CMake config files
[1.137s] Level 1:colcon.colcon_core.shell:create_environment_hook('rplidar_ros', 'cmake_prefix_path')
[1.137s] INFO:colcon.colcon_core.shell:Creating environment hook '/home/mohana/Desktop/robot_ws/install/rplidar_ros/share/rplidar_ros/hook/cmake_prefix_path.ps1'
[1.138s] INFO:colcon.colcon_core.shell:Creating environment descriptor '/home/mohana/Desktop/robot_ws/install/rplidar_ros/share/rplidar_ros/hook/cmake_prefix_path.dsv'
[1.139s] INFO:colcon.colcon_core.shell:Creating environment hook '/home/mohana/Desktop/robot_ws/install/rplidar_ros/share/rplidar_ros/hook/cmake_prefix_path.sh'
[1.140s] Level 1:colcon.colcon_core.environment:checking '/home/mohana/Desktop/robot_ws/install/rplidar_ros/lib'
[1.141s] Level 1:colcon.colcon_core.shell:create_environment_hook('rplidar_ros', 'ld_library_path_lib')
[1.141s] INFO:colcon.colcon_core.shell:Creating environment hook '/home/mohana/Desktop/robot_ws/install/rplidar_ros/share/rplidar_ros/hook/ld_library_path_lib.ps1'
[1.142s] INFO:colcon.colcon_core.shell:Creating environment descriptor '/home/mohana/Desktop/robot_ws/install/rplidar_ros/share/rplidar_ros/hook/ld_library_path_lib.dsv'
[1.143s] INFO:colcon.colcon_core.shell:Creating environment hook '/home/mohana/Desktop/robot_ws/install/rplidar_ros/share/rplidar_ros/hook/ld_library_path_lib.sh'
[1.144s] Level 1:colcon.colcon_core.environment:checking '/home/mohana/Desktop/robot_ws/install/rplidar_ros/bin'
[1.145s] Level 1:colcon.colcon_core.environment:checking '/home/mohana/Desktop/robot_ws/install/rplidar_ros/lib/pkgconfig/rplidar_ros.pc'
[1.145s] Level 1:colcon.colcon_core.environment:checking '/home/mohana/Desktop/robot_ws/install/rplidar_ros/lib/python3.12/site-packages'
[1.146s] Level 1:colcon.colcon_core.environment:checking '/home/mohana/Desktop/robot_ws/install/rplidar_ros/bin'
[1.146s] INFO:colcon.colcon_core.shell:Creating package script '/home/mohana/Desktop/robot_ws/install/rplidar_ros/share/rplidar_ros/package.ps1'
[1.148s] INFO:colcon.colcon_core.shell:Creating package descriptor '/home/mohana/Desktop/robot_ws/install/rplidar_ros/share/rplidar_ros/package.dsv'
[1.149s] INFO:colcon.colcon_core.shell:Creating package script '/home/mohana/Desktop/robot_ws/install/rplidar_ros/share/rplidar_ros/package.sh'
[1.151s] INFO:colcon.colcon_core.shell:Creating package script '/home/mohana/Desktop/robot_ws/install/rplidar_ros/share/rplidar_ros/package.bash'
[1.152s] INFO:colcon.colcon_core.shell:Creating package script '/home/mohana/Desktop/robot_ws/install/rplidar_ros/share/rplidar_ros/package.zsh'
[1.153s] Level 1:colcon.colcon_core.environment:create_file_with_runtime_dependencies(/home/mohana/Desktop/robot_ws/install/rplidar_ros/share/colcon-core/packages/rplidar_ros)
[1.643s] DEBUG:colcon.colcon_core.event_handler.log_command:Invoked command in '/home/mohana/Desktop/robot_ws/build/parking_car' returned '0': CMAKE_PREFIX_PATH=${CMAKE_PREFIX_PATH}:/opt/ros/jazzy DEBUGINFOD_URLS=https://debuginfod.ubuntu.com /usr/bin/cmake /home/mohana/Desktop/robot_ws/src/parking_car -DCMAKE_INSTALL_PREFIX=/home/mohana/Desktop/robot_ws/install/parking_car
[1.645s] DEBUG:colcon.colcon_core.event_handler.log_command:Invoking command in '/home/mohana/Desktop/robot_ws/build/parking_car': CMAKE_PREFIX_PATH=${CMAKE_PREFIX_PATH}:/opt/ros/jazzy DEBUGINFOD_URLS=https://debuginfod.ubuntu.com /usr/bin/cmake --build /home/mohana/Desktop/robot_ws/build/parking_car -- -j8 -l8
[1.711s] DEBUG:colcon.colcon_core.event_handler.log_command:Invoked command in '/home/mohana/Desktop/robot_ws/build/sam_bringup' returned '0': CMAKE_PREFIX_PATH=${CMAKE_PREFIX_PATH}:/opt/ros/jazzy DEBUGINFOD_URLS=https://debuginfod.ubuntu.com /usr/bin/cmake /home/mohana/Desktop/robot_ws/src/sam_bringup -DCMAKE_INSTALL_PREFIX=/home/mohana/Desktop/robot_ws/install/sam_bringup
[1.713s] DEBUG:colcon.colcon_core.event_handler.log_command:Invoking command in '/home/mohana/Desktop/robot_ws/build/sam_bringup': CMAKE_PREFIX_PATH=${CMAKE_PREFIX_PATH}:/opt/ros/jazzy DEBUGINFOD_URLS=https://debuginfod.ubuntu.com /usr/bin/cmake --build /home/mohana/Desktop/robot_ws/build/sam_bringup -- -j8 -l8
[1.739s] DEBUG:colcon.colcon_core.event_handler.log_command:Invoked command in '/home/mohana/Desktop/robot_ws/build/parking_car' returned '0': CMAKE_PREFIX_PATH=${CMAKE_PREFIX_PATH}:/opt/ros/jazzy DEBUGINFOD_URLS=https://debuginfod.ubuntu.com /usr/bin/cmake --build /home/mohana/Desktop/robot_ws/build/parking_car -- -j8 -l8
[1.741s] DEBUG:colcon.colcon_core.event_handler.log_command:Invoking command in '/home/mohana/Desktop/robot_ws/build/parking_car': CMAKE_PREFIX_PATH=${CMAKE_PREFIX_PATH}:/opt/ros/jazzy DEBUGINFOD_URLS=https://debuginfod.ubuntu.com /usr/bin/cmake --install /home/mohana/Desktop/robot_ws/build/parking_car
[1.809s] DEBUG:colcon.colcon_core.event_handler.log_command:Invoked command in '/home/mohana/Desktop/robot_ws/build/sam_bringup' returned '0': CMAKE_PREFIX_PATH=${CMAKE_PREFIX_PATH}:/opt/ros/jazzy DEBUGINFOD_URLS=https://debuginfod.ubuntu.com /usr/bin/cmake --build /home/mohana/Desktop/robot_ws/build/sam_bringup -- -j8 -l8
[1.812s] DEBUG:colcon.colcon_core.event_handler.log_command:Invoking command in '/home/mohana/Desktop/robot_ws/build/sam_bringup': CMAKE_PREFIX_PATH=${CMAKE_PREFIX_PATH}:/opt/ros/jazzy DEBUGINFOD_URLS=https://debuginfod.ubuntu.com /usr/bin/cmake --install /home/mohana/Desktop/robot_ws/build/sam_bringup
[1.848s] Level 1:colcon.colcon_core.environment:create_environment_scripts_only(sam_bringup)
[1.848s] DEBUG:colcon.colcon_core.event_handler.log_command:Invoked command in '/home/mohana/Desktop/robot_ws/build/sam_bringup' returned '0': CMAKE_PREFIX_PATH=${CMAKE_PREFIX_PATH}:/opt/ros/jazzy DEBUGINFOD_URLS=https://debuginfod.ubuntu.com /usr/bin/cmake --install /home/mohana/Desktop/robot_ws/build/sam_bringup
[1.849s] Level 1:colcon.colcon_core.environment:checking '/home/mohana/Desktop/robot_ws/install/sam_bringup' for CMake module files
[1.851s] Level 1:colcon.colcon_core.environment:checking '/home/mohana/Desktop/robot_ws/install/sam_bringup' for CMake config files
[1.852s] Level 1:colcon.colcon_core.shell:create_environment_hook('sam_bringup', 'cmake_prefix_path')
[1.852s] INFO:colcon.colcon_core.shell:Creating environment hook '/home/mohana/Desktop/robot_ws/install/sam_bringup/share/sam_bringup/hook/cmake_prefix_path.ps1'
[1.854s] INFO:colcon.colcon_core.shell:Creating environment descriptor '/home/mohana/Desktop/robot_ws/install/sam_bringup/share/sam_bringup/hook/cmake_prefix_path.dsv'
[1.855s] INFO:colcon.colcon_core.shell:Creating environment hook '/home/mohana/Desktop/robot_ws/install/sam_bringup/share/sam_bringup/hook/cmake_prefix_path.sh'
[1.857s] Level 1:colcon.colcon_core.environment:checking '/home/mohana/Desktop/robot_ws/install/sam_bringup/bin'
[1.857s] Level 1:colcon.colcon_core.environment:checking '/home/mohana/Desktop/robot_ws/install/sam_bringup/lib/pkgconfig/sam_bringup.pc'
[1.858s] Level 1:colcon.colcon_core.environment:checking '/home/mohana/Desktop/robot_ws/install/sam_bringup/lib/python3.12/site-packages'
[1.859s] Level 1:colcon.colcon_core.environment:checking '/home/mohana/Desktop/robot_ws/install/sam_bringup/bin'
[1.859s] INFO:colcon.colcon_core.shell:Creating package script '/home/mohana/Desktop/robot_ws/install/sam_bringup/share/sam_bringup/package.ps1'
[1.861s] INFO:colcon.colcon_core.shell:Creating package descriptor '/home/mohana/Desktop/robot_ws/install/sam_bringup/share/sam_bringup/package.dsv'
[1.862s] INFO:colcon.colcon_core.shell:Creating package script '/home/mohana/Desktop/robot_ws/install/sam_bringup/share/sam_bringup/package.sh'
[1.864s] INFO:colcon.colcon_core.shell:Creating package script '/home/mohana/Desktop/robot_ws/install/sam_bringup/share/sam_bringup/package.bash'
[1.865s] INFO:colcon.colcon_core.shell:Creating package script '/home/mohana/Desktop/robot_ws/install/sam_bringup/share/sam_bringup/package.zsh'
[1.866s] Level 1:colcon.colcon_core.environment:create_file_with_runtime_dependencies(/home/mohana/Desktop/robot_ws/install/sam_bringup/share/colcon-core/packages/sam_bringup)
[1.868s] Level 1:colcon.colcon_core.environment:create_environment_scripts_only(sam_bringup)
[1.868s] Level 1:colcon.colcon_core.environment:checking '/home/mohana/Desktop/robot_ws/install/sam_bringup' for CMake module files
[1.874s] Level 1:colcon.colcon_core.environment:checking '/home/mohana/Desktop/robot_ws/install/sam_bringup' for CMake config files
[1.886s] Level 1:colcon.colcon_core.shell:create_environment_hook('sam_bringup', 'cmake_prefix_path')
[1.887s] INFO:colcon.colcon_core.shell:Creating environment hook '/home/mohana/Desktop/robot_ws/install/sam_bringup/share/sam_bringup/hook/cmake_prefix_path.ps1'
[1.888s] INFO:colcon.colcon_core.shell:Creating environment descriptor '/home/mohana/Desktop/robot_ws/install/sam_bringup/share/sam_bringup/hook/cmake_prefix_path.dsv'
[1.889s] INFO:colcon.colcon_core.shell:Creating environment hook '/home/mohana/Desktop/robot_ws/install/sam_bringup/share/sam_bringup/hook/cmake_prefix_path.sh'
[1.891s] Level 1:colcon.colcon_core.environment:checking '/home/mohana/Desktop/robot_ws/install/sam_bringup/bin'
[1.891s] Level 1:colcon.colcon_core.environment:checking '/home/mohana/Desktop/robot_ws/install/sam_bringup/lib/pkgconfig/sam_bringup.pc'
[1.892s] Level 1:colcon.colcon_core.environment:checking '/home/mohana/Desktop/robot_ws/install/sam_bringup/lib/python3.12/site-packages'
[1.893s] Level 1:colcon.colcon_core.environment:checking '/home/mohana/Desktop/robot_ws/install/sam_bringup/bin'
[1.894s] INFO:colcon.colcon_core.shell:Creating package script '/home/mohana/Desktop/robot_ws/install/sam_bringup/share/sam_bringup/package.ps1'
[1.895s] INFO:colcon.colcon_core.shell:Creating package descriptor '/home/mohana/Desktop/robot_ws/install/sam_bringup/share/sam_bringup/package.dsv'
[1.898s] INFO:colcon.colcon_core.shell:Creating package script '/home/mohana/Desktop/robot_ws/install/sam_bringup/share/sam_bringup/package.sh'
[1.899s] INFO:colcon.colcon_core.shell:Creating package script '/home/mohana/Desktop/robot_ws/install/sam_bringup/share/sam_bringup/package.bash'
[1.902s] INFO:colcon.colcon_core.shell:Creating package script '/home/mohana/Desktop/robot_ws/install/sam_bringup/share/sam_bringup/package.zsh'
[1.904s] Level 1:colcon.colcon_core.environment:create_file_with_runtime_dependencies(/home/mohana/Desktop/robot_ws/install/sam_bringup/share/colcon-core/packages/sam_bringup)
[1.908s] Level 1:colcon.colcon_core.environment:create_environment_scripts_only(parking_car)
[1.908s] Level 1:colcon.colcon_core.environment:checking '/home/mohana/Desktop/robot_ws/install/parking_car' for CMake module files
[1.909s] DEBUG:colcon.colcon_core.event_handler.log_command:Invoked command in '/home/mohana/Desktop/robot_ws/build/parking_car' returned '0': CMAKE_PREFIX_PATH=${CMAKE_PREFIX_PATH}:/opt/ros/jazzy DEBUGINFOD_URLS=https://debuginfod.ubuntu.com /usr/bin/cmake --install /home/mohana/Desktop/robot_ws/build/parking_car
[1.910s] Level 1:colcon.colcon_core.environment:checking '/home/mohana/Desktop/robot_ws/install/parking_car' for CMake config files
[1.911s] Level 1:colcon.colcon_core.shell:create_environment_hook('parking_car', 'cmake_prefix_path')
[1.912s] INFO:colcon.colcon_core.shell:Creating environment hook '/home/mohana/Desktop/robot_ws/install/parking_car/share/parking_car/hook/cmake_prefix_path.ps1'
[1.913s] INFO:colcon.colcon_core.shell:Creating environment descriptor '/home/mohana/Desktop/robot_ws/install/parking_car/share/parking_car/hook/cmake_prefix_path.dsv'
[1.913s] INFO:colcon.colcon_core.shell:Creating environment hook '/home/mohana/Desktop/robot_ws/install/parking_car/share/parking_car/hook/cmake_prefix_path.sh'
[1.914s] Level 1:colcon.colcon_core.environment:checking '/home/mohana/Desktop/robot_ws/install/parking_car/bin'
[1.914s] Level 1:colcon.colcon_core.environment:checking '/home/mohana/Desktop/robot_ws/install/parking_car/lib/pkgconfig/parking_car.pc'
[1.915s] Level 1:colcon.colcon_core.environment:checking '/home/mohana/Desktop/robot_ws/install/parking_car/lib/python3.12/site-packages'
[1.915s] Level 1:colcon.colcon_core.environment:checking '/home/mohana/Desktop/robot_ws/install/parking_car/bin'
[1.916s] INFO:colcon.colcon_core.shell:Creating package script '/home/mohana/Desktop/robot_ws/install/parking_car/share/parking_car/package.ps1'
[1.917s] INFO:colcon.colcon_core.shell:Creating package descriptor '/home/mohana/Desktop/robot_ws/install/parking_car/share/parking_car/package.dsv'
[1.918s] INFO:colcon.colcon_core.shell:Creating package script '/home/mohana/Desktop/robot_ws/install/parking_car/share/parking_car/package.sh'
[1.919s] INFO:colcon.colcon_core.shell:Creating package script '/home/mohana/Desktop/robot_ws/install/parking_car/share/parking_car/package.bash'
[1.920s] INFO:colcon.colcon_core.shell:Creating package script '/home/mohana/Desktop/robot_ws/install/parking_car/share/parking_car/package.zsh'
[1.920s] Level 1:colcon.colcon_core.environment:create_file_with_runtime_dependencies(/home/mohana/Desktop/robot_ws/install/parking_car/share/colcon-core/packages/parking_car)
[1.922s] Level 1:colcon.colcon_core.environment:create_environment_scripts_only(parking_car)
[1.922s] Level 1:colcon.colcon_core.environment:checking '/home/mohana/Desktop/robot_ws/install/parking_car' for CMake module files
[1.923s] Level 1:colcon.colcon_core.environment:checking '/home/mohana/Desktop/robot_ws/install/parking_car' for CMake config files
[1.924s] Level 1:colcon.colcon_core.shell:create_environment_hook('parking_car', 'cmake_prefix_path')
[1.925s] INFO:colcon.colcon_core.shell:Creating environment hook '/home/mohana/Desktop/robot_ws/install/parking_car/share/parking_car/hook/cmake_prefix_path.ps1'
[1.926s] INFO:colcon.colcon_core.shell:Creating environment descriptor '/home/mohana/Desktop/robot_ws/install/parking_car/share/parking_car/hook/cmake_prefix_path.dsv'
[1.927s] INFO:colcon.colcon_core.shell:Creating environment hook '/home/mohana/Desktop/robot_ws/install/parking_car/share/parking_car/hook/cmake_prefix_path.sh'
[1.928s] Level 1:colcon.colcon_core.environment:checking '/home/mohana/Desktop/robot_ws/install/parking_car/bin'
[1.928s] Level 1:colcon.colcon_core.environment:checking '/home/mohana/Desktop/robot_ws/install/parking_car/lib/pkgconfig/parking_car.pc'
[1.929s] Level 1:colcon.colcon_core.environment:checking '/home/mohana/Desktop/robot_ws/install/parking_car/lib/python3.12/site-packages'
[1.930s] Level 1:colcon.colcon_core.environment:checking '/home/mohana/Desktop/robot_ws/install/parking_car/bin'
[1.930s] INFO:colcon.colcon_core.shell:Creating package script '/home/mohana/Desktop/robot_ws/install/parking_car/share/parking_car/package.ps1'
[1.932s] INFO:colcon.colcon_core.shell:Creating package descriptor '/home/mohana/Desktop/robot_ws/install/parking_car/share/parking_car/package.dsv'
[1.934s] INFO:colcon.colcon_core.shell:Creating package script '/home/mohana/Desktop/robot_ws/install/parking_car/share/parking_car/package.sh'
[1.936s] INFO:colcon.colcon_core.shell:Creating package script '/home/mohana/Desktop/robot_ws/install/parking_car/share/parking_car/package.bash'
[1.938s] INFO:colcon.colcon_core.shell:Creating package script '/home/mohana/Desktop/robot_ws/install/parking_car/share/parking_car/package.zsh'
[1.940s] Level 1:colcon.colcon_core.environment:create_file_with_runtime_dependencies(/home/mohana/Desktop/robot_ws/install/parking_car/share/colcon-core/packages/parking_car)
[1.941s] INFO:colcon.colcon_ros.task.ament_cmake.build:Building ROS package in '/home/mohana/Desktop/robot_ws/src/parking_world' with build type 'ament_cmake'
[1.941s] INFO:colcon.colcon_cmake.task.cmake.build:Building CMake package in '/home/mohana/Desktop/robot_ws/src/parking_world'
[1.942s] INFO:colcon.colcon_core.shell:Skip shell extension 'powershell' for command environment: Not usable outside of PowerShell
[1.942s] DEBUG:colcon.colcon_core.shell:Skip shell extension 'dsv' for command environment
[1.961s] DEBUG:colcon.colcon_core.event_handler.log_command:Invoking command in '/home/mohana/Desktop/robot_ws/build/parking_world': AMENT_PREFIX_PATH=/home/mohana/Desktop/robot_ws/install/parking_car:${AMENT_PREFIX_PATH} CMAKE_PREFIX_PATH=/home/mohana/Desktop/robot_ws/install/parking_car:/opt/ros/jazzy/opt/gz_math_vendor:/opt/ros/jazzy/opt/gz_utils_vendor:/opt/ros/jazzy/opt/gz_cmake_vendor:/opt/ros/jazzy DEBUGINFOD_URLS=https://debuginfod.ubuntu.com /usr/bin/cmake /home/mohana/Desktop/robot_ws/src/parking_world -DCMAKE_INSTALL_PREFIX=/home/mohana/Desktop/robot_ws/install/parking_world
[3.561s] DEBUG:colcon.colcon_core.event_handler.log_command:Invoked command in '/home/mohana/Desktop/robot_ws/build/parking_world' returned '0': AMENT_PREFIX_PATH=/home/mohana/Desktop/robot_ws/install/parking_car:${AMENT_PREFIX_PATH} CMAKE_PREFIX_PATH=/home/mohana/Desktop/robot_ws/install/parking_car:/opt/ros/jazzy/opt/gz_math_vendor:/opt/ros/jazzy/opt/gz_utils_vendor:/opt/ros/jazzy/opt/gz_cmake_vendor:/opt/ros/jazzy DEBUGINFOD_URLS=https://debuginfod.ubuntu.com /usr/bin/cmake /home/mohana/Desktop/robot_ws/src/parking_world -DCMAKE_INSTALL_PREFIX=/home/mohana/Desktop/robot_ws/install/parking_world
[3.563s] DEBUG:colcon.colcon_core.event_handler.log_command:Invoking command in '/home/mohana/Desktop/robot_ws/build/parking_world': AMENT_PREFIX_PATH=/home/mohana/Desktop/robot_ws/install/parking_car:${AMENT_PREFIX_PATH} CMAKE_PREFIX_PATH=/home/mohana/Desktop/robot_ws/install/parking_car:/opt/ros/jazzy/opt/gz_math_vendor:/opt/ros/jazzy/opt/gz_utils_vendor:/opt/ros/jazzy/opt/gz_cmake_vendor:/opt/ros/jazzy DEBUGINFOD_URLS=https://debuginfod.ubuntu.com /usr/bin/cmake --build /home/mohana/Desktop/robot_ws/build/parking_world -- -j8 -l8
[3.652s] DEBUG:colcon.colcon_core.event_handler.log_command:Invoked command in '/home/mohana/Desktop/robot_ws/build/parking_world' returned '0': AMENT_PREFIX_PATH=/home/mohana/Desktop/robot_ws/install/parking_car:${AMENT_PREFIX_PATH} CMAKE_PREFIX_PATH=/home/mohana/Desktop/robot_ws/install/parking_car:/opt/ros/jazzy/opt/gz_math_vendor:/opt/ros/jazzy/opt/gz_utils_vendor:/opt/ros/jazzy/opt/gz_cmake_vendor:/opt/ros/jazzy DEBUGINFOD_URLS=https://debuginfod.ubuntu.com /usr/bin/cmake --build /home/mohana/Desktop/robot_ws/build/parking_world -- -j8 -l8
[3.654s] DEBUG:colcon.colcon_core.event_handler.log_command:Invoking command in '/home/mohana/Desktop/robot_ws/build/parking_world': AMENT_PREFIX_PATH=/home/mohana/Desktop/robot_ws/install/parking_car:${AMENT_PREFIX_PATH} CMAKE_PREFIX_PATH=/home/mohana/Desktop/robot_ws/install/parking_car:/opt/ros/jazzy/opt/gz_math_vendor:/opt/ros/jazzy/opt/gz_utils_vendor:/opt/ros/jazzy/opt/gz_cmake_vendor:/opt/ros/jazzy DEBUGINFOD_URLS=https://debuginfod.ubuntu.com /usr/bin/cmake --install /home/mohana/Desktop/robot_ws/build/parking_world
[3.784s] Level 1:colcon.colcon_core.environment:create_environment_scripts_only(parking_world)
[3.784s] DEBUG:colcon.colcon_core.event_handler.log_command:Invoked command in '/home/mohana/Desktop/robot_ws/build/parking_world' returned '0': AMENT_PREFIX_PATH=/home/mohana/Desktop/robot_ws/install/parking_car:${AMENT_PREFIX_PATH} CMAKE_PREFIX_PATH=/home/mohana/Desktop/robot_ws/install/parking_car:/opt/ros/jazzy/opt/gz_math_vendor:/opt/ros/jazzy/opt/gz_utils_vendor:/opt/ros/jazzy/opt/gz_cmake_vendor:/opt/ros/jazzy DEBUGINFOD_URLS=https://debuginfod.ubuntu.com /usr/bin/cmake --install /home/mohana/Desktop/robot_ws/build/parking_world
[3.785s] Level 1:colcon.colcon_core.environment:checking '/home/mohana/Desktop/robot_ws/install/parking_world' for CMake module files
[3.787s] Level 1:colcon.colcon_core.environment:checking '/home/mohana/Desktop/robot_ws/install/parking_world' for CMake config files
[3.789s] Level 1:colcon.colcon_core.shell:create_environment_hook('parking_world', 'cmake_prefix_path')
[3.790s] INFO:colcon.colcon_core.shell:Creating environment hook '/home/mohana/Desktop/robot_ws/install/parking_world/share/parking_world/hook/cmake_prefix_path.ps1'
[3.791s] INFO:colcon.colcon_core.shell:Creating environment descriptor '/home/mohana/Desktop/robot_ws/install/parking_world/share/parking_world/hook/cmake_prefix_path.dsv'
[3.792s] INFO:colcon.colcon_core.shell:Creating environment hook '/home/mohana/Desktop/robot_ws/install/parking_world/share/parking_world/hook/cmake_prefix_path.sh'
[3.794s] Level 1:colcon.colcon_core.environment:checking '/home/mohana/Desktop/robot_ws/install/parking_world/bin'
[3.794s] Level 1:colcon.colcon_core.environment:checking '/home/mohana/Desktop/robot_ws/install/parking_world/lib/pkgconfig/parking_world.pc'
[3.795s] Level 1:colcon.colcon_core.environment:checking '/home/mohana/Desktop/robot_ws/install/parking_world/lib/python3.12/site-packages'
[3.796s] Level 1:colcon.colcon_core.environment:checking '/home/mohana/Desktop/robot_ws/install/parking_world/bin'
[3.797s] INFO:colcon.colcon_core.shell:Creating package script '/home/mohana/Desktop/robot_ws/install/parking_world/share/parking_world/package.ps1'
[3.798s] INFO:colcon.colcon_core.shell:Creating package descriptor '/home/mohana/Desktop/robot_ws/install/parking_world/share/parking_world/package.dsv'
[3.800s] INFO:colcon.colcon_core.shell:Creating package script '/home/mohana/Desktop/robot_ws/install/parking_world/share/parking_world/package.sh'
[3.801s] INFO:colcon.colcon_core.shell:Creating package script '/home/mohana/Desktop/robot_ws/install/parking_world/share/parking_world/package.bash'
[3.802s] INFO:colcon.colcon_core.shell:Creating package script '/home/mohana/Desktop/robot_ws/install/parking_world/share/parking_world/package.zsh'
[3.803s] Level 1:colcon.colcon_core.environment:create_file_with_runtime_dependencies(/home/mohana/Desktop/robot_ws/install/parking_world/share/colcon-core/packages/parking_world)
[3.806s] Level 1:colcon.colcon_core.environment:create_environment_scripts_only(parking_world)
[3.806s] Level 1:colcon.colcon_core.environment:checking '/home/mohana/Desktop/robot_ws/install/parking_world' for CMake module files
[3.809s] Level 1:colcon.colcon_core.environment:checking '/home/mohana/Desktop/robot_ws/install/parking_world' for CMake config files
[3.812s] Level 1:colcon.colcon_core.shell:create_environment_hook('parking_world', 'cmake_prefix_path')
[3.813s] INFO:colcon.colcon_core.shell:Creating environment hook '/home/mohana/Desktop/robot_ws/install/parking_world/share/parking_world/hook/cmake_prefix_path.ps1'
[3.814s] INFO:colcon.colcon_core.shell:Creating environment descriptor '/home/mohana/Desktop/robot_ws/install/parking_world/share/parking_world/hook/cmake_prefix_path.dsv'
[3.816s] INFO:colcon.colcon_core.shell:Creating environment hook '/home/mohana/Desktop/robot_ws/install/parking_world/share/parking_world/hook/cmake_prefix_path.sh'
[3.817s] Level 1:colcon.colcon_core.environment:checking '/home/mohana/Desktop/robot_ws/install/parking_world/bin'
[3.818s] Level 1:colcon.colcon_core.environment:checking '/home/mohana/Desktop/robot_ws/install/parking_world/lib/pkgconfig/parking_world.pc'
[3.818s] Level 1:colcon.colcon_core.environment:checking '/home/mohana/Desktop/robot_ws/install/parking_world/lib/python3.12/site-packages'
[3.819s] Level 1:colcon.colcon_core.environment:checking '/home/mohana/Desktop/robot_ws/install/parking_world/bin'
[3.820s] INFO:colcon.colcon_core.shell:Creating package script '/home/mohana/Desktop/robot_ws/install/parking_world/share/parking_world/package.ps1'
[3.822s] INFO:colcon.colcon_core.shell:Creating package descriptor '/home/mohana/Desktop/robot_ws/install/parking_world/share/parking_world/package.dsv'
[3.824s] INFO:colcon.colcon_core.shell:Creating package script '/home/mohana/Desktop/robot_ws/install/parking_world/share/parking_world/package.sh'
[3.825s] INFO:colcon.colcon_core.shell:Creating package script '/home/mohana/Desktop/robot_ws/install/parking_world/share/parking_world/package.bash'
[3.827s] INFO:colcon.colcon_core.shell:Creating package script '/home/mohana/Desktop/robot_ws/install/parking_world/share/parking_world/package.zsh'
[3.828s] Level 1:colcon.colcon_core.environment:create_file_with_runtime_dependencies(/home/mohana/Desktop/robot_ws/install/parking_world/share/colcon-core/packages/parking_world)
[3.829s] INFO:colcon.colcon_ros.task.ament_cmake.build:Building ROS package in '/home/mohana/Desktop/robot_ws/src/parking_bringup' with build type 'ament_cmake'
[3.830s] INFO:colcon.colcon_cmake.task.cmake.build:Building CMake package in '/home/mohana/Desktop/robot_ws/src/parking_bringup'
[3.830s] INFO:colcon.colcon_core.shell:Skip shell extension 'powershell' for command environment: Not usable outside of PowerShell
[3.830s] DEBUG:colcon.colcon_core.shell:Skip shell extension 'dsv' for command environment
[3.853s] DEBUG:colcon.colcon_core.event_handler.log_command:Invoking command in '/home/mohana/Desktop/robot_ws/build/parking_bringup': AMENT_PREFIX_PATH=/home/mohana/Desktop/robot_ws/install/parking_world:/home/mohana/Desktop/robot_ws/install/parking_car:${AMENT_PREFIX_PATH} CMAKE_PREFIX_PATH=/home/mohana/Desktop/robot_ws/install/parking_world:/home/mohana/Desktop/robot_ws/install/parking_car:/opt/ros/jazzy/opt/gz_math_vendor:/opt/ros/jazzy/opt/gz_utils_vendor:/opt/ros/jazzy/opt/gz_cmake_vendor:/opt/ros/jazzy DEBUGINFOD_URLS=https://debuginfod.ubuntu.com /usr/bin/cmake /home/mohana/Desktop/robot_ws/src/parking_bringup -DCMAKE_INSTALL_PREFIX=/home/mohana/Desktop/robot_ws/install/parking_bringup
[5.493s] DEBUG:colcon.colcon_core.event_handler.log_command:Invoked command in '/home/mohana/Desktop/robot_ws/build/parking_bringup' returned '0': AMENT_PREFIX_PATH=/home/mohana/Desktop/robot_ws/install/parking_world:/home/mohana/Desktop/robot_ws/install/parking_car:${AMENT_PREFIX_PATH} CMAKE_PREFIX_PATH=/home/mohana/Desktop/robot_ws/install/parking_world:/home/mohana/Desktop/robot_ws/install/parking_car:/opt/ros/jazzy/opt/gz_math_vendor:/opt/ros/jazzy/opt/gz_utils_vendor:/opt/ros/jazzy/opt/gz_cmake_vendor:/opt/ros/jazzy DEBUGINFOD_URLS=https://debuginfod.ubuntu.com /usr/bin/cmake /home/mohana/Desktop/robot_ws/src/parking_bringup -DCMAKE_INSTALL_PREFIX=/home/mohana/Desktop/robot_ws/install/parking_bringup
[5.494s] DEBUG:colcon.colcon_core.event_handler.log_command:Invoking command in '/home/mohana/Desktop/robot_ws/build/parking_bringup': AMENT_PREFIX_PATH=/home/mohana/Desktop/robot_ws/install/parking_world:/home/mohana/Desktop/robot_ws/install/parking_car:${AMENT_PREFIX_PATH} CMAKE_PREFIX_PATH=/home/mohana/Desktop/robot_ws/install/parking_world:/home/mohana/Desktop/robot_ws/install/parking_car:/opt/ros/jazzy/opt/gz_math_vendor:/opt/ros/jazzy/opt/gz_utils_vendor:/opt/ros/jazzy/opt/gz_cmake_vendor:/opt/ros/jazzy DEBUGINFOD_URLS=https://debuginfod.ubuntu.com /usr/bin/cmake --build /home/mohana/Desktop/robot_ws/build/parking_bringup -- -j8 -l8
[5.585s] DEBUG:colcon.colcon_core.event_handler.log_command:Invoked command in '/home/mohana/Desktop/robot_ws/build/parking_bringup' returned '0': AMENT_PREFIX_PATH=/home/mohana/Desktop/robot_ws/install/parking_world:/home/mohana/Desktop/robot_ws/install/parking_car:${AMENT_PREFIX_PATH} CMAKE_PREFIX_PATH=/home/mohana/Desktop/robot_ws/install/parking_world:/home/mohana/Desktop/robot_ws/install/parking_car:/opt/ros/jazzy/opt/gz_math_vendor:/opt/ros/jazzy/opt/gz_utils_vendor:/opt/ros/jazzy/opt/gz_cmake_vendor:/opt/ros/jazzy DEBUGINFOD_URLS=https://debuginfod.ubuntu.com /usr/bin/cmake --build /home/mohana/Desktop/robot_ws/build/parking_bringup -- -j8 -l8
[5.588s] DEBUG:colcon.colcon_core.event_handler.log_command:Invoking command in '/home/mohana/Desktop/robot_ws/build/parking_bringup': AMENT_PREFIX_PATH=/home/mohana/Desktop/robot_ws/install/parking_world:/home/mohana/Desktop/robot_ws/install/parking_car:${AMENT_PREFIX_PATH} CMAKE_PREFIX_PATH=/home/mohana/Desktop/robot_ws/install/parking_world:/home/mohana/Desktop/robot_ws/install/parking_car:/opt/ros/jazzy/opt/gz_math_vendor:/opt/ros/jazzy/opt/gz_utils_vendor:/opt/ros/jazzy/opt/gz_cmake_vendor:/opt/ros/jazzy DEBUGINFOD_URLS=https://debuginfod.ubuntu.com /usr/bin/cmake --install /home/mohana/Desktop/robot_ws/build/parking_bringup
[5.634s] Level 1:colcon.colcon_core.environment:create_environment_scripts_only(parking_bringup)
[5.634s] Level 1:colcon.colcon_core.environment:checking '/home/mohana/Desktop/robot_ws/install/parking_bringup' for CMake module files
[5.636s] DEBUG:colcon.colcon_core.event_handler.log_command:Invoked command in '/home/mohana/Desktop/robot_ws/build/parking_bringup' returned '0': AMENT_PREFIX_PATH=/home/mohana/Desktop/robot_ws/install/parking_world:/home/mohana/Desktop/robot_ws/install/parking_car:${AMENT_PREFIX_PATH} CMAKE_PREFIX_PATH=/home/mohana/Desktop/robot_ws/install/parking_world:/home/mohana/Desktop/robot_ws/install/parking_car:/opt/ros/jazzy/opt/gz_math_vendor:/opt/ros/jazzy/opt/gz_utils_vendor:/opt/ros/jazzy/opt/gz_cmake_vendor:/opt/ros/jazzy DEBUGINFOD_URLS=https://debuginfod.ubuntu.com /usr/bin/cmake --install /home/mohana/Desktop/robot_ws/build/parking_bringup
[5.637s] Level 1:colcon.colcon_core.environment:checking '/home/mohana/Desktop/robot_ws/install/parking_bringup' for CMake config files
[5.637s] Level 1:colcon.colcon_core.shell:create_environment_hook('parking_bringup', 'cmake_prefix_path')
[5.637s] INFO:colcon.colcon_core.shell:Creating environment hook '/home/mohana/Desktop/robot_ws/install/parking_bringup/share/parking_bringup/hook/cmake_prefix_path.ps1'
[5.638s] INFO:colcon.colcon_core.shell:Creating environment descriptor '/home/mohana/Desktop/robot_ws/install/parking_bringup/share/parking_bringup/hook/cmake_prefix_path.dsv'
[5.639s] INFO:colcon.colcon_core.shell:Creating environment hook '/home/mohana/Desktop/robot_ws/install/parking_bringup/share/parking_bringup/hook/cmake_prefix_path.sh'
[5.640s] Level 1:colcon.colcon_core.environment:checking '/home/mohana/Desktop/robot_ws/install/parking_bringup/bin'
[5.640s] Level 1:colcon.colcon_core.environment:checking '/home/mohana/Desktop/robot_ws/install/parking_bringup/lib/pkgconfig/parking_bringup.pc'
[5.641s] Level 1:colcon.colcon_core.environment:checking '/home/mohana/Desktop/robot_ws/install/parking_bringup/lib/python3.12/site-packages'
[5.641s] Level 1:colcon.colcon_core.environment:checking '/home/mohana/Desktop/robot_ws/install/parking_bringup/bin'
[5.642s] INFO:colcon.colcon_core.shell:Creating package script '/home/mohana/Desktop/robot_ws/install/parking_bringup/share/parking_bringup/package.ps1'
[5.642s] INFO:colcon.colcon_core.shell:Creating package descriptor '/home/mohana/Desktop/robot_ws/install/parking_bringup/share/parking_bringup/package.dsv'
[5.643s] INFO:colcon.colcon_core.shell:Creating package script '/home/mohana/Desktop/robot_ws/install/parking_bringup/share/parking_bringup/package.sh'
[5.644s] INFO:colcon.colcon_core.shell:Creating package script '/home/mohana/Desktop/robot_ws/install/parking_bringup/share/parking_bringup/package.bash'
[5.644s] INFO:colcon.colcon_core.shell:Creating package script '/home/mohana/Desktop/robot_ws/install/parking_bringup/share/parking_bringup/package.zsh'
[5.645s] Level 1:colcon.colcon_core.environment:create_file_with_runtime_dependencies(/home/mohana/Desktop/robot_ws/install/parking_bringup/share/colcon-core/packages/parking_bringup)
[5.646s] Level 1:colcon.colcon_core.environment:create_environment_scripts_only(parking_bringup)
[5.646s] Level 1:colcon.colcon_core.environment:checking '/home/mohana/Desktop/robot_ws/install/parking_bringup' for CMake module files
[5.647s] Level 1:colcon.colcon_core.environment:checking '/home/mohana/Desktop/robot_ws/install/parking_bringup' for CMake config files
[5.648s] Level 1:colcon.colcon_core.shell:create_environment_hook('parking_bringup', 'cmake_prefix_path')
[5.648s] INFO:colcon.colcon_core.shell:Creating environment hook '/home/mohana/Desktop/robot_ws/install/parking_bringup/share/parking_bringup/hook/cmake_prefix_path.ps1'
[5.649s] INFO:colcon.colcon_core.shell:Creating environment descriptor '/home/mohana/Desktop/robot_ws/install/parking_bringup/share/parking_bringup/hook/cmake_prefix_path.dsv'
[5.650s] INFO:colcon.colcon_core.shell:Creating environment hook '/home/mohana/Desktop/robot_ws/install/parking_bringup/share/parking_bringup/hook/cmake_prefix_path.sh'
[5.651s] Level 1:colcon.colcon_core.environment:checking '/home/mohana/Desktop/robot_ws/install/parking_bringup/bin'
[5.651s] Level 1:colcon.colcon_core.environment:checking '/home/mohana/Desktop/robot_ws/install/parking_bringup/lib/pkgconfig/parking_bringup.pc'
[5.651s] Level 1:colcon.colcon_core.environment:checking '/home/mohana/Desktop/robot_ws/install/parking_bringup/lib/python3.12/site-packages'
[5.652s] Level 1:colcon.colcon_core.environment:checking '/home/mohana/Desktop/robot_ws/install/parking_bringup/bin'
[5.652s] INFO:colcon.colcon_core.shell:Creating package script '/home/mohana/Desktop/robot_ws/install/parking_bringup/share/parking_bringup/package.ps1'
[5.653s] INFO:colcon.colcon_core.shell:Creating package descriptor '/home/mohana/Desktop/robot_ws/install/parking_bringup/share/parking_bringup/package.dsv'
[5.654s] INFO:colcon.colcon_core.shell:Creating package script '/home/mohana/Desktop/robot_ws/install/parking_bringup/share/parking_bringup/package.sh'
[5.655s] INFO:colcon.colcon_core.shell:Creating package script '/home/mohana/Desktop/robot_ws/install/parking_bringup/share/parking_bringup/package.bash'
[5.655s] INFO:colcon.colcon_core.shell:Creating package script '/home/mohana/Desktop/robot_ws/install/parking_bringup/share/parking_bringup/package.zsh'
[5.656s] Level 1:colcon.colcon_core.environment:create_file_with_runtime_dependencies(/home/mohana/Desktop/robot_ws/install/parking_bringup/share/colcon-core/packages/parking_bringup)
[5.657s] DEBUG:colcon.colcon_parallel_executor.executor.parallel:closing loop
[5.657s] DEBUG:colcon.colcon_parallel_executor.executor.parallel:loop closed
[5.657s] DEBUG:colcon.colcon_parallel_executor.executor.parallel:run_until_complete finished with '0'
[5.657s] DEBUG:colcon.colcon_core.event_reactor:joining thread
[5.691s] INFO:colcon.colcon_core.plugin_system:Skipping extension 'colcon_notification.desktop_notification.terminal_notifier': Not used on non-Darwin systems
[5.691s] INFO:colcon.colcon_core.plugin_system:Skipping extension 'colcon_notification.desktop_notification.win32': Not used on non-Windows systems
[5.691s] INFO:colcon.colcon_notification.desktop_notification:Sending desktop notification using 'notify2'
[5.733s] DEBUG:colcon.colcon_core.event_reactor:joined thread
[5.733s] INFO:colcon.colcon_core.shell:Creating prefix script '/home/mohana/Desktop/robot_ws/install/local_setup.ps1'
[5.736s] INFO:colcon.colcon_core.shell:Creating prefix util module '/home/mohana/Desktop/robot_ws/install/_local_setup_util_ps1.py'
[5.739s] INFO:colcon.colcon_core.shell:Creating prefix chain script '/home/mohana/Desktop/robot_ws/install/setup.ps1'
[5.742s] INFO:colcon.colcon_core.shell:Creating prefix script '/home/mohana/Desktop/robot_ws/install/local_setup.sh'
[5.743s] INFO:colcon.colcon_core.shell:Creating prefix util module '/home/mohana/Desktop/robot_ws/install/_local_setup_util_sh.py'
[5.745s] INFO:colcon.colcon_core.shell:Creating prefix chain script '/home/mohana/Desktop/robot_ws/install/setup.sh'
[5.748s] INFO:colcon.colcon_core.shell:Creating prefix script '/home/mohana/Desktop/robot_ws/install/local_setup.bash'
[5.749s] INFO:colcon.colcon_core.shell:Creating prefix chain script '/home/mohana/Desktop/robot_ws/install/setup.bash'
[5.752s] INFO:colcon.colcon_core.shell:Creating prefix script '/home/mohana/Desktop/robot_ws/install/local_setup.zsh'
[5.753s] INFO:colcon.colcon_core.shell:Creating prefix chain script '/home/mohana/Desktop/robot_ws/install/setup.zsh'
